#
# There is insufficient memory for the Java Runtime Environment to continue.
# Native memory allocation (mmap) failed to map 63438848 bytes for committing reserved memory.
# Possible reasons:
#   The system is out of physical RAM or swap space
#   In 32 bit mode, the process size limit was hit
# Possible solutions:
#   Reduce memory load on the system
#   Increase physical memory or swap space
#   Check if swap backing store is full
#   Use 64 bit Java on a 64 bit OS
#   Decrease Java heap size (-Xmx/-Xms)
#   Decrease number of Java threads
#   Decrease Java thread stack sizes (-Xss)
#   Set larger code cache with -XX:ReservedCodeCacheSize=
# This output file may be truncated or incomplete.
#
#  Out of Memory Error (os_linux.cpp:2640), pid=6731, tid=0x00007f3d931f1700
#
# JRE version: OpenJDK Runtime Environment (8.0_152-b01) (build 1.8.0_152-release-1248-b01)
# Java VM: OpenJDK 64-Bit Server VM (25.152-b01 mixed mode linux-amd64 compressed oops)
# Failed to write core dump. Core dumps have been disabled. To enable core dumping, try "ulimit -c unlimited" before starting Java again
#

---------------  T H R E A D  ---------------

Current thread (0x00007f3db007a000):  VMThread [stack: 0x00007f3d930f2000,0x00007f3d931f2000] [id=6738]

Stack: [0x00007f3d930f2000,0x00007f3d931f2000],  sp=0x00007f3d931f0520,  free space=1017k
Native frames: (J=compiled Java code, j=interpreted, Vv=VM code, C=native code)
V  [libjvm.so+0xa70d2f]  VMError::report_and_die()+0x2af
V  [libjvm.so+0x4c7207]  report_vm_out_of_memory(char const*, int, unsigned long, VMErrorType, char const*)+0x67
V  [libjvm.so+0x8b5b60]  os::pd_commit_memory(char*, unsigned long, unsigned long, bool)+0x100
V  [libjvm.so+0x8b077f]  os::commit_memory(char*, unsigned long, unsigned long, bool)+0x1f
V  [libjvm.so+0x92e436]  PSVirtualSpace::expand_by(unsigned long)+0x56
V  [libjvm.so+0x92f6c8]  PSYoungGen::resize(unsigned long, unsigned long)+0xd8
V  [libjvm.so+0x92be56]  PSScavenge::invoke_no_policy()+0x1356
V  [libjvm.so+0x92c1fc]  PSScavenge::invoke()+0x4c
V  [libjvm.so+0x8dbd98]  ParallelScavengeHeap::failed_mem_allocate(unsigned long)+0x68
V  [libjvm.so+0xa72863]  VM_ParallelGCFailedAllocation::doit()+0x93
V  [libjvm.so+0xa77896]  VM_Operation::evaluate()+0x46
V  [libjvm.so+0xa750f2]  VMThread::evaluate_operation(VM_Operation*) [clone .constprop.31]+0xa2
V  [libjvm.so+0xa7651b]  VMThread::loop()+0x37b
V  [libjvm.so+0xa768c8]  VMThread::run()+0x78
V  [libjvm.so+0x8b3322]  java_start(Thread*)+0x102

VM_Operation (0x00007f3d3a0c6920): ParallelGCFailedAllocation, mode: safepoint, requested by thread 0x00007f3d5c008800


---------------  P R O C E S S  ---------------

Java Threads: ( => current thread )
  0x00007f3d2c00a800 JavaThread "RMI RenewClean-[127.0.0.1:41995,org.jetbrains.kotlin.daemon.common.LoopbackNetworkInterface$ClientLoopbackSocketFactory@33b7f312]" daemon [_thread_blocked, id=6936, stack(0x00007f3d390ca000,0x00007f3d391cb000)]
  0x00007f3d5c008800 JavaThread "RMI TCP Connection(9)-127.0.0.1" daemon [_thread_blocked, id=6935, stack(0x00007f3d39fcb000,0x00007f3d3a0cc000)]
  0x00007f3d44015000 JavaThread "RMI RenewClean-[127.0.0.1:41995,org.jetbrains.kotlin.daemon.common.LoopbackNetworkInterface$ClientLoopbackSocketFactory@3ccaee4e]" daemon [_thread_blocked, id=6931, stack(0x00007f3d3acec000,0x00007f3d3aded000)]
  0x00007f3d5c007800 JavaThread "RMI TCP Connection(8)-127.0.0.1" daemon [_thread_in_native, id=6930, stack(0x00007f3d90df0000,0x00007f3d90ef1000)]
  0x00007f3d5c005000 JavaThread "RMI TCP Connection(7)-127.0.0.1" daemon [_thread_in_native, id=6928, stack(0x00007f3d91314000,0x00007f3d91415000)]
  0x00007f3d5c003800 JavaThread "RMI TCP Connection(idle)" daemon [_thread_blocked, id=6927, stack(0x00007f3d90bee000,0x00007f3d90cef000)]
  0x00007f3d58003800 JavaThread "RMI RenewClean-[127.0.0.1:34485,org.jetbrains.kotlin.daemon.common.LoopbackNetworkInterface$ClientLoopbackSocketFactory@6361a625]" daemon [_thread_blocked, id=6790, stack(0x00007f3d60afe000,0x00007f3d60bff000)]
  0x00007f3d3c00d000 JavaThread "RMI RenewClean-[127.0.0.1:34485,org.jetbrains.kotlin.daemon.common.LoopbackNetworkInterface$ClientLoopbackSocketFactory@f191326]" daemon [_thread_blocked, id=6756, stack(0x00007f3d90aed000,0x00007f3d90bee000)]
  0x00007f3d44013000 JavaThread "RMI Scheduler(0)" daemon [_thread_blocked, id=6753, stack(0x00007f3d90cef000,0x00007f3d90df0000)]
  0x00007f3db000c800 JavaThread "DestroyJavaVM" [_thread_blocked, id=6733, stack(0x00007f3db7da1000,0x00007f3db7ea1000)]
  0x00007f3db03c8800 JavaThread "GC Daemon" daemon [_thread_blocked, id=6751, stack(0x00007f3d91112000,0x00007f3d91213000)]
  0x00007f3db03c2000 JavaThread "RMI Reaper" [_thread_blocked, id=6750, stack(0x00007f3d91213000,0x00007f3d91314000)]
  0x00007f3db03b0800 JavaThread "Timer-0" daemon [_thread_blocked, id=6748, stack(0x00007f3d91415000,0x00007f3d91516000)]
  0x00007f3db03ae800 JavaThread "RMI TCP Accept-17055" daemon [_thread_in_native, id=6747, stack(0x00007f3d91516000,0x00007f3d91617000)]
  0x00007f3db00d2800 JavaThread "Service Thread" daemon [_thread_blocked, id=6745, stack(0x00007f3d9201b000,0x00007f3d9211c000)]
  0x00007f3db00bf000 JavaThread "C1 CompilerThread2" daemon [_thread_blocked, id=6744, stack(0x00007f3d9211d000,0x00007f3d9221d000)]
  0x00007f3db00bd800 JavaThread "C2 CompilerThread1" daemon [_thread_blocked, id=6743, stack(0x00007f3d9221e000,0x00007f3d9231e000)]
  0x00007f3db00ba800 JavaThread "C2 CompilerThread0" daemon [_thread_blocked, id=6742, stack(0x00007f3d9231f000,0x00007f3d9241f000)]
  0x00007f3db00b9000 JavaThread "Signal Dispatcher" daemon [_thread_blocked, id=6741, stack(0x00007f3d9241f000,0x00007f3d92520000)]
  0x00007f3db0086800 JavaThread "Finalizer" daemon [_thread_blocked, id=6740, stack(0x00007f3d92eef000,0x00007f3d92ff0000)]
  0x00007f3db0082000 JavaThread "Reference Handler" daemon [_thread_blocked, id=6739, stack(0x00007f3d92ff0000,0x00007f3d930f1000)]

Other Threads:
=>0x00007f3db007a000 VMThread [stack: 0x00007f3d930f2000,0x00007f3d931f2000] [id=6738]
  0x00007f3db00d5000 WatcherThread [stack: 0x00007f3d91f1b000,0x00007f3d9201b000] [id=6746]

VM state:at safepoint (normal execution)

VM Mutex/Monitor currently owned by a thread:  ([mutex/lock_event])
[0x00007f3db0009030] Threads_lock - owner thread: 0x00007f3db007a000
[0x00007f3db0009530] Heap_lock - owner thread: 0x00007f3d5c008800

Heap:
 PSYoungGen      total 458240K, used 61715K [0x00000000d5580000, 0x00000000f9800000, 0x0000000100000000)
  eden space 324096K, 0% used [0x00000000d5580000,0x00000000d5580000,0x00000000e9200000)
  from space 134144K, 46% used [0x00000000e9200000,0x00000000ece44d08,0x00000000f1500000)
  to   space 121344K, 0% used [0x00000000f2180000,0x00000000f2180000,0x00000000f9800000)
 ParOldGen       total 301568K, used 144538K [0x0000000080000000, 0x0000000092680000, 0x00000000d5580000)
  object space 301568K, 47% used [0x0000000080000000,0x0000000088d26818,0x0000000092680000)
 Metaspace       used 115969K, capacity 120215K, committed 120488K, reserved 1153024K
  class space    used 15039K, capacity 16006K, committed 16040K, reserved 1048576K

Card table byte_map: [0x00007f3db470c000,0x00007f3db4b0d000] byte_map_base: 0x00007f3db430c000

Marking Bits: (ParMarkBitMap*) 0x00007f3db724e160
 Begin Bits: [0x00007f3d98000000, 0x00007f3d9a000000)
 End Bits:   [0x00007f3d9a000000, 0x00007f3d9c000000)

Polling page: 0x00007f3db7ebd000

CodeCache: size=245760Kb used=38463Kb max_used=38463Kb free=207296Kb
 bounds [0x00007f3da1000000, 0x00007f3da35d0000, 0x00007f3db0000000]
 total_blobs=12729 nmethods=12188 adapters=453
 compilation: enabled

Compilation events (10 events):
Event: 224.921 Thread 0x00007f3db00bf000 15013       3       org.jetbrains.kotlin.resolve.DelegationResolver::<init> (50 bytes)
Event: 224.922 Thread 0x00007f3db00bf000 nmethod 15013 0x00007f3da35bc050 code [0x00007f3da35bc1c0, 0x00007f3da35bc430]
Event: 224.922 Thread 0x00007f3db00bf000 15014       3       org.jetbrains.kotlin.resolve.DelegationResolver::access$generateDelegatedMembers (5 bytes)
Event: 224.922 Thread 0x00007f3db00bf000 nmethod 15014 0x00007f3da35b5a50 code [0x00007f3da35b5bc0, 0x00007f3da35b5d28]
Event: 224.922 Thread 0x00007f3db00bf000 15015       3       org.jetbrains.kotlin.resolve.lazy.descriptors.LazyClassMemberScope::generateFakeOverrides (49 bytes)
Event: 224.927 Thread 0x00007f3db00bf000 nmethod 15015 0x00007f3da35c6490 code [0x00007f3da35c6640, 0x00007f3da35c6d68]
Event: 224.927 Thread 0x00007f3db00bf000 15012       3       org.jetbrains.kotlin.resolve.DelegationResolver::<init> (18 bytes)
Event: 224.927 Thread 0x00007f3db00bf000 nmethod 15012 0x00007f3da35c7010 code [0x00007f3da35c7180, 0x00007f3da35c7328]
Event: 224.927 Thread 0x00007f3db00bf000 15010       3       org.jetbrains.kotlin.resolve.lazy.descriptors.AbstractLazyMemberScope$functionDescriptors$1::invoke (15 bytes)
Event: 224.927 Thread 0x00007f3db00bf000 nmethod 15010 0x00007f3da35c73d0 code [0x00007f3da35c7560, 0x00007f3da35c7838]

GC Heap History (10 events):
Event: 76.587 GC heap after
Heap after GC invocations=30 (full 7):
 PSYoungGen      total 351744K, used 0K [0x00000000d5580000, 0x00000000f7200000, 0x0000000100000000)
  eden space 212992K, 0% used [0x00000000d5580000,0x00000000d5580000,0x00000000e2580000)
  from space 138752K, 0% used [0x00000000e2580000,0x00000000e2580000,0x00000000ead00000)
  to   space 142336K, 0% used [0x00000000ee700000,0x00000000ee700000,0x00000000f7200000)
 ParOldGen       total 287232K, used 148056K [0x0000000080000000, 0x0000000091880000, 0x00000000d5580000)
  object space 287232K, 51% used [0x0000000080000000,0x0000000089096390,0x0000000091880000)
 Metaspace       used 87846K, capacity 90886K, committed 90920K, reserved 1128448K
  class space    used 11403K, capacity 12065K, committed 12072K, reserved 1048576K
}
Event: 197.835 GC heap before
{Heap before GC invocations=31 (full 7):
 PSYoungGen      total 351744K, used 212992K [0x00000000d5580000, 0x00000000f7200000, 0x0000000100000000)
  eden space 212992K, 100% used [0x00000000d5580000,0x00000000e2580000,0x00000000e2580000)
  from space 138752K, 0% used [0x00000000e2580000,0x00000000e2580000,0x00000000ead00000)
  to   space 142336K, 0% used [0x00000000ee700000,0x00000000ee700000,0x00000000f7200000)
 ParOldGen       total 287232K, used 148056K [0x0000000080000000, 0x0000000091880000, 0x00000000d5580000)
  object space 287232K, 51% used [0x0000000080000000,0x0000000089096390,0x0000000091880000)
 Metaspace       used 87927K, capacity 91046K, committed 91304K, reserved 1128448K
  class space    used 11408K, capacity 12097K, committed 12200K, reserved 1048576K
Event: 198.135 GC heap after
Heap after GC invocations=31 (full 7):
 PSYoungGen      total 389632K, used 62616K [0x00000000d5580000, 0x00000000f6180000, 0x0000000100000000)
  eden space 264192K, 0% used [0x00000000d5580000,0x00000000d5580000,0x00000000e5780000)
  from space 125440K, 49% used [0x00000000ee700000,0x00000000f2426070,0x00000000f6180000)
  to   space 136192K, 0% used [0x00000000e5780000,0x00000000e5780000,0x00000000edc80000)
 ParOldGen       total 287232K, used 148064K [0x0000000080000000, 0x0000000091880000, 0x00000000d5580000)
  object space 287232K, 51% used [0x0000000080000000,0x0000000089098390,0x0000000091880000)
 Metaspace       used 87927K, capacity 91046K, committed 91304K, reserved 1128448K
  class space    used 11408K, capacity 12097K, committed 12200K, reserved 1048576K
}
Event: 200.224 GC heap before
{Heap before GC invocations=32 (full 7):
 PSYoungGen      total 389632K, used 326808K [0x00000000d5580000, 0x00000000f6180000, 0x0000000100000000)
  eden space 264192K, 100% used [0x00000000d5580000,0x00000000e5780000,0x00000000e5780000)
  from space 125440K, 49% used [0x00000000ee700000,0x00000000f2426070,0x00000000f6180000)
  to   space 136192K, 0% used [0x00000000e5780000,0x00000000e5780000,0x00000000edc80000)
 ParOldGen       total 287232K, used 148064K [0x0000000080000000, 0x0000000091880000, 0x00000000d5580000)
  object space 287232K, 51% used [0x0000000080000000,0x0000000089098390,0x0000000091880000)
 Metaspace       used 99199K, capacity 102742K, committed 102824K, reserved 1138688K
  class space    used 12890K, capacity 13671K, committed 13736K, reserved 1048576K
Event: 201.838 GC heap after
Heap after GC invocations=32 (full 7):
 PSYoungGen      total 400384K, used 64784K [0x00000000d5580000, 0x00000000fa200000, 0x0000000100000000)
  eden space 264192K, 0% used [0x00000000d5580000,0x00000000d5580000,0x00000000e5780000)
  from space 136192K, 47% used [0x00000000e5780000,0x00000000e96c43e0,0x00000000edc80000)
  to   space 131584K, 0% used [0x00000000f2180000,0x00000000f2180000,0x00000000fa200000)
 ParOldGen       total 287232K, used 210799K [0x0000000080000000, 0x0000000091880000, 0x00000000d5580000)
  object space 287232K, 73% used [0x0000000080000000,0x000000008cddbe00,0x0000000091880000)
 Metaspace       used 99199K, capacity 102742K, committed 102824K, reserved 1138688K
  class space    used 12890K, capacity 13671K, committed 13736K, reserved 1048576K
}
Event: 203.099 GC heap before
{Heap before GC invocations=33 (full 7):
 PSYoungGen      total 400384K, used 328976K [0x00000000d5580000, 0x00000000fa200000, 0x0000000100000000)
  eden space 264192K, 100% used [0x00000000d5580000,0x00000000e5780000,0x00000000e5780000)
  from space 136192K, 47% used [0x00000000e5780000,0x00000000e96c43e0,0x00000000edc80000)
  to   space 131584K, 0% used [0x00000000f2180000,0x00000000f2180000,0x00000000fa200000)
 ParOldGen       total 287232K, used 210799K [0x0000000080000000, 0x0000000091880000, 0x00000000d5580000)
  object space 287232K, 73% used [0x0000000080000000,0x000000008cddbe00,0x0000000091880000)
 Metaspace       used 103212K, capacity 107054K, committed 107304K, reserved 1142784K
  class space    used 13433K, capacity 14269K, committed 14376K, reserved 1048576K
Event: 203.854 GC heap after
Heap after GC invocations=33 (full 7):
 PSYoungGen      total 445440K, used 84731K [0x00000000d5580000, 0x00000000f9800000, 0x0000000100000000)
  eden space 324096K, 0% used [0x00000000d5580000,0x00000000d5580000,0x00000000e9200000)
  from space 121344K, 69% used [0x00000000f2180000,0x00000000f743ee08,0x00000000f9800000)
  to   space 134144K, 0% used [0x00000000e9200000,0x00000000e9200000,0x00000000f1500000)
 ParOldGen       total 287232K, used 248941K [0x0000000080000000, 0x0000000091880000, 0x00000000d5580000)
  object space 287232K, 86% used [0x0000000080000000,0x000000008f31b600,0x0000000091880000)
 Metaspace       used 103212K, capacity 107054K, committed 107304K, reserved 1142784K
  class space    used 13433K, capacity 14269K, committed 14376K, reserved 1048576K
}
Event: 203.854 GC heap before
{Heap before GC invocations=34 (full 8):
 PSYoungGen      total 445440K, used 84731K [0x00000000d5580000, 0x00000000f9800000, 0x0000000100000000)
  eden space 324096K, 0% used [0x00000000d5580000,0x00000000d5580000,0x00000000e9200000)
  from space 121344K, 69% used [0x00000000f2180000,0x00000000f743ee08,0x00000000f9800000)
  to   space 134144K, 0% used [0x00000000e9200000,0x00000000e9200000,0x00000000f1500000)
 ParOldGen       total 287232K, used 248941K [0x0000000080000000, 0x0000000091880000, 0x00000000d5580000)
  object space 287232K, 86% used [0x0000000080000000,0x000000008f31b600,0x0000000091880000)
 Metaspace       used 103212K, capacity 107054K, committed 107304K, reserved 1142784K
  class space    used 13433K, capacity 14269K, committed 14376K, reserved 1048576K
Event: 204.936 GC heap after
Heap after GC invocations=34 (full 8):
 PSYoungGen      total 445440K, used 0K [0x00000000d5580000, 0x00000000f9800000, 0x0000000100000000)
  eden space 324096K, 0% used [0x00000000d5580000,0x00000000d5580000,0x00000000e9200000)
  from space 121344K, 0% used [0x00000000f2180000,0x00000000f2180000,0x00000000f9800000)
  to   space 134144K, 0% used [0x00000000e9200000,0x00000000e9200000,0x00000000f1500000)
 ParOldGen       total 301568K, used 144530K [0x0000000080000000, 0x0000000092680000, 0x00000000d5580000)
  object space 301568K, 47% used [0x0000000080000000,0x0000000088d24818,0x0000000092680000)
 Metaspace       used 103212K, capacity 107054K, committed 107304K, reserved 1142784K
  class space    used 13433K, capacity 14269K, committed 14376K, reserved 1048576K
}
Event: 224.940 GC heap before
{Heap before GC invocations=35 (full 8):
 PSYoungGen      total 445440K, used 324096K [0x00000000d5580000, 0x00000000f9800000, 0x0000000100000000)
  eden space 324096K, 100% used [0x00000000d5580000,0x00000000e9200000,0x00000000e9200000)
  from space 121344K, 0% used [0x00000000f2180000,0x00000000f2180000,0x00000000f9800000)
  to   space 134144K, 0% used [0x00000000e9200000,0x00000000e9200000,0x00000000f1500000)
 ParOldGen       total 301568K, used 144530K [0x0000000080000000, 0x0000000092680000, 0x00000000d5580000)
  object space 301568K, 47% used [0x0000000080000000,0x0000000088d24818,0x0000000092680000)
 Metaspace       used 115969K, capacity 120215K, committed 120488K, reserved 1153024K
  class space    used 15039K, capacity 16006K, committed 16040K, reserved 1048576K

Deoptimization events (10 events):
Event: 210.323 Thread 0x00007f3d5c008800 Uncommon trap: reason=bimorphic action=maybe_recompile pc=0x00007f3da1438f90 method=java.util.AbstractList.hashCode()I @ 3
Event: 210.323 Thread 0x00007f3d5c008800 Uncommon trap: reason=bimorphic action=maybe_recompile pc=0x00007f3da1438f90 method=java.util.AbstractList.hashCode()I @ 3
Event: 210.323 Thread 0x00007f3d5c008800 Uncommon trap: reason=bimorphic action=maybe_recompile pc=0x00007f3da1438f90 method=java.util.AbstractList.hashCode()I @ 3
Event: 210.478 Thread 0x00007f3d5c008800 Uncommon trap: reason=unstable_if action=reinterpret pc=0x00007f3da33dcd98 method=org.jetbrains.org.objectweb.asm.ClassReader.readMethod(Lorg/jetbrains/org/objectweb/asm/ClassVisitor;Lorg/jetbrains/org/objectweb/asm/Context;I)I @ 316
Event: 210.759 Thread 0x00007f3d5c008800 Uncommon trap: reason=predicate action=maybe_recompile pc=0x00007f3da31c7c3c method=org.jetbrains.kotlin.com.intellij.util.text.CharArrayUtil.getChars(Ljava/lang/CharSequence;[CIII)V @ 210
Event: 210.771 Thread 0x00007f3d5c008800 Uncommon trap: reason=unstable_if action=reinterpret pc=0x00007f3da32bcb68 method=org.jetbrains.kotlin.com.intellij.util.keyFMap.ArrayBackedFMap.indexOf(I)I @ 8
Event: 210.772 Thread 0x00007f3d5c008800 Uncommon trap: reason=unstable_if action=reinterpret pc=0x00007f3da31336d8 method=org.jetbrains.kotlin.com.intellij.util.keyFMap.ArrayBackedFMap.indexOf(I)I @ 8
Event: 211.343 Thread 0x00007f3d5c008800 Uncommon trap: reason=null_check action=make_not_entrant pc=0x00007f3da3417254 method=org.jetbrains.kotlin.storage.LockBasedStorageManager$LockBasedLazyValue.invoke()Ljava/lang/Object; @ 6
Event: 211.355 Thread 0x00007f3d5c008800 Uncommon trap: reason=null_check action=make_not_entrant pc=0x00007f3da34009fc method=org.jetbrains.kotlin.utils.WrappedValues.unescapeThrowable(Ljava/lang/Object;)Ljava/lang/Object; @ 1
Event: 223.093 Thread 0x00007f3d5c008800 Uncommon trap: reason=unstable_if action=reinterpret pc=0x00007f3da34c8780 method=org.jetbrains.org.objectweb.asm.Type.getDescriptor()Ljava/lang/String; @ 35

Classes redefined (0 events):
No events

Internal exceptions (10 events):
Event: 208.441 Thread 0x00007f3d5c008800 Exception <a 'java/lang/NoSuchMethodError': java.lang.Object.lambda$static$0(I)[Lorg/jetbrains/kotlin/psi/KtTypeElement;> (0x00000000e35e9228) thrown at [/usr/local/google/home/ralucas/source/AOSP-openjdk-git/jdk8u/hotspot/src/share/vm/interpreter/linkRes
Event: 209.866 Thread 0x00007f3d5c008800 Exception <a 'java/lang/NoSuchMethodError': java.lang.Object.lambda$static$0(I)[Lorg/jetbrains/kotlin/com/intellij/psi/PsiClass;> (0x00000000e601f918) thrown at [/usr/local/google/home/ralucas/source/AOSP-openjdk-git/jdk8u/hotspot/src/share/vm/interpreter
Event: 210.031 Thread 0x00007f3d3c00d000 Exception <a 'java/net/ConnectException'> (0x00000000e646d1d8) thrown at [/usr/local/google/home/ralucas/source/AOSP-openjdk-git/jdk8u/hotspot/src/share/vm/prims/jni.cpp, line 709]
Event: 210.042 Thread 0x00007f3d3c00d000 Exception <a 'java/net/ConnectException'> (0x00000000e646daf0) thrown at [/usr/local/google/home/ralucas/source/AOSP-openjdk-git/jdk8u/hotspot/src/share/vm/prims/jni.cpp, line 709]
Event: 210.052 Thread 0x00007f3d3c00d000 Exception <a 'java/net/ConnectException'> (0x00000000e646e408) thrown at [/usr/local/google/home/ralucas/source/AOSP-openjdk-git/jdk8u/hotspot/src/share/vm/prims/jni.cpp, line 709]
Event: 210.257 Thread 0x00007f3d5c008800 Exception <a 'java/lang/NoSuchMethodError': java.lang.Object.lambda$static$0(I)[Lorg/jetbrains/kotlin/com/intellij/psi/PsiReference;> (0x00000000e6acbcd0) thrown at [/usr/local/google/home/ralucas/source/AOSP-openjdk-git/jdk8u/hotspot/src/share/vm/interpr
Event: 210.278 Thread 0x00007f3d5c008800 Exception <a 'java/lang/NoSuchMethodError': java.lang.Object.lambda$static$0(I)[Lorg/jetbrains/kotlin/com/intellij/psi/PsiTypeElement;> (0x00000000e6b07100) thrown at [/usr/local/google/home/ralucas/source/AOSP-openjdk-git/jdk8u/hotspot/src/share/vm/inter
Event: 210.293 Thread 0x00007f3d5c008800 Exception <a 'java/lang/NoSuchMethodError': java.lang.Object.lambda$static$0(I)[Lorg/jetbrains/kotlin/com/intellij/psi/PsiTypeParameter;> (0x00000000e6b85c20) thrown at [/usr/local/google/home/ralucas/source/AOSP-openjdk-git/jdk8u/hotspot/src/share/vm/int
Event: 211.333 Thread 0x00007f3d5c008800 Implicit null exception at 0x00007f3da3416ed4 to 0x00007f3da3417245
Event: 211.355 Thread 0x00007f3d5c008800 Implicit null exception at 0x00007f3da34009af to 0x00007f3da34009f1

Events (10 events):
Event: 224.889 loading class org/jetbrains/kotlin/resolve/FunctionsFromAny done
Event: 224.895 loading class org/jetbrains/kotlin/resolve/FunctionsFromAny$shouldAddHashCode$1
Event: 224.895 loading class org/jetbrains/kotlin/resolve/FunctionsFromAny$shouldAddHashCode$1 done
Event: 224.898 loading class org/jetbrains/kotlin/resolve/FunctionsFromAny$shouldAddEquals$1
Event: 224.898 loading class org/jetbrains/kotlin/resolve/FunctionsFromAny$shouldAddEquals$1 done
Event: 224.899 loading class org/jetbrains/kotlin/resolve/FunctionsFromAny$shouldAddToString$1
Event: 224.899 loading class org/jetbrains/kotlin/resolve/FunctionsFromAny$shouldAddToString$1 done
Event: 224.903 loading class org/jetbrains/kotlin/descriptors/impl/PropertyDescriptorImpl$CopyConfiguration
Event: 224.903 loading class org/jetbrains/kotlin/descriptors/impl/PropertyDescriptorImpl$CopyConfiguration done
Event: 224.930 Executing VM operation: ParallelGCFailedAllocation


Dynamic libraries:
80000000-92680000 rw-p 00000000 00:00 0 
92680000-d5580000 ---p 00000000 00:00 0 
d5580000-f9800000 rw-p 00000000 00:00 0 
fd480000-100000000 ---p 00000000 00:00 0 
100000000-100faa000 rw-p 00000000 00:00 0 
100faa000-140000000 ---p 00000000 00:00 0 
55a73693e000-55a73693f000 r-xp 00000000 08:02 11945289                   /home/mrli/android-studio/jre/jre/bin/java
55a736b3e000-55a736b3f000 r--p 00000000 08:02 11945289                   /home/mrli/android-studio/jre/jre/bin/java
55a736b3f000-55a736b40000 rw-p 00001000 08:02 11945289                   /home/mrli/android-studio/jre/jre/bin/java
55a73838a000-55a7383ab000 rw-p 00000000 00:00 0                          [heap]
7f3d24000000-7f3d24021000 rw-p 00000000 00:00 0 
7f3d24021000-7f3d28000000 ---p 00000000 00:00 0 
7f3d2b600000-7f3d2b800000 rw-p 00000000 00:00 0 
7f3d2b800000-7f3d2ba00000 rw-p 00000000 00:00 0 
7f3d2ba00000-7f3d2bc00000 rw-p 00000000 00:00 0 
7f3d2bc00000-7f3d2be00000 rw-p 00000000 00:00 0 
7f3d2be00000-7f3d2c000000 rw-p 00000000 00:00 0 
7f3d2c000000-7f3d2c52c000 rw-p 00000000 00:00 0 
7f3d2c52c000-7f3d30000000 ---p 00000000 00:00 0 
7f3d30000000-7f3d30021000 rw-p 00000000 00:00 0 
7f3d30021000-7f3d34000000 ---p 00000000 00:00 0 
7f3d34000000-7f3d34021000 rw-p 00000000 00:00 0 
7f3d34021000-7f3d38000000 ---p 00000000 00:00 0 
7f3d38189000-7f3d382aa000 r--s 02b7d000 08:02 924240                     /home/mrli/Android/Sdk/platforms/android-28/android.jar
7f3d382aa000-7f3d384aa000 rw-p 00000000 00:00 0 
7f3d384aa000-7f3d386aa000 rw-p 00000000 00:00 0 
7f3d386aa000-7f3d388aa000 rw-p 00000000 00:00 0 
7f3d388aa000-7f3d38aaa000 rw-p 00000000 00:00 0 
7f3d38aaa000-7f3d38caa000 rw-p 00000000 00:00 0 
7f3d38caa000-7f3d38eaa000 rw-p 00000000 00:00 0 
7f3d38eaa000-7f3d390aa000 rw-p 00000000 00:00 0 
7f3d390ca000-7f3d390cd000 ---p 00000000 00:00 0 
7f3d390cd000-7f3d393cb000 rw-p 00000000 00:00 0 
7f3d393cb000-7f3d395cb000 rw-p 00000000 00:00 0 
7f3d395cb000-7f3d397cb000 rw-p 00000000 00:00 0 
7f3d397cb000-7f3d399cb000 rw-p 00000000 00:00 0 
7f3d399cb000-7f3d39bcb000 rw-p 00000000 00:00 0 
7f3d39bcb000-7f3d39dcb000 rw-p 00000000 00:00 0 
7f3d39dcb000-7f3d39fcb000 rw-p 00000000 00:00 0 
7f3d39fcb000-7f3d39fce000 ---p 00000000 00:00 0 
7f3d39fce000-7f3d3a2cc000 rw-p 00000000 00:00 0 
7f3d3a2cc000-7f3d3a4cc000 rw-p 00000000 00:00 0 
7f3d3a4cc000-7f3d3a6cc000 rw-p 00000000 00:00 0 
7f3d3a6cc000-7f3d3a8cc000 rw-p 00000000 00:00 0 
7f3d3a8cc000-7f3d3aacc000 rw-p 00000000 00:00 0 
7f3d3aacc000-7f3d3accc000 rw-p 00000000 00:00 0 
7f3d3acec000-7f3d3acef000 ---p 00000000 00:00 0 
7f3d3acef000-7f3d3afed000 rw-p 00000000 00:00 0 
7f3d3afed000-7f3d3b1ed000 rw-p 00000000 00:00 0 
7f3d3b1ed000-7f3d3b3ed000 rw-p 00000000 00:00 0 
7f3d3b3ed000-7f3d3b5ed000 rw-p 00000000 00:00 0 
7f3d3b5ed000-7f3d3b5ff000 r--s 00345000 08:02 11945235                   /home/mrli/android-studio/jre/jre/lib/resources.jar
7f3d3b5ff000-7f3d3b7ff000 rw-p 00000000 00:00 0 
7f3d3b7ff000-7f3d3b9ff000 rw-p 00000000 00:00 0 
7f3d3b9ff000-7f3d3bbff000 rw-p 00000000 00:00 0 
7f3d3bbff000-7f3d3bdff000 rw-p 00000000 00:00 0 
7f3d3be00000-7f3d3c000000 rw-p 00000000 00:00 0 
7f3d3c000000-7f3d3df34000 rw-p 00000000 00:00 0 
7f3d3df34000-7f3d40000000 ---p 00000000 00:00 0 
7f3d40000000-7f3d40021000 rw-p 00000000 00:00 0 
7f3d40021000-7f3d44000000 ---p 00000000 00:00 0 
7f3d44000000-7f3d4479b000 rw-p 00000000 00:00 0 
7f3d4479b000-7f3d48000000 ---p 00000000 00:00 0 
7f3d48000000-7f3d48021000 rw-p 00000000 00:00 0 
7f3d48021000-7f3d4c000000 ---p 00000000 00:00 0 
7f3d4c000000-7f3d4c021000 rw-p 00000000 00:00 0 
7f3d4c021000-7f3d50000000 ---p 00000000 00:00 0 
7f3d50000000-7f3d50021000 rw-p 00000000 00:00 0 
7f3d50021000-7f3d54000000 ---p 00000000 00:00 0 
7f3d54000000-7f3d54021000 rw-p 00000000 00:00 0 
7f3d54021000-7f3d58000000 ---p 00000000 00:00 0 
7f3d58000000-7f3d587b0000 rw-p 00000000 00:00 0 
7f3d587b0000-7f3d5c000000 ---p 00000000 00:00 0 
7f3d5c000000-7f3d5c021000 rw-p 00000000 00:00 0 
7f3d5c021000-7f3d60000000 ---p 00000000 00:00 0 
7f3d600cd000-7f3d602cd000 rw-p 00000000 00:00 0 
7f3d602cd000-7f3d604cd000 rw-p 00000000 00:00 0 
7f3d604cd000-7f3d606cd000 rw-p 00000000 00:00 0 
7f3d606de000-7f3d608de000 rw-p 00000000 00:00 0 
7f3d608de000-7f3d60ade000 rw-p 00000000 00:00 0 
7f3d60afe000-7f3d60b01000 ---p 00000000 00:00 0 
7f3d60b01000-7f3d60dff000 rw-p 00000000 00:00 0 
7f3d60dff000-7f3d60fff000 rw-p 00000000 00:00 0 
7f3d60fff000-7f3d64000000 rw-p 00000000 00:00 0 
7f3d64000000-7f3d64021000 rw-p 00000000 00:00 0 
7f3d64021000-7f3d68000000 ---p 00000000 00:00 0 
7f3d68000000-7f3d68021000 rw-p 00000000 00:00 0 
7f3d68021000-7f3d6c000000 ---p 00000000 00:00 0 
7f3d6c000000-7f3d6dea4000 rw-p 00000000 00:00 0 
7f3d6dea4000-7f3d70000000 ---p 00000000 00:00 0 
7f3d70000000-7f3d70dac000 rw-p 00000000 00:00 0 
7f3d70dac000-7f3d74000000 ---p 00000000 00:00 0 
7f3d74000000-7f3d74021000 rw-p 00000000 00:00 0 
7f3d74021000-7f3d78000000 ---p 00000000 00:00 0 
7f3d78000000-7f3d796d5000 rw-p 00000000 00:00 0 
7f3d796d5000-7f3d7c000000 ---p 00000000 00:00 0 
7f3d7c000000-7f3d7c021000 rw-p 00000000 00:00 0 
7f3d7c021000-7f3d80000000 ---p 00000000 00:00 0 
7f3d80000000-7f3d80021000 rw-p 00000000 00:00 0 
7f3d80021000-7f3d84000000 ---p 00000000 00:00 0 
7f3d84000000-7f3d84021000 rw-p 00000000 00:00 0 
7f3d84021000-7f3d88000000 ---p 00000000 00:00 0 
7f3d88000000-7f3d88290000 rw-p 00000000 00:00 0 
7f3d88290000-7f3d8c000000 ---p 00000000 00:00 0 
7f3d8c000000-7f3d8c024000 rw-p 00000000 00:00 0 
7f3d8c024000-7f3d90000000 ---p 00000000 00:00 0 
7f3d9009e000-7f3d900a3000 r--s 00035000 08:02 3409865                    /home/mrli/.gradle/caches/transforms-1/files-1.1/gson-2.7.jar/84b44b0327d1dfcba6a9823a4c322390/jetified-gson-2.7.jar
7f3d900a3000-7f3d900a5000 r--s 00007000 08:02 925344                     /home/mrli/.gradle/caches/transforms-1/files-1.1/swiperefreshlayout-1.0.0.aar/8b46f6a1f5e4ba69a63946b92c99c017/jars/classes.jar
7f3d900a5000-7f3d900a6000 r--s 00003000 08:02 10488382                   /home/mrli/.gradle/caches/modules-2/files-2.1/androidx.databinding/databinding-common/3.3.0/9df1ac00e230e8e9aae9c6fae20415ac31dc5253/databinding-common-3.3.0.jar
7f3d900a6000-7f3d900a7000 r--s 00007000 08:02 14421901                   /home/mrli/.gradle/caches/transforms-1/files-1.1/drawerlayout-1.0.0.aar/f6fd8f149ed6e819a7696b06a61fa08f/jars/classes.jar
7f3d900a7000-7f3d900a8000 r--s 00002000 08:02 3546321                    /home/mrli/.gradle/caches/transforms-1/files-1.1/savedstate-1.0.0-alpha02.aar/6b076e77a7f25ecb16f711917c3f4238/jars/classes.jar
7f3d900a8000-7f3d900aa000 r--s 00004000 08:02 10488974                   /home/mrli/.gradle/caches/modules-2/files-2.1/androidx.lifecycle/lifecycle-common/2.1.0-alpha03/c67e7807d9cd6c329b9d0218b2ec4e505dd340b7/lifecycle-common-2.1.0-alpha03.jar
7f3d900aa000-7f3d900b6000 r--s 00098000 08:02 2228997                    /home/mrli/.gradle/caches/transforms-1/files-1.1/core-1.1.0-alpha05.aar/25440ca4a71709995e538e3ca8624632/jars/classes.jar
7f3d900b6000-7f3d900b9000 r--s 00028000 08:02 3546289                    /home/mrli/.gradle/caches/transforms-1/files-1.1/fragment-1.1.0-alpha05.aar/3ae00bf88ef0eb84b1f3424693699079/jars/classes.jar
7f3d900b9000-7f3d900c3000 r--s 0009c000 08:02 3017580                    /home/mrli/.gradle/caches/transforms-1/files-1.1/appcompat-1.1.0-alpha03.aar/a560e691ba82eed8b1834df7323d3e7c/jars/classes.jar
7f3d900c3000-7f3d900c5000 r--s 00008000 08:02 10488690                   /home/mrli/.gradle/caches/modules-2/files-2.1/com.google.dagger/dagger/2.17/25e4130ca54cb143c58f707ecfd3f6936f39592f/dagger-2.17.jar
7f3d900c5000-7f3d900d2000 r--s 000bb000 08:02 10488955                   /home/mrli/.gradle/caches/modules-2/files-2.1/org.jetbrains.kotlinx/kotlinx-coroutines-core/1.1.1/3d2b7321cdef9ebf9cb7729ea4f75a6f6457df86/kotlinx-coroutines-core-1.1.1.jar
7f3d900d2000-7f3d900d3000 r--s 00002000 08:02 3546301                    /home/mrli/.gradle/caches/transforms-1/files-1.1/activity-1.0.0-alpha05.aar/6bdaf4ef55e61419e8bc53202aec2457/jars/classes.jar
7f3d900d3000-7f3d900d5000 r--s 00005000 08:02 10488604                   /home/mrli/.gradle/caches/modules-2/files-2.1/androidx.annotation/annotation/1.1.0-alpha02/11d7b1518f8e1044319820cb2568fd2f59818b26/annotation-1.1.0-alpha02.jar
7f3d900d5000-7f3d900d9000 r--s 0002a000 08:02 3411974                    /home/mrli/.gradle/caches/transforms-1/files-1.1/jetified-core-3.0.0.aar/67ade259e14a0e9f38953afa67f02715/jars/classes.jar
7f3d900d9000-7f3d900de000 r--s 00013000 08:02 10488971                   /home/mrli/.gradle/caches/modules-2/files-2.1/org.jetbrains.kotlinx/kotlinx-coroutines-core-common/1.1.1/7ed04382bdf0c89c5d87ac462aa4935ae8e85243/kotlinx-coroutines-core-common-1.1.1.jar
7f3d900de000-7f3d902de000 rw-p 00000000 00:00 0 
7f3d902de000-7f3d904de000 rw-p 00000000 00:00 0 
7f3d904de000-7f3d904e5000 r--s 00050000 08:02 10489034                   /home/mrli/.gradle/caches/modules-2/files-2.1/org.jetbrains.kotlin/kotlin-annotation-processing-gradle/1.3.21/225aacd70ddfe71c72796bb317b3f12254c1ff3a/kotlin-annotation-processing-gradle-1.3.21.jar
7f3d904e5000-7f3d904ed000 r--s 0004d000 08:02 10489035                   /home/mrli/.gradle/caches/modules-2/files-2.1/org.jetbrains.kotlin/kotlin-android-extensions/1.3.21/311c0d1cbb0a194e8712edaef7b92a8f0919ca26/kotlin-android-extensions-1.3.21.jar
7f3d904ed000-7f3d906ed000 rw-p 00000000 00:00 0 
7f3d906ed000-7f3d908ed000 rw-p 00000000 00:00 0 
7f3d908ed000-7f3d90aed000 rw-p 00000000 00:00 0 
7f3d90aed000-7f3d90af0000 ---p 00000000 00:00 0 
7f3d90af0000-7f3d90bee000 rw-p 00000000 00:00 0 
7f3d90bee000-7f3d90bf1000 ---p 00000000 00:00 0 
7f3d90bf1000-7f3d90cef000 rw-p 00000000 00:00 0 
7f3d90cef000-7f3d90cf2000 ---p 00000000 00:00 0 
7f3d90cf2000-7f3d90df0000 rw-p 00000000 00:00 0 
7f3d90df0000-7f3d90df3000 ---p 00000000 00:00 0 
7f3d90df3000-7f3d90ef1000 rw-p 00000000 00:00 0 
7f3d90ef1000-7f3d90f12000 r--p 00000000 08:02 11932033                   /usr/share/locale-langpack/zh_CN/LC_MESSAGES/libc.mo
7f3d90f12000-7f3d91112000 rw-p 00000000 00:00 0 
7f3d91112000-7f3d91115000 ---p 00000000 00:00 0 
7f3d91115000-7f3d91213000 rw-p 00000000 00:00 0 
7f3d91213000-7f3d91216000 ---p 00000000 00:00 0 
7f3d91216000-7f3d91314000 rw-p 00000000 00:00 0 
7f3d91314000-7f3d91317000 ---p 00000000 00:00 0 
7f3d91317000-7f3d91415000 rw-p 00000000 00:00 0 
7f3d91415000-7f3d91418000 ---p 00000000 00:00 0 
7f3d91418000-7f3d91516000 rw-p 00000000 00:00 0 
7f3d91516000-7f3d91519000 ---p 00000000 00:00 0 
7f3d91519000-7f3d91617000 rw-p 00000000 00:00 0 
7f3d91617000-7f3d91690000 r--s 010fd000 08:02 11945114                   /home/mrli/android-studio/jre/lib/tools.jar
7f3d91690000-7f3d916a6000 r-xp 00000000 08:02 11945211                   /home/mrli/android-studio/jre/jre/lib/amd64/libnet.so
7f3d916a6000-7f3d918a5000 ---p 00016000 08:02 11945211                   /home/mrli/android-studio/jre/jre/lib/amd64/libnet.so
7f3d918a5000-7f3d918a6000 r--p 00015000 08:02 11945211                   /home/mrli/android-studio/jre/jre/lib/amd64/libnet.so
7f3d918a6000-7f3d918a7000 rw-p 00016000 08:02 11945211                   /home/mrli/android-studio/jre/jre/lib/amd64/libnet.so
7f3d918a7000-7f3d918b8000 r-xp 00000000 08:02 11945232                   /home/mrli/android-studio/jre/jre/lib/amd64/libnio.so
7f3d918b8000-7f3d91ab7000 ---p 00011000 08:02 11945232                   /home/mrli/android-studio/jre/jre/lib/amd64/libnio.so
7f3d91ab7000-7f3d91ab8000 r--p 00010000 08:02 11945232                   /home/mrli/android-studio/jre/jre/lib/amd64/libnio.so
7f3d91ab8000-7f3d91ab9000 rw-p 00011000 08:02 11945232                   /home/mrli/android-studio/jre/jre/lib/amd64/libnio.so
7f3d91ab9000-7f3d91ac2000 r-xp 00000000 08:02 11945208                   /home/mrli/android-studio/jre/jre/lib/amd64/libmanagement.so
7f3d91ac2000-7f3d91cc1000 ---p 00009000 08:02 11945208                   /home/mrli/android-studio/jre/jre/lib/amd64/libmanagement.so
7f3d91cc1000-7f3d91cc2000 r--p 00008000 08:02 11945208                   /home/mrli/android-studio/jre/jre/lib/amd64/libmanagement.so
7f3d91cc2000-7f3d91cc3000 rw-p 00009000 08:02 11945208                   /home/mrli/android-studio/jre/jre/lib/amd64/libmanagement.so
7f3d91cc3000-7f3d91cfa000 r--s 00255000 08:02 10488835                   /home/mrli/.gradle/caches/modules-2/files-2.1/org.jetbrains.kotlin/kotlin-reflect/1.3.21/d0d5ff2ac2ebd8a42697af41e20fc225a23c5d3b/kotlin-reflect-1.3.21.jar
7f3d91cfa000-7f3d91d3b000 rw-p 00000000 00:00 0 
7f3d91d3b000-7f3d91f1a000 r--s 01b19000 08:02 10489036                   /home/mrli/.gradle/caches/modules-2/files-2.1/org.jetbrains.kotlin/kotlin-compiler-embeddable/1.3.21/677cc9553b8964c895abc76da9b6a0faea8f671d/kotlin-compiler-embeddable-1.3.21.jar
7f3d91f1a000-7f3d91f1b000 ---p 00000000 00:00 0 
7f3d91f1b000-7f3d9201b000 rw-p 00000000 00:00 0 
7f3d9201b000-7f3d9201e000 ---p 00000000 00:00 0 
7f3d9201e000-7f3d9211c000 rw-p 00000000 00:00 0 
7f3d9211c000-7f3d9211d000 ---p 00000000 00:00 0 
7f3d9211d000-7f3d92120000 ---p 00000000 00:00 0 
7f3d92120000-7f3d9221d000 rw-p 00000000 00:00 0 
7f3d9221d000-7f3d9221e000 ---p 00000000 00:00 0 
7f3d9221e000-7f3d92221000 ---p 00000000 00:00 0 
7f3d92221000-7f3d9231e000 rw-p 00000000 00:00 0 
7f3d9231e000-7f3d9231f000 ---p 00000000 00:00 0 
7f3d9231f000-7f3d92322000 ---p 00000000 00:00 0 
7f3d92322000-7f3d9241f000 rw-p 00000000 00:00 0 
7f3d9241f000-7f3d92422000 ---p 00000000 00:00 0 
7f3d92422000-7f3d92520000 rw-p 00000000 00:00 0 
7f3d92520000-7f3d92eef000 r--p 00000000 08:02 10623654                   /usr/lib/locale/locale-archive
7f3d92eef000-7f3d92ef2000 ---p 00000000 00:00 0 
7f3d92ef2000-7f3d92ff0000 rw-p 00000000 00:00 0 
7f3d92ff0000-7f3d92ff3000 ---p 00000000 00:00 0 
7f3d92ff3000-7f3d930f1000 rw-p 00000000 00:00 0 
7f3d930f1000-7f3d930f2000 ---p 00000000 00:00 0 
7f3d930f2000-7f3d94000000 rw-p 00000000 00:00 0 
7f3d94000000-7f3d94021000 rw-p 00000000 00:00 0 
7f3d94021000-7f3d98000000 ---p 00000000 00:00 0 
7f3d98000000-7f3d9c000000 rw-p 00000000 00:00 0 
7f3d9c000000-7f3d9c021000 rw-p 00000000 00:00 0 
7f3d9c021000-7f3da0000000 ---p 00000000 00:00 0 
7f3da0000000-7f3da0002000 r--s 00006000 08:02 2753993                    /home/mrli/.gradle/caches/transforms-1/files-1.1/jetified-dagger-android-2.17.aar/59296b7fbab770ea72c71fa2a6831781/jars/classes.jar
7f3da0002000-7f3da0006000 r--s 00018000 08:02 3409835                    /home/mrli/.gradle/caches/transforms-1/files-1.1/retrofit-2.5.0.jar/f7f7e52d1f92232f94101961772aac65/jetified-retrofit-2.5.0.jar
7f3da0006000-7f3da000d000 r--s 00000000 08:02 10881807                   /usr/lib/x86_64-linux-gnu/gconv/gconv-modules.cache
7f3da000d000-7f3da0012000 r--s 0009a000 08:02 11945263                   /home/mrli/android-studio/jre/jre/lib/jsse.jar
7f3da0012000-7f3da0019000 r--s 0001f000 08:02 10488848                   /home/mrli/.gradle/caches/modules-2/files-2.1/org.jetbrains.kotlin/kotlin-stdlib-common/1.3.21/f30e4a9897913e53d778f564110bafa1fef46643/kotlin-stdlib-common-1.3.21.jar
7f3da0019000-7f3da0034000 r--s 00394000 08:02 11945190                   /home/mrli/android-studio/jre/jre/lib/ext/cldrdata.jar
7f3da0034000-7f3da01b9000 rw-p 00000000 00:00 0 
7f3da01b9000-7f3da038a000 r--s 03c88000 08:02 11945248                   /home/mrli/android-studio/jre/jre/lib/rt.jar
7f3da038a000-7f3da1000000 rw-p 00000000 00:00 0 
7f3da1000000-7f3da35d0000 rwxp 00000000 00:00 0 
7f3da35d0000-7f3db0000000 ---p 00000000 00:00 0 
7f3db0000000-7f3db03fe000 rw-p 00000000 00:00 0 
7f3db03fe000-7f3db4000000 ---p 00000000 00:00 0 
7f3db4000000-7f3db4002000 r--s 00001000 08:02 3546308                    /home/mrli/.gradle/caches/transforms-1/files-1.1/lifecycle-viewmodel-2.1.0-alpha03.aar/4c55831df07e9846b97e520dd576c1d4/jars/classes.jar
7f3db4002000-7f3db4003000 r--s 00002000 08:02 3278403                    /home/mrli/.gradle/caches/transforms-1/files-1.1/kotlin-3.0.0.aar/c63719953c259e2abaa85cc4e09374e0/jars/classes.jar
7f3db4003000-7f3db4004000 r--s 00004000 08:02 2623567                    /home/mrli/.gradle/caches/transforms-1/files-1.1/kotlinx-coroutines-android-1.1.1.jar/3dcfae8a45b87f813a360d39ad881d25/jetified-kotlinx-coroutines-android-1.1.1.jar
7f3db4004000-7f3db400f000 r--s 00081000 08:02 10488847                   /home/mrli/.gradle/caches/modules-2/files-2.1/org.jetbrains.intellij.deps/trove4j/1.0.20181211/216c2e14b070f334479d800987affe4054cd563f/trove4j-1.0.20181211.jar
7f3db400f000-7f3db405d000 rw-p 00000000 00:00 0 
7f3db405d000-7f3db405e000 ---p 00000000 00:00 0 
7f3db405e000-7f3db415e000 rw-p 00000000 00:00 0 
7f3db415e000-7f3db415f000 ---p 00000000 00:00 0 
7f3db415f000-7f3db425f000 rw-p 00000000 00:00 0 
7f3db425f000-7f3db4260000 ---p 00000000 00:00 0 
7f3db4260000-7f3db4360000 rw-p 00000000 00:00 0 
7f3db4360000-7f3db4361000 ---p 00000000 00:00 0 
7f3db4361000-7f3db44f5000 rw-p 00000000 00:00 0 
7f3db44f5000-7f3db470c000 ---p 00000000 00:00 0 
7f3db470c000-7f3db47a0000 rw-p 00000000 00:00 0 
7f3db47a0000-7f3db49b6000 ---p 00000000 00:00 0 
7f3db49b6000-7f3db4ad8000 rw-p 00000000 00:00 0 
7f3db4ad8000-7f3db4b0c000 ---p 00000000 00:00 0 
7f3db4b0c000-7f3db4ba5000 rw-p 00000000 00:00 0 
7f3db4ba5000-7f3db4ecd000 ---p 00000000 00:00 0 
7f3db4ecd000-7f3db4ee7000 r-xp 00000000 08:02 11945207                   /home/mrli/android-studio/jre/jre/lib/amd64/libzip.so
7f3db4ee7000-7f3db50e6000 ---p 0001a000 08:02 11945207                   /home/mrli/android-studio/jre/jre/lib/amd64/libzip.so
7f3db50e6000-7f3db50e7000 r--p 00019000 08:02 11945207                   /home/mrli/android-studio/jre/jre/lib/amd64/libzip.so
7f3db50e7000-7f3db50e8000 rw-p 0001a000 08:02 11945207                   /home/mrli/android-studio/jre/jre/lib/amd64/libzip.so
7f3db50e8000-7f3db50f3000 r-xp 00000000 08:02 8786625                    /lib/x86_64-linux-gnu/libnss_files-2.27.so
7f3db50f3000-7f3db52f2000 ---p 0000b000 08:02 8786625                    /lib/x86_64-linux-gnu/libnss_files-2.27.so
7f3db52f2000-7f3db52f3000 r--p 0000a000 08:02 8786625                    /lib/x86_64-linux-gnu/libnss_files-2.27.so
7f3db52f3000-7f3db52f4000 rw-p 0000b000 08:02 8786625                    /lib/x86_64-linux-gnu/libnss_files-2.27.so
7f3db52f4000-7f3db52fa000 rw-p 00000000 00:00 0 
7f3db52fa000-7f3db5311000 r-xp 00000000 08:02 8786619                    /lib/x86_64-linux-gnu/libnsl-2.27.so
7f3db5311000-7f3db5510000 ---p 00017000 08:02 8786619                    /lib/x86_64-linux-gnu/libnsl-2.27.so
7f3db5510000-7f3db5511000 r--p 00016000 08:02 8786619                    /lib/x86_64-linux-gnu/libnsl-2.27.so
7f3db5511000-7f3db5512000 rw-p 00017000 08:02 8786619                    /lib/x86_64-linux-gnu/libnsl-2.27.so
7f3db5512000-7f3db5514000 rw-p 00000000 00:00 0 
7f3db5514000-7f3db551f000 r-xp 00000000 08:02 8786636                    /lib/x86_64-linux-gnu/libnss_nis-2.27.so
7f3db551f000-7f3db571e000 ---p 0000b000 08:02 8786636                    /lib/x86_64-linux-gnu/libnss_nis-2.27.so
7f3db571e000-7f3db571f000 r--p 0000a000 08:02 8786636                    /lib/x86_64-linux-gnu/libnss_nis-2.27.so
7f3db571f000-7f3db5720000 rw-p 0000b000 08:02 8786636                    /lib/x86_64-linux-gnu/libnss_nis-2.27.so
7f3db5720000-7f3db5728000 r-xp 00000000 08:02 8786621                    /lib/x86_64-linux-gnu/libnss_compat-2.27.so
7f3db5728000-7f3db5928000 ---p 00008000 08:02 8786621                    /lib/x86_64-linux-gnu/libnss_compat-2.27.so
7f3db5928000-7f3db5929000 r--p 00008000 08:02 8786621                    /lib/x86_64-linux-gnu/libnss_compat-2.27.so
7f3db5929000-7f3db592a000 rw-p 00009000 08:02 8786621                    /lib/x86_64-linux-gnu/libnss_compat-2.27.so
7f3db592a000-7f3db5957000 r-xp 00000000 08:02 11945215                   /home/mrli/android-studio/jre/jre/lib/amd64/libjava.so
7f3db5957000-7f3db5b56000 ---p 0002d000 08:02 11945215                   /home/mrli/android-studio/jre/jre/lib/amd64/libjava.so
7f3db5b56000-7f3db5b57000 r--p 0002c000 08:02 11945215                   /home/mrli/android-studio/jre/jre/lib/amd64/libjava.so
7f3db5b57000-7f3db5b59000 rw-p 0002d000 08:02 11945215                   /home/mrli/android-studio/jre/jre/lib/amd64/libjava.so
7f3db5b59000-7f3db5b6a000 r-xp 00000000 08:02 11945203                   /home/mrli/android-studio/jre/jre/lib/amd64/libverify.so
7f3db5b6a000-7f3db5d69000 ---p 00011000 08:02 11945203                   /home/mrli/android-studio/jre/jre/lib/amd64/libverify.so
7f3db5d69000-7f3db5d6b000 r--p 00010000 08:02 11945203                   /home/mrli/android-studio/jre/jre/lib/amd64/libverify.so
7f3db5d6b000-7f3db5d6c000 rw-p 00012000 08:02 11945203                   /home/mrli/android-studio/jre/jre/lib/amd64/libverify.so
7f3db5d6c000-7f3db5d73000 r-xp 00000000 08:02 8786676                    /lib/x86_64-linux-gnu/librt-2.27.so
7f3db5d73000-7f3db5f72000 ---p 00007000 08:02 8786676                    /lib/x86_64-linux-gnu/librt-2.27.so
7f3db5f72000-7f3db5f73000 r--p 00006000 08:02 8786676                    /lib/x86_64-linux-gnu/librt-2.27.so
7f3db5f73000-7f3db5f74000 rw-p 00007000 08:02 8786676                    /lib/x86_64-linux-gnu/librt-2.27.so
7f3db5f74000-7f3db6111000 r-xp 00000000 08:02 8786598                    /lib/x86_64-linux-gnu/libm-2.27.so
7f3db6111000-7f3db6310000 ---p 0019d000 08:02 8786598                    /lib/x86_64-linux-gnu/libm-2.27.so
7f3db6310000-7f3db6311000 r--p 0019c000 08:02 8786598                    /lib/x86_64-linux-gnu/libm-2.27.so
7f3db6311000-7f3db6312000 rw-p 0019d000 08:02 8786598                    /lib/x86_64-linux-gnu/libm-2.27.so
7f3db6312000-7f3db6f7e000 r-xp 00000000 08:02 11945225                   /home/mrli/android-studio/jre/jre/lib/amd64/server/libjvm.so
7f3db6f7e000-7f3db717e000 ---p 00c6c000 08:02 11945225                   /home/mrli/android-studio/jre/jre/lib/amd64/server/libjvm.so
7f3db717e000-7f3db7212000 r--p 00c6c000 08:02 11945225                   /home/mrli/android-studio/jre/jre/lib/amd64/server/libjvm.so
7f3db7212000-7f3db723a000 rw-p 00d00000 08:02 11945225                   /home/mrli/android-studio/jre/jre/lib/amd64/server/libjvm.so
7f3db723a000-7f3db726b000 rw-p 00000000 00:00 0 
7f3db726b000-7f3db7452000 r-xp 00000000 08:02 8786535                    /lib/x86_64-linux-gnu/libc-2.27.so
7f3db7452000-7f3db7652000 ---p 001e7000 08:02 8786535                    /lib/x86_64-linux-gnu/libc-2.27.so
7f3db7652000-7f3db7656000 r--p 001e7000 08:02 8786535                    /lib/x86_64-linux-gnu/libc-2.27.so
7f3db7656000-7f3db7658000 rw-p 001eb000 08:02 8786535                    /lib/x86_64-linux-gnu/libc-2.27.so
7f3db7658000-7f3db765c000 rw-p 00000000 00:00 0 
7f3db765c000-7f3db765f000 r-xp 00000000 08:02 8786558                    /lib/x86_64-linux-gnu/libdl-2.27.so
7f3db765f000-7f3db785e000 ---p 00003000 08:02 8786558                    /lib/x86_64-linux-gnu/libdl-2.27.so
7f3db785e000-7f3db785f000 r--p 00002000 08:02 8786558                    /lib/x86_64-linux-gnu/libdl-2.27.so
7f3db785f000-7f3db7860000 rw-p 00003000 08:02 8786558                    /lib/x86_64-linux-gnu/libdl-2.27.so
7f3db7860000-7f3db7876000 r-xp 00000000 08:02 11945195                   /home/mrli/android-studio/jre/jre/lib/amd64/jli/libjli.so
7f3db7876000-7f3db7a76000 ---p 00016000 08:02 11945195                   /home/mrli/android-studio/jre/jre/lib/amd64/jli/libjli.so
7f3db7a76000-7f3db7a77000 r--p 00016000 08:02 11945195                   /home/mrli/android-studio/jre/jre/lib/amd64/jli/libjli.so
7f3db7a77000-7f3db7a78000 rw-p 00017000 08:02 11945195                   /home/mrli/android-studio/jre/jre/lib/amd64/jli/libjli.so
7f3db7a78000-7f3db7a92000 r-xp 00000000 08:02 8786668                    /lib/x86_64-linux-gnu/libpthread-2.27.so
7f3db7a92000-7f3db7c91000 ---p 0001a000 08:02 8786668                    /lib/x86_64-linux-gnu/libpthread-2.27.so
7f3db7c91000-7f3db7c92000 r--p 00019000 08:02 8786668                    /lib/x86_64-linux-gnu/libpthread-2.27.so
7f3db7c92000-7f3db7c93000 rw-p 0001a000 08:02 8786668                    /lib/x86_64-linux-gnu/libpthread-2.27.so
7f3db7c93000-7f3db7c97000 rw-p 00000000 00:00 0 
7f3db7c97000-7f3db7cbe000 r-xp 00000000 08:02 8786507                    /lib/x86_64-linux-gnu/ld-2.27.so
7f3db7cbe000-7f3db7cbf000 r--s 00000000 08:02 10488833                   /home/mrli/.gradle/caches/modules-2/files-2.1/org.jetbrains.kotlin/kotlin-stdlib-jdk7/1.3.21/d207ce2c9bcf17dc8e51bab4dbfdac4d013e7138/kotlin-stdlib-jdk7-1.3.21.jar
7f3db7cbf000-7f3db7cc0000 r--s 00015000 08:02 3411320                    /home/mrli/.gradle/caches/transforms-1/files-1.1/okio-1.15.0.jar/fcc1b19d1d3052ea32b679b3cf06042a/jetified-okio-1.15.0.jar
7f3db7cc0000-7f3db7cc1000 r--s 00001000 08:02 1968304                    /home/mrli/.gradle/caches/transforms-1/files-1.1/lifecycle-viewmodel-ktx-2.1.0-alpha03.aar/8d35b896ca9cc0a8d9c345828c3224e4/jars/classes.jar
7f3db7cc1000-7f3db7cd4000 r--s 0010f000 08:02 10488837                   /home/mrli/.gradle/caches/modules-2/files-2.1/org.jetbrains.kotlin/kotlin-stdlib/1.3.21/4bcc2012b84840e19e1e28074284cac908be0295/kotlin-stdlib-1.3.21.jar
7f3db7cd4000-7f3db7da0000 rw-p 00000000 00:00 0 
7f3db7da0000-7f3db7da1000 ---p 00000000 00:00 0 
7f3db7da1000-7f3db7da4000 ---p 00000000 00:00 0 
7f3db7da4000-7f3db7ea5000 rw-p 00000000 00:00 0 
7f3db7ea5000-7f3db7ea6000 r--s 00000000 08:02 10488399                   /home/mrli/.gradle/caches/modules-2/files-2.1/javax.inject/javax.inject/1/6975da39a7040257bd51d21a231b76c915872d38/javax.inject-1.jar
7f3db7ea6000-7f3db7ea8000 r--s 00003000 08:02 10488395                   /home/mrli/.gradle/caches/modules-2/files-2.1/org.jetbrains/annotations/13.0/919f0dfe192fb4e063e7dacadee7f8bb9a2672a9/annotations-13.0.jar
7f3db7ea8000-7f3db7eaa000 r--s 00009000 08:02 10489038                   /home/mrli/.gradle/caches/modules-2/files-2.1/org.jetbrains.kotlin/kotlin-script-runtime/1.3.21/29363d474ee6fda354900636320a177c7286def9/kotlin-script-runtime-1.3.21.jar
7f3db7eaa000-7f3db7eb4000 r--s 00116000 08:02 11945188                   /home/mrli/android-studio/jre/jre/lib/ext/localedata.jar
7f3db7eb4000-7f3db7ebc000 rw-s 00000000 08:02 10632918                   /tmp/hsperfdata_mrli/6731
7f3db7ebc000-7f3db7ebd000 rw-p 00000000 00:00 0 
7f3db7ebd000-7f3db7ebe000 ---p 00000000 00:00 0 
7f3db7ebe000-7f3db7ebf000 r--p 00027000 08:02 8786507                    /lib/x86_64-linux-gnu/ld-2.27.so
7f3db7ebf000-7f3db7ec0000 rw-p 00028000 08:02 8786507                    /lib/x86_64-linux-gnu/ld-2.27.so
7f3db7ec0000-7f3db7ec1000 rw-p 00000000 00:00 0 
7ffc7e5c1000-7ffc7e5e3000 rw-p 00000000 00:00 0                          [stack]
7ffc7e5f9000-7ffc7e5fc000 r--p 00000000 00:00 0                          [vvar]
7ffc7e5fc000-7ffc7e5fe000 r-xp 00000000 00:00 0                          [vdso]
ffffffffff600000-ffffffffff601000 r-xp 00000000 00:00 0                  [vsyscall]

VM Arguments:
jvm_args: -Djava.awt.headless=true -Djava.rmi.server.hostname=127.0.0.1 -Xmx2g -Dkotlin.environment.keepalive 
java_command: org.jetbrains.kotlin.daemon.KotlinCompileDaemon --daemon-runFilesPath /home/mrli/.local/share/kotlin/daemon --daemon-autoshutdownIdleSeconds=7200 --daemon-compilerClasspath /home/mrli/.gradle/caches/modules-2/files-2.1/org.jetbrains.kotlin/kotlin-compiler-embeddable/1.3.21/677cc9553b8964c895abc76da9b6a0faea8f671d/kotlin-compiler-embeddable-1.3.21.jar:/home/mrli/.gradle/caches/modules-2/files-2.1/org.jetbrains.kotlin/kotlin-reflect/1.3.21/d0d5ff2ac2ebd8a42697af41e20fc225a23c5d3b/kotlin-reflect-1.3.21.jar:/home/mrli/.gradle/caches/modules-2/files-2.1/org.jetbrains.kotlin/kotlin-stdlib/1.3.21/4bcc2012b84840e19e1e28074284cac908be0295/kotlin-stdlib-1.3.21.jar:/home/mrli/.gradle/caches/modules-2/files-2.1/org.jetbrains.kotlin/kotlin-script-runtime/1.3.21/29363d474ee6fda354900636320a177c7286def9/kotlin-script-runtime-1.3.21.jar:/home/mrli/.gradle/caches/modules-2/files-2.1/org.jetbrains.intellij.deps/trove4j/1.0.20181211/216c2e14b070f334479d800987affe4054cd563f/trove4j-1.0.20181211.jar:/home/mrli/.gradle/caches/modules-2/files-2.1/org.jetbrains.kotlin/kotlin-stdlib-common/1.3.21/f30e4a9897913e53d778f564110bafa1fef46643/kotlin-stdlib-common-1.3.21.jar:/home/mrli/.gradle/caches/modules-2/files-2.1/org.jetbrains/annotations/13.0/919f0dfe192fb4e063e7dacadee7f8bb9a2672a9/annotations-13.0.jar:/home/mrli/android-studio/jre/lib/tools.jar
java_class_path (initial): /home/mrli/.gradle/caches/modules-2/files-2.1/org.jetbrains.kotlin/kotlin-compiler-embeddable/1.3.21/677cc9553b8964c895abc76da9b6a0faea8f671d/kotlin-compiler-embeddable-1.3.21.jar:/home/mrli/.gradle/caches/modules-2/files-2.1/org.jetbrains.kotlin/kotlin-reflect/1.3.21/d0d5ff2ac2ebd8a42697af41e20fc225a23c5d3b/kotlin-reflect-1.3.21.jar:/home/mrli/.gradle/caches/modules-2/files-2.1/org.jetbrains.kotlin/kotlin-stdlib/1.3.21/4bcc2012b84840e19e1e28074284cac908be0295/kotlin-stdlib-1.3.21.jar:/home/mrli/.gradle/caches/modules-2/files-2.1/org.jetbrains.kotlin/kotlin-script-runtime/1.3.21/29363d474ee6fda354900636320a177c7286def9/kotlin-script-runtime-1.3.21.jar:/home/mrli/.gradle/caches/modules-2/files-2.1/org.jetbrains.intellij.deps/trove4j/1.0.20181211/216c2e14b070f334479d800987affe4054cd563f/trove4j-1.0.20181211.jar:/home/mrli/.gradle/caches/modules-2/files-2.1/org.jetbrains.kotlin/kotlin-stdlib-common/1.3.21/f30e4a9897913e53d778f564110bafa1fef46643/kotlin-stdlib-common-1.3.21.jar:/home/mrli/.gradle/caches/modules-2/files-2.1/org.jetbrains/annotations/13.0/919f0dfe192fb4e063e7dacadee7f8bb9a2672a9/annotations-13.0.jar:/home/mrli/android-studio/jre/lib/tools.jar
Launcher Type: SUN_STANDARD

Environment Variables:
JAVA_HOME=/usr/lib/jdk/jdk1.8.0_201
JRE_HOME=/usr/lib/jdk/jdk1.8.0_201/jre
CLASSPATH=/home/mrli/android-studio/lib/bootstrap.jar:/home/mrli/android-studio/lib/extensions.jar:/home/mrli/android-studio/lib/util.jar:/home/mrli/android-studio/lib/jdom.jar:/home/mrli/android-studio/lib/log4j.jar:/home/mrli/android-studio/lib/trove4j.jar:/home/mrli/android-studio/lib/jna.jar:/home/mrli/android-studio/jre/lib/tools.jar
PATH=/usr/lib/jdk/jdk1.8.0_201/bin:/usr/local/sbin:/usr/local/bin:/usr/sbin:/usr/bin:/sbin:/bin:/usr/games:/usr/local/games:/snap/bin
USERNAME=mrli
SHELL=/bin/zsh
DISPLAY=:0

Signal Handlers:
SIGSEGV: [libjvm.so+0xa71660], sa_mask[0]=11111111011111111101111111111110, sa_flags=SA_RESTART|SA_SIGINFO
SIGBUS: [libjvm.so+0xa71660], sa_mask[0]=11111111011111111101111111111110, sa_flags=SA_RESTART|SA_SIGINFO
SIGFPE: [libjvm.so+0x8b1770], sa_mask[0]=11111111011111111101111111111110, sa_flags=SA_RESTART|SA_SIGINFO
SIGPIPE: [libjvm.so+0x8b1770], sa_mask[0]=11111111011111111101111111111110, sa_flags=SA_RESTART|SA_SIGINFO
SIGXFSZ: [libjvm.so+0x8b1770], sa_mask[0]=11111111011111111101111111111110, sa_flags=SA_RESTART|SA_SIGINFO
SIGILL: [libjvm.so+0x8b1770], sa_mask[0]=11111111011111111101111111111110, sa_flags=SA_RESTART|SA_SIGINFO
SIGUSR1: SIG_DFL, sa_mask[0]=00000000000000000000000000000000, sa_flags=none
SIGUSR2: [libjvm.so+0x8b1640], sa_mask[0]=00100000000000000000000000000000, sa_flags=SA_RESTART|SA_SIGINFO
SIGHUP: [libjvm.so+0x8b1aa0], sa_mask[0]=11111111011111111101111111111110, sa_flags=SA_RESTART|SA_SIGINFO
SIGINT: [libjvm.so+0x8b1aa0], sa_mask[0]=11111111011111111101111111111110, sa_flags=SA_RESTART|SA_SIGINFO
SIGTERM: [libjvm.so+0x8b1aa0], sa_mask[0]=11111111011111111101111111111110, sa_flags=SA_RESTART|SA_SIGINFO
SIGQUIT: [libjvm.so+0x8b1aa0], sa_mask[0]=11111111011111111101111111111110, sa_flags=SA_RESTART|SA_SIGINFO


---------------  S Y S T E M  ---------------

OS:DISTRIB_ID=Ubuntu
DISTRIB_RELEASE=18.04
DISTRIB_CODENAME=bionic
DISTRIB_DESCRIPTION="Ubuntu 18.04 LTS"

uname:Linux 4.18.0-16-generic #17~18.04.1-Ubuntu SMP Tue Feb 12 13:35:51 UTC 2019 x86_64
libc:glibc 2.27 NPTL 2.27 
rlimit: STACK 8192k, CORE 0k, NPROC 14900, NOFILE 1048576, AS infinity
load average:5.65 3.10 2.32

/proc/meminfo:
MemTotal:        3928068 kB
MemFree:          104004 kB
MemAvailable:       3564 kB
Buffers:             516 kB
Cached:           128632 kB
SwapCached:          828 kB
Active:          2469468 kB
Inactive:         621028 kB
Active(anon):    2466404 kB
Inactive(anon):   616528 kB
Active(file):       3064 kB
Inactive(file):     4500 kB
Unevictable:         128 kB
Mlocked:             128 kB
SwapTotal:       2097148 kB
SwapFree:              0 kB
Dirty:                 0 kB
Writeback:           176 kB
AnonPages:       2961132 kB
Mapped:            13864 kB
Shmem:            121200 kB
Slab:             101176 kB
SReclaimable:      39768 kB
SUnreclaim:        61408 kB
KernelStack:       10672 kB
PageTables:        42808 kB
NFS_Unstable:          0 kB
Bounce:                0 kB
WritebackTmp:          0 kB
CommitLimit:     4061180 kB
Committed_AS:    8563612 kB
VmallocTotal:   34359738367 kB
VmallocUsed:           0 kB
VmallocChunk:          0 kB
HardwareCorrupted:     0 kB
AnonHugePages:         0 kB
ShmemHugePages:        0 kB
ShmemPmdMapped:        0 kB
CmaTotal:              0 kB
CmaFree:               0 kB
HugePages_Total:       0
HugePages_Free:        0
HugePages_Rsvd:        0
HugePages_Surp:        0
Hugepagesize:       2048 kB
Hugetlb:               0 kB
DirectMap4k:      296340 kB
DirectMap2M:     3786752 kB
DirectMap1G:           0 kB


CPU:total 4 (initial active 4) (2 cores per cpu, 2 threads per core) family 6 model 78 stepping 3, cmov, cx8, fxsr, mmx, sse, sse2, sse3, ssse3, sse4.1, sse4.2, popcnt, avx, avx2, aes, clmul, erms, 3dnowpref, lzcnt, ht, tsc, tscinvbit, bmi1, bmi2, adx

/proc/cpuinfo:
processor	: 0
vendor_id	: GenuineIntel
cpu family	: 6
model		: 78
model name	: Intel(R) Core(TM) i7-6500U CPU @ 2.50GHz
stepping	: 3
microcode	: 0xc6
cpu MHz		: 2190.093
cache size	: 4096 KB
physical id	: 0
siblings	: 4
core id		: 0
cpu cores	: 2
apicid		: 0
initial apicid	: 0
fpu		: yes
fpu_exception	: yes
cpuid level	: 22
wp		: yes
flags		: fpu vme de pse tsc msr pae mce cx8 apic sep mtrr pge mca cmov pat pse36 clflush dts acpi mmx fxsr sse sse2 ss ht tm pbe syscall nx pdpe1gb rdtscp lm constant_tsc art arch_perfmon pebs bts rep_good nopl xtopology nonstop_tsc cpuid aperfmperf tsc_known_freq pni pclmulqdq dtes64 monitor ds_cpl vmx est tm2 ssse3 sdbg fma cx16 xtpr pdcm pcid sse4_1 sse4_2 x2apic movbe popcnt tsc_deadline_timer aes xsave avx f16c rdrand lahf_lm abm 3dnowprefetch cpuid_fault epb invpcid_single pti ssbd ibrs ibpb stibp tpr_shadow vnmi flexpriority ept vpid fsgsbase tsc_adjust bmi1 avx2 smep bmi2 erms invpcid mpx rdseed adx smap clflushopt intel_pt xsaveopt xsavec xgetbv1 xsaves dtherm ida arat pln pts hwp hwp_notify hwp_act_window hwp_epp flush_l1d
bugs		: cpu_meltdown spectre_v1 spectre_v2 spec_store_bypass l1tf
bogomips	: 5184.00
clflush size	: 64
cache_alignment	: 64
address sizes	: 39 bits physical, 48 bits virtual
power management:

processor	: 1
vendor_id	: GenuineIntel
cpu family	: 6
model		: 78
model name	: Intel(R) Core(TM) i7-6500U CPU @ 2.50GHz
stepping	: 3
microcode	: 0xc6
cpu MHz		: 2030.435
cache size	: 4096 KB
physical id	: 0
siblings	: 4
core id		: 1
cpu cores	: 2
apicid		: 2
initial apicid	: 2
fpu		: yes
fpu_exception	: yes
cpuid level	: 22
wp		: yes
flags		: fpu vme de pse tsc msr pae mce cx8 apic sep mtrr pge mca cmov pat pse36 clflush dts acpi mmx fxsr sse sse2 ss ht tm pbe syscall nx pdpe1gb rdtscp lm constant_tsc art arch_perfmon pebs bts rep_good nopl xtopology nonstop_tsc cpuid aperfmperf tsc_known_freq pni pclmulqdq dtes64 monitor ds_cpl vmx est tm2 ssse3 sdbg fma cx16 xtpr pdcm pcid sse4_1 sse4_2 x2apic movbe popcnt tsc_deadline_timer aes xsave avx f16c rdrand lahf_lm abm 3dnowprefetch cpuid_fault epb invpcid_single pti ssbd ibrs ibpb stibp tpr_shadow vnmi flexpriority ept vpid fsgsbase tsc_adjust bmi1 avx2 smep bmi2 erms invpcid mpx rdseed adx smap clflushopt intel_pt xsaveopt xsavec xgetbv1 xsaves dtherm ida arat pln pts hwp hwp_notify hwp_act_window hwp_epp flush_l1d
bugs		: cpu_meltdown spectre_v1 spectre_v2 spec_store_bypass l1tf
bogomips	: 5184.00
clflush size	: 64
cache_alignment	: 64
address sizes	: 39 bits physical, 48 bits virtual
power management:

processor	: 2
vendor_id	: GenuineIntel
cpu family	: 6
model		: 78
model name	: Intel(R) Core(TM) i7-6500U CPU @ 2.50GHz
stepping	: 3
microcode	: 0xc6
cpu MHz		: 2045.349
cache size	: 4096 KB
physical id	: 0
siblings	: 4
core id		: 0
cpu cores	: 2
apicid		: 1
initial apicid	: 1
fpu		: yes
fpu_exception	: yes
cpuid level	: 22
wp		: yes
flags		: fpu vme de pse tsc msr pae mce cx8 apic sep mtrr pge mca cmov pat pse36 clflush dts acpi mmx fxsr sse sse2 ss ht tm pbe syscall nx pdpe1gb rdtscp lm constant_tsc art arch_perfmon pebs bts rep_good nopl xtopology nonstop_tsc cpuid aperfmperf tsc_known_freq pni pclmulqdq dtes64 monitor ds_cpl vmx est tm2 ssse3 sdbg fma cx16 xtpr pdcm pcid sse4_1 sse4_2 x2apic movbe popcnt tsc_deadline_timer aes xsave avx f16c rdrand lahf_lm abm 3dnowprefetch cpuid_fault epb invpcid_single pti ssbd ibrs ibpb stibp tpr_shadow vnmi flexpriority ept vpid fsgsbase tsc_adjust bmi1 avx2 smep bmi2 erms invpcid mpx rdseed adx smap clflushopt intel_pt xsaveopt xsavec xgetbv1 xsaves dtherm ida arat pln pts hwp hwp_notify hwp_act_window hwp_epp flush_l1d
bugs		: cpu_meltdown spectre_v1 spectre_v2 spec_store_bypass l1tf
bogomips	: 5184.00
clflush size	: 64
cache_alignment	: 64
address sizes	: 39 bits physical, 48 bits virtual
power management:

processor	: 3
vendor_id	: GenuineIntel
cpu family	: 6
model		: 78
model name	: Intel(R) Core(TM) i7-6500U CPU @ 2.50GHz
stepping	: 3
microcode	: 0xc6
cpu MHz		: 2114.915
cache size	: 4096 KB
physical id	: 0
siblings	: 4
core id		: 1
cpu cores	: 2
apicid		: 3
initial apicid	: 3
fpu		: yes
fpu_exception	: yes
cpuid level	: 22
wp		: yes
flags		: fpu vme de pse tsc msr pae mce cx8 apic sep mtrr pge mca cmov pat pse36 clflush dts acpi mmx fxsr sse sse2 ss ht tm pbe syscall nx pdpe1gb rdtscp lm constant_tsc art arch_perfmon pebs bts rep_good nopl xtopology nonstop_tsc cpuid aperfmperf tsc_known_freq pni pclmulqdq dtes64 monitor ds_cpl vmx est tm2 ssse3 sdbg fma cx16 xtpr pdcm pcid sse4_1 sse4_2 x2apic movbe popcnt tsc_deadline_timer aes xsave avx f16c rdrand lahf_lm abm 3dnowprefetch cpuid_fault epb invpcid_single pti ssbd ibrs ibpb stibp tpr_shadow vnmi flexpriority ept vpid fsgsbase tsc_adjust bmi1 avx2 smep bmi2 erms invpcid mpx rdseed adx smap clflushopt intel_pt xsaveopt xsavec xgetbv1 xsaves dtherm ida arat pln pts hwp hwp_notify hwp_act_window hwp_epp flush_l1d
bugs		: cpu_meltdown spectre_v1 spectre_v2 spec_store_bypass l1tf
bogomips	: 5184.00
clflush size	: 64
cache_alignment	: 64
address sizes	: 39 bits physical, 48 bits virtual
power management:



Memory: 4k page, physical 3928068k(102804k free), swap 2097148k(0k free)

vm_info: OpenJDK 64-Bit Server VM (25.152-b01) for linux-amd64 JRE (1.8.0_152-release-1248-b01), built by "builder" with gcc 7.3.0

time: Sun Apr  7 00:17:33 2019
elapsed time: 228 seconds (0d 0h 3m 48s)

