#
# There is insufficient memory for the Java Runtime Environment to continue.
# Native memory allocation (mmap) failed to map 27262976 bytes for committing reserved memory.
# Possible reasons:
#   The system is out of physical RAM or swap space
#   In 32 bit mode, the process size limit was hit
# Possible solutions:
#   Reduce memory load on the system
#   Increase physical memory or swap space
#   Check if swap backing store is full
#   Use 64 bit Java on a 64 bit OS
#   Decrease Java heap size (-Xmx/-Xms)
#   Decrease number of Java threads
#   Decrease Java thread stack sizes (-Xss)
#   Set larger code cache with -XX:ReservedCodeCacheSize=
# This output file may be truncated or incomplete.
#
#  Out of Memory Error (os_linux.cpp:2640), pid=3978, tid=0x00007f7f1dee5700
#
# JRE version: OpenJDK Runtime Environment (8.0_152-b01) (build 1.8.0_152-release-1248-b01)
# Java VM: OpenJDK 64-Bit Server VM (25.152-b01 mixed mode linux-amd64 compressed oops)
# Failed to write core dump. Core dumps have been disabled. To enable core dumping, try "ulimit -c unlimited" before starting Java again
#

---------------  T H R E A D  ---------------

Current thread (0x00007f7f3007a000):  VMThread [stack: 0x00007f7f1dde6000,0x00007f7f1dee6000] [id=3985]

Stack: [0x00007f7f1dde6000,0x00007f7f1dee6000],  sp=0x00007f7f1dee4520,  free space=1017k
Native frames: (J=compiled Java code, j=interpreted, Vv=VM code, C=native code)
V  [libjvm.so+0xa70d2f]  VMError::report_and_die()+0x2af
V  [libjvm.so+0x4c7207]  report_vm_out_of_memory(char const*, int, unsigned long, VMErrorType, char const*)+0x67
V  [libjvm.so+0x8b5b60]  os::pd_commit_memory(char*, unsigned long, unsigned long, bool)+0x100
V  [libjvm.so+0x8b077f]  os::commit_memory(char*, unsigned long, unsigned long, bool)+0x1f
V  [libjvm.so+0x92e436]  PSVirtualSpace::expand_by(unsigned long)+0x56
V  [libjvm.so+0x92f6c8]  PSYoungGen::resize(unsigned long, unsigned long)+0xd8
V  [libjvm.so+0x92be56]  PSScavenge::invoke_no_policy()+0x1356
V  [libjvm.so+0x92c1fc]  PSScavenge::invoke()+0x4c
V  [libjvm.so+0x8dbd98]  ParallelScavengeHeap::failed_mem_allocate(unsigned long)+0x68
V  [libjvm.so+0xa72863]  VM_ParallelGCFailedAllocation::doit()+0x93
V  [libjvm.so+0xa77896]  VM_Operation::evaluate()+0x46
V  [libjvm.so+0xa750f2]  VMThread::evaluate_operation(VM_Operation*) [clone .constprop.31]+0xa2
V  [libjvm.so+0xa7651b]  VMThread::loop()+0x37b
V  [libjvm.so+0xa768c8]  VMThread::run()+0x78
V  [libjvm.so+0x8b3322]  java_start(Thread*)+0x102

VM_Operation (0x00007f7f077fa770): ParallelGCFailedAllocation, mode: safepoint, requested by thread 0x00007f7edc007000


---------------  P R O C E S S  ---------------

Java Threads: ( => current thread )
  0x00007f7eb0002800 JavaThread "RMI RenewClean-[127.0.0.1:44523,org.jetbrains.kotlin.daemon.common.LoopbackNetworkInterface$ClientLoopbackSocketFactory@6cea6374]" daemon [_thread_blocked, id=4151, stack(0x00007f7f04f67000,0x00007f7f05068000)]
  0x00007f7edc007000 JavaThread "RMI TCP Connection(6)-127.0.0.1" daemon [_thread_blocked, id=4150, stack(0x00007f7f076ff000,0x00007f7f07800000)]
  0x00007f7edc003800 JavaThread "RMI TCP Connection(5)-127.0.0.1" daemon [_thread_in_native, id=4144, stack(0x00007f7f0cefe000,0x00007f7f0cfff000)]
  0x00007f7edc005000 JavaThread "RMI TCP Connection(4)-127.0.0.1" daemon [_thread_in_native, id=4142, stack(0x00007f7f0cbfb000,0x00007f7f0ccfc000)]
  0x00007f7ec000b800 JavaThread "RMI Scheduler(0)" daemon [_thread_blocked, id=4001, stack(0x00007f7f0c8fa000,0x00007f7f0c9fb000)]
  0x00007f7f3000c800 JavaThread "DestroyJavaVM" [_thread_blocked, id=3980, stack(0x00007f7f36a5b000,0x00007f7f36b5b000)]
  0x00007f7f303ff800 JavaThread "GC Daemon" daemon [_thread_blocked, id=3998, stack(0x00007f7f0ccfc000,0x00007f7f0cdfd000)]
  0x00007f7f303f9800 JavaThread "RMI Reaper" [_thread_blocked, id=3997, stack(0x00007f7f0cdfd000,0x00007f7f0cefe000)]
  0x00007f7f303e8800 JavaThread "Timer-0" daemon [_thread_blocked, id=3995, stack(0x00007f7f1c0de000,0x00007f7f1c1df000)]
  0x00007f7f303e6800 JavaThread "RMI TCP Accept-17994" daemon [_thread_in_native, id=3994, stack(0x00007f7f1c1df000,0x00007f7f1c2e0000)]
  0x00007f7f300d2800 JavaThread "Service Thread" daemon [_thread_blocked, id=3992, stack(0x00007f7f1cd0f000,0x00007f7f1ce10000)]
  0x00007f7f300bf000 JavaThread "C1 CompilerThread2" daemon [_thread_blocked, id=3991, stack(0x00007f7f1ce11000,0x00007f7f1cf11000)]
  0x00007f7f300bd800 JavaThread "C2 CompilerThread1" daemon [_thread_blocked, id=3990, stack(0x00007f7f1cf12000,0x00007f7f1d012000)]
  0x00007f7f300ba800 JavaThread "C2 CompilerThread0" daemon [_thread_blocked, id=3989, stack(0x00007f7f1d013000,0x00007f7f1d113000)]
  0x00007f7f300b9000 JavaThread "Signal Dispatcher" daemon [_thread_blocked, id=3988, stack(0x00007f7f1d113000,0x00007f7f1d214000)]
  0x00007f7f30086800 JavaThread "Finalizer" daemon [_thread_blocked, id=3987, stack(0x00007f7f1dbe3000,0x00007f7f1dce4000)]
  0x00007f7f30082000 JavaThread "Reference Handler" daemon [_thread_blocked, id=3986, stack(0x00007f7f1dce4000,0x00007f7f1dde5000)]

Other Threads:
=>0x00007f7f3007a000 VMThread [stack: 0x00007f7f1dde6000,0x00007f7f1dee6000] [id=3985]
  0x00007f7f300d5000 WatcherThread [stack: 0x00007f7f1cc0f000,0x00007f7f1cd0f000] [id=3993]

VM state:at safepoint (normal execution)

VM Mutex/Monitor currently owned by a thread:  ([mutex/lock_event])
[0x00007f7f30009030] Threads_lock - owner thread: 0x00007f7f3007a000
[0x00007f7f30009530] Heap_lock - owner thread: 0x00007f7edc007000

Heap:
 PSYoungGen      total 207360K, used 60403K [0x00000000d5580000, 0x00000000e7f00000, 0x0000000100000000)
  eden space 146944K, 0% used [0x00000000d5580000,0x00000000d5580000,0x00000000de500000)
  from space 60416K, 99% used [0x00000000e4400000,0x00000000e7efcc28,0x00000000e7f00000)
  to   space 41984K, 0% used [0x00000000de500000,0x00000000de500000,0x00000000e0e00000)
 ParOldGen       total 196608K, used 117780K [0x0000000080000000, 0x000000008c000000, 0x00000000d5580000)
  object space 196608K, 59% used [0x0000000080000000,0x0000000087305010,0x000000008c000000)
 Metaspace       used 88799K, capacity 91165K, committed 91264K, reserved 1128448K
  class space    used 10833K, capacity 11331K, committed 11392K, reserved 1048576K

Card table byte_map: [0x00007f7f201f8000,0x00007f7f205f9000] byte_map_base: 0x00007f7f1fdf8000

Marking Bits: (ParMarkBitMap*) 0x00007f7f35f08160
 Begin Bits: [0x00007f7f14000000, 0x00007f7f16000000)
 End Bits:   [0x00007f7f16000000, 0x00007f7f18000000)

Polling page: 0x00007f7f36b77000

CodeCache: size=245760Kb used=46074Kb max_used=46888Kb free=199685Kb
 bounds [0x00007f7f209b9000, 0x00007f7f237b9000, 0x00007f7f2f9b9000]
 total_blobs=14620 nmethods=14025 adapters=506
 compilation: enabled

Compilation events (10 events):
Event: 458.854 Thread 0x00007f7f300bf000 16529       3       com.sun.tools.javac.tree.JCTree$JCMethodInvocation::accept (6 bytes)
Event: 458.854 Thread 0x00007f7f300bf000 nmethod 16529 0x00007f7f20bb53d0 code [0x00007f7f20bb5540, 0x00007f7f20bb5768]
Event: 458.854 Thread 0x00007f7f300bf000 16530       3       com.sun.tools.javac.tree.TreeScanner::visitApply (25 bytes)
Event: 458.854 Thread 0x00007f7f300bf000 nmethod 16530 0x00007f7f22f59910 code [0x00007f7f22f59aa0, 0x00007f7f22f59e48]
Event: 458.854 Thread 0x00007f7f300bf000 16526       3       com.sun.tools.javac.tree.JCTree$JCReturn::accept (6 bytes)
Event: 458.854 Thread 0x00007f7f300bf000 nmethod 16526 0x00007f7f20c07e10 code [0x00007f7f20c07f80, 0x00007f7f20c081a8]
Event: 458.854 Thread 0x00007f7f300bf000 16527       3       com.sun.tools.javac.tree.TreeScanner::visitReturn (9 bytes)
Event: 458.854 Thread 0x00007f7f300bf000 nmethod 16527 0x00007f7f20c1d750 code [0x00007f7f20c1d8c0, 0x00007f7f20c1dae8]
Event: 458.854 Thread 0x00007f7f300bf000 16531       3       com.sun.tools.javac.tree.JCTree$JCExpressionStatement::accept (6 bytes)
Event: 458.854 Thread 0x00007f7f300bf000 nmethod 16531 0x00007f7f20d6a510 code [0x00007f7f20d6a680, 0x00007f7f20d6a8a8]

GC Heap History (10 events):
Event: 445.854 GC heap after
Heap after GC invocations=17 (full 3):
 PSYoungGen      total 144384K, used 14378K [0x00000000d5580000, 0x00000000e0080000, 0x0000000100000000)
  eden space 122880K, 0% used [0x00000000d5580000,0x00000000d5580000,0x00000000dcd80000)
  from space 21504K, 66% used [0x00000000deb80000,0x00000000df98ab78,0x00000000e0080000)
  to   space 26112K, 0% used [0x00000000dcd80000,0x00000000dcd80000,0x00000000de700000)
 ParOldGen       total 116736K, used 58021K [0x0000000080000000, 0x0000000087200000, 0x00000000d5580000)
  object space 116736K, 49% used [0x0000000080000000,0x00000000838a9760,0x0000000087200000)
 Metaspace       used 69264K, capacity 70839K, committed 71040K, reserved 1112064K
  class space    used 8365K, capacity 8712K, committed 8832K, reserved 1048576K
}
Event: 447.440 GC heap before
{Heap before GC invocations=18 (full 3):
 PSYoungGen      total 144384K, used 137258K [0x00000000d5580000, 0x00000000e0080000, 0x0000000100000000)
  eden space 122880K, 100% used [0x00000000d5580000,0x00000000dcd80000,0x00000000dcd80000)
  from space 21504K, 66% used [0x00000000deb80000,0x00000000df98ab78,0x00000000e0080000)
  to   space 26112K, 0% used [0x00000000dcd80000,0x00000000dcd80000,0x00000000de700000)
 ParOldGen       total 116736K, used 58021K [0x0000000080000000, 0x0000000087200000, 0x00000000d5580000)
  object space 116736K, 49% used [0x0000000080000000,0x00000000838a9760,0x0000000087200000)
 Metaspace       used 71124K, capacity 72775K, committed 72960K, reserved 1114112K
  class space    used 8498K, capacity 8848K, committed 8960K, reserved 1048576K
Event: 447.523 GC heap after
Heap after GC invocations=18 (full 3):
 PSYoungGen      total 148992K, used 26102K [0x00000000d5580000, 0x00000000e3380000, 0x0000000100000000)
  eden space 122880K, 0% used [0x00000000d5580000,0x00000000d5580000,0x00000000dcd80000)
  from space 26112K, 99% used [0x00000000dcd80000,0x00000000de6fdb98,0x00000000de700000)
  to   space 38400K, 0% used [0x00000000e0e00000,0x00000000e0e00000,0x00000000e3380000)
 ParOldGen       total 116736K, used 80554K [0x0000000080000000, 0x0000000087200000, 0x00000000d5580000)
  object space 116736K, 69% used [0x0000000080000000,0x0000000084eaab60,0x0000000087200000)
 Metaspace       used 71124K, capacity 72775K, committed 72960K, reserved 1114112K
  class space    used 8498K, capacity 8848K, committed 8960K, reserved 1048576K
}
Event: 450.359 GC heap before
{Heap before GC invocations=19 (full 3):
 PSYoungGen      total 148992K, used 148982K [0x00000000d5580000, 0x00000000e3380000, 0x0000000100000000)
  eden space 122880K, 100% used [0x00000000d5580000,0x00000000dcd80000,0x00000000dcd80000)
  from space 26112K, 99% used [0x00000000dcd80000,0x00000000de6fdb98,0x00000000de700000)
  to   space 38400K, 0% used [0x00000000e0e00000,0x00000000e0e00000,0x00000000e3380000)
 ParOldGen       total 116736K, used 80554K [0x0000000080000000, 0x0000000087200000, 0x00000000d5580000)
  object space 116736K, 69% used [0x0000000080000000,0x0000000084eaab60,0x0000000087200000)
 Metaspace       used 81046K, capacity 83007K, committed 83328K, reserved 1122304K
  class space    used 9834K, capacity 10278K, committed 10368K, reserved 1048576K
Event: 451.396 GC heap after
Heap after GC invocations=19 (full 3):
 PSYoungGen      total 185344K, used 31453K [0x00000000d5580000, 0x00000000e5000000, 0x0000000100000000)
  eden space 146944K, 0% used [0x00000000d5580000,0x00000000d5580000,0x00000000de500000)
  from space 38400K, 81% used [0x00000000e0e00000,0x00000000e2cb7438,0x00000000e3380000)
  to   space 41984K, 0% used [0x00000000de500000,0x00000000de500000,0x00000000e0e00000)
 ParOldGen       total 116736K, used 91389K [0x0000000080000000, 0x0000000087200000, 0x00000000d5580000)
  object space 116736K, 78% used [0x0000000080000000,0x000000008593f650,0x0000000087200000)
 Metaspace       used 81046K, capacity 83007K, committed 83328K, reserved 1122304K
  class space    used 9834K, capacity 10278K, committed 10368K, reserved 1048576K
}
Event: 457.165 GC heap before
{Heap before GC invocations=20 (full 3):
 PSYoungGen      total 185344K, used 178397K [0x00000000d5580000, 0x00000000e5000000, 0x0000000100000000)
  eden space 146944K, 100% used [0x00000000d5580000,0x00000000de500000,0x00000000de500000)
  from space 38400K, 81% used [0x00000000e0e00000,0x00000000e2cb7438,0x00000000e3380000)
  to   space 41984K, 0% used [0x00000000de500000,0x00000000de500000,0x00000000e0e00000)
 ParOldGen       total 116736K, used 91389K [0x0000000080000000, 0x0000000087200000, 0x00000000d5580000)
  object space 116736K, 78% used [0x0000000080000000,0x000000008593f650,0x0000000087200000)
 Metaspace       used 86723K, capacity 88787K, committed 88960K, reserved 1126400K
  class space    used 10551K, capacity 11030K, committed 11136K, reserved 1048576K
Event: 457.286 GC heap after
Heap after GC invocations=20 (full 3):
 PSYoungGen      total 188928K, used 41955K [0x00000000d5580000, 0x00000000e7f00000, 0x0000000100000000)
  eden space 146944K, 0% used [0x00000000d5580000,0x00000000d5580000,0x00000000de500000)
  from space 41984K, 99% used [0x00000000de500000,0x00000000e0df8e30,0x00000000e0e00000)
  to   space 60416K, 0% used [0x00000000e4400000,0x00000000e4400000,0x00000000e7f00000)
 ParOldGen       total 123392K, used 123063K [0x0000000080000000, 0x0000000087880000, 0x00000000d5580000)
  object space 123392K, 99% used [0x0000000080000000,0x000000008782df58,0x0000000087880000)
 Metaspace       used 86723K, capacity 88787K, committed 88960K, reserved 1126400K
  class space    used 10551K, capacity 11030K, committed 11136K, reserved 1048576K
}
Event: 457.287 GC heap before
{Heap before GC invocations=21 (full 4):
 PSYoungGen      total 188928K, used 41955K [0x00000000d5580000, 0x00000000e7f00000, 0x0000000100000000)
  eden space 146944K, 0% used [0x00000000d5580000,0x00000000d5580000,0x00000000de500000)
  from space 41984K, 99% used [0x00000000de500000,0x00000000e0df8e30,0x00000000e0e00000)
  to   space 60416K, 0% used [0x00000000e4400000,0x00000000e4400000,0x00000000e7f00000)
 ParOldGen       total 123392K, used 123063K [0x0000000080000000, 0x0000000087880000, 0x00000000d5580000)
  object space 123392K, 99% used [0x0000000080000000,0x000000008782df58,0x0000000087880000)
 Metaspace       used 86723K, capacity 88787K, committed 88960K, reserved 1126400K
  class space    used 10551K, capacity 11030K, committed 11136K, reserved 1048576K
Event: 457.755 GC heap after
Heap after GC invocations=21 (full 4):
 PSYoungGen      total 188928K, used 0K [0x00000000d5580000, 0x00000000e7f00000, 0x0000000100000000)
  eden space 146944K, 0% used [0x00000000d5580000,0x00000000d5580000,0x00000000de500000)
  from space 41984K, 0% used [0x00000000de500000,0x00000000de500000,0x00000000e0e00000)
  to   space 60416K, 0% used [0x00000000e4400000,0x00000000e4400000,0x00000000e7f00000)
 ParOldGen       total 196608K, used 113059K [0x0000000080000000, 0x000000008c000000, 0x00000000d5580000)
  object space 196608K, 57% used [0x0000000080000000,0x0000000086e68de8,0x000000008c000000)
 Metaspace       used 86723K, capacity 88787K, committed 88960K, reserved 1126400K
  class space    used 10551K, capacity 11030K, committed 11136K, reserved 1048576K
}
Event: 458.856 GC heap before
{Heap before GC invocations=22 (full 4):
 PSYoungGen      total 188928K, used 146944K [0x00000000d5580000, 0x00000000e7f00000, 0x0000000100000000)
  eden space 146944K, 100% used [0x00000000d5580000,0x00000000de500000,0x00000000de500000)
  from space 41984K, 0% used [0x00000000de500000,0x00000000de500000,0x00000000e0e00000)
  to   space 60416K, 0% used [0x00000000e4400000,0x00000000e4400000,0x00000000e7f00000)
 ParOldGen       total 196608K, used 113059K [0x0000000080000000, 0x000000008c000000, 0x00000000d5580000)
  object space 196608K, 57% used [0x0000000080000000,0x0000000086e68de8,0x000000008c000000)
 Metaspace       used 88799K, capacity 91165K, committed 91264K, reserved 1128448K
  class space    used 10833K, capacity 11331K, committed 11392K, reserved 1048576K

Deoptimization events (10 events):
Event: 458.161 Thread 0x00007f7edc007000 Uncommon trap: reason=class_check action=maybe_recompile pc=0x00007f7f234f7690 method=com.sun.tools.javac.code.Type$ClassType.isParameterized()Z @ 1
Event: 458.161 Thread 0x00007f7edc007000 Uncommon trap: reason=class_check action=maybe_recompile pc=0x00007f7f234f7690 method=com.sun.tools.javac.code.Type$ClassType.isParameterized()Z @ 1
Event: 458.214 Thread 0x00007f7edc007000 Uncommon trap: reason=unstable_if action=reinterpret pc=0x00007f7f23675b38 method=com.google.common.collect.RegularImmutableMap.fromEntryArray(I[Ljava/util/Map$Entry;)Lcom/google/common/collect/ImmutableMap; @ 21
Event: 458.333 Thread 0x00007f7edc007000 Uncommon trap: reason=unstable_if action=reinterpret pc=0x00007f7f23239a98 method=java.util.Spliterator.getExactSizeIfKnown()J @ 9
Event: 458.337 Thread 0x00007f7edc007000 Uncommon trap: reason=bimorphic action=maybe_recompile pc=0x00007f7f232356e8 method=com.google.common.collect.ImmutableMap.keySet()Lcom/google/common/collect/ImmutableSet; @ 11
Event: 458.378 Thread 0x00007f7edc007000 Uncommon trap: reason=unstable_if action=reinterpret pc=0x00007f7f2262cee0 method=com.sun.tools.javac.code.Symbol$ClassSymbol.getRawAttributes()Lcom/sun/tools/javac/util/List; @ 4
Event: 458.574 Thread 0x00007f7edc007000 Uncommon trap: reason=speculate_class_check action=maybe_recompile pc=0x00007f7f2309a0e8 method=com.google.common.collect.Range.<init>(Lcom/google/common/collect/Cut;Lcom/google/common/collect/Cut;)V @ 28
Event: 458.640 Thread 0x00007f7edc007000 Uncommon trap: reason=unstable_if action=reinterpret pc=0x00007f7f23448648 method=com.sun.org.apache.xerces.internal.dom.DeferredDocumentImpl.ensureCapacity(I)V @ 4
Event: 458.640 Thread 0x00007f7edc007000 Uncommon trap: reason=class_check action=maybe_recompile pc=0x00007f7f2344afc8 method=com.sun.org.apache.xerces.internal.impl.XMLDocumentFragmentScannerImpl.scanStartElement()Z @ 436
Event: 458.762 Thread 0x00007f7edc007000 Uncommon trap: reason=unstable_if action=reinterpret pc=0x00007f7f23450cc8 method=com.sun.org.apache.xerces.internal.impl.XMLDocumentFragmentScannerImpl.scanDocument(Z)Z @ 315

Classes redefined (0 events):
No events

Internal exceptions (10 events):
Event: 445.781 Thread 0x00007f7eb0002800 Exception <a 'java/lang/InterruptedException'> (0x00000000db903768) thrown at [/usr/local/google/home/ralucas/source/AOSP-openjdk-git/jdk8u/hotspot/src/share/vm/runtime/objectMonitor.cpp, line 1684]
Event: 448.460 Thread 0x00007f7edc007000 Exception <a 'java/lang/NoSuchMethodError': java.lang.Object.lambda$andThen$1(Ljava/util/function/Function;Ljava/lang/Object;)Ljava/lang/Object;> (0x00000000d6faebc8) thrown at [/usr/local/google/home/ralucas/source/AOSP-openjdk-git/jdk8u/hotspot/src/shar
Event: 448.564 Thread 0x00007f7edc007000 Exception <a 'java/lang/NoSuchMethodError': java.lang.Object.lambda$comparing$ea9a8b3a$1(Ljava/util/Comparator;Ljava/util/function/Function;Ljava/lang/Object;Ljava/lang/Object;)I> (0x00000000d72c0068) thrown at [/usr/local/google/home/ralucas/source/AOSP-
Event: 448.570 Thread 0x00007f7edc007000 Exception <a 'java/lang/NoSuchMethodError': java.lang.Object.lambda$thenComparing$36697e65$1(Ljava/util/Comparator;Ljava/lang/Object;Ljava/lang/Object;)I> (0x00000000d72d04c8) thrown at [/usr/local/google/home/ralucas/source/AOSP-openjdk-git/jdk8u/hotspot
Event: 455.239 Thread 0x00007f7edc007000 Implicit null exception at 0x00007f7f23096e4f to 0x00007f7f23096ee9
Event: 455.922 Thread 0x00007f7edc007000 Implicit null exception at 0x00007f7f23496432 to 0x00007f7f234965c9
Event: 456.186 Thread 0x00007f7edc007000 Exception <a 'java/lang/ClassNotFoundException': com/sun/org/glassfish/hk2/osgiresourcelocator/ServiceLoader> (0x00000000daf99298) thrown at [/usr/local/google/home/ralucas/source/AOSP-openjdk-git/jdk8u/hotspot/src/share/vm/classfile/systemDictionary.cpp,
Event: 456.201 Thread 0x00007f7edc007000 Exception <a 'java/lang/NullPointerException'> (0x00000000dafa1f98) thrown at [/usr/local/google/home/ralucas/source/AOSP-openjdk-git/jdk8u/hotspot/src/share/vm/interpreter/linkResolver.cpp, line 1301]
Event: 456.291 Thread 0x00007f7edc007000 Implicit null exception at 0x00007f7f21e947be to 0x00007f7f21e94fc1
Event: 458.640 Thread 0x00007f7edc007000 Implicit null exception at 0x00007f7f23446ad9 to 0x00007f7f23448636

Events (10 events):
Event: 458.647 Thread 0x00007f7edc007000 DEOPT PACKING pc=0x00007f7f23436afb sp=0x00007f7f077fae60
Event: 458.647 Thread 0x00007f7edc007000 DEOPT UNPACKING pc=0x00007f7f20a004c4 sp=0x00007f7f077fac00 mode 0
Event: 458.762 Thread 0x00007f7edc007000 Uncommon trap: trap_request=0xffffff65 fr.pc=0x00007f7f23450cc8
Event: 458.762 Thread 0x00007f7edc007000 DEOPT PACKING pc=0x00007f7f23450cc8 sp=0x00007f7f077faec0
Event: 458.762 Thread 0x00007f7edc007000 DEOPT UNPACKING pc=0x00007f7f209fe47a sp=0x00007f7f077fae88 mode 2
Event: 458.844 Thread 0x00007f7edc007000 DEOPT PACKING pc=0x00007f7f236f53f6 sp=0x00007f7f077fb0d0
Event: 458.844 Thread 0x00007f7edc007000 DEOPT UNPACKING pc=0x00007f7f20a004c4 sp=0x00007f7f077fade8 mode 0
Event: 458.847 Thread 0x00007f7edc007000 DEOPT PACKING pc=0x00007f7f236f3f4c sp=0x00007f7f077faf30
Event: 458.847 Thread 0x00007f7edc007000 DEOPT UNPACKING pc=0x00007f7f20a004c4 sp=0x00007f7f077fac68 mode 0
Event: 458.856 Executing VM operation: ParallelGCFailedAllocation


Dynamic libraries:
80000000-8c000000 rw-p 00000000 00:00 0 
8c000000-d5580000 ---p 00000000 00:00 0 
d5580000-e7f00000 rw-p 00000000 00:00 0 
e9900000-100000000 ---p 00000000 00:00 0 
100000000-100b20000 rw-p 00000000 00:00 0 
100b20000-140000000 ---p 00000000 00:00 0 
55626f97b000-55626f97c000 r-xp 00000000 08:02 11945289                   /home/mrli/android-studio/jre/jre/bin/java
55626fb7b000-55626fb7c000 r--p 00000000 08:02 11945289                   /home/mrli/android-studio/jre/jre/bin/java
55626fb7c000-55626fb7d000 rw-p 00001000 08:02 11945289                   /home/mrli/android-studio/jre/jre/bin/java
55626fd91000-55626fdb2000 rw-p 00000000 00:00 0                          [heap]
7f7eafe00000-7f7eb0000000 rw-p 00000000 00:00 0 
7f7eb0000000-7f7eb0a3d000 rw-p 00000000 00:00 0 
7f7eb0a3d000-7f7eb4000000 ---p 00000000 00:00 0 
7f7eb4000000-7f7eb4021000 rw-p 00000000 00:00 0 
7f7eb4021000-7f7eb8000000 ---p 00000000 00:00 0 
7f7eb8000000-7f7eb988e000 rw-p 00000000 00:00 0 
7f7eb988e000-7f7ebc000000 ---p 00000000 00:00 0 
7f7ebc000000-7f7ebc021000 rw-p 00000000 00:00 0 
7f7ebc021000-7f7ec0000000 ---p 00000000 00:00 0 
7f7ec0000000-7f7ec0021000 rw-p 00000000 00:00 0 
7f7ec0021000-7f7ec4000000 ---p 00000000 00:00 0 
7f7ec4000000-7f7ec4021000 rw-p 00000000 00:00 0 
7f7ec4021000-7f7ec8000000 ---p 00000000 00:00 0 
7f7ec8000000-7f7ec8021000 rw-p 00000000 00:00 0 
7f7ec8021000-7f7ecc000000 ---p 00000000 00:00 0 
7f7ecc000000-7f7ecc021000 rw-p 00000000 00:00 0 
7f7ecc021000-7f7ed0000000 ---p 00000000 00:00 0 
7f7ed0000000-7f7ed0021000 rw-p 00000000 00:00 0 
7f7ed0021000-7f7ed4000000 ---p 00000000 00:00 0 
7f7ed4000000-7f7ed436d000 rw-p 00000000 00:00 0 
7f7ed436d000-7f7ed8000000 ---p 00000000 00:00 0 
7f7ed8000000-7f7ed8021000 rw-p 00000000 00:00 0 
7f7ed8021000-7f7edc000000 ---p 00000000 00:00 0 
7f7edc000000-7f7edc021000 rw-p 00000000 00:00 0 
7f7edc021000-7f7ee0000000 ---p 00000000 00:00 0 
7f7ee0000000-7f7ee1a39000 rw-p 00000000 00:00 0 
7f7ee1a39000-7f7ee4000000 ---p 00000000 00:00 0 
7f7ee4000000-7f7ee4021000 rw-p 00000000 00:00 0 
7f7ee4021000-7f7ee8000000 ---p 00000000 00:00 0 
7f7ee8000000-7f7ee9ca8000 rw-p 00000000 00:00 0 
7f7ee9ca8000-7f7eec000000 ---p 00000000 00:00 0 
7f7eec000000-7f7eee52a000 rw-p 00000000 00:00 0 
7f7eee52a000-7f7ef0000000 ---p 00000000 00:00 0 
7f7ef0000000-7f7ef0021000 rw-p 00000000 00:00 0 
7f7ef0021000-7f7ef4000000 ---p 00000000 00:00 0 
7f7ef4000000-7f7ef4021000 rw-p 00000000 00:00 0 
7f7ef4021000-7f7ef8000000 ---p 00000000 00:00 0 
7f7ef8000000-7f7ef827e000 rw-p 00000000 00:00 0 
7f7ef827e000-7f7efc000000 ---p 00000000 00:00 0 
7f7efc000000-7f7efc021000 rw-p 00000000 00:00 0 
7f7efc021000-7f7f00000000 ---p 00000000 00:00 0 
7f7f00000000-7f7f00022000 rw-p 00000000 00:00 0 
7f7f00022000-7f7f04000000 ---p 00000000 00:00 0 
7f7f04046000-7f7f04246000 rw-p 00000000 00:00 0 
7f7f04246000-7f7f04446000 rw-p 00000000 00:00 0 
7f7f04446000-7f7f04646000 rw-p 00000000 00:00 0 
7f7f04646000-7f7f04846000 rw-p 00000000 00:00 0 
7f7f04846000-7f7f04a46000 rw-p 00000000 00:00 0 
7f7f04a46000-7f7f04c46000 rw-p 00000000 00:00 0 
7f7f04c46000-7f7f04e46000 rw-p 00000000 00:00 0 
7f7f04e46000-7f7f04f67000 r--s 02b7d000 08:02 924240                     /home/mrli/Android/Sdk/platforms/android-28/android.jar
7f7f04f67000-7f7f04f6a000 ---p 00000000 00:00 0 
7f7f04f6a000-7f7f05268000 rw-p 00000000 00:00 0 
7f7f05268000-7f7f05468000 rw-p 00000000 00:00 0 
7f7f05468000-7f7f05668000 rw-p 00000000 00:00 0 
7f7f05668000-7f7f05868000 rw-p 00000000 00:00 0 
7f7f05868000-7f7f05a68000 rw-p 00000000 00:00 0 
7f7f05a68000-7f7f05c68000 rw-p 00000000 00:00 0 
7f7f05c68000-7f7f05e68000 rw-p 00000000 00:00 0 
7f7f05e68000-7f7f06068000 rw-p 00000000 00:00 0 
7f7f06068000-7f7f06268000 rw-p 00000000 00:00 0 
7f7f06268000-7f7f06468000 rw-p 00000000 00:00 0 
7f7f06468000-7f7f06668000 rw-p 00000000 00:00 0 
7f7f06668000-7f7f06868000 rw-p 00000000 00:00 0 
7f7f06868000-7f7f06a68000 rw-p 00000000 00:00 0 
7f7f06a68000-7f7f06c68000 rw-p 00000000 00:00 0 
7f7f06c68000-7f7f06e68000 rw-p 00000000 00:00 0 
7f7f06e68000-7f7f07068000 rw-p 00000000 00:00 0 
7f7f07068000-7f7f07268000 rw-p 00000000 00:00 0 
7f7f072c7000-7f7f072d9000 r--s 00345000 08:02 11945235                   /home/mrli/android-studio/jre/jre/lib/resources.jar
7f7f072d9000-7f7f072da000 r--s 00000000 08:02 10488607                   /home/mrli/.gradle/caches/modules-2/files-2.1/com.google.guava/listenablefuture/1.0/c949a840a6acbc5268d088e47b04177bf90b3cad/listenablefuture-1.0.jar
7f7f072da000-7f7f072df000 r--s 00063000 08:02 3411321                    /home/mrli/.gradle/caches/transforms-1/files-1.1/okhttp-3.12.0.jar/27adecfa8319ad55ad594c723350e144/jetified-okhttp-3.12.0.jar
7f7f072df000-7f7f074df000 rw-p 00000000 00:00 0 
7f7f074df000-7f7f076df000 rw-p 00000000 00:00 0 
7f7f076df000-7f7f076e4000 r--s 00035000 08:02 3409865                    /home/mrli/.gradle/caches/transforms-1/files-1.1/gson-2.7.jar/84b44b0327d1dfcba6a9823a4c322390/jetified-gson-2.7.jar
7f7f076e4000-7f7f076e8000 r--s 0002a000 08:02 3411974                    /home/mrli/.gradle/caches/transforms-1/files-1.1/jetified-core-3.0.0.aar/67ade259e14a0e9f38953afa67f02715/jars/classes.jar
7f7f076e8000-7f7f076eb000 r--s 0001d000 08:02 10488975                   /home/mrli/.gradle/caches/modules-2/files-2.1/androidx.constraintlayout/constraintlayout-solver/2.0.0-alpha3/2a8ac731e821a10465b111f9e9f52e3e0b0d45b2/constraintlayout-solver-2.0.0-alpha3.jar
7f7f076eb000-7f7f076ed000 r--s 00005000 08:02 10488604                   /home/mrli/.gradle/caches/modules-2/files-2.1/androidx.annotation/annotation/1.1.0-alpha02/11d7b1518f8e1044319820cb2568fd2f59818b26/annotation-1.1.0-alpha02.jar
7f7f076ed000-7f7f076ef000 r--s 00004000 08:02 4587816                    /home/mrli/.gradle/caches/transforms-1/files-1.1/cardview-1.0.0.aar/7d49af6002de57f91ffcb39fa3854756/jars/classes.jar
7f7f076ef000-7f7f076f0000 r--s 00004000 08:02 10488602                   /home/mrli/.gradle/caches/modules-2/files-2.1/androidx.concurrent/concurrent-futures/1.0.0-alpha02/b4a4a1ada5a1ba3f8df9f9e6384a0a404ccc48cb/concurrent-futures-1.0.0-alpha02.jar
7f7f076f0000-7f7f076f2000 r--s 00004000 08:02 10488974                   /home/mrli/.gradle/caches/modules-2/files-2.1/androidx.lifecycle/lifecycle-common/2.1.0-alpha03/c67e7807d9cd6c329b9d0218b2ec4e505dd340b7/lifecycle-common-2.1.0-alpha03.jar
7f7f076f2000-7f7f076f3000 r--s 00002000 08:02 3546321                    /home/mrli/.gradle/caches/transforms-1/files-1.1/savedstate-1.0.0-alpha02.aar/6b076e77a7f25ecb16f711917c3f4238/jars/classes.jar
7f7f076f3000-7f7f076ff000 r--s 00098000 08:02 2228997                    /home/mrli/.gradle/caches/transforms-1/files-1.1/core-1.1.0-alpha05.aar/25440ca4a71709995e538e3ca8624632/jars/classes.jar
7f7f076ff000-7f7f07702000 ---p 00000000 00:00 0 
7f7f07702000-7f7f07a00000 rw-p 00000000 00:00 0 
7f7f07a00000-7f7f07c00000 rw-p 00000000 00:00 0 
7f7f07c00000-7f7f07e00000 rw-p 00000000 00:00 0 
7f7f07e00000-7f7f08000000 rw-p 00000000 00:00 0 
7f7f08000000-7f7f08021000 rw-p 00000000 00:00 0 
7f7f08021000-7f7f0c000000 ---p 00000000 00:00 0 
7f7f0c000000-7f7f0c002000 r--s 00001000 08:02 3546308                    /home/mrli/.gradle/caches/transforms-1/files-1.1/lifecycle-viewmodel-2.1.0-alpha03.aar/4c55831df07e9846b97e520dd576c1d4/jars/classes.jar
7f7f0c002000-7f7f0c003000 r--s 0000a000 08:02 10488969                   /home/mrli/.gradle/caches/modules-2/files-2.1/androidx.collection/collection/1.1.0-alpha03/7c8e35b4d0933887a7047e5fcc43fd52045dcd54/collection-1.1.0-alpha03.jar
7f7f0c003000-7f7f0c004000 r--s 00007000 08:02 2229234                    /home/mrli/.gradle/caches/transforms-1/files-1.1/versionedparcelable-1.1.0-alpha02.aar/5fa88a43f4f2860421e3145b39380f0a/jars/classes.jar
7f7f0c004000-7f7f0c005000 r--s 00002000 08:02 3278406                    /home/mrli/.gradle/caches/transforms-1/files-1.1/lifecycle-runtime-2.1.0-alpha03.aar/3ef11bfdd5688b897c70425ee3967fd9/jars/classes.jar
7f7f0c005000-7f7f0c006000 r--s 00000000 08:02 2886252                    /home/mrli/.gradle/caches/transforms-1/files-1.1/lifecycle-service-2.0.0.aar/56dfcfafd3aeb0b89d50b601410e8e8a/jars/classes.jar
7f7f0c006000-7f7f0c007000 r--s 00001000 08:02 2886246                    /home/mrli/.gradle/caches/transforms-1/files-1.1/lifecycle-process-2.0.0.aar/21243fff3f6fedeca4cdbe6daf0bacb3/jars/classes.jar
7f7f0c007000-7f7f0c00b000 r--s 00029000 08:02 4587805                    /home/mrli/.gradle/caches/transforms-1/files-1.1/transition-1.0.0.aar/d9749f51c22377bcf82938bbe41ea1bf/jars/classes.jar
7f7f0c00b000-7f7f0c00d000 r--s 00007000 08:02 3546315                    /home/mrli/.gradle/caches/transforms-1/files-1.1/vectordrawable-1.0.1.aar/e1b1d236b01214163b3f29d838d512d5/jars/classes.jar
7f7f0c00d000-7f7f0c00e000 r--s 00002000 08:02 3546301                    /home/mrli/.gradle/caches/transforms-1/files-1.1/activity-1.0.0-alpha05.aar/6bdaf4ef55e61419e8bc53202aec2457/jars/classes.jar
7f7f0c00e000-7f7f0c016000 r--s 00050000 08:02 14159979                   /home/mrli/.gradle/caches/transforms-1/files-1.1/media-1.0.0-beta01.aar/54353f35895e3e7a1669d2f0e8192e55/jars/classes.jar
7f7f0c016000-7f7f0c01c000 r--s 00057000 08:02 4587780                    /home/mrli/.gradle/caches/transforms-1/files-1.1/recyclerview-1.0.0.aar/d66a60f49e8b51f4dbaf5c5677c829b0/jars/classes.jar
7f7f0c01c000-7f7f0c01e000 r--s 0000e000 08:02 3149654                    /home/mrli/.gradle/caches/transforms-1/files-1.1/appcompat-resources-1.1.0-alpha03.aar/9572bb6cd63efa3b521453e338d0009b/jars/classes.jar
7f7f0c01e000-7f7f0c021000 r--s 00028000 08:02 3546289                    /home/mrli/.gradle/caches/transforms-1/files-1.1/fragment-1.1.0-alpha05.aar/3ae00bf88ef0eb84b1f3424693699079/jars/classes.jar
7f7f0c021000-7f7f0c022000 r--s 00000000 08:02 13373549                   /home/mrli/.gradle/caches/transforms-1/files-1.1/legacy-support-v4-1.0.0-beta01.aar/32cc405935353eb053a3189b610fc1fc/jars/classes.jar
7f7f0c022000-7f7f0c023000 r--s 00000000 08:02 2886240                    /home/mrli/.gradle/caches/transforms-1/files-1.1/lifecycle-extensions-2.0.0.aar/1663bfbcb1a769bc9440dc72c969fee3/jars/classes.jar
7f7f0c023000-7f7f0c02f000 r--s 0006b000 08:02 3409866                    /home/mrli/.gradle/caches/transforms-1/files-1.1/glide-3.7.0.jar/e2d5de14aaaa24c760cefa6dfea410c4/jetified-glide-3.7.0.jar
7f7f0c02f000-7f7f0c031000 r--s 00002000 08:02 3409821                    /home/mrli/.gradle/caches/transforms-1/files-1.1/converter-scalars-2.5.0.jar/727029ac6562af644b962cf04b4ea21d/jetified-converter-scalars-2.5.0.jar
7f7f0c031000-7f7f0c032000 r--s 00001000 08:02 3149652                    /home/mrli/.gradle/caches/transforms-1/files-1.1/converter-gson-2.3.0.jar/564fe50f77fdf7971b1a112b3aca4a1e/jetified-converter-gson-2.3.0.jar
7f7f0c032000-7f7f0c03c000 r--s 0009c000 08:02 3017580                    /home/mrli/.gradle/caches/transforms-1/files-1.1/appcompat-1.1.0-alpha03.aar/a560e691ba82eed8b1834df7323d3e7c/jars/classes.jar
7f7f0c03c000-7f7f0c046000 r--s 00077000 08:02 4458614                    /home/mrli/.gradle/caches/transforms-1/files-1.1/material-1.0.0.aar/82297c7af9236e57d79a926a220772df/jars/classes.jar
7f7f0c046000-7f7f0c047000 r--s 00002000 08:02 4587790                    /home/mrli/.gradle/caches/transforms-1/files-1.1/StatusBarCompat-2.3.0.aar/de9273e4c9b0f0cb6e4b41bee257a040/jars/classes.jar
7f7f0c047000-7f7f0c04c000 r--s 00048000 08:02 3017568                    /home/mrli/.gradle/caches/transforms-1/files-1.1/constraintlayout-2.0.0-alpha3.aar/d59216fbb29ec2dd0a2dce816cba8042/jars/classes.jar
7f7f0c04c000-7f7f0c04d000 r--s 00002000 08:02 2753988                    /home/mrli/.gradle/caches/transforms-1/files-1.1/jetified-dagger-android-support-2.17.aar/72dd95a8919b1f57ae648e7c075ec21f/jars/classes.jar
7f7f0c04d000-7f7f0c050000 r--s 0000e000 08:02 3676994                    /home/mrli/.gradle/caches/transforms-1/files-1.1/databinding-runtime-3.3.0.aar/f6589f337368ef15390fd7f8bad8fa86/jars/classes.jar
7f7f0c050000-7f7f0c053000 r--s 00011000 08:02 3804521                    /home/mrli/.gradle/caches/transforms-1/files-1.1/databinding-adapters-3.3.0.aar/54edc84c8b0556afc837e4577bced06c/jars/classes.jar
7f7f0c053000-7f7f0c05a000 r--s 0001e000 08:02 10488394                   /home/mrli/.gradle/caches/modules-2/files-2.1/org.jetbrains.kotlin/kotlin-stdlib-common/1.3.11/d8b8e746e279f1c4f5e08bc14a96b82e6bb1de02/kotlin-stdlib-common-1.3.11.jar
7f7f0c05a000-7f7f0c064000 r--s 00026000 08:02 10488403                   /home/mrli/.gradle/caches/modules-2/files-2.1/org.checkerframework/checker-qual/2.5.2/cea74543d5904a30861a61b4643a5f2bb372efc4/checker-qual-2.5.2.jar
7f7f0c064000-7f7f0c077000 r--s 0010e000 08:02 10488362                   /home/mrli/.gradle/caches/modules-2/files-2.1/org.jetbrains.kotlin/kotlin-stdlib/1.3.11/4cbc5922a54376018307a731162ccaf3ef851a39/kotlin-stdlib-1.3.11.jar
7f7f0c077000-7f7f0c078000 r--s 00000000 08:02 10488361                   /home/mrli/.gradle/caches/modules-2/files-2.1/org.jetbrains.kotlin/kotlin-stdlib-jdk7/1.3.11/4839661cf6ce3c14b65ed7dcf5b9249b44ecca16/kotlin-stdlib-jdk7-1.3.11.jar
7f7f0c078000-7f7f0c079000 r--s 00001000 08:02 10488374                   /home/mrli/.gradle/caches/modules-2/files-2.1/com.android.tools/annotations/26.3.0/850899c26903b514387f9f437398bc4095a91877/annotations-26.3.0.jar
7f7f0c079000-7f7f0c07e000 r--s 00035000 08:02 4330288                    /home/mrli/.gradle/caches/transforms-1/files-1.1/gson-2.8.0.jar/19d7821a759369c2a900673705e5df9b/jetified-gson-2.8.0.jar
7f7f0c07e000-7f7f0c081000 r--s 0001c000 08:02 10488353                   /home/mrli/.gradle/caches/modules-2/files-2.1/com.android.tools.build.jetifier/jetifier-core/1.0.0-beta02/fa93fdb83bdfd51e80e09a808fb2515a7134d406/jetifier-core-1.0.0-beta02.jar
7f7f0c081000-7f7f0c082000 r--s 00003000 08:02 10488383                   /home/mrli/.gradle/caches/modules-2/files-2.1/com.android.databinding/baseLibrary/3.3.0/155f0f7d0e66a992de6a8d73b7cbf71ed22ace60/baseLibrary-3.3.0.jar
7f7f0c082000-7f7f0c084000 r--s 00005000 08:02 10488737                   /home/mrli/.gradle/caches/modules-2/files-2.1/androidx.annotation/annotation/1.0.0/45599f2cd5965ac05a1488fa2a5c0cdd7c499ead/annotation-1.0.0.jar
7f7f0c084000-7f7f0c085000 r--s 00002000 08:02 10488612                   /home/mrli/.gradle/caches/modules-2/files-2.1/androidx.arch.core/core-common/2.0.0/bb21b9a11761451b51624ac428d1f1bb5deeac38/core-common-2.0.0.jar
7f7f0c085000-7f7f0c086000 r--s 00001000 08:02 925432                     /home/mrli/.gradle/caches/transforms-1/files-1.1/core-runtime-2.0.0.aar/1ab23e04d3c20fdf9bd3aacbdb887f9f/jars/classes.jar
7f7f0c086000-7f7f0c087000 r--s 00004000 08:02 10488610                   /home/mrli/.gradle/caches/modules-2/files-2.1/androidx.lifecycle/lifecycle-common/2.0.0/e070ffae07452331bc5684734fce6831d531785c/lifecycle-common-2.0.0.jar
7f7f0c087000-7f7f0c089000 r--s 00001000 08:02 925423                     /home/mrli/.gradle/caches/transforms-1/files-1.1/lifecycle-livedata-core-2.0.0.aar/83bd0e9c3bb7b26fdd72366627b37056/jars/classes.jar
7f7f0c089000-7f7f0c08a000 r--s 00002000 08:02 925357                     /home/mrli/.gradle/caches/transforms-1/files-1.1/lifecycle-livedata-2.0.0.aar/35b9c8220fe5c6d505daf60afaeb2caf/jars/classes.jar
7f7f0c08a000-7f7f0c08b000 r--s 00001000 08:02 925437                     /home/mrli/.gradle/caches/transforms-1/files-1.1/interpolator-1.0.0.aar/dff922988ee663080bcd04bb326cf174/jars/classes.jar
7f7f0c08b000-7f7f0c08c000 r--s 00003000 08:02 926186                     /home/mrli/.gradle/caches/transforms-1/files-1.1/print-1.0.0.aar/560b9eae47724e4501b49748e3c18121/jars/classes.jar
7f7f0c08c000-7f7f0c08d000 r--s 00001000 08:02 926185                     /home/mrli/.gradle/caches/transforms-1/files-1.1/localbroadcastmanager-1.0.0.aar/6e322960aba1b67f1669001216d4b374/jars/classes.jar
7f7f0c08d000-7f7f0c08e000 r--s 00002000 08:02 925446                     /home/mrli/.gradle/caches/transforms-1/files-1.1/documentfile-1.0.0.aar/17d3b85b4a14d18910623247d688b2a2/jars/classes.jar
7f7f0c08e000-7f7f0c08f000 r--s 00002000 08:02 2494281                    /home/mrli/.gradle/caches/transforms-1/files-1.1/lifecycle-runtime-2.0.0.aar/6c3ef3f23f0cf6b6e55a4ea6444d1071/jars/classes.jar
7f7f0c08f000-7f7f0c090000 r--s 00001000 08:02 926193                     /home/mrli/.gradle/caches/transforms-1/files-1.1/lifecycle-viewmodel-2.0.0.aar/d06bffb56fd63304494a4cac6df6331e/jars/classes.jar
7f7f0c090000-7f7f0c091000 r--s 00002000 08:02 925367                     /home/mrli/.gradle/caches/transforms-1/files-1.1/cursoradapter-1.0.0.aar/98bd0a2144c662165f937b733d4b6734/jars/classes.jar
7f7f0c091000-7f7f0c093000 r--s 00009000 08:02 10488601                   /home/mrli/.gradle/caches/modules-2/files-2.1/androidx.collection/collection/1.0.0/42858b26cafdaa69b6149f45dfc2894007bc2c7a/collection-1.0.0.jar
7f7f0c093000-7f7f0c094000 r--s 00006000 08:02 2754394                    /home/mrli/.gradle/caches/transforms-1/files-1.1/versionedparcelable-1.0.0.aar/9c8a6d28d120fbeae135da61b26d66c8/jars/classes.jar
7f7f0c094000-7f7f0c09f000 r--s 0008d000 08:02 3411987                    /home/mrli/.gradle/caches/transforms-1/files-1.1/classes.jar/750efeccd0b755aa70419592542f7c7b/jetified-classes.jar
7f7f0c09f000-7f7f0c0a0000 r--s 00001000 08:02 925350                     /home/mrli/.gradle/caches/transforms-1/files-1.1/asynclayoutinflater-1.0.0.aar/ff712f234ed832874476e23eb174360d/jars/classes.jar
7f7f0c0a0000-7f7f0c0a2000 r--s 00007000 08:02 925344                     /home/mrli/.gradle/caches/transforms-1/files-1.1/swiperefreshlayout-1.0.0.aar/8b46f6a1f5e4ba69a63946b92c99c017/jars/classes.jar
7f7f0c0a2000-7f7f0c0a4000 r--s 00007000 08:02 925336                     /home/mrli/.gradle/caches/transforms-1/files-1.1/customview-1.0.0.aar/14cd33e781c45f732bd02d6923382535/jars/classes.jar
7f7f0c0a4000-7f7f0c0a5000 r--s 00005000 08:02 925225                     /home/mrli/.gradle/caches/transforms-1/files-1.1/slidingpanelayout-1.0.0.aar/3cb2643b5c1a32c5cc629f137339ee5f/jars/classes.jar
7f7f0c0a5000-7f7f0c0a6000 r--s 00007000 08:02 14421901                   /home/mrli/.gradle/caches/transforms-1/files-1.1/drawerlayout-1.0.0.aar/f6fd8f149ed6e819a7696b06a61fa08f/jars/classes.jar
7f7f0c0a6000-7f7f0c0a8000 r--s 00009000 08:02 14421910                   /home/mrli/.gradle/caches/transforms-1/files-1.1/coordinatorlayout-1.0.0.aar/fe492a971d3eb675c9092c511866d9ed/jars/classes.jar
7f7f0c0a8000-7f7f0c0aa000 r--s 0000c000 08:02 14421896                   /home/mrli/.gradle/caches/transforms-1/files-1.1/viewpager-1.0.0.aar/5318abc5fbc434d93dc467c0726f7f3d/jars/classes.jar
7f7f0c0aa000-7f7f0c0ac000 r--s 00007000 08:02 14421888                   /home/mrli/.gradle/caches/transforms-1/files-1.1/loader-1.0.0.aar/58bec32f86a0176b6ab8241610eb704d/jars/classes.jar
7f7f0c0ac000-7f7f0c0ae000 r--s 00007000 08:02 14421919                   /home/mrli/.gradle/caches/transforms-1/files-1.1/vectordrawable-1.0.0.aar/26b8dd3f013d643135c0b589bad60e78/jars/classes.jar
7f7f0c0ae000-7f7f0c0af000 r--s 00000000 08:02 14421882                   /home/mrli/.gradle/caches/transforms-1/files-1.1/legacy-support-core-utils-1.0.0.aar/c4012d1bcb011fbf50a3662a4bea4442/jars/classes.jar
7f7f0c0af000-7f7f0c0b0000 r--s 00002000 08:02 14290514                   /home/mrli/.gradle/caches/transforms-1/files-1.1/legacy-support-core-ui-1.0.0.aar/6888f8021b2925be94325187cf886287/jars/classes.jar
7f7f0c0b0000-7f7f0c0b2000 r--s 00007000 08:02 14290458                   /home/mrli/.gradle/caches/transforms-1/files-1.1/vectordrawable-animated-1.0.0.aar/98d67706663147d9d3089e85fd2e571f/jars/classes.jar
7f7f0c0b2000-7f7f0c0b5000 r--s 00026000 08:02 14290818                   /home/mrli/.gradle/caches/transforms-1/files-1.1/fragment-1.0.0.aar/c9717389064a3c0d08c49eb55318a5d1/jars/classes.jar
7f7f0c0b5000-7f7f0c0e0000 r--s 0028a000 08:02 10488740                   /home/mrli/.gradle/caches/modules-2/files-2.1/com.google.errorprone/javac-shaded/9-dev-r4023-3/72b688efd290280a0afde5f9892b0fde6f362d1d/javac-shaded-9-dev-r4023-3.jar
7f7f0c0e0000-7f7f0c0f8000 r--s 00156000 08:02 3278429                    /home/mrli/.gradle/caches/transforms-1/files-1.1/antlr4-4.5.3.jar/62e4f04879822d1541016b03e8d2ae62/jetified-antlr4-4.5.3.jar
7f7f0c0f8000-7f7f0c2f8000 rw-p 00000000 00:00 0 
7f7f0c2f8000-7f7f0c4f8000 rw-p 00000000 00:00 0 
7f7f0c4f8000-7f7f0c6f8000 rw-p 00000000 00:00 0 
7f7f0c6f8000-7f7f0c6fb000 ---p 00000000 00:00 0 
7f7f0c6fb000-7f7f0c7f9000 rw-p 00000000 00:00 0 
7f7f0c7f9000-7f7f0c7fc000 ---p 00000000 00:00 0 
7f7f0c7fc000-7f7f0c8fa000 rw-p 00000000 00:00 0 
7f7f0c8fa000-7f7f0c8fd000 ---p 00000000 00:00 0 
7f7f0c8fd000-7f7f0cbfb000 rw-p 00000000 00:00 0 
7f7f0cbfb000-7f7f0cbfe000 ---p 00000000 00:00 0 
7f7f0cbfe000-7f7f0ccfc000 rw-p 00000000 00:00 0 
7f7f0ccfc000-7f7f0ccff000 ---p 00000000 00:00 0 
7f7f0ccff000-7f7f0cdfd000 rw-p 00000000 00:00 0 
7f7f0cdfd000-7f7f0ce00000 ---p 00000000 00:00 0 
7f7f0ce00000-7f7f0cefe000 rw-p 00000000 00:00 0 
7f7f0cefe000-7f7f0cf01000 ---p 00000000 00:00 0 
7f7f0cf01000-7f7f10000000 rw-p 00000000 00:00 0 
7f7f10000000-7f7f10021000 rw-p 00000000 00:00 0 
7f7f10021000-7f7f14000000 ---p 00000000 00:00 0 
7f7f14000000-7f7f18000000 rw-p 00000000 00:00 0 
7f7f18000000-7f7f1802c000 rw-p 00000000 00:00 0 
7f7f1802c000-7f7f1c000000 ---p 00000000 00:00 0 
7f7f1c000000-7f7f1c00b000 r--s 000a6000 08:02 13767854                   /home/mrli/.gradle/caches/transforms-1/files-1.1/appcompat-1.0.0.aar/92e5cd224cd5657c13a1b9214f5889fc/jars/classes.jar
7f7f1c00b000-7f7f1c00c000 r--s 00000000 08:02 10488405                   /home/mrli/.gradle/caches/modules-2/files-2.1/org.codehaus.mojo/animal-sniffer-annotations/1.14/775b7e22fb10026eed3f86e8dc556dfafe35f2d5/animal-sniffer-annotations-1.14.jar
7f7f1c00c000-7f7f1c00e000 r--s 00001000 08:02 10488404                   /home/mrli/.gradle/caches/modules-2/files-2.1/com.google.j2objc/j2objc-annotations/1.1/976d8d30bebc251db406f2bdb3eb01962b5685b3/j2objc-annotations-1.1.jar
7f7f1c00e000-7f7f1c010000 r--s 00002000 08:02 2886292                    /home/mrli/.gradle/caches/transforms-1/files-1.1/error_prone_annotations-2.1.3.jar/c48914423000c8f58b4ff4614d13eb34/jetified-error_prone_annotations-2.1.3.jar
7f7f1c010000-7f7f1c012000 r--s 00003000 08:02 10488402                   /home/mrli/.gradle/caches/modules-2/files-2.1/com.google.code.findbugs/jsr305/3.0.2/25ea2e8b0c338a877313bd4672d3fe056ea78f0d/jsr305-3.0.2.jar
7f7f1c012000-7f7f1c013000 r--s 00001000 08:02 10488741                   /home/mrli/.gradle/caches/modules-2/files-2.1/org.checkerframework/checker-compat-qual/2.3.0/69cb4fea55a9d89b8827d107f17c985cc1a76052/checker-compat-qual-2.3.0.jar
7f7f1c013000-7f7f1c016000 r--s 00033000 08:02 10488386                   /home/mrli/.gradle/caches/modules-2/files-2.1/com.googlecode.juniversalchardet/juniversalchardet/1.0.3/cd49678784c46aa8789c060538e0154013bb421b/juniversalchardet-1.0.3.jar
7f7f1c016000-7f7f1c01c000 r--s 0003c000 08:02 3412707                    /home/mrli/.gradle/caches/transforms-1/files-1.1/commons-codec-1.9.jar/48436cd421021f2fbed40ee6153dd39e/jetified-commons-codec-1.9.jar
7f7f1c01c000-7f7f1c020000 r--s 0002a000 08:02 3546357                    /home/mrli/.gradle/caches/transforms-1/files-1.1/commons-io-2.4.jar/0cf21bf3532183470d9930f9ec5195f9/jetified-commons-io-2.4.jar
7f7f1c020000-7f7f1c022000 r--s 00002000 08:02 10488344                   /home/mrli/.gradle/caches/modules-2/files-2.1/org.jetbrains.kotlin/kotlin-stdlib-jdk8/1.3.11/dd9bff00d6cfca58b6c1fe89be8e0678e35cf35f/kotlin-stdlib-jdk8-1.3.11.jar
7f7f1c022000-7f7f1c023000 r--s 00003000 08:02 10488382                   /home/mrli/.gradle/caches/modules-2/files-2.1/androidx.databinding/databinding-common/3.3.0/9df1ac00e230e8e9aae9c6fae20415ac31dc5253/databinding-common-3.3.0.jar
7f7f1c023000-7f7f1c024000 r--s 00000000 08:02 10488399                   /home/mrli/.gradle/caches/modules-2/files-2.1/javax.inject/javax.inject/1/6975da39a7040257bd51d21a231b76c915872d38/javax.inject-1.jar
7f7f1c024000-7f7f1c026000 r--s 00017000 08:02 3411989                    /home/mrli/.gradle/caches/transforms-1/files-1.1/javapoet-1.11.0.jar/92ccab30f7b7f6294ebdb41b8f345419/jetified-javapoet-1.11.0.jar
7f7f1c026000-7f7f1c05b000 r--s 00271000 08:02 3804523                    /home/mrli/.gradle/caches/transforms-1/files-1.1/guava-26.0-jre.jar/7a30d678935b1cd08568df6b2d20fa18/jetified-guava-26.0-jre.jar
7f7f1c05b000-7f7f1c062000 r--s 00052000 08:02 10488331                   /home/mrli/.gradle/caches/modules-2/files-2.1/androidx.databinding/databinding-compiler-common/3.3.0/d940cafe799b457249e57fbc87eb9b7e656c1fc7/databinding-compiler-common-3.3.0.jar
7f7f1c062000-7f7f1c066000 r--s 00033000 08:02 3676979                    /home/mrli/.gradle/caches/transforms-1/files-1.1/google-java-format-1.5.jar/a5e35f35b36113325ab6425640a60a57/jetified-google-java-format-1.5.jar
7f7f1c066000-7f7f1c068000 r--s 00008000 08:02 10488690                   /home/mrli/.gradle/caches/modules-2/files-2.1/com.google.dagger/dagger/2.17/25e4130ca54cb143c58f707ecfd3f6936f39592f/dagger-2.17.jar
7f7f1c068000-7f7f1c06a000 r--s 00006000 08:02 2753993                    /home/mrli/.gradle/caches/transforms-1/files-1.1/jetified-dagger-android-2.17.aar/59296b7fbab770ea72c71fa2a6831781/jars/classes.jar
7f7f1c06a000-7f7f1c075000 r--s 000fd000 08:02 10488751                   /home/mrli/.gradle/caches/modules-2/files-2.1/androidx.databinding/databinding-compiler/3.3.0/25f99ed340a7437bcad69b5464632cfcbddac420/databinding-compiler-3.3.0.jar
7f7f1c075000-7f7f1c085000 r--s 000e3000 08:02 10488750                   /home/mrli/.gradle/caches/modules-2/files-2.1/com.google.dagger/dagger-compiler/2.17/2c363c15fe60d3183b1ca8c170cc39a9a4000be4/dagger-compiler-2.17.jar
7f7f1c085000-7f7f1c092000 r--s 000bb000 08:02 10488955                   /home/mrli/.gradle/caches/modules-2/files-2.1/org.jetbrains.kotlinx/kotlinx-coroutines-core/1.1.1/3d2b7321cdef9ebf9cb7729ea4f75a6f6457df86/kotlinx-coroutines-core-1.1.1.jar
7f7f1c092000-7f7f1c093000 r--s 00001000 08:02 10488742                   /home/mrli/.gradle/caches/modules-2/files-2.1/javax.annotation/jsr250-api/1.0/5025422767732a1ab45d93abfea846513d742dcf/jsr250-api-1.0.jar
7f7f1c093000-7f7f1c095000 r--s 00006000 08:02 3936262                    /home/mrli/.gradle/caches/transforms-1/files-1.1/dagger-android-jarimpl-2.17.jar/8120d0f478fa5a9f4a2eb9232aa570cb/jetified-dagger-android-jarimpl-2.17.jar
7f7f1c095000-7f7f1c098000 r--s 0000f000 08:02 10488748                   /home/mrli/.gradle/caches/modules-2/files-2.1/com.google.dagger/dagger-producers/2.17/4de9b6628c2868ee03786be63f6ef27c662a007c/dagger-producers-2.17.jar
7f7f1c098000-7f7f1c09b000 r--s 0001c000 08:02 10488747                   /home/mrli/.gradle/caches/modules-2/files-2.1/com.google.dagger/dagger-spi/2.17/d4d7369dbaea57656fb9482d07c0ae5388d2dd0c/dagger-spi-2.17.jar
7f7f1c09b000-7f7f1c09e000 r--s 0001b000 08:02 10488749                   /home/mrli/.gradle/caches/modules-2/files-2.1/com.google.dagger/dagger-android-processor/2.17/e6fc953c4b9d8354a74f81cdf7aaf879a68e121d/dagger-android-processor-2.17.jar
7f7f1c09e000-7f7f1c0a3000 r--s 00013000 08:02 10488971                   /home/mrli/.gradle/caches/modules-2/files-2.1/org.jetbrains.kotlinx/kotlinx-coroutines-core-common/1.1.1/7ed04382bdf0c89c5d87ac462aa4935ae8e85243/kotlinx-coroutines-core-common-1.1.1.jar
7f7f1c0a3000-7f7f1c0a7000 r--s 00018000 08:02 3409835                    /home/mrli/.gradle/caches/transforms-1/files-1.1/retrofit-2.5.0.jar/f7f7e52d1f92232f94101961772aac65/jetified-retrofit-2.5.0.jar
7f7f1c0a7000-7f7f1c0ae000 r--s 00050000 08:02 10489034                   /home/mrli/.gradle/caches/modules-2/files-2.1/org.jetbrains.kotlin/kotlin-annotation-processing-gradle/1.3.21/225aacd70ddfe71c72796bb317b3f12254c1ff3a/kotlin-annotation-processing-gradle-1.3.21.jar
7f7f1c0ae000-7f7f1c0b6000 r--s 0004d000 08:02 10489035                   /home/mrli/.gradle/caches/modules-2/files-2.1/org.jetbrains.kotlin/kotlin-android-extensions/1.3.21/311c0d1cbb0a194e8712edaef7b92a8f0919ca26/kotlin-android-extensions-1.3.21.jar
7f7f1c0b6000-7f7f1c0bd000 r--s 00000000 08:02 10881807                   /usr/lib/x86_64-linux-gnu/gconv/gconv-modules.cache
7f7f1c0bd000-7f7f1c0de000 r--p 00000000 08:02 11932033                   /usr/share/locale-langpack/zh_CN/LC_MESSAGES/libc.mo
7f7f1c0de000-7f7f1c0e1000 ---p 00000000 00:00 0 
7f7f1c0e1000-7f7f1c1df000 rw-p 00000000 00:00 0 
7f7f1c1df000-7f7f1c1e2000 ---p 00000000 00:00 0 
7f7f1c1e2000-7f7f1c2e0000 rw-p 00000000 00:00 0 
7f7f1c2e0000-7f7f1c2e5000 r--s 0009a000 08:02 11945263                   /home/mrli/android-studio/jre/jre/lib/jsse.jar
7f7f1c2e5000-7f7f1c35e000 r--s 010fd000 08:02 11945114                   /home/mrli/android-studio/jre/lib/tools.jar
7f7f1c35e000-7f7f1c369000 r--s 00081000 08:02 10488847                   /home/mrli/.gradle/caches/modules-2/files-2.1/org.jetbrains.intellij.deps/trove4j/1.0.20181211/216c2e14b070f334479d800987affe4054cd563f/trove4j-1.0.20181211.jar
7f7f1c369000-7f7f1c37f000 r-xp 00000000 08:02 11945211                   /home/mrli/android-studio/jre/jre/lib/amd64/libnet.so
7f7f1c37f000-7f7f1c57e000 ---p 00016000 08:02 11945211                   /home/mrli/android-studio/jre/jre/lib/amd64/libnet.so
7f7f1c57e000-7f7f1c57f000 r--p 00015000 08:02 11945211                   /home/mrli/android-studio/jre/jre/lib/amd64/libnet.so
7f7f1c57f000-7f7f1c580000 rw-p 00016000 08:02 11945211                   /home/mrli/android-studio/jre/jre/lib/amd64/libnet.so
7f7f1c580000-7f7f1c591000 r-xp 00000000 08:02 11945232                   /home/mrli/android-studio/jre/jre/lib/amd64/libnio.so
7f7f1c591000-7f7f1c790000 ---p 00011000 08:02 11945232                   /home/mrli/android-studio/jre/jre/lib/amd64/libnio.so
7f7f1c790000-7f7f1c791000 r--p 00010000 08:02 11945232                   /home/mrli/android-studio/jre/jre/lib/amd64/libnio.so
7f7f1c791000-7f7f1c792000 rw-p 00011000 08:02 11945232                   /home/mrli/android-studio/jre/jre/lib/amd64/libnio.so
7f7f1c792000-7f7f1c79b000 r-xp 00000000 08:02 11945208                   /home/mrli/android-studio/jre/jre/lib/amd64/libmanagement.so
7f7f1c79b000-7f7f1c99a000 ---p 00009000 08:02 11945208                   /home/mrli/android-studio/jre/jre/lib/amd64/libmanagement.so
7f7f1c99a000-7f7f1c99b000 r--p 00008000 08:02 11945208                   /home/mrli/android-studio/jre/jre/lib/amd64/libmanagement.so
7f7f1c99b000-7f7f1c99c000 rw-p 00009000 08:02 11945208                   /home/mrli/android-studio/jre/jre/lib/amd64/libmanagement.so
7f7f1c99c000-7f7f1c9b7000 r--s 00394000 08:02 11945190                   /home/mrli/android-studio/jre/jre/lib/ext/cldrdata.jar
7f7f1c9b7000-7f7f1c9ee000 r--s 00255000 08:02 10488835                   /home/mrli/.gradle/caches/modules-2/files-2.1/org.jetbrains.kotlin/kotlin-reflect/1.3.21/d0d5ff2ac2ebd8a42697af41e20fc225a23c5d3b/kotlin-reflect-1.3.21.jar
7f7f1c9ee000-7f7f1ca2f000 rw-p 00000000 00:00 0 
7f7f1ca2f000-7f7f1cc0e000 r--s 01b19000 08:02 10489036                   /home/mrli/.gradle/caches/modules-2/files-2.1/org.jetbrains.kotlin/kotlin-compiler-embeddable/1.3.21/677cc9553b8964c895abc76da9b6a0faea8f671d/kotlin-compiler-embeddable-1.3.21.jar
7f7f1cc0e000-7f7f1cc0f000 ---p 00000000 00:00 0 
7f7f1cc0f000-7f7f1cd0f000 rw-p 00000000 00:00 0 
7f7f1cd0f000-7f7f1cd12000 ---p 00000000 00:00 0 
7f7f1cd12000-7f7f1ce10000 rw-p 00000000 00:00 0 
7f7f1ce10000-7f7f1ce11000 ---p 00000000 00:00 0 
7f7f1ce11000-7f7f1ce14000 ---p 00000000 00:00 0 
7f7f1ce14000-7f7f1cf11000 rw-p 00000000 00:00 0 
7f7f1cf11000-7f7f1cf12000 ---p 00000000 00:00 0 
7f7f1cf12000-7f7f1cf15000 ---p 00000000 00:00 0 
7f7f1cf15000-7f7f1d012000 rw-p 00000000 00:00 0 
7f7f1d012000-7f7f1d013000 ---p 00000000 00:00 0 
7f7f1d013000-7f7f1d016000 ---p 00000000 00:00 0 
7f7f1d016000-7f7f1d113000 rw-p 00000000 00:00 0 
7f7f1d113000-7f7f1d116000 ---p 00000000 00:00 0 
7f7f1d116000-7f7f1d214000 rw-p 00000000 00:00 0 
7f7f1d214000-7f7f1dbe3000 r--p 00000000 08:02 10623654                   /usr/lib/locale/locale-archive
7f7f1dbe3000-7f7f1dbe6000 ---p 00000000 00:00 0 
7f7f1dbe6000-7f7f1dce4000 rw-p 00000000 00:00 0 
7f7f1dce4000-7f7f1dce7000 ---p 00000000 00:00 0 
7f7f1dce7000-7f7f1dde5000 rw-p 00000000 00:00 0 
7f7f1dde5000-7f7f1dde6000 ---p 00000000 00:00 0 
7f7f1dde6000-7f7f1ee79000 rw-p 00000000 00:00 0 
7f7f1ee79000-7f7f1f04a000 r--s 03c88000 08:02 11945248                   /home/mrli/android-studio/jre/jre/lib/rt.jar
7f7f1f04a000-7f7f1fc4a000 rw-p 00000000 00:00 0 
7f7f1fc4a000-7f7f1fc4b000 ---p 00000000 00:00 0 
7f7f1fc4b000-7f7f1fd4b000 rw-p 00000000 00:00 0 
7f7f1fd4b000-7f7f1fd4c000 ---p 00000000 00:00 0 
7f7f1fd4c000-7f7f1fe4c000 rw-p 00000000 00:00 0 
7f7f1fe4c000-7f7f1fe4d000 ---p 00000000 00:00 0 
7f7f1fe4d000-7f7f1ffad000 rw-p 00000000 00:00 0 
7f7f1ffad000-7f7f201f8000 ---p 00000000 00:00 0 
7f7f201f8000-7f7f20258000 rw-p 00000000 00:00 0 
7f7f20258000-7f7f204a2000 ---p 00000000 00:00 0 
7f7f204a2000-7f7f20538000 rw-p 00000000 00:00 0 
7f7f20538000-7f7f205f8000 ---p 00000000 00:00 0 
7f7f205f8000-7f7f206b1000 rw-p 00000000 00:00 0 
7f7f206b1000-7f7f209b9000 ---p 00000000 00:00 0 
7f7f209b9000-7f7f237b9000 rwxp 00000000 00:00 0 
7f7f237b9000-7f7f2f9b9000 ---p 00000000 00:00 0 
7f7f2f9b9000-7f7f2f9d3000 r-xp 00000000 08:02 11945207                   /home/mrli/android-studio/jre/jre/lib/amd64/libzip.so
7f7f2f9d3000-7f7f2fbd2000 ---p 0001a000 08:02 11945207                   /home/mrli/android-studio/jre/jre/lib/amd64/libzip.so
7f7f2fbd2000-7f7f2fbd3000 r--p 00019000 08:02 11945207                   /home/mrli/android-studio/jre/jre/lib/amd64/libzip.so
7f7f2fbd3000-7f7f2fbd4000 rw-p 0001a000 08:02 11945207                   /home/mrli/android-studio/jre/jre/lib/amd64/libzip.so
7f7f2fbd4000-7f7f2fbdf000 r-xp 00000000 08:02 8786625                    /lib/x86_64-linux-gnu/libnss_files-2.27.so
7f7f2fbdf000-7f7f2fdde000 ---p 0000b000 08:02 8786625                    /lib/x86_64-linux-gnu/libnss_files-2.27.so
7f7f2fdde000-7f7f2fddf000 r--p 0000a000 08:02 8786625                    /lib/x86_64-linux-gnu/libnss_files-2.27.so
7f7f2fddf000-7f7f2fde0000 rw-p 0000b000 08:02 8786625                    /lib/x86_64-linux-gnu/libnss_files-2.27.so
7f7f2fde0000-7f7f2fde6000 rw-p 00000000 00:00 0 
7f7f2fde6000-7f7f2fdfd000 r-xp 00000000 08:02 8786619                    /lib/x86_64-linux-gnu/libnsl-2.27.so
7f7f2fdfd000-7f7f2fffc000 ---p 00017000 08:02 8786619                    /lib/x86_64-linux-gnu/libnsl-2.27.so
7f7f2fffc000-7f7f2fffd000 r--p 00016000 08:02 8786619                    /lib/x86_64-linux-gnu/libnsl-2.27.so
7f7f2fffd000-7f7f2fffe000 rw-p 00017000 08:02 8786619                    /lib/x86_64-linux-gnu/libnsl-2.27.so
7f7f2fffe000-7f7f30000000 rw-p 00000000 00:00 0 
7f7f30000000-7f7f30428000 rw-p 00000000 00:00 0 
7f7f30428000-7f7f34000000 ---p 00000000 00:00 0 
7f7f34000000-7f7f34001000 r--s 00002000 08:02 3278403                    /home/mrli/.gradle/caches/transforms-1/files-1.1/kotlin-3.0.0.aar/c63719953c259e2abaa85cc4e09374e0/jars/classes.jar
7f7f34001000-7f7f34002000 r--s 00004000 08:02 2623567                    /home/mrli/.gradle/caches/transforms-1/files-1.1/kotlinx-coroutines-android-1.1.1.jar/3dcfae8a45b87f813a360d39ad881d25/jetified-kotlinx-coroutines-android-1.1.1.jar
7f7f34002000-7f7f34009000 r--s 0001f000 08:02 10488848                   /home/mrli/.gradle/caches/modules-2/files-2.1/org.jetbrains.kotlin/kotlin-stdlib-common/1.3.21/f30e4a9897913e53d778f564110bafa1fef46643/kotlin-stdlib-common-1.3.21.jar
7f7f34009000-7f7f340cd000 rw-p 00000000 00:00 0 
7f7f340cd000-7f7f340ce000 ---p 00000000 00:00 0 
7f7f340ce000-7f7f341ce000 rw-p 00000000 00:00 0 
7f7f341ce000-7f7f341d9000 r-xp 00000000 08:02 8786636                    /lib/x86_64-linux-gnu/libnss_nis-2.27.so
7f7f341d9000-7f7f343d8000 ---p 0000b000 08:02 8786636                    /lib/x86_64-linux-gnu/libnss_nis-2.27.so
7f7f343d8000-7f7f343d9000 r--p 0000a000 08:02 8786636                    /lib/x86_64-linux-gnu/libnss_nis-2.27.so
7f7f343d9000-7f7f343da000 rw-p 0000b000 08:02 8786636                    /lib/x86_64-linux-gnu/libnss_nis-2.27.so
7f7f343da000-7f7f343e2000 r-xp 00000000 08:02 8786621                    /lib/x86_64-linux-gnu/libnss_compat-2.27.so
7f7f343e2000-7f7f345e2000 ---p 00008000 08:02 8786621                    /lib/x86_64-linux-gnu/libnss_compat-2.27.so
7f7f345e2000-7f7f345e3000 r--p 00008000 08:02 8786621                    /lib/x86_64-linux-gnu/libnss_compat-2.27.so
7f7f345e3000-7f7f345e4000 rw-p 00009000 08:02 8786621                    /lib/x86_64-linux-gnu/libnss_compat-2.27.so
7f7f345e4000-7f7f34611000 r-xp 00000000 08:02 11945215                   /home/mrli/android-studio/jre/jre/lib/amd64/libjava.so
7f7f34611000-7f7f34810000 ---p 0002d000 08:02 11945215                   /home/mrli/android-studio/jre/jre/lib/amd64/libjava.so
7f7f34810000-7f7f34811000 r--p 0002c000 08:02 11945215                   /home/mrli/android-studio/jre/jre/lib/amd64/libjava.so
7f7f34811000-7f7f34813000 rw-p 0002d000 08:02 11945215                   /home/mrli/android-studio/jre/jre/lib/amd64/libjava.so
7f7f34813000-7f7f34824000 r-xp 00000000 08:02 11945203                   /home/mrli/android-studio/jre/jre/lib/amd64/libverify.so
7f7f34824000-7f7f34a23000 ---p 00011000 08:02 11945203                   /home/mrli/android-studio/jre/jre/lib/amd64/libverify.so
7f7f34a23000-7f7f34a25000 r--p 00010000 08:02 11945203                   /home/mrli/android-studio/jre/jre/lib/amd64/libverify.so
7f7f34a25000-7f7f34a26000 rw-p 00012000 08:02 11945203                   /home/mrli/android-studio/jre/jre/lib/amd64/libverify.so
7f7f34a26000-7f7f34a2d000 r-xp 00000000 08:02 8786676                    /lib/x86_64-linux-gnu/librt-2.27.so
7f7f34a2d000-7f7f34c2c000 ---p 00007000 08:02 8786676                    /lib/x86_64-linux-gnu/librt-2.27.so
7f7f34c2c000-7f7f34c2d000 r--p 00006000 08:02 8786676                    /lib/x86_64-linux-gnu/librt-2.27.so
7f7f34c2d000-7f7f34c2e000 rw-p 00007000 08:02 8786676                    /lib/x86_64-linux-gnu/librt-2.27.so
7f7f34c2e000-7f7f34dcb000 r-xp 00000000 08:02 8786598                    /lib/x86_64-linux-gnu/libm-2.27.so
7f7f34dcb000-7f7f34fca000 ---p 0019d000 08:02 8786598                    /lib/x86_64-linux-gnu/libm-2.27.so
7f7f34fca000-7f7f34fcb000 r--p 0019c000 08:02 8786598                    /lib/x86_64-linux-gnu/libm-2.27.so
7f7f34fcb000-7f7f34fcc000 rw-p 0019d000 08:02 8786598                    /lib/x86_64-linux-gnu/libm-2.27.so
7f7f34fcc000-7f7f35c38000 r-xp 00000000 08:02 11945225                   /home/mrli/android-studio/jre/jre/lib/amd64/server/libjvm.so
7f7f35c38000-7f7f35e38000 ---p 00c6c000 08:02 11945225                   /home/mrli/android-studio/jre/jre/lib/amd64/server/libjvm.so
7f7f35e38000-7f7f35ecc000 r--p 00c6c000 08:02 11945225                   /home/mrli/android-studio/jre/jre/lib/amd64/server/libjvm.so
7f7f35ecc000-7f7f35ef4000 rw-p 00d00000 08:02 11945225                   /home/mrli/android-studio/jre/jre/lib/amd64/server/libjvm.so
7f7f35ef4000-7f7f35f25000 rw-p 00000000 00:00 0 
7f7f35f25000-7f7f3610c000 r-xp 00000000 08:02 8786535                    /lib/x86_64-linux-gnu/libc-2.27.so
7f7f3610c000-7f7f3630c000 ---p 001e7000 08:02 8786535                    /lib/x86_64-linux-gnu/libc-2.27.so
7f7f3630c000-7f7f36310000 r--p 001e7000 08:02 8786535                    /lib/x86_64-linux-gnu/libc-2.27.so
7f7f36310000-7f7f36312000 rw-p 001eb000 08:02 8786535                    /lib/x86_64-linux-gnu/libc-2.27.so
7f7f36312000-7f7f36316000 rw-p 00000000 00:00 0 
7f7f36316000-7f7f36319000 r-xp 00000000 08:02 8786558                    /lib/x86_64-linux-gnu/libdl-2.27.so
7f7f36319000-7f7f36518000 ---p 00003000 08:02 8786558                    /lib/x86_64-linux-gnu/libdl-2.27.so
7f7f36518000-7f7f36519000 r--p 00002000 08:02 8786558                    /lib/x86_64-linux-gnu/libdl-2.27.so
7f7f36519000-7f7f3651a000 rw-p 00003000 08:02 8786558                    /lib/x86_64-linux-gnu/libdl-2.27.so
7f7f3651a000-7f7f36530000 r-xp 00000000 08:02 11945195                   /home/mrli/android-studio/jre/jre/lib/amd64/jli/libjli.so
7f7f36530000-7f7f36730000 ---p 00016000 08:02 11945195                   /home/mrli/android-studio/jre/jre/lib/amd64/jli/libjli.so
7f7f36730000-7f7f36731000 r--p 00016000 08:02 11945195                   /home/mrli/android-studio/jre/jre/lib/amd64/jli/libjli.so
7f7f36731000-7f7f36732000 rw-p 00017000 08:02 11945195                   /home/mrli/android-studio/jre/jre/lib/amd64/jli/libjli.so
7f7f36732000-7f7f3674c000 r-xp 00000000 08:02 8786668                    /lib/x86_64-linux-gnu/libpthread-2.27.so
7f7f3674c000-7f7f3694b000 ---p 0001a000 08:02 8786668                    /lib/x86_64-linux-gnu/libpthread-2.27.so
7f7f3694b000-7f7f3694c000 r--p 00019000 08:02 8786668                    /lib/x86_64-linux-gnu/libpthread-2.27.so
7f7f3694c000-7f7f3694d000 rw-p 0001a000 08:02 8786668                    /lib/x86_64-linux-gnu/libpthread-2.27.so
7f7f3694d000-7f7f36951000 rw-p 00000000 00:00 0 
7f7f36951000-7f7f36978000 r-xp 00000000 08:02 8786507                    /lib/x86_64-linux-gnu/ld-2.27.so
7f7f36978000-7f7f36979000 r--s 00000000 08:02 10488833                   /home/mrli/.gradle/caches/modules-2/files-2.1/org.jetbrains.kotlin/kotlin-stdlib-jdk7/1.3.21/d207ce2c9bcf17dc8e51bab4dbfdac4d013e7138/kotlin-stdlib-jdk7-1.3.21.jar
7f7f36979000-7f7f3697a000 r--s 00015000 08:02 3411320                    /home/mrli/.gradle/caches/transforms-1/files-1.1/okio-1.15.0.jar/fcc1b19d1d3052ea32b679b3cf06042a/jetified-okio-1.15.0.jar
7f7f3697a000-7f7f3697b000 r--s 00001000 08:02 1968304                    /home/mrli/.gradle/caches/transforms-1/files-1.1/lifecycle-viewmodel-ktx-2.1.0-alpha03.aar/8d35b896ca9cc0a8d9c345828c3224e4/jars/classes.jar
7f7f3697b000-7f7f3698e000 r--s 0010f000 08:02 10488837                   /home/mrli/.gradle/caches/modules-2/files-2.1/org.jetbrains.kotlin/kotlin-stdlib/1.3.21/4bcc2012b84840e19e1e28074284cac908be0295/kotlin-stdlib-1.3.21.jar
7f7f3698e000-7f7f36a5a000 rw-p 00000000 00:00 0 
7f7f36a5a000-7f7f36a5b000 ---p 00000000 00:00 0 
7f7f36a5b000-7f7f36a5e000 ---p 00000000 00:00 0 
7f7f36a5e000-7f7f36b5f000 rw-p 00000000 00:00 0 
7f7f36b5f000-7f7f36b60000 r--s 00002000 08:02 3804508                    /home/mrli/.gradle/caches/transforms-1/files-1.1/dagger-android-support-jarimpl-2.17.jar/fc569810d1027b0cb217e2681afd9460/jetified-dagger-android-support-jarimpl-2.17.jar
7f7f36b60000-7f7f36b62000 r--s 00003000 08:02 10488395                   /home/mrli/.gradle/caches/modules-2/files-2.1/org.jetbrains/annotations/13.0/919f0dfe192fb4e063e7dacadee7f8bb9a2672a9/annotations-13.0.jar
7f7f36b62000-7f7f36b64000 r--s 00009000 08:02 10489038                   /home/mrli/.gradle/caches/modules-2/files-2.1/org.jetbrains.kotlin/kotlin-script-runtime/1.3.21/29363d474ee6fda354900636320a177c7286def9/kotlin-script-runtime-1.3.21.jar
7f7f36b64000-7f7f36b6e000 r--s 00116000 08:02 11945188                   /home/mrli/android-studio/jre/jre/lib/ext/localedata.jar
7f7f36b6e000-7f7f36b76000 rw-s 00000000 08:02 10633054                   /tmp/hsperfdata_mrli/3978
7f7f36b76000-7f7f36b77000 rw-p 00000000 00:00 0 
7f7f36b77000-7f7f36b78000 ---p 00000000 00:00 0 
7f7f36b78000-7f7f36b79000 r--p 00027000 08:02 8786507                    /lib/x86_64-linux-gnu/ld-2.27.so
7f7f36b79000-7f7f36b7a000 rw-p 00028000 08:02 8786507                    /lib/x86_64-linux-gnu/ld-2.27.so
7f7f36b7a000-7f7f36b7b000 rw-p 00000000 00:00 0 
7fff962fc000-7fff9631e000 rw-p 00000000 00:00 0                          [stack]
7fff96338000-7fff9633b000 r--p 00000000 00:00 0                          [vvar]
7fff9633b000-7fff9633d000 r-xp 00000000 00:00 0                          [vdso]
ffffffffff600000-ffffffffff601000 r-xp 00000000 00:00 0                  [vsyscall]

VM Arguments:
jvm_args: -Djava.awt.headless=true -Djava.rmi.server.hostname=127.0.0.1 -Xmx2g -Dkotlin.environment.keepalive 
java_command: org.jetbrains.kotlin.daemon.KotlinCompileDaemon --daemon-runFilesPath /home/mrli/.local/share/kotlin/daemon --daemon-autoshutdownIdleSeconds=7200 --daemon-compilerClasspath /home/mrli/.gradle/caches/modules-2/files-2.1/org.jetbrains.kotlin/kotlin-compiler-embeddable/1.3.21/677cc9553b8964c895abc76da9b6a0faea8f671d/kotlin-compiler-embeddable-1.3.21.jar:/home/mrli/.gradle/caches/modules-2/files-2.1/org.jetbrains.kotlin/kotlin-reflect/1.3.21/d0d5ff2ac2ebd8a42697af41e20fc225a23c5d3b/kotlin-reflect-1.3.21.jar:/home/mrli/.gradle/caches/modules-2/files-2.1/org.jetbrains.kotlin/kotlin-stdlib/1.3.21/4bcc2012b84840e19e1e28074284cac908be0295/kotlin-stdlib-1.3.21.jar:/home/mrli/.gradle/caches/modules-2/files-2.1/org.jetbrains.kotlin/kotlin-script-runtime/1.3.21/29363d474ee6fda354900636320a177c7286def9/kotlin-script-runtime-1.3.21.jar:/home/mrli/.gradle/caches/modules-2/files-2.1/org.jetbrains.intellij.deps/trove4j/1.0.20181211/216c2e14b070f334479d800987affe4054cd563f/trove4j-1.0.20181211.jar:/home/mrli/.gradle/caches/modules-2/files-2.1/org.jetbrains.kotlin/kotlin-stdlib-common/1.3.21/f30e4a9897913e53d778f564110bafa1fef46643/kotlin-stdlib-common-1.3.21.jar:/home/mrli/.gradle/caches/modules-2/files-2.1/org.jetbrains/annotations/13.0/919f0dfe192fb4e063e7dacadee7f8bb9a2672a9/annotations-13.0.jar:/home/mrli/android-studio/jre/lib/tools.jar
java_class_path (initial): /home/mrli/.gradle/caches/modules-2/files-2.1/org.jetbrains.kotlin/kotlin-compiler-embeddable/1.3.21/677cc9553b8964c895abc76da9b6a0faea8f671d/kotlin-compiler-embeddable-1.3.21.jar:/home/mrli/.gradle/caches/modules-2/files-2.1/org.jetbrains.kotlin/kotlin-reflect/1.3.21/d0d5ff2ac2ebd8a42697af41e20fc225a23c5d3b/kotlin-reflect-1.3.21.jar:/home/mrli/.gradle/caches/modules-2/files-2.1/org.jetbrains.kotlin/kotlin-stdlib/1.3.21/4bcc2012b84840e19e1e28074284cac908be0295/kotlin-stdlib-1.3.21.jar:/home/mrli/.gradle/caches/modules-2/files-2.1/org.jetbrains.kotlin/kotlin-script-runtime/1.3.21/29363d474ee6fda354900636320a177c7286def9/kotlin-script-runtime-1.3.21.jar:/home/mrli/.gradle/caches/modules-2/files-2.1/org.jetbrains.intellij.deps/trove4j/1.0.20181211/216c2e14b070f334479d800987affe4054cd563f/trove4j-1.0.20181211.jar:/home/mrli/.gradle/caches/modules-2/files-2.1/org.jetbrains.kotlin/kotlin-stdlib-common/1.3.21/f30e4a9897913e53d778f564110bafa1fef46643/kotlin-stdlib-common-1.3.21.jar:/home/mrli/.gradle/caches/modules-2/files-2.1/org.jetbrains/annotations/13.0/919f0dfe192fb4e063e7dacadee7f8bb9a2672a9/annotations-13.0.jar:/home/mrli/android-studio/jre/lib/tools.jar
Launcher Type: SUN_STANDARD

Environment Variables:
JAVA_HOME=/usr/lib/jdk/jdk1.8.0_201
JRE_HOME=/usr/lib/jdk/jdk1.8.0_201/jre
CLASSPATH=/home/mrli/android-studio/lib/bootstrap.jar:/home/mrli/android-studio/lib/extensions.jar:/home/mrli/android-studio/lib/util.jar:/home/mrli/android-studio/lib/jdom.jar:/home/mrli/android-studio/lib/log4j.jar:/home/mrli/android-studio/lib/trove4j.jar:/home/mrli/android-studio/lib/jna.jar:/home/mrli/android-studio/jre/lib/tools.jar
PATH=/usr/lib/jdk/jdk1.8.0_201/bin:/usr/local/sbin:/usr/local/bin:/usr/sbin:/usr/bin:/sbin:/bin:/usr/games:/usr/local/games:/snap/bin
USERNAME=mrli
SHELL=/bin/zsh
DISPLAY=:0

Signal Handlers:
SIGSEGV: [libjvm.so+0xa71660], sa_mask[0]=11111111011111111101111111111110, sa_flags=SA_RESTART|SA_SIGINFO
SIGBUS: [libjvm.so+0xa71660], sa_mask[0]=11111111011111111101111111111110, sa_flags=SA_RESTART|SA_SIGINFO
SIGFPE: [libjvm.so+0x8b1770], sa_mask[0]=11111111011111111101111111111110, sa_flags=SA_RESTART|SA_SIGINFO
SIGPIPE: [libjvm.so+0x8b1770], sa_mask[0]=11111111011111111101111111111110, sa_flags=SA_RESTART|SA_SIGINFO
SIGXFSZ: [libjvm.so+0x8b1770], sa_mask[0]=11111111011111111101111111111110, sa_flags=SA_RESTART|SA_SIGINFO
SIGILL: [libjvm.so+0x8b1770], sa_mask[0]=11111111011111111101111111111110, sa_flags=SA_RESTART|SA_SIGINFO
SIGUSR1: SIG_DFL, sa_mask[0]=00000000000000000000000000000000, sa_flags=none
SIGUSR2: [libjvm.so+0x8b1640], sa_mask[0]=00100000000000000000000000000000, sa_flags=SA_RESTART|SA_SIGINFO
SIGHUP: [libjvm.so+0x8b1aa0], sa_mask[0]=11111111011111111101111111111110, sa_flags=SA_RESTART|SA_SIGINFO
SIGINT: [libjvm.so+0x8b1aa0], sa_mask[0]=11111111011111111101111111111110, sa_flags=SA_RESTART|SA_SIGINFO
SIGTERM: [libjvm.so+0x8b1aa0], sa_mask[0]=11111111011111111101111111111110, sa_flags=SA_RESTART|SA_SIGINFO
SIGQUIT: [libjvm.so+0x8b1aa0], sa_mask[0]=11111111011111111101111111111110, sa_flags=SA_RESTART|SA_SIGINFO


---------------  S Y S T E M  ---------------

OS:DISTRIB_ID=Ubuntu
DISTRIB_RELEASE=18.04
DISTRIB_CODENAME=bionic
DISTRIB_DESCRIPTION="Ubuntu 18.04 LTS"

uname:Linux 4.18.0-16-generic #17~18.04.1-Ubuntu SMP Tue Feb 12 13:35:51 UTC 2019 x86_64
libc:glibc 2.27 NPTL 2.27 
rlimit: STACK 8192k, CORE 0k, NPROC 14900, NOFILE 1048576, AS infinity
load average:2.70 2.27 2.27

/proc/meminfo:
MemTotal:        3928068 kB
MemFree:          106136 kB
MemAvailable:       4288 kB
Buffers:             656 kB
Cached:           133464 kB
SwapCached:         1780 kB
Active:          2765636 kB
Inactive:         556576 kB
Active(anon):    2763788 kB
Inactive(anon):   553420 kB
Active(file):       1848 kB
Inactive(file):     3156 kB
Unevictable:          68 kB
Mlocked:              68 kB
SwapTotal:       2097148 kB
SwapFree:           1356 kB
Dirty:                44 kB
Writeback:             0 kB
AnonPages:       3186828 kB
Mapped:            42056 kB
Shmem:            128520 kB
Slab:              93016 kB
SReclaimable:      39500 kB
SUnreclaim:        53516 kB
KernelStack:        9728 kB
PageTables:        39952 kB
NFS_Unstable:          0 kB
Bounce:                0 kB
WritebackTmp:          0 kB
CommitLimit:     4061180 kB
Committed_AS:    8012588 kB
VmallocTotal:   34359738367 kB
VmallocUsed:           0 kB
VmallocChunk:          0 kB
HardwareCorrupted:     0 kB
AnonHugePages:         0 kB
ShmemHugePages:        0 kB
ShmemPmdMapped:        0 kB
CmaTotal:              0 kB
CmaFree:               0 kB
HugePages_Total:       0
HugePages_Free:        0
HugePages_Rsvd:        0
HugePages_Surp:        0
Hugepagesize:       2048 kB
Hugetlb:               0 kB
DirectMap4k:      165268 kB
DirectMap2M:     3917824 kB
DirectMap1G:           0 kB


CPU:total 4 (initial active 4) (2 cores per cpu, 2 threads per core) family 6 model 78 stepping 3, cmov, cx8, fxsr, mmx, sse, sse2, sse3, ssse3, sse4.1, sse4.2, popcnt, avx, avx2, aes, clmul, erms, 3dnowpref, lzcnt, ht, tsc, tscinvbit, bmi1, bmi2, adx

/proc/cpuinfo:
processor	: 0
vendor_id	: GenuineIntel
cpu family	: 6
model		: 78
model name	: Intel(R) Core(TM) i7-6500U CPU @ 2.50GHz
stepping	: 3
microcode	: 0xc6
cpu MHz		: 2773.077
cache size	: 4096 KB
physical id	: 0
siblings	: 4
core id		: 0
cpu cores	: 2
apicid		: 0
initial apicid	: 0
fpu		: yes
fpu_exception	: yes
cpuid level	: 22
wp		: yes
flags		: fpu vme de pse tsc msr pae mce cx8 apic sep mtrr pge mca cmov pat pse36 clflush dts acpi mmx fxsr sse sse2 ss ht tm pbe syscall nx pdpe1gb rdtscp lm constant_tsc art arch_perfmon pebs bts rep_good nopl xtopology nonstop_tsc cpuid aperfmperf tsc_known_freq pni pclmulqdq dtes64 monitor ds_cpl vmx est tm2 ssse3 sdbg fma cx16 xtpr pdcm pcid sse4_1 sse4_2 x2apic movbe popcnt tsc_deadline_timer aes xsave avx f16c rdrand lahf_lm abm 3dnowprefetch cpuid_fault epb invpcid_single pti ssbd ibrs ibpb stibp tpr_shadow vnmi flexpriority ept vpid fsgsbase tsc_adjust bmi1 avx2 smep bmi2 erms invpcid mpx rdseed adx smap clflushopt intel_pt xsaveopt xsavec xgetbv1 xsaves dtherm ida arat pln pts hwp hwp_notify hwp_act_window hwp_epp flush_l1d
bugs		: cpu_meltdown spectre_v1 spectre_v2 spec_store_bypass l1tf
bogomips	: 5184.00
clflush size	: 64
cache_alignment	: 64
address sizes	: 39 bits physical, 48 bits virtual
power management:

processor	: 1
vendor_id	: GenuineIntel
cpu family	: 6
model		: 78
model name	: Intel(R) Core(TM) i7-6500U CPU @ 2.50GHz
stepping	: 3
microcode	: 0xc6
cpu MHz		: 2273.404
cache size	: 4096 KB
physical id	: 0
siblings	: 4
core id		: 1
cpu cores	: 2
apicid		: 2
initial apicid	: 2
fpu		: yes
fpu_exception	: yes
cpuid level	: 22
wp		: yes
flags		: fpu vme de pse tsc msr pae mce cx8 apic sep mtrr pge mca cmov pat pse36 clflush dts acpi mmx fxsr sse sse2 ss ht tm pbe syscall nx pdpe1gb rdtscp lm constant_tsc art arch_perfmon pebs bts rep_good nopl xtopology nonstop_tsc cpuid aperfmperf tsc_known_freq pni pclmulqdq dtes64 monitor ds_cpl vmx est tm2 ssse3 sdbg fma cx16 xtpr pdcm pcid sse4_1 sse4_2 x2apic movbe popcnt tsc_deadline_timer aes xsave avx f16c rdrand lahf_lm abm 3dnowprefetch cpuid_fault epb invpcid_single pti ssbd ibrs ibpb stibp tpr_shadow vnmi flexpriority ept vpid fsgsbase tsc_adjust bmi1 avx2 smep bmi2 erms invpcid mpx rdseed adx smap clflushopt intel_pt xsaveopt xsavec xgetbv1 xsaves dtherm ida arat pln pts hwp hwp_notify hwp_act_window hwp_epp flush_l1d
bugs		: cpu_meltdown spectre_v1 spectre_v2 spec_store_bypass l1tf
bogomips	: 5184.00
clflush size	: 64
cache_alignment	: 64
address sizes	: 39 bits physical, 48 bits virtual
power management:

processor	: 2
vendor_id	: GenuineIntel
cpu family	: 6
model		: 78
model name	: Intel(R) Core(TM) i7-6500U CPU @ 2.50GHz
stepping	: 3
microcode	: 0xc6
cpu MHz		: 2539.589
cache size	: 4096 KB
physical id	: 0
siblings	: 4
core id		: 0
cpu cores	: 2
apicid		: 1
initial apicid	: 1
fpu		: yes
fpu_exception	: yes
cpuid level	: 22
wp		: yes
flags		: fpu vme de pse tsc msr pae mce cx8 apic sep mtrr pge mca cmov pat pse36 clflush dts acpi mmx fxsr sse sse2 ss ht tm pbe syscall nx pdpe1gb rdtscp lm constant_tsc art arch_perfmon pebs bts rep_good nopl xtopology nonstop_tsc cpuid aperfmperf tsc_known_freq pni pclmulqdq dtes64 monitor ds_cpl vmx est tm2 ssse3 sdbg fma cx16 xtpr pdcm pcid sse4_1 sse4_2 x2apic movbe popcnt tsc_deadline_timer aes xsave avx f16c rdrand lahf_lm abm 3dnowprefetch cpuid_fault epb invpcid_single pti ssbd ibrs ibpb stibp tpr_shadow vnmi flexpriority ept vpid fsgsbase tsc_adjust bmi1 avx2 smep bmi2 erms invpcid mpx rdseed adx smap clflushopt intel_pt xsaveopt xsavec xgetbv1 xsaves dtherm ida arat pln pts hwp hwp_notify hwp_act_window hwp_epp flush_l1d
bugs		: cpu_meltdown spectre_v1 spectre_v2 spec_store_bypass l1tf
bogomips	: 5184.00
clflush size	: 64
cache_alignment	: 64
address sizes	: 39 bits physical, 48 bits virtual
power management:

processor	: 3
vendor_id	: GenuineIntel
cpu family	: 6
model		: 78
model name	: Intel(R) Core(TM) i7-6500U CPU @ 2.50GHz
stepping	: 3
microcode	: 0xc6
cpu MHz		: 2462.498
cache size	: 4096 KB
physical id	: 0
siblings	: 4
core id		: 1
cpu cores	: 2
apicid		: 3
initial apicid	: 3
fpu		: yes
fpu_exception	: yes
cpuid level	: 22
wp		: yes
flags		: fpu vme de pse tsc msr pae mce cx8 apic sep mtrr pge mca cmov pat pse36 clflush dts acpi mmx fxsr sse sse2 ss ht tm pbe syscall nx pdpe1gb rdtscp lm constant_tsc art arch_perfmon pebs bts rep_good nopl xtopology nonstop_tsc cpuid aperfmperf tsc_known_freq pni pclmulqdq dtes64 monitor ds_cpl vmx est tm2 ssse3 sdbg fma cx16 xtpr pdcm pcid sse4_1 sse4_2 x2apic movbe popcnt tsc_deadline_timer aes xsave avx f16c rdrand lahf_lm abm 3dnowprefetch cpuid_fault epb invpcid_single pti ssbd ibrs ibpb stibp tpr_shadow vnmi flexpriority ept vpid fsgsbase tsc_adjust bmi1 avx2 smep bmi2 erms invpcid mpx rdseed adx smap clflushopt intel_pt xsaveopt xsavec xgetbv1 xsaves dtherm ida arat pln pts hwp hwp_notify hwp_act_window hwp_epp flush_l1d
bugs		: cpu_meltdown spectre_v1 spectre_v2 spec_store_bypass l1tf
bogomips	: 5184.00
clflush size	: 64
cache_alignment	: 64
address sizes	: 39 bits physical, 48 bits virtual
power management:



Memory: 4k page, physical 3928068k(105400k free), swap 2097148k(592k free)

vm_info: OpenJDK 64-Bit Server VM (25.152-b01) for linux-amd64 JRE (1.8.0_152-release-1248-b01), built by "builder" with gcc 7.3.0

time: Sun Apr  7 01:22:11 2019
elapsed time: 459 seconds (0d 0h 7m 39s)

