#
# There is insufficient memory for the Java Runtime Environment to continue.
# Native memory allocation (mmap) failed to map 78118912 bytes for committing reserved memory.
# Possible reasons:
#   The system is out of physical RAM or swap space
#   In 32 bit mode, the process size limit was hit
# Possible solutions:
#   Reduce memory load on the system
#   Increase physical memory or swap space
#   Check if swap backing store is full
#   Use 64 bit Java on a 64 bit OS
#   Decrease Java heap size (-Xmx/-Xms)
#   Decrease number of Java threads
#   Decrease Java thread stack sizes (-Xss)
#   Set larger code cache with -XX:ReservedCodeCacheSize=
# This output file may be truncated or incomplete.
#
#  Out of Memory Error (os_linux.cpp:2640), pid=3817, tid=0x00007f98c39f9700
#
# JRE version: OpenJDK Runtime Environment (8.0_152-b01) (build 1.8.0_152-release-1248-b01)
# Java VM: OpenJDK 64-Bit Server VM (25.152-b01 mixed mode linux-amd64 compressed oops)
# Failed to write core dump. Core dumps have been disabled. To enable core dumping, try "ulimit -c unlimited" before starting Java again
#

---------------  T H R E A D  ---------------

Current thread (0x00007f98e007a000):  VMThread [stack: 0x00007f98c38fa000,0x00007f98c39fa000] [id=3824]

Stack: [0x00007f98c38fa000,0x00007f98c39fa000],  sp=0x00007f98c39f84f0,  free space=1017k
Native frames: (J=compiled Java code, j=interpreted, Vv=VM code, C=native code)
V  [libjvm.so+0xa70d2f]  VMError::report_and_die()+0x2af
V  [libjvm.so+0x4c7207]  report_vm_out_of_memory(char const*, int, unsigned long, VMErrorType, char const*)+0x67
V  [libjvm.so+0x8b5b60]  os::pd_commit_memory(char*, unsigned long, unsigned long, bool)+0x100
V  [libjvm.so+0x8b077f]  os::commit_memory(char*, unsigned long, unsigned long, bool)+0x1f
V  [libjvm.so+0x92e436]  PSVirtualSpace::expand_by(unsigned long)+0x56
V  [libjvm.so+0x91d7db]  PSOldGen::expand_by(unsigned long) [clone .part.28]+0x1b
V  [libjvm.so+0x91d998]  PSOldGen::expand(unsigned long) [clone .part.29]+0xa8
V  [libjvm.so+0x91e541]  PSOldGen::resize(unsigned long)+0xe1
V  [libjvm.so+0x9245f6]  PSParallelCompact::invoke_no_policy(bool) [clone .part.118]+0x9e6
V  [libjvm.so+0x92c3c5]  PSScavenge::invoke()+0x215
V  [libjvm.so+0x8dbd98]  ParallelScavengeHeap::failed_mem_allocate(unsigned long)+0x68
V  [libjvm.so+0xa72863]  VM_ParallelGCFailedAllocation::doit()+0x93
V  [libjvm.so+0xa77896]  VM_Operation::evaluate()+0x46
V  [libjvm.so+0xa750f2]  VMThread::evaluate_operation(VM_Operation*) [clone .constprop.31]+0xa2
V  [libjvm.so+0xa7651b]  VMThread::loop()+0x37b
V  [libjvm.so+0xa768c8]  VMThread::run()+0x78
V  [libjvm.so+0x8b3322]  java_start(Thread*)+0x102

VM_Operation (0x00007f98c155b900): ParallelGCFailedAllocation, mode: safepoint, requested by thread 0x00007f988c005000


---------------  P R O C E S S  ---------------

Java Threads: ( => current thread )
  0x00007f9878cb2000 JavaThread "RMI RenewClean-[127.0.0.1:44523,org.jetbrains.kotlin.daemon.common.LoopbackNetworkInterface$ClientLoopbackSocketFactory@6e4f19f5]" daemon [_thread_blocked, id=3959, stack(0x00007f98900e7000,0x00007f98901e8000)]
  0x00007f9874015000 JavaThread "RMI RenewClean-[127.0.0.1:44523,org.jetbrains.kotlin.daemon.common.LoopbackNetworkInterface$ClientLoopbackSocketFactory@6c358418]" daemon [_thread_blocked, id=3957, stack(0x00007f98c044f000,0x00007f98c0550000)]
  0x00007f988c007000 JavaThread "RMI TCP Connection(4)-127.0.0.1" daemon [_thread_in_native, id=3858, stack(0x00007f98c1b8d000,0x00007f98c1c8e000)]
  0x00007f987800e800 JavaThread "RMI RenewClean-[127.0.0.1:44523,org.jetbrains.kotlin.daemon.common.LoopbackNetworkInterface$ClientLoopbackSocketFactory@6f4482]" daemon [_thread_blocked, id=3842, stack(0x00007f98c135f000,0x00007f98c1460000)]
  0x00007f988c005000 JavaThread "RMI TCP Connection(6)-127.0.0.1" daemon [_thread_blocked, id=3841, stack(0x00007f98c1460000,0x00007f98c1561000)]
  0x00007f9874013800 JavaThread "RMI Scheduler(0)" daemon [_thread_blocked, id=3840, stack(0x00007f98c1561000,0x00007f98c1662000)]
  0x00007f988c003800 JavaThread "RMI TCP Connection(5)-127.0.0.1" daemon [_thread_in_native, id=3838, stack(0x00007f98c188a000,0x00007f98c198b000)]
  0x00007f98e000c800 JavaThread "DestroyJavaVM" [_thread_blocked, id=3819, stack(0x00007f98e860d000,0x00007f98e870d000)]
  0x00007f98e03e2000 JavaThread "GC Daemon" daemon [_thread_blocked, id=3837, stack(0x00007f98c198b000,0x00007f98c1a8c000)]
  0x00007f98e03dc000 JavaThread "RMI Reaper" [_thread_blocked, id=3836, stack(0x00007f98c1a8c000,0x00007f98c1b8d000)]
  0x00007f98e03c8000 JavaThread "Timer-0" daemon [_thread_blocked, id=3834, stack(0x00007f98c1c8e000,0x00007f98c1d8f000)]
  0x00007f98e03c6000 JavaThread "RMI TCP Accept-17311" daemon [_thread_in_native, id=3833, stack(0x00007f98c1d8f000,0x00007f98c1e90000)]
  0x00007f98e00ca800 JavaThread "Service Thread" daemon [_thread_blocked, id=3831, stack(0x00007f98c2823000,0x00007f98c2924000)]
  0x00007f98e00bf000 JavaThread "C1 CompilerThread2" daemon [_thread_blocked, id=3830, stack(0x00007f98c2925000,0x00007f98c2a25000)]
  0x00007f98e00bd800 JavaThread "C2 CompilerThread1" daemon [_thread_blocked, id=3829, stack(0x00007f98c2a26000,0x00007f98c2b26000)]
  0x00007f98e00ba800 JavaThread "C2 CompilerThread0" daemon [_thread_blocked, id=3828, stack(0x00007f98c2b27000,0x00007f98c2c27000)]
  0x00007f98e00b9000 JavaThread "Signal Dispatcher" daemon [_thread_blocked, id=3827, stack(0x00007f98c2c27000,0x00007f98c2d28000)]
  0x00007f98e0086800 JavaThread "Finalizer" daemon [_thread_blocked, id=3826, stack(0x00007f98c36f7000,0x00007f98c37f8000)]
  0x00007f98e0082000 JavaThread "Reference Handler" daemon [_thread_blocked, id=3825, stack(0x00007f98c37f8000,0x00007f98c38f9000)]

Other Threads:
=>0x00007f98e007a000 VMThread [stack: 0x00007f98c38fa000,0x00007f98c39fa000] [id=3824]
  0x00007f98e00cd000 WatcherThread [stack: 0x00007f98c2723000,0x00007f98c2823000] [id=3832]

VM state:at safepoint (normal execution)

VM Mutex/Monitor currently owned by a thread:  ([mutex/lock_event])
[0x00007f98e00089b0] ExpandHeap_lock - owner thread: 0x00007f98e007a000
[0x00007f98e0009030] Threads_lock - owner thread: 0x00007f98e007a000
[0x00007f98e0009530] Heap_lock - owner thread: 0x00007f988c005000

Heap:
 PSYoungGen      total 194048K, used 0K [0x00000000d5580000, 0x00000000e9380000, 0x0000000100000000)
  eden space 105472K, 0% used [0x00000000d5580000,0x00000000d5580000,0x00000000dbc80000)
  from space 88576K, 0% used [0x00000000dbc80000,0x00000000dbc80000,0x00000000e1300000)
  to   space 97792K, 0% used [0x00000000e3400000,0x00000000e3400000,0x00000000e9380000)
 ParOldGen       total 130048K, used 113436K [0x0000000080000000, 0x0000000087f00000, 0x00000000d5580000)
  object space 130048K, 87% used [0x0000000080000000,0x0000000086ec73d8,0x0000000087f00000)
 Metaspace       used 87451K, capacity 89569K, committed 89984K, reserved 1128448K
  class space    used 10548K, capacity 11031K, committed 11136K, reserved 1048576K

Card table byte_map: [0x00007f98e4f78000,0x00007f98e5379000] byte_map_base: 0x00007f98e4b78000

Marking Bits: (ParMarkBitMap*) 0x00007f98e7aba160
 Begin Bits: [0x00007f98c8000000, 0x00007f98ca000000)
 End Bits:   [0x00007f98ca000000, 0x00007f98cc000000)

Polling page: 0x00007f98e8729000

CodeCache: size=245760Kb used=49995Kb max_used=50001Kb free=195764Kb
 bounds [0x00007f98d1000000, 0x00007f98d4110000, 0x00007f98e0000000]
 total_blobs=15561 nmethods=14966 adapters=505
 compilation: enabled

Compilation events (10 events):
Event: 71.600 Thread 0x00007f98e00bf000 17309       1       org.antlr.v4.runtime.tree.TerminalNodeImpl::getSymbol (5 bytes)
Event: 71.600 Thread 0x00007f98e00bf000 nmethod 17309 0x00007f98d4102f10 code [0x00007f98d4103060, 0x00007f98d4103170]
Event: 71.601 Thread 0x00007f98e00bf000 17310       2       android.databinding.tool.reflection.ModelClass::isObject (11 bytes)
Event: 71.602 Thread 0x00007f98e00bf000 nmethod 17310 0x00007f98d41031d0 code [0x00007f98d4103360, 0x00007f98d4103618]
Event: 71.602 Thread 0x00007f98e00bf000 17311       2       android.databinding.tool.reflection.ModelAnalyzer::getObjectType (8 bytes)
Event: 71.602 Thread 0x00007f98e00bf000 nmethod 17311 0x00007f98d4103810 code [0x00007f98d4103980, 0x00007f98d4103b48]
Event: 71.603 Thread 0x00007f98e00bd800 nmethod 17301 0x00007f98d4107210 code [0x00007f98d4107460, 0x00007f98d4107de8]
Event: 71.603 Thread 0x00007f98e00bd800 17303 %     4       com.sun.tools.javac.model.JavacElements::addMembers @ 28 (233 bytes)
Event: 71.604 Thread 0x00007f98e00bf000 17312       2       android.databinding.tool.reflection.ModelClass::stripFieldName (146 bytes)
Event: 71.606 Thread 0x00007f98e00bf000 nmethod 17312 0x00007f98d4105290 code [0x00007f98d41055a0, 0x00007f98d4106438]

GC Heap History (10 events):
Event: 66.541 GC heap after
Heap after GC invocations=20 (full 3):
 PSYoungGen      total 137728K, used 37356K [0x00000000d5580000, 0x00000000e1d80000, 0x0000000100000000)
  eden space 100352K, 0% used [0x00000000d5580000,0x00000000d5580000,0x00000000db780000)
  from space 37376K, 99% used [0x00000000db780000,0x00000000ddbfb318,0x00000000ddc00000)
  to   space 44544K, 0% used [0x00000000df200000,0x00000000df200000,0x00000000e1d80000)
 ParOldGen       total 123904K, used 61595K [0x0000000080000000, 0x0000000087900000, 0x00000000d5580000)
  object space 123904K, 49% used [0x0000000080000000,0x0000000083c26f28,0x0000000087900000)
 Metaspace       used 69629K, capacity 71135K, committed 71168K, reserved 1112064K
  class space    used 8325K, capacity 8702K, committed 8704K, reserved 1048576K
}
Event: 67.815 GC heap before
{Heap before GC invocations=21 (full 3):
 PSYoungGen      total 137728K, used 137708K [0x00000000d5580000, 0x00000000e1d80000, 0x0000000100000000)
  eden space 100352K, 100% used [0x00000000d5580000,0x00000000db780000,0x00000000db780000)
  from space 37376K, 99% used [0x00000000db780000,0x00000000ddbfb318,0x00000000ddc00000)
  to   space 44544K, 0% used [0x00000000df200000,0x00000000df200000,0x00000000e1d80000)
 ParOldGen       total 123904K, used 61595K [0x0000000080000000, 0x0000000087900000, 0x00000000d5580000)
  object space 123904K, 49% used [0x0000000080000000,0x0000000083c26f28,0x0000000087900000)
 Metaspace       used 71315K, capacity 72921K, committed 73216K, reserved 1114112K
  class space    used 8468K, capacity 8849K, committed 8960K, reserved 1048576K
Event: 67.921 GC heap after
Heap after GC invocations=21 (full 3):
 PSYoungGen      total 148480K, used 44538K [0x00000000d5580000, 0x00000000e3800000, 0x0000000100000000)
  eden space 103936K, 0% used [0x00000000d5580000,0x00000000d5580000,0x00000000dbb00000)
  from space 44544K, 99% used [0x00000000df200000,0x00000000e1d7ea48,0x00000000e1d80000)
  to   space 56320K, 0% used [0x00000000dbb00000,0x00000000dbb00000,0x00000000df200000)
 ParOldGen       total 123904K, used 74297K [0x0000000080000000, 0x0000000087900000, 0x00000000d5580000)
  object space 123904K, 59% used [0x0000000080000000,0x000000008488e438,0x0000000087900000)
 Metaspace       used 71315K, capacity 72921K, committed 73216K, reserved 1114112K
  class space    used 8468K, capacity 8849K, committed 8960K, reserved 1048576K
}
Event: 69.300 GC heap before
{Heap before GC invocations=22 (full 3):
 PSYoungGen      total 148480K, used 148474K [0x00000000d5580000, 0x00000000e3800000, 0x0000000100000000)
  eden space 103936K, 100% used [0x00000000d5580000,0x00000000dbb00000,0x00000000dbb00000)
  from space 44544K, 99% used [0x00000000df200000,0x00000000e1d7ea48,0x00000000e1d80000)
  to   space 56320K, 0% used [0x00000000dbb00000,0x00000000dbb00000,0x00000000df200000)
 ParOldGen       total 123904K, used 74297K [0x0000000080000000, 0x0000000087900000, 0x00000000d5580000)
  object space 123904K, 59% used [0x0000000080000000,0x000000008488e438,0x0000000087900000)
 Metaspace       used 75332K, capacity 77011K, committed 77184K, reserved 1118208K
  class space    used 8932K, capacity 9330K, committed 9344K, reserved 1048576K
Event: 69.350 GC heap after
Heap after GC invocations=22 (full 3):
 PSYoungGen      total 160256K, used 56307K [0x00000000d5580000, 0x00000000e5800000, 0x0000000100000000)
  eden space 103936K, 0% used [0x00000000d5580000,0x00000000d5580000,0x00000000dbb00000)
  from space 56320K, 99% used [0x00000000dbb00000,0x00000000df1fcdf8,0x00000000df200000)
  to   space 70656K, 0% used [0x00000000e1300000,0x00000000e1300000,0x00000000e5800000)
 ParOldGen       total 123904K, used 88292K [0x0000000080000000, 0x0000000087900000, 0x00000000d5580000)
  object space 123904K, 71% used [0x0000000080000000,0x0000000085639188,0x0000000087900000)
 Metaspace       used 75332K, capacity 77011K, committed 77184K, reserved 1118208K
  class space    used 8932K, capacity 9330K, committed 9344K, reserved 1048576K
}
Event: 70.606 GC heap before
{Heap before GC invocations=23 (full 3):
 PSYoungGen      total 160256K, used 160243K [0x00000000d5580000, 0x00000000e5800000, 0x0000000100000000)
  eden space 103936K, 100% used [0x00000000d5580000,0x00000000dbb00000,0x00000000dbb00000)
  from space 56320K, 99% used [0x00000000dbb00000,0x00000000df1fcdf8,0x00000000df200000)
  to   space 70656K, 0% used [0x00000000e1300000,0x00000000e1300000,0x00000000e5800000)
 ParOldGen       total 123904K, used 88292K [0x0000000080000000, 0x0000000087900000, 0x00000000d5580000)
  object space 123904K, 71% used [0x0000000080000000,0x0000000085639188,0x0000000087900000)
 Metaspace       used 83647K, capacity 85687K, committed 85888K, reserved 1124352K
  class space    used 10044K, capacity 10498K, committed 10624K, reserved 1048576K
Event: 70.748 GC heap after
Heap after GC invocations=23 (full 3):
 PSYoungGen      total 176128K, used 70640K [0x00000000d5580000, 0x00000000e7e80000, 0x0000000100000000)
  eden space 105472K, 0% used [0x00000000d5580000,0x00000000d5580000,0x00000000dbc80000)
  from space 70656K, 99% used [0x00000000e1300000,0x00000000e57fc198,0x00000000e5800000)
  to   space 88576K, 0% used [0x00000000dbc80000,0x00000000dbc80000,0x00000000e1300000)
 ParOldGen       total 123904K, used 104140K [0x0000000080000000, 0x0000000087900000, 0x00000000d5580000)
  object space 123904K, 84% used [0x0000000080000000,0x00000000865b32c8,0x0000000087900000)
 Metaspace       used 83647K, capacity 85687K, committed 85888K, reserved 1124352K
  class space    used 10044K, capacity 10498K, committed 10624K, reserved 1048576K
}
Event: 71.606 GC heap before
{Heap before GC invocations=24 (full 3):
 PSYoungGen      total 176128K, used 176112K [0x00000000d5580000, 0x00000000e7e80000, 0x0000000100000000)
  eden space 105472K, 100% used [0x00000000d5580000,0x00000000dbc80000,0x00000000dbc80000)
  from space 70656K, 99% used [0x00000000e1300000,0x00000000e57fc198,0x00000000e5800000)
  to   space 88576K, 0% used [0x00000000dbc80000,0x00000000dbc80000,0x00000000e1300000)
 ParOldGen       total 123904K, used 104140K [0x0000000080000000, 0x0000000087900000, 0x00000000d5580000)
  object space 123904K, 84% used [0x0000000080000000,0x00000000865b32c8,0x0000000087900000)
 Metaspace       used 87451K, capacity 89569K, committed 89984K, reserved 1128448K
  class space    used 10548K, capacity 11031K, committed 11136K, reserved 1048576K
Event: 71.683 GC heap after
Heap after GC invocations=24 (full 3):
 PSYoungGen      total 194048K, used 72274K [0x00000000d5580000, 0x00000000e9380000, 0x0000000100000000)
  eden space 105472K, 0% used [0x00000000d5580000,0x00000000d5580000,0x00000000dbc80000)
  from space 88576K, 81% used [0x00000000dbc80000,0x00000000e03148b0,0x00000000e1300000)
  to   space 97792K, 0% used [0x00000000e3400000,0x00000000e3400000,0x00000000e9380000)
 ParOldGen       total 130048K, used 129348K [0x0000000080000000, 0x0000000087f00000, 0x00000000d5580000)
  object space 130048K, 99% used [0x0000000080000000,0x0000000087e51008,0x0000000087f00000)
 Metaspace       used 87451K, capacity 89569K, committed 89984K, reserved 1128448K
  class space    used 10548K, capacity 11031K, committed 11136K, reserved 1048576K
}
Event: 71.685 GC heap before
{Heap before GC invocations=25 (full 4):
 PSYoungGen      total 194048K, used 72274K [0x00000000d5580000, 0x00000000e9380000, 0x0000000100000000)
  eden space 105472K, 0% used [0x00000000d5580000,0x00000000d5580000,0x00000000dbc80000)
  from space 88576K, 81% used [0x00000000dbc80000,0x00000000e03148b0,0x00000000e1300000)
  to   space 97792K, 0% used [0x00000000e3400000,0x00000000e3400000,0x00000000e9380000)
 ParOldGen       total 130048K, used 129348K [0x0000000080000000, 0x0000000087f00000, 0x00000000d5580000)
  object space 130048K, 99% used [0x0000000080000000,0x0000000087e51008,0x0000000087f00000)
 Metaspace       used 87451K, capacity 89569K, committed 89984K, reserved 1128448K
  class space    used 10548K, capacity 11031K, committed 11136K, reserved 1048576K

Deoptimization events (10 events):
Event: 71.428 Thread 0x00007f988c005000 Uncommon trap: reason=class_check action=maybe_recompile pc=0x00007f98d3fe8210 method=com.sun.tools.javac.code.Types$14.visitClassType(Lcom/sun/tools/javac/code/Type$ClassType;Lcom/sun/tools/javac/code/Symbol;)Lcom/sun/tools/javac/code/Type; @ 82
Event: 71.432 Thread 0x00007f988c005000 Uncommon trap: reason=class_check action=maybe_recompile pc=0x00007f98d3fe8210 method=com.sun.tools.javac.code.Types$14.visitClassType(Lcom/sun/tools/javac/code/Type$ClassType;Lcom/sun/tools/javac/code/Symbol;)Lcom/sun/tools/javac/code/Type; @ 82
Event: 71.436 Thread 0x00007f988c005000 Uncommon trap: reason=class_check action=maybe_recompile pc=0x00007f98d3fe8210 method=com.sun.tools.javac.code.Types$14.visitClassType(Lcom/sun/tools/javac/code/Type$ClassType;Lcom/sun/tools/javac/code/Symbol;)Lcom/sun/tools/javac/code/Type; @ 82
Event: 71.508 Thread 0x00007f988c005000 Uncommon trap: reason=class_check action=maybe_recompile pc=0x00007f98d3fce270 method=com.sun.tools.javac.code.Type$ClassType.allparams()Lcom/sun/tools/javac/util/List; @ 16
Event: 71.508 Thread 0x00007f988c005000 Uncommon trap: reason=class_check action=maybe_recompile pc=0x00007f98d3fce270 method=com.sun.tools.javac.code.Type$ClassType.allparams()Lcom/sun/tools/javac/util/List; @ 16
Event: 71.512 Thread 0x00007f988c005000 Uncommon trap: reason=class_check action=maybe_recompile pc=0x00007f98d1cb5544 method=java.lang.AbstractStringBuilder.append(Ljava/lang/CharSequence;)Ljava/lang/AbstractStringBuilder; @ 45
Event: 71.512 Thread 0x00007f988c005000 Uncommon trap: reason=bimorphic action=maybe_recompile pc=0x00007f98d210fd30 method=java.lang.AbstractStringBuilder.append(Ljava/lang/CharSequence;II)Ljava/lang/AbstractStringBuilder; @ 18
Event: 71.518 Thread 0x00007f988c005000 Uncommon trap: reason=class_check action=maybe_recompile pc=0x00007f98d1cb5544 method=java.lang.AbstractStringBuilder.append(Ljava/lang/CharSequence;)Ljava/lang/AbstractStringBuilder; @ 45
Event: 71.518 Thread 0x00007f988c005000 Uncommon trap: reason=bimorphic action=maybe_recompile pc=0x00007f98d210fd30 method=java.lang.AbstractStringBuilder.append(Ljava/lang/CharSequence;II)Ljava/lang/AbstractStringBuilder; @ 18
Event: 71.556 Thread 0x00007f988c005000 Uncommon trap: reason=class_check action=maybe_recompile pc=0x00007f98d3aab480 method=com.sun.tools.javac.code.Types$19.visitClassType(Lcom/sun/tools/javac/code/Type$ClassType;Ljava/lang/Void;)Lcom/sun/tools/javac/util/List; @ 46

Classes redefined (0 events):
No events

Internal exceptions (10 events):
Event: 67.020 Thread 0x00007f9878cb2000 Exception <a 'java/lang/InterruptedException'> (0x00000000d64243e8) thrown at [/usr/local/google/home/ralucas/source/AOSP-openjdk-git/jdk8u/hotspot/src/share/vm/runtime/objectMonitor.cpp, line 1684]
Event: 68.043 Thread 0x00007f988c005000 Implicit null exception at 0x00007f98d1aa588c to 0x00007f98d1aa5a15
Event: 68.750 Thread 0x00007f988c005000 Exception <a 'java/lang/NoSuchMethodError': java.lang.Object.lambda$andThen$1(Ljava/util/function/Function;Ljava/lang/Object;)Ljava/lang/Object;> (0x00000000d96278e0) thrown at [/usr/local/google/home/ralucas/source/AOSP-openjdk-git/jdk8u/hotspot/src/shar
Event: 68.784 Thread 0x00007f988c005000 Exception <a 'java/lang/NoSuchMethodError': java.lang.Object.lambda$comparing$ea9a8b3a$1(Ljava/util/Comparator;Ljava/util/function/Function;Ljava/lang/Object;Ljava/lang/Object;)I> (0x00000000d993b4a0) thrown at [/usr/local/google/home/ralucas/source/AOSP-
Event: 68.786 Thread 0x00007f988c005000 Exception <a 'java/lang/NoSuchMethodError': java.lang.Object.lambda$thenComparing$36697e65$1(Ljava/util/Comparator;Ljava/lang/Object;Ljava/lang/Object;)I> (0x00000000d994b900) thrown at [/usr/local/google/home/ralucas/source/AOSP-openjdk-git/jdk8u/hotspot
Event: 70.243 Thread 0x00007f988c005000 Implicit null exception at 0x00007f98d3bf5c8f to 0x00007f98d3bf5d29
Event: 70.816 Thread 0x00007f988c005000 Implicit null exception at 0x00007f98d1c40cb2 to 0x00007f98d1c40e49
Event: 70.992 Thread 0x00007f988c005000 Exception <a 'java/lang/ClassNotFoundException': com/sun/org/glassfish/hk2/osgiresourcelocator/ServiceLoader> (0x00000000d83278f8) thrown at [/usr/local/google/home/ralucas/source/AOSP-openjdk-git/jdk8u/hotspot/src/share/vm/classfile/systemDictionary.cpp,
Event: 71.006 Thread 0x00007f988c005000 Exception <a 'java/lang/NullPointerException'> (0x00000000d83305f8) thrown at [/usr/local/google/home/ralucas/source/AOSP-openjdk-git/jdk8u/hotspot/src/share/vm/interpreter/linkResolver.cpp, line 1301]
Event: 71.071 Thread 0x00007f988c005000 Implicit null exception at 0x00007f98d3ccb47e to 0x00007f98d3ccbc81

Events (10 events):
Event: 71.550 loading class android/databinding/tool/store/BindingAdapterStore$findRenamed$$inlined$let$lambda$1
Event: 71.550 loading class android/databinding/tool/store/BindingAdapterStore$findRenamed$$inlined$let$lambda$1 done
Event: 71.550 loading class android/databinding/tool/store/BindingAdapterStore$findRenamed$1$2
Event: 71.550 loading class android/databinding/tool/store/BindingAdapterStore$findRenamed$1$2 done
Event: 71.556 Thread 0x00007f988c005000 Uncommon trap: trap_request=0xffffffde fr.pc=0x00007f98d3aab480
Event: 71.556 Thread 0x00007f988c005000 DEOPT PACKING pc=0x00007f98d3aab480 sp=0x00007f98c155b650
Event: 71.556 Thread 0x00007f988c005000 DEOPT UNPACKING pc=0x00007f98d104547a sp=0x00007f98c155b618 mode 2
Event: 71.563 loading class android/databinding/tool/reflection/annotation/AnnotationTypeUtil
Event: 71.563 loading class android/databinding/tool/reflection/annotation/AnnotationTypeUtil done
Event: 71.606 Executing VM operation: ParallelGCFailedAllocation


Dynamic libraries:
80000000-87f00000 rw-p 00000000 00:00 0 
8c980000-d5580000 ---p 00000000 00:00 0 
d5580000-e9380000 rw-p 00000000 00:00 0 
e9380000-100000000 ---p 00000000 00:00 0 
100000000-100ae0000 rw-p 00000000 00:00 0 
100ae0000-140000000 ---p 00000000 00:00 0 
564646f39000-564646f3a000 r-xp 00000000 08:02 11945289                   /home/mrli/android-studio/jre/jre/bin/java
564647139000-56464713a000 r--p 00000000 08:02 11945289                   /home/mrli/android-studio/jre/jre/bin/java
56464713a000-56464713b000 rw-p 00001000 08:02 11945289                   /home/mrli/android-studio/jre/jre/bin/java
5646480b4000-5646480d5000 rw-p 00000000 00:00 0                          [heap]
7f985c000000-7f985c021000 rw-p 00000000 00:00 0 
7f985c021000-7f9860000000 ---p 00000000 00:00 0 
7f9864000000-7f9864021000 rw-p 00000000 00:00 0 
7f9864021000-7f9868000000 ---p 00000000 00:00 0 
7f9869a57000-7f9869b57000 rw-p 00000000 00:00 0 
7f9869b57000-7f9869c57000 ---p 00000000 00:00 0 
7f9869c57000-7f9869e57000 rw-p 00000000 00:00 0 
7f9869e57000-7f9869e69000 r--s 00345000 08:02 11945235                   /home/mrli/android-studio/jre/jre/lib/resources.jar
7f9869e69000-7f986a069000 rw-p 00000000 00:00 0 
7f986a069000-7f986a269000 rw-p 00000000 00:00 0 
7f986a269000-7f986a469000 rw-p 00000000 00:00 0 
7f986a469000-7f986a669000 rw-p 00000000 00:00 0 
7f986a669000-7f986a66a000 r--s 00000000 08:02 10488607                   /home/mrli/.gradle/caches/modules-2/files-2.1/com.google.guava/listenablefuture/1.0/c949a840a6acbc5268d088e47b04177bf90b3cad/listenablefuture-1.0.jar
7f986a66a000-7f986a66f000 r--s 00063000 08:02 3411321                    /home/mrli/.gradle/caches/transforms-1/files-1.1/okhttp-3.12.0.jar/27adecfa8319ad55ad594c723350e144/jetified-okhttp-3.12.0.jar
7f986a66f000-7f986a674000 r--s 00035000 08:02 3409865                    /home/mrli/.gradle/caches/transforms-1/files-1.1/gson-2.7.jar/84b44b0327d1dfcba6a9823a4c322390/jetified-gson-2.7.jar
7f986a674000-7f986a678000 r--s 0002a000 08:02 3411974                    /home/mrli/.gradle/caches/transforms-1/files-1.1/jetified-core-3.0.0.aar/67ade259e14a0e9f38953afa67f02715/jars/classes.jar
7f986a678000-7f986a67b000 r--s 0001d000 08:02 10488975                   /home/mrli/.gradle/caches/modules-2/files-2.1/androidx.constraintlayout/constraintlayout-solver/2.0.0-alpha3/2a8ac731e821a10465b111f9e9f52e3e0b0d45b2/constraintlayout-solver-2.0.0-alpha3.jar
7f986a67b000-7f986a67d000 r--s 00005000 08:02 10488604                   /home/mrli/.gradle/caches/modules-2/files-2.1/androidx.annotation/annotation/1.1.0-alpha02/11d7b1518f8e1044319820cb2568fd2f59818b26/annotation-1.1.0-alpha02.jar
7f986a67d000-7f986a67f000 r--s 00004000 08:02 4587816                    /home/mrli/.gradle/caches/transforms-1/files-1.1/cardview-1.0.0.aar/7d49af6002de57f91ffcb39fa3854756/jars/classes.jar
7f986a67f000-7f986a680000 r--s 00004000 08:02 10488602                   /home/mrli/.gradle/caches/modules-2/files-2.1/androidx.concurrent/concurrent-futures/1.0.0-alpha02/b4a4a1ada5a1ba3f8df9f9e6384a0a404ccc48cb/concurrent-futures-1.0.0-alpha02.jar
7f986a680000-7f986a682000 r--s 00004000 08:02 10488974                   /home/mrli/.gradle/caches/modules-2/files-2.1/androidx.lifecycle/lifecycle-common/2.1.0-alpha03/c67e7807d9cd6c329b9d0218b2ec4e505dd340b7/lifecycle-common-2.1.0-alpha03.jar
7f986a682000-7f986a683000 r--s 00002000 08:02 3546321                    /home/mrli/.gradle/caches/transforms-1/files-1.1/savedstate-1.0.0-alpha02.aar/6b076e77a7f25ecb16f711917c3f4238/jars/classes.jar
7f986a683000-7f986a685000 r--s 00001000 08:02 3546308                    /home/mrli/.gradle/caches/transforms-1/files-1.1/lifecycle-viewmodel-2.1.0-alpha03.aar/4c55831df07e9846b97e520dd576c1d4/jars/classes.jar
7f986a685000-7f986a686000 r--s 0000a000 08:02 10488969                   /home/mrli/.gradle/caches/modules-2/files-2.1/androidx.collection/collection/1.1.0-alpha03/7c8e35b4d0933887a7047e5fcc43fd52045dcd54/collection-1.1.0-alpha03.jar
7f986a686000-7f986a687000 r--s 00007000 08:02 2229234                    /home/mrli/.gradle/caches/transforms-1/files-1.1/versionedparcelable-1.1.0-alpha02.aar/5fa88a43f4f2860421e3145b39380f0a/jars/classes.jar
7f986a687000-7f986a688000 r--s 00002000 08:02 3278406                    /home/mrli/.gradle/caches/transforms-1/files-1.1/lifecycle-runtime-2.1.0-alpha03.aar/3ef11bfdd5688b897c70425ee3967fd9/jars/classes.jar
7f986a688000-7f986a689000 r--s 00000000 08:02 2886252                    /home/mrli/.gradle/caches/transforms-1/files-1.1/lifecycle-service-2.0.0.aar/56dfcfafd3aeb0b89d50b601410e8e8a/jars/classes.jar
7f986a689000-7f986a68a000 r--s 00001000 08:02 2886246                    /home/mrli/.gradle/caches/transforms-1/files-1.1/lifecycle-process-2.0.0.aar/21243fff3f6fedeca4cdbe6daf0bacb3/jars/classes.jar
7f986a68a000-7f986a696000 r--s 00098000 08:02 2228997                    /home/mrli/.gradle/caches/transforms-1/files-1.1/core-1.1.0-alpha05.aar/25440ca4a71709995e538e3ca8624632/jars/classes.jar
7f986a696000-7f986a69a000 r--s 00029000 08:02 4587805                    /home/mrli/.gradle/caches/transforms-1/files-1.1/transition-1.0.0.aar/d9749f51c22377bcf82938bbe41ea1bf/jars/classes.jar
7f986a69a000-7f986a69c000 r--s 00007000 08:02 3546315                    /home/mrli/.gradle/caches/transforms-1/files-1.1/vectordrawable-1.0.1.aar/e1b1d236b01214163b3f29d838d512d5/jars/classes.jar
7f986a69c000-7f986a69d000 r--s 00002000 08:02 3546301                    /home/mrli/.gradle/caches/transforms-1/files-1.1/activity-1.0.0-alpha05.aar/6bdaf4ef55e61419e8bc53202aec2457/jars/classes.jar
7f986a69d000-7f986a6a5000 r--s 00050000 08:02 14159979                   /home/mrli/.gradle/caches/transforms-1/files-1.1/media-1.0.0-beta01.aar/54353f35895e3e7a1669d2f0e8192e55/jars/classes.jar
7f986a6a5000-7f986a6ab000 r--s 00057000 08:02 4587780                    /home/mrli/.gradle/caches/transforms-1/files-1.1/recyclerview-1.0.0.aar/d66a60f49e8b51f4dbaf5c5677c829b0/jars/classes.jar
7f986a6ab000-7f986a6ad000 r--s 0000e000 08:02 3149654                    /home/mrli/.gradle/caches/transforms-1/files-1.1/appcompat-resources-1.1.0-alpha03.aar/9572bb6cd63efa3b521453e338d0009b/jars/classes.jar
7f986a6ad000-7f986a6b0000 r--s 00028000 08:02 3546289                    /home/mrli/.gradle/caches/transforms-1/files-1.1/fragment-1.1.0-alpha05.aar/3ae00bf88ef0eb84b1f3424693699079/jars/classes.jar
7f986a6b0000-7f986a6b1000 r--s 00000000 08:02 13373549                   /home/mrli/.gradle/caches/transforms-1/files-1.1/legacy-support-v4-1.0.0-beta01.aar/32cc405935353eb053a3189b610fc1fc/jars/classes.jar
7f986a6b1000-7f986a6b2000 r--s 00000000 08:02 2886240                    /home/mrli/.gradle/caches/transforms-1/files-1.1/lifecycle-extensions-2.0.0.aar/1663bfbcb1a769bc9440dc72c969fee3/jars/classes.jar
7f986a6b2000-7f986a6be000 r--s 0006b000 08:02 3409866                    /home/mrli/.gradle/caches/transforms-1/files-1.1/glide-3.7.0.jar/e2d5de14aaaa24c760cefa6dfea410c4/jetified-glide-3.7.0.jar
7f986a6be000-7f986a6c0000 r--s 00002000 08:02 3409821                    /home/mrli/.gradle/caches/transforms-1/files-1.1/converter-scalars-2.5.0.jar/727029ac6562af644b962cf04b4ea21d/jetified-converter-scalars-2.5.0.jar
7f986a6c0000-7f986a6c1000 r--s 00001000 08:02 3149652                    /home/mrli/.gradle/caches/transforms-1/files-1.1/converter-gson-2.3.0.jar/564fe50f77fdf7971b1a112b3aca4a1e/jetified-converter-gson-2.3.0.jar
7f986a6c1000-7f986a6cb000 r--s 0009c000 08:02 3017580                    /home/mrli/.gradle/caches/transforms-1/files-1.1/appcompat-1.1.0-alpha03.aar/a560e691ba82eed8b1834df7323d3e7c/jars/classes.jar
7f986a6cb000-7f986a6d5000 r--s 00077000 08:02 4458614                    /home/mrli/.gradle/caches/transforms-1/files-1.1/material-1.0.0.aar/82297c7af9236e57d79a926a220772df/jars/classes.jar
7f986a6d5000-7f986a6d6000 r--s 00002000 08:02 4587790                    /home/mrli/.gradle/caches/transforms-1/files-1.1/StatusBarCompat-2.3.0.aar/de9273e4c9b0f0cb6e4b41bee257a040/jars/classes.jar
7f986a6d6000-7f986a6db000 r--s 00048000 08:02 3017568                    /home/mrli/.gradle/caches/transforms-1/files-1.1/constraintlayout-2.0.0-alpha3.aar/d59216fbb29ec2dd0a2dce816cba8042/jars/classes.jar
7f986a6db000-7f986a6dc000 r--s 00002000 08:02 2753988                    /home/mrli/.gradle/caches/transforms-1/files-1.1/jetified-dagger-android-support-2.17.aar/72dd95a8919b1f57ae648e7c075ec21f/jars/classes.jar
7f986a6dc000-7f986a6df000 r--s 0000e000 08:02 3676994                    /home/mrli/.gradle/caches/transforms-1/files-1.1/databinding-runtime-3.3.0.aar/f6589f337368ef15390fd7f8bad8fa86/jars/classes.jar
7f986a6df000-7f986a8df000 rw-p 00000000 00:00 0 
7f986a8df000-7f986aadf000 rw-p 00000000 00:00 0 
7f986aadf000-7f986ac00000 r--s 02b7d000 08:02 924240                     /home/mrli/Android/Sdk/platforms/android-28/android.jar
7f986ac00000-7f986ae00000 rw-p 00000000 00:00 0 
7f986ae00000-7f986b000000 rw-p 00000000 00:00 0 
7f986b000000-7f986b200000 rw-p 00000000 00:00 0 
7f986b200000-7f986b400000 rw-p 00000000 00:00 0 
7f986b400000-7f986b600000 rw-p 00000000 00:00 0 
7f986b600000-7f986b800000 rw-p 00000000 00:00 0 
7f986b800000-7f986ba00000 rw-p 00000000 00:00 0 
7f986ba00000-7f986bc00000 rw-p 00000000 00:00 0 
7f986bc00000-7f986be00000 rw-p 00000000 00:00 0 
7f986be00000-7f986c000000 rw-p 00000000 00:00 0 
7f986c000000-7f986c021000 rw-p 00000000 00:00 0 
7f986c021000-7f9870000000 ---p 00000000 00:00 0 
7f9870000000-7f9870021000 rw-p 00000000 00:00 0 
7f9870021000-7f9874000000 ---p 00000000 00:00 0 
7f9874000000-7f9874786000 rw-p 00000000 00:00 0 
7f9874786000-7f9878000000 ---p 00000000 00:00 0 
7f9878000000-7f9879a48000 rw-p 00000000 00:00 0 
7f9879a48000-7f987c000000 ---p 00000000 00:00 0 
7f987c000000-7f987c021000 rw-p 00000000 00:00 0 
7f987c021000-7f9880000000 ---p 00000000 00:00 0 
7f9880000000-7f9880021000 rw-p 00000000 00:00 0 
7f9880021000-7f9884000000 ---p 00000000 00:00 0 
7f9884000000-7f9884021000 rw-p 00000000 00:00 0 
7f9884021000-7f9888000000 ---p 00000000 00:00 0 
7f9888000000-7f9888035000 rw-p 00000000 00:00 0 
7f9888035000-7f988c000000 ---p 00000000 00:00 0 
7f988c000000-7f988c021000 rw-p 00000000 00:00 0 
7f988c021000-7f9890000000 ---p 00000000 00:00 0 
7f9890000000-7f9890003000 r--s 00011000 08:02 3804521                    /home/mrli/.gradle/caches/transforms-1/files-1.1/databinding-adapters-3.3.0.aar/54edc84c8b0556afc837e4577bced06c/jars/classes.jar
7f9890003000-7f989000a000 r--s 0001e000 08:02 10488394                   /home/mrli/.gradle/caches/modules-2/files-2.1/org.jetbrains.kotlin/kotlin-stdlib-common/1.3.11/d8b8e746e279f1c4f5e08bc14a96b82e6bb1de02/kotlin-stdlib-common-1.3.11.jar
7f989000a000-7f9890014000 r--s 00026000 08:02 10488403                   /home/mrli/.gradle/caches/modules-2/files-2.1/org.checkerframework/checker-qual/2.5.2/cea74543d5904a30861a61b4643a5f2bb372efc4/checker-qual-2.5.2.jar
7f9890014000-7f9890027000 r--s 0010e000 08:02 10488362                   /home/mrli/.gradle/caches/modules-2/files-2.1/org.jetbrains.kotlin/kotlin-stdlib/1.3.11/4cbc5922a54376018307a731162ccaf3ef851a39/kotlin-stdlib-1.3.11.jar
7f9890027000-7f9890028000 r--s 00000000 08:02 10488361                   /home/mrli/.gradle/caches/modules-2/files-2.1/org.jetbrains.kotlin/kotlin-stdlib-jdk7/1.3.11/4839661cf6ce3c14b65ed7dcf5b9249b44ecca16/kotlin-stdlib-jdk7-1.3.11.jar
7f9890028000-7f9890029000 r--s 00001000 08:02 10488374                   /home/mrli/.gradle/caches/modules-2/files-2.1/com.android.tools/annotations/26.3.0/850899c26903b514387f9f437398bc4095a91877/annotations-26.3.0.jar
7f9890029000-7f989002e000 r--s 00035000 08:02 4330288                    /home/mrli/.gradle/caches/transforms-1/files-1.1/gson-2.8.0.jar/19d7821a759369c2a900673705e5df9b/jetified-gson-2.8.0.jar
7f989002e000-7f9890031000 r--s 0001c000 08:02 10488353                   /home/mrli/.gradle/caches/modules-2/files-2.1/com.android.tools.build.jetifier/jetifier-core/1.0.0-beta02/fa93fdb83bdfd51e80e09a808fb2515a7134d406/jetifier-core-1.0.0-beta02.jar
7f9890031000-7f9890032000 r--s 00003000 08:02 10488383                   /home/mrli/.gradle/caches/modules-2/files-2.1/com.android.databinding/baseLibrary/3.3.0/155f0f7d0e66a992de6a8d73b7cbf71ed22ace60/baseLibrary-3.3.0.jar
7f9890032000-7f9890034000 r--s 00005000 08:02 10488737                   /home/mrli/.gradle/caches/modules-2/files-2.1/androidx.annotation/annotation/1.0.0/45599f2cd5965ac05a1488fa2a5c0cdd7c499ead/annotation-1.0.0.jar
7f9890034000-7f9890035000 r--s 00002000 08:02 10488612                   /home/mrli/.gradle/caches/modules-2/files-2.1/androidx.arch.core/core-common/2.0.0/bb21b9a11761451b51624ac428d1f1bb5deeac38/core-common-2.0.0.jar
7f9890035000-7f9890036000 r--s 00001000 08:02 925432                     /home/mrli/.gradle/caches/transforms-1/files-1.1/core-runtime-2.0.0.aar/1ab23e04d3c20fdf9bd3aacbdb887f9f/jars/classes.jar
7f9890036000-7f9890037000 r--s 00004000 08:02 10488610                   /home/mrli/.gradle/caches/modules-2/files-2.1/androidx.lifecycle/lifecycle-common/2.0.0/e070ffae07452331bc5684734fce6831d531785c/lifecycle-common-2.0.0.jar
7f9890037000-7f9890039000 r--s 00001000 08:02 925423                     /home/mrli/.gradle/caches/transforms-1/files-1.1/lifecycle-livedata-core-2.0.0.aar/83bd0e9c3bb7b26fdd72366627b37056/jars/classes.jar
7f9890039000-7f989003a000 r--s 00002000 08:02 925357                     /home/mrli/.gradle/caches/transforms-1/files-1.1/lifecycle-livedata-2.0.0.aar/35b9c8220fe5c6d505daf60afaeb2caf/jars/classes.jar
7f989003a000-7f989003b000 r--s 00001000 08:02 925437                     /home/mrli/.gradle/caches/transforms-1/files-1.1/interpolator-1.0.0.aar/dff922988ee663080bcd04bb326cf174/jars/classes.jar
7f989003b000-7f989003c000 r--s 00003000 08:02 926186                     /home/mrli/.gradle/caches/transforms-1/files-1.1/print-1.0.0.aar/560b9eae47724e4501b49748e3c18121/jars/classes.jar
7f989003c000-7f989003d000 r--s 00001000 08:02 926185                     /home/mrli/.gradle/caches/transforms-1/files-1.1/localbroadcastmanager-1.0.0.aar/6e322960aba1b67f1669001216d4b374/jars/classes.jar
7f989003d000-7f989003e000 r--s 00002000 08:02 925446                     /home/mrli/.gradle/caches/transforms-1/files-1.1/documentfile-1.0.0.aar/17d3b85b4a14d18910623247d688b2a2/jars/classes.jar
7f989003e000-7f989003f000 r--s 00002000 08:02 2494281                    /home/mrli/.gradle/caches/transforms-1/files-1.1/lifecycle-runtime-2.0.0.aar/6c3ef3f23f0cf6b6e55a4ea6444d1071/jars/classes.jar
7f989003f000-7f9890040000 r--s 00001000 08:02 926193                     /home/mrli/.gradle/caches/transforms-1/files-1.1/lifecycle-viewmodel-2.0.0.aar/d06bffb56fd63304494a4cac6df6331e/jars/classes.jar
7f9890040000-7f9890041000 r--s 00002000 08:02 925367                     /home/mrli/.gradle/caches/transforms-1/files-1.1/cursoradapter-1.0.0.aar/98bd0a2144c662165f937b733d4b6734/jars/classes.jar
7f9890041000-7f9890043000 r--s 00009000 08:02 10488601                   /home/mrli/.gradle/caches/modules-2/files-2.1/androidx.collection/collection/1.0.0/42858b26cafdaa69b6149f45dfc2894007bc2c7a/collection-1.0.0.jar
7f9890043000-7f9890044000 r--s 00006000 08:02 2754394                    /home/mrli/.gradle/caches/transforms-1/files-1.1/versionedparcelable-1.0.0.aar/9c8a6d28d120fbeae135da61b26d66c8/jars/classes.jar
7f9890044000-7f989004f000 r--s 0008d000 08:02 3411987                    /home/mrli/.gradle/caches/transforms-1/files-1.1/classes.jar/750efeccd0b755aa70419592542f7c7b/jetified-classes.jar
7f989004f000-7f9890050000 r--s 00001000 08:02 925350                     /home/mrli/.gradle/caches/transforms-1/files-1.1/asynclayoutinflater-1.0.0.aar/ff712f234ed832874476e23eb174360d/jars/classes.jar
7f9890050000-7f9890052000 r--s 00007000 08:02 925344                     /home/mrli/.gradle/caches/transforms-1/files-1.1/swiperefreshlayout-1.0.0.aar/8b46f6a1f5e4ba69a63946b92c99c017/jars/classes.jar
7f9890052000-7f9890054000 r--s 00007000 08:02 925336                     /home/mrli/.gradle/caches/transforms-1/files-1.1/customview-1.0.0.aar/14cd33e781c45f732bd02d6923382535/jars/classes.jar
7f9890054000-7f9890055000 r--s 00005000 08:02 925225                     /home/mrli/.gradle/caches/transforms-1/files-1.1/slidingpanelayout-1.0.0.aar/3cb2643b5c1a32c5cc629f137339ee5f/jars/classes.jar
7f9890055000-7f9890056000 r--s 00007000 08:02 14421901                   /home/mrli/.gradle/caches/transforms-1/files-1.1/drawerlayout-1.0.0.aar/f6fd8f149ed6e819a7696b06a61fa08f/jars/classes.jar
7f9890056000-7f9890058000 r--s 00009000 08:02 14421910                   /home/mrli/.gradle/caches/transforms-1/files-1.1/coordinatorlayout-1.0.0.aar/fe492a971d3eb675c9092c511866d9ed/jars/classes.jar
7f9890058000-7f989005a000 r--s 0000c000 08:02 14421896                   /home/mrli/.gradle/caches/transforms-1/files-1.1/viewpager-1.0.0.aar/5318abc5fbc434d93dc467c0726f7f3d/jars/classes.jar
7f989005a000-7f989005c000 r--s 00007000 08:02 14421888                   /home/mrli/.gradle/caches/transforms-1/files-1.1/loader-1.0.0.aar/58bec32f86a0176b6ab8241610eb704d/jars/classes.jar
7f989005c000-7f989005e000 r--s 00007000 08:02 14421919                   /home/mrli/.gradle/caches/transforms-1/files-1.1/vectordrawable-1.0.0.aar/26b8dd3f013d643135c0b589bad60e78/jars/classes.jar
7f989005e000-7f989005f000 r--s 00000000 08:02 14421882                   /home/mrli/.gradle/caches/transforms-1/files-1.1/legacy-support-core-utils-1.0.0.aar/c4012d1bcb011fbf50a3662a4bea4442/jars/classes.jar
7f989005f000-7f9890061000 r--s 00007000 08:02 14290458                   /home/mrli/.gradle/caches/transforms-1/files-1.1/vectordrawable-animated-1.0.0.aar/98d67706663147d9d3089e85fd2e571f/jars/classes.jar
7f9890061000-7f9890064000 r--s 00026000 08:02 14290818                   /home/mrli/.gradle/caches/transforms-1/files-1.1/fragment-1.0.0.aar/c9717389064a3c0d08c49eb55318a5d1/jars/classes.jar
7f9890064000-7f989006f000 r--s 000a6000 08:02 13767854                   /home/mrli/.gradle/caches/transforms-1/files-1.1/appcompat-1.0.0.aar/92e5cd224cd5657c13a1b9214f5889fc/jars/classes.jar
7f989006f000-7f989009a000 r--s 0028a000 08:02 10488740                   /home/mrli/.gradle/caches/modules-2/files-2.1/com.google.errorprone/javac-shaded/9-dev-r4023-3/72b688efd290280a0afde5f9892b0fde6f362d1d/javac-shaded-9-dev-r4023-3.jar
7f989009a000-7f98900b2000 r--s 00156000 08:02 3278429                    /home/mrli/.gradle/caches/transforms-1/files-1.1/antlr4-4.5.3.jar/62e4f04879822d1541016b03e8d2ae62/jetified-antlr4-4.5.3.jar
7f98900b2000-7f98900e7000 r--s 00271000 08:02 3804523                    /home/mrli/.gradle/caches/transforms-1/files-1.1/guava-26.0-jre.jar/7a30d678935b1cd08568df6b2d20fa18/jetified-guava-26.0-jre.jar
7f98900e7000-7f98900ea000 ---p 00000000 00:00 0 
7f98900ea000-7f98903e8000 rw-p 00000000 00:00 0 
7f98903e8000-7f98903e9000 r--s 00002000 08:02 14290514                   /home/mrli/.gradle/caches/transforms-1/files-1.1/legacy-support-core-ui-1.0.0.aar/6888f8021b2925be94325187cf886287/jars/classes.jar
7f98903e9000-7f98903ea000 r--s 00000000 08:02 10488405                   /home/mrli/.gradle/caches/modules-2/files-2.1/org.codehaus.mojo/animal-sniffer-annotations/1.14/775b7e22fb10026eed3f86e8dc556dfafe35f2d5/animal-sniffer-annotations-1.14.jar
7f98903ea000-7f98903ec000 r--s 00001000 08:02 10488404                   /home/mrli/.gradle/caches/modules-2/files-2.1/com.google.j2objc/j2objc-annotations/1.1/976d8d30bebc251db406f2bdb3eb01962b5685b3/j2objc-annotations-1.1.jar
7f98903ec000-7f98903ee000 r--s 00002000 08:02 2886292                    /home/mrli/.gradle/caches/transforms-1/files-1.1/error_prone_annotations-2.1.3.jar/c48914423000c8f58b4ff4614d13eb34/jetified-error_prone_annotations-2.1.3.jar
7f98903ee000-7f98903f0000 r--s 00003000 08:02 10488402                   /home/mrli/.gradle/caches/modules-2/files-2.1/com.google.code.findbugs/jsr305/3.0.2/25ea2e8b0c338a877313bd4672d3fe056ea78f0d/jsr305-3.0.2.jar
7f98903f0000-7f98903f3000 r--s 00033000 08:02 10488386                   /home/mrli/.gradle/caches/modules-2/files-2.1/com.googlecode.juniversalchardet/juniversalchardet/1.0.3/cd49678784c46aa8789c060538e0154013bb421b/juniversalchardet-1.0.3.jar
7f98903f3000-7f98903f9000 r--s 0003c000 08:02 3412707                    /home/mrli/.gradle/caches/transforms-1/files-1.1/commons-codec-1.9.jar/48436cd421021f2fbed40ee6153dd39e/jetified-commons-codec-1.9.jar
7f98903f9000-7f98903fd000 r--s 0002a000 08:02 3546357                    /home/mrli/.gradle/caches/transforms-1/files-1.1/commons-io-2.4.jar/0cf21bf3532183470d9930f9ec5195f9/jetified-commons-io-2.4.jar
7f98903fd000-7f98903ff000 r--s 00002000 08:02 10488344                   /home/mrli/.gradle/caches/modules-2/files-2.1/org.jetbrains.kotlin/kotlin-stdlib-jdk8/1.3.11/dd9bff00d6cfca58b6c1fe89be8e0678e35cf35f/kotlin-stdlib-jdk8-1.3.11.jar
7f98903ff000-7f98905ff000 rw-p 00000000 00:00 0 
7f98905ff000-7f98907ff000 rw-p 00000000 00:00 0 
7f98907ff000-7f98909ff000 rw-p 00000000 00:00 0 
7f98909ff000-7f9890bff000 rw-p 00000000 00:00 0 
7f9890bff000-7f9890dff000 rw-p 00000000 00:00 0 
7f9890dff000-7f9890fff000 rw-p 00000000 00:00 0 
7f9890fff000-7f9894000000 rw-p 00000000 00:00 0 
7f9894000000-7f9894021000 rw-p 00000000 00:00 0 
7f9894021000-7f9898000000 ---p 00000000 00:00 0 
7f9898000000-7f9898021000 rw-p 00000000 00:00 0 
7f9898021000-7f989c000000 ---p 00000000 00:00 0 
7f989c000000-7f989d8b2000 rw-p 00000000 00:00 0 
7f989d8b2000-7f98a0000000 ---p 00000000 00:00 0 
7f98a0000000-7f98a13e8000 rw-p 00000000 00:00 0 
7f98a13e8000-7f98a4000000 ---p 00000000 00:00 0 
7f98a4000000-7f98a4021000 rw-p 00000000 00:00 0 
7f98a4021000-7f98a8000000 ---p 00000000 00:00 0 
7f98a8000000-7f98a9716000 rw-p 00000000 00:00 0 
7f98a9716000-7f98ac000000 ---p 00000000 00:00 0 
7f98ac000000-7f98ac021000 rw-p 00000000 00:00 0 
7f98ac021000-7f98b0000000 ---p 00000000 00:00 0 
7f98b0000000-7f98b0021000 rw-p 00000000 00:00 0 
7f98b0021000-7f98b4000000 ---p 00000000 00:00 0 
7f98b4000000-7f98b4021000 rw-p 00000000 00:00 0 
7f98b4021000-7f98b8000000 ---p 00000000 00:00 0 
7f98b8000000-7f98b82c0000 rw-p 00000000 00:00 0 
7f98b82c0000-7f98bc000000 ---p 00000000 00:00 0 
7f98bc000000-7f98bc039000 rw-p 00000000 00:00 0 
7f98bc039000-7f98c0000000 ---p 00000000 00:00 0 
7f98c0000000-7f98c0001000 r--s 00001000 08:02 10488741                   /home/mrli/.gradle/caches/modules-2/files-2.1/org.checkerframework/checker-compat-qual/2.3.0/69cb4fea55a9d89b8827d107f17c985cc1a76052/checker-compat-qual-2.3.0.jar
7f98c0001000-7f98c0002000 r--s 00003000 08:02 10488382                   /home/mrli/.gradle/caches/modules-2/files-2.1/androidx.databinding/databinding-common/3.3.0/9df1ac00e230e8e9aae9c6fae20415ac31dc5253/databinding-common-3.3.0.jar
7f98c0002000-7f98c0003000 r--s 00000000 08:02 10488399                   /home/mrli/.gradle/caches/modules-2/files-2.1/javax.inject/javax.inject/1/6975da39a7040257bd51d21a231b76c915872d38/javax.inject-1.jar
7f98c0003000-7f98c0004000 r--s 00001000 08:02 10488742                   /home/mrli/.gradle/caches/modules-2/files-2.1/javax.annotation/jsr250-api/1.0/5025422767732a1ab45d93abfea846513d742dcf/jsr250-api-1.0.jar
7f98c0004000-7f98c0006000 r--s 00017000 08:02 3411989                    /home/mrli/.gradle/caches/transforms-1/files-1.1/javapoet-1.11.0.jar/92ccab30f7b7f6294ebdb41b8f345419/jetified-javapoet-1.11.0.jar
7f98c0006000-7f98c000d000 r--s 00052000 08:02 10488331                   /home/mrli/.gradle/caches/modules-2/files-2.1/androidx.databinding/databinding-compiler-common/3.3.0/d940cafe799b457249e57fbc87eb9b7e656c1fc7/databinding-compiler-common-3.3.0.jar
7f98c000d000-7f98c0011000 r--s 00033000 08:02 3676979                    /home/mrli/.gradle/caches/transforms-1/files-1.1/google-java-format-1.5.jar/a5e35f35b36113325ab6425640a60a57/jetified-google-java-format-1.5.jar
7f98c0011000-7f98c0013000 r--s 00008000 08:02 10488690                   /home/mrli/.gradle/caches/modules-2/files-2.1/com.google.dagger/dagger/2.17/25e4130ca54cb143c58f707ecfd3f6936f39592f/dagger-2.17.jar
7f98c0013000-7f98c0213000 rw-p 00000000 00:00 0 
7f98c0213000-7f98c0215000 r--s 00006000 08:02 2753993                    /home/mrli/.gradle/caches/transforms-1/files-1.1/jetified-dagger-android-2.17.aar/59296b7fbab770ea72c71fa2a6831781/jars/classes.jar
7f98c0215000-7f98c0220000 r--s 000fd000 08:02 10488751                   /home/mrli/.gradle/caches/modules-2/files-2.1/androidx.databinding/databinding-compiler/3.3.0/25f99ed340a7437bcad69b5464632cfcbddac420/databinding-compiler-3.3.0.jar
7f98c0220000-7f98c0420000 rw-p 00000000 00:00 0 
7f98c0420000-7f98c0423000 r--s 0000f000 08:02 10488748                   /home/mrli/.gradle/caches/modules-2/files-2.1/com.google.dagger/dagger-producers/2.17/4de9b6628c2868ee03786be63f6ef27c662a007c/dagger-producers-2.17.jar
7f98c0423000-7f98c0433000 r--s 000e3000 08:02 10488750                   /home/mrli/.gradle/caches/modules-2/files-2.1/com.google.dagger/dagger-compiler/2.17/2c363c15fe60d3183b1ca8c170cc39a9a4000be4/dagger-compiler-2.17.jar
7f98c0433000-7f98c0440000 r--s 000bb000 08:02 10488955                   /home/mrli/.gradle/caches/modules-2/files-2.1/org.jetbrains.kotlinx/kotlinx-coroutines-core/1.1.1/3d2b7321cdef9ebf9cb7729ea4f75a6f6457df86/kotlinx-coroutines-core-1.1.1.jar
7f98c0440000-7f98c0443000 r--s 0001c000 08:02 10488747                   /home/mrli/.gradle/caches/modules-2/files-2.1/com.google.dagger/dagger-spi/2.17/d4d7369dbaea57656fb9482d07c0ae5388d2dd0c/dagger-spi-2.17.jar
7f98c0443000-7f98c0446000 r--s 0001b000 08:02 10488749                   /home/mrli/.gradle/caches/modules-2/files-2.1/com.google.dagger/dagger-android-processor/2.17/e6fc953c4b9d8354a74f81cdf7aaf879a68e121d/dagger-android-processor-2.17.jar
7f98c0446000-7f98c044b000 r--s 00013000 08:02 10488971                   /home/mrli/.gradle/caches/modules-2/files-2.1/org.jetbrains.kotlinx/kotlinx-coroutines-core-common/1.1.1/7ed04382bdf0c89c5d87ac462aa4935ae8e85243/kotlinx-coroutines-core-common-1.1.1.jar
7f98c044b000-7f98c044f000 r--s 00018000 08:02 3409835                    /home/mrli/.gradle/caches/transforms-1/files-1.1/retrofit-2.5.0.jar/f7f7e52d1f92232f94101961772aac65/jetified-retrofit-2.5.0.jar
7f98c044f000-7f98c0452000 ---p 00000000 00:00 0 
7f98c0452000-7f98c0750000 rw-p 00000000 00:00 0 
7f98c0750000-7f98c0950000 rw-p 00000000 00:00 0 
7f98c0950000-7f98c0b50000 rw-p 00000000 00:00 0 
7f98c0b50000-7f98c0d50000 rw-p 00000000 00:00 0 
7f98c0d50000-7f98c0d57000 r--s 00050000 08:02 10489034                   /home/mrli/.gradle/caches/modules-2/files-2.1/org.jetbrains.kotlin/kotlin-annotation-processing-gradle/1.3.21/225aacd70ddfe71c72796bb317b3f12254c1ff3a/kotlin-annotation-processing-gradle-1.3.21.jar
7f98c0d57000-7f98c0d5f000 r--s 0004d000 08:02 10489035                   /home/mrli/.gradle/caches/modules-2/files-2.1/org.jetbrains.kotlin/kotlin-android-extensions/1.3.21/311c0d1cbb0a194e8712edaef7b92a8f0919ca26/kotlin-android-extensions-1.3.21.jar
7f98c0d5f000-7f98c0f5f000 rw-p 00000000 00:00 0 
7f98c0f5f000-7f98c115f000 rw-p 00000000 00:00 0 
7f98c115f000-7f98c135f000 rw-p 00000000 00:00 0 
7f98c135f000-7f98c1362000 ---p 00000000 00:00 0 
7f98c1362000-7f98c1460000 rw-p 00000000 00:00 0 
7f98c1460000-7f98c1463000 ---p 00000000 00:00 0 
7f98c1463000-7f98c1561000 rw-p 00000000 00:00 0 
7f98c1561000-7f98c1564000 ---p 00000000 00:00 0 
7f98c1564000-7f98c1662000 rw-p 00000000 00:00 0 
7f98c1662000-7f98c1669000 r--s 00000000 08:02 10881807                   /usr/lib/x86_64-linux-gnu/gconv/gconv-modules.cache
7f98c1669000-7f98c168a000 r--p 00000000 08:02 11932033                   /usr/share/locale-langpack/zh_CN/LC_MESSAGES/libc.mo
7f98c168a000-7f98c188a000 rw-p 00000000 00:00 0 
7f98c188a000-7f98c188d000 ---p 00000000 00:00 0 
7f98c188d000-7f98c198b000 rw-p 00000000 00:00 0 
7f98c198b000-7f98c198e000 ---p 00000000 00:00 0 
7f98c198e000-7f98c1a8c000 rw-p 00000000 00:00 0 
7f98c1a8c000-7f98c1a8f000 ---p 00000000 00:00 0 
7f98c1a8f000-7f98c1b8d000 rw-p 00000000 00:00 0 
7f98c1b8d000-7f98c1b90000 ---p 00000000 00:00 0 
7f98c1b90000-7f98c1c8e000 rw-p 00000000 00:00 0 
7f98c1c8e000-7f98c1c91000 ---p 00000000 00:00 0 
7f98c1c91000-7f98c1d8f000 rw-p 00000000 00:00 0 
7f98c1d8f000-7f98c1d92000 ---p 00000000 00:00 0 
7f98c1d92000-7f98c1e90000 rw-p 00000000 00:00 0 
7f98c1e90000-7f98c1f09000 r--s 010fd000 08:02 11945114                   /home/mrli/android-studio/jre/lib/tools.jar
7f98c1f09000-7f98c1f10000 r--s 0001f000 08:02 10488848                   /home/mrli/.gradle/caches/modules-2/files-2.1/org.jetbrains.kotlin/kotlin-stdlib-common/1.3.21/f30e4a9897913e53d778f564110bafa1fef46643/kotlin-stdlib-common-1.3.21.jar
7f98c1f10000-7f98c1f26000 r-xp 00000000 08:02 11945211                   /home/mrli/android-studio/jre/jre/lib/amd64/libnet.so
7f98c1f26000-7f98c2125000 ---p 00016000 08:02 11945211                   /home/mrli/android-studio/jre/jre/lib/amd64/libnet.so
7f98c2125000-7f98c2126000 r--p 00015000 08:02 11945211                   /home/mrli/android-studio/jre/jre/lib/amd64/libnet.so
7f98c2126000-7f98c2127000 rw-p 00016000 08:02 11945211                   /home/mrli/android-studio/jre/jre/lib/amd64/libnet.so
7f98c2127000-7f98c2138000 r-xp 00000000 08:02 11945232                   /home/mrli/android-studio/jre/jre/lib/amd64/libnio.so
7f98c2138000-7f98c2337000 ---p 00011000 08:02 11945232                   /home/mrli/android-studio/jre/jre/lib/amd64/libnio.so
7f98c2337000-7f98c2338000 r--p 00010000 08:02 11945232                   /home/mrli/android-studio/jre/jre/lib/amd64/libnio.so
7f98c2338000-7f98c2339000 rw-p 00011000 08:02 11945232                   /home/mrli/android-studio/jre/jre/lib/amd64/libnio.so
7f98c2339000-7f98c2342000 r-xp 00000000 08:02 11945208                   /home/mrli/android-studio/jre/jre/lib/amd64/libmanagement.so
7f98c2342000-7f98c2541000 ---p 00009000 08:02 11945208                   /home/mrli/android-studio/jre/jre/lib/amd64/libmanagement.so
7f98c2541000-7f98c2542000 r--p 00008000 08:02 11945208                   /home/mrli/android-studio/jre/jre/lib/amd64/libmanagement.so
7f98c2542000-7f98c2543000 rw-p 00009000 08:02 11945208                   /home/mrli/android-studio/jre/jre/lib/amd64/libmanagement.so
7f98c2543000-7f98c2722000 r--s 01b19000 08:02 10489036                   /home/mrli/.gradle/caches/modules-2/files-2.1/org.jetbrains.kotlin/kotlin-compiler-embeddable/1.3.21/677cc9553b8964c895abc76da9b6a0faea8f671d/kotlin-compiler-embeddable-1.3.21.jar
7f98c2722000-7f98c2723000 ---p 00000000 00:00 0 
7f98c2723000-7f98c2823000 rw-p 00000000 00:00 0 
7f98c2823000-7f98c2826000 ---p 00000000 00:00 0 
7f98c2826000-7f98c2924000 rw-p 00000000 00:00 0 
7f98c2924000-7f98c2925000 ---p 00000000 00:00 0 
7f98c2925000-7f98c2928000 ---p 00000000 00:00 0 
7f98c2928000-7f98c2a25000 rw-p 00000000 00:00 0 
7f98c2a25000-7f98c2a26000 ---p 00000000 00:00 0 
7f98c2a26000-7f98c2a29000 ---p 00000000 00:00 0 
7f98c2a29000-7f98c2b26000 rw-p 00000000 00:00 0 
7f98c2b26000-7f98c2b27000 ---p 00000000 00:00 0 
7f98c2b27000-7f98c2b2a000 ---p 00000000 00:00 0 
7f98c2b2a000-7f98c2c27000 rw-p 00000000 00:00 0 
7f98c2c27000-7f98c2c2a000 ---p 00000000 00:00 0 
7f98c2c2a000-7f98c2d28000 rw-p 00000000 00:00 0 
7f98c2d28000-7f98c36f7000 r--p 00000000 08:02 10623654                   /usr/lib/locale/locale-archive
7f98c36f7000-7f98c36fa000 ---p 00000000 00:00 0 
7f98c36fa000-7f98c37f8000 rw-p 00000000 00:00 0 
7f98c37f8000-7f98c37fb000 ---p 00000000 00:00 0 
7f98c37fb000-7f98c38f9000 rw-p 00000000 00:00 0 
7f98c38f9000-7f98c38fa000 ---p 00000000 00:00 0 
7f98c38fa000-7f98c4000000 rw-p 00000000 00:00 0 
7f98c4000000-7f98c402c000 rw-p 00000000 00:00 0 
7f98c402c000-7f98c8000000 ---p 00000000 00:00 0 
7f98c8000000-7f98cc000000 rw-p 00000000 00:00 0 
7f98cc000000-7f98cc021000 rw-p 00000000 00:00 0 
7f98cc021000-7f98d0000000 ---p 00000000 00:00 0 
7f98d0000000-7f98d0002000 r--s 00006000 08:02 3936262                    /home/mrli/.gradle/caches/transforms-1/files-1.1/dagger-android-jarimpl-2.17.jar/8120d0f478fa5a9f4a2eb9232aa570cb/jetified-dagger-android-jarimpl-2.17.jar
7f98d0002000-7f98d0003000 r--s 00002000 08:02 3278403                    /home/mrli/.gradle/caches/transforms-1/files-1.1/kotlin-3.0.0.aar/c63719953c259e2abaa85cc4e09374e0/jars/classes.jar
7f98d0003000-7f98d001e000 r--s 00394000 08:02 11945190                   /home/mrli/android-studio/jre/jre/lib/ext/cldrdata.jar
7f98d001e000-7f98d0055000 r--s 00255000 08:02 10488835                   /home/mrli/.gradle/caches/modules-2/files-2.1/org.jetbrains.kotlin/kotlin-reflect/1.3.21/d0d5ff2ac2ebd8a42697af41e20fc225a23c5d3b/kotlin-reflect-1.3.21.jar
7f98d0055000-7f98d1000000 rw-p 00000000 00:00 0 
7f98d1000000-7f98d4110000 rwxp 00000000 00:00 0 
7f98d4110000-7f98e0000000 ---p 00000000 00:00 0 
7f98e0000000-7f98e040a000 rw-p 00000000 00:00 0 
7f98e040a000-7f98e4000000 ---p 00000000 00:00 0 
7f98e4000000-7f98e4001000 r--s 00004000 08:02 2623567                    /home/mrli/.gradle/caches/transforms-1/files-1.1/kotlinx-coroutines-android-1.1.1.jar/3dcfae8a45b87f813a360d39ad881d25/jetified-kotlinx-coroutines-android-1.1.1.jar
7f98e4001000-7f98e4006000 r--s 0009a000 08:02 11945263                   /home/mrli/android-studio/jre/jre/lib/jsse.jar
7f98e4006000-7f98e4011000 r--s 00081000 08:02 10488847                   /home/mrli/.gradle/caches/modules-2/files-2.1/org.jetbrains.intellij.deps/trove4j/1.0.20181211/216c2e14b070f334479d800987affe4054cd563f/trove4j-1.0.20181211.jar
7f98e4011000-7f98e4282000 rw-p 00000000 00:00 0 
7f98e4282000-7f98e4453000 r--s 03c88000 08:02 11945248                   /home/mrli/android-studio/jre/jre/lib/rt.jar
7f98e4453000-7f98e48c9000 rw-p 00000000 00:00 0 
7f98e48c9000-7f98e48ca000 ---p 00000000 00:00 0 
7f98e48ca000-7f98e49ca000 rw-p 00000000 00:00 0 
7f98e49ca000-7f98e49cb000 ---p 00000000 00:00 0 
7f98e49cb000-7f98e4acb000 rw-p 00000000 00:00 0 
7f98e4acb000-7f98e4acc000 ---p 00000000 00:00 0 
7f98e4acc000-7f98e4bcc000 rw-p 00000000 00:00 0 
7f98e4bcc000-7f98e4bcd000 ---p 00000000 00:00 0 
7f98e4bcd000-7f98e4d0d000 rw-p 00000000 00:00 0 
7f98e4d0d000-7f98e4f78000 ---p 00000000 00:00 0 
7f98e4f78000-7f98e4fb8000 rw-p 00000000 00:00 0 
7f98e4fb8000-7f98e5222000 ---p 00000000 00:00 0 
7f98e5222000-7f98e52c2000 rw-p 00000000 00:00 0 
7f98e52c2000-7f98e5378000 ---p 00000000 00:00 0 
7f98e5378000-7f98e543e000 rw-p 00000000 00:00 0 
7f98e543e000-7f98e5739000 ---p 00000000 00:00 0 
7f98e5739000-7f98e5753000 r-xp 00000000 08:02 11945207                   /home/mrli/android-studio/jre/jre/lib/amd64/libzip.so
7f98e5753000-7f98e5952000 ---p 0001a000 08:02 11945207                   /home/mrli/android-studio/jre/jre/lib/amd64/libzip.so
7f98e5952000-7f98e5953000 r--p 00019000 08:02 11945207                   /home/mrli/android-studio/jre/jre/lib/amd64/libzip.so
7f98e5953000-7f98e5954000 rw-p 0001a000 08:02 11945207                   /home/mrli/android-studio/jre/jre/lib/amd64/libzip.so
7f98e5954000-7f98e595f000 r-xp 00000000 08:02 8786625                    /lib/x86_64-linux-gnu/libnss_files-2.27.so
7f98e595f000-7f98e5b5e000 ---p 0000b000 08:02 8786625                    /lib/x86_64-linux-gnu/libnss_files-2.27.so
7f98e5b5e000-7f98e5b5f000 r--p 0000a000 08:02 8786625                    /lib/x86_64-linux-gnu/libnss_files-2.27.so
7f98e5b5f000-7f98e5b60000 rw-p 0000b000 08:02 8786625                    /lib/x86_64-linux-gnu/libnss_files-2.27.so
7f98e5b60000-7f98e5b66000 rw-p 00000000 00:00 0 
7f98e5b66000-7f98e5b7d000 r-xp 00000000 08:02 8786619                    /lib/x86_64-linux-gnu/libnsl-2.27.so
7f98e5b7d000-7f98e5d7c000 ---p 00017000 08:02 8786619                    /lib/x86_64-linux-gnu/libnsl-2.27.so
7f98e5d7c000-7f98e5d7d000 r--p 00016000 08:02 8786619                    /lib/x86_64-linux-gnu/libnsl-2.27.so
7f98e5d7d000-7f98e5d7e000 rw-p 00017000 08:02 8786619                    /lib/x86_64-linux-gnu/libnsl-2.27.so
7f98e5d7e000-7f98e5d80000 rw-p 00000000 00:00 0 
7f98e5d80000-7f98e5d8b000 r-xp 00000000 08:02 8786636                    /lib/x86_64-linux-gnu/libnss_nis-2.27.so
7f98e5d8b000-7f98e5f8a000 ---p 0000b000 08:02 8786636                    /lib/x86_64-linux-gnu/libnss_nis-2.27.so
7f98e5f8a000-7f98e5f8b000 r--p 0000a000 08:02 8786636                    /lib/x86_64-linux-gnu/libnss_nis-2.27.so
7f98e5f8b000-7f98e5f8c000 rw-p 0000b000 08:02 8786636                    /lib/x86_64-linux-gnu/libnss_nis-2.27.so
7f98e5f8c000-7f98e5f94000 r-xp 00000000 08:02 8786621                    /lib/x86_64-linux-gnu/libnss_compat-2.27.so
7f98e5f94000-7f98e6194000 ---p 00008000 08:02 8786621                    /lib/x86_64-linux-gnu/libnss_compat-2.27.so
7f98e6194000-7f98e6195000 r--p 00008000 08:02 8786621                    /lib/x86_64-linux-gnu/libnss_compat-2.27.so
7f98e6195000-7f98e6196000 rw-p 00009000 08:02 8786621                    /lib/x86_64-linux-gnu/libnss_compat-2.27.so
7f98e6196000-7f98e61c3000 r-xp 00000000 08:02 11945215                   /home/mrli/android-studio/jre/jre/lib/amd64/libjava.so
7f98e61c3000-7f98e63c2000 ---p 0002d000 08:02 11945215                   /home/mrli/android-studio/jre/jre/lib/amd64/libjava.so
7f98e63c2000-7f98e63c3000 r--p 0002c000 08:02 11945215                   /home/mrli/android-studio/jre/jre/lib/amd64/libjava.so
7f98e63c3000-7f98e63c5000 rw-p 0002d000 08:02 11945215                   /home/mrli/android-studio/jre/jre/lib/amd64/libjava.so
7f98e63c5000-7f98e63d6000 r-xp 00000000 08:02 11945203                   /home/mrli/android-studio/jre/jre/lib/amd64/libverify.so
7f98e63d6000-7f98e65d5000 ---p 00011000 08:02 11945203                   /home/mrli/android-studio/jre/jre/lib/amd64/libverify.so
7f98e65d5000-7f98e65d7000 r--p 00010000 08:02 11945203                   /home/mrli/android-studio/jre/jre/lib/amd64/libverify.so
7f98e65d7000-7f98e65d8000 rw-p 00012000 08:02 11945203                   /home/mrli/android-studio/jre/jre/lib/amd64/libverify.so
7f98e65d8000-7f98e65df000 r-xp 00000000 08:02 8786676                    /lib/x86_64-linux-gnu/librt-2.27.so
7f98e65df000-7f98e67de000 ---p 00007000 08:02 8786676                    /lib/x86_64-linux-gnu/librt-2.27.so
7f98e67de000-7f98e67df000 r--p 00006000 08:02 8786676                    /lib/x86_64-linux-gnu/librt-2.27.so
7f98e67df000-7f98e67e0000 rw-p 00007000 08:02 8786676                    /lib/x86_64-linux-gnu/librt-2.27.so
7f98e67e0000-7f98e697d000 r-xp 00000000 08:02 8786598                    /lib/x86_64-linux-gnu/libm-2.27.so
7f98e697d000-7f98e6b7c000 ---p 0019d000 08:02 8786598                    /lib/x86_64-linux-gnu/libm-2.27.so
7f98e6b7c000-7f98e6b7d000 r--p 0019c000 08:02 8786598                    /lib/x86_64-linux-gnu/libm-2.27.so
7f98e6b7d000-7f98e6b7e000 rw-p 0019d000 08:02 8786598                    /lib/x86_64-linux-gnu/libm-2.27.so
7f98e6b7e000-7f98e77ea000 r-xp 00000000 08:02 11945225                   /home/mrli/android-studio/jre/jre/lib/amd64/server/libjvm.so
7f98e77ea000-7f98e79ea000 ---p 00c6c000 08:02 11945225                   /home/mrli/android-studio/jre/jre/lib/amd64/server/libjvm.so
7f98e79ea000-7f98e7a7e000 r--p 00c6c000 08:02 11945225                   /home/mrli/android-studio/jre/jre/lib/amd64/server/libjvm.so
7f98e7a7e000-7f98e7aa6000 rw-p 00d00000 08:02 11945225                   /home/mrli/android-studio/jre/jre/lib/amd64/server/libjvm.so
7f98e7aa6000-7f98e7ad7000 rw-p 00000000 00:00 0 
7f98e7ad7000-7f98e7cbe000 r-xp 00000000 08:02 8786535                    /lib/x86_64-linux-gnu/libc-2.27.so
7f98e7cbe000-7f98e7ebe000 ---p 001e7000 08:02 8786535                    /lib/x86_64-linux-gnu/libc-2.27.so
7f98e7ebe000-7f98e7ec2000 r--p 001e7000 08:02 8786535                    /lib/x86_64-linux-gnu/libc-2.27.so
7f98e7ec2000-7f98e7ec4000 rw-p 001eb000 08:02 8786535                    /lib/x86_64-linux-gnu/libc-2.27.so
7f98e7ec4000-7f98e7ec8000 rw-p 00000000 00:00 0 
7f98e7ec8000-7f98e7ecb000 r-xp 00000000 08:02 8786558                    /lib/x86_64-linux-gnu/libdl-2.27.so
7f98e7ecb000-7f98e80ca000 ---p 00003000 08:02 8786558                    /lib/x86_64-linux-gnu/libdl-2.27.so
7f98e80ca000-7f98e80cb000 r--p 00002000 08:02 8786558                    /lib/x86_64-linux-gnu/libdl-2.27.so
7f98e80cb000-7f98e80cc000 rw-p 00003000 08:02 8786558                    /lib/x86_64-linux-gnu/libdl-2.27.so
7f98e80cc000-7f98e80e2000 r-xp 00000000 08:02 11945195                   /home/mrli/android-studio/jre/jre/lib/amd64/jli/libjli.so
7f98e80e2000-7f98e82e2000 ---p 00016000 08:02 11945195                   /home/mrli/android-studio/jre/jre/lib/amd64/jli/libjli.so
7f98e82e2000-7f98e82e3000 r--p 00016000 08:02 11945195                   /home/mrli/android-studio/jre/jre/lib/amd64/jli/libjli.so
7f98e82e3000-7f98e82e4000 rw-p 00017000 08:02 11945195                   /home/mrli/android-studio/jre/jre/lib/amd64/jli/libjli.so
7f98e82e4000-7f98e82fe000 r-xp 00000000 08:02 8786668                    /lib/x86_64-linux-gnu/libpthread-2.27.so
7f98e82fe000-7f98e84fd000 ---p 0001a000 08:02 8786668                    /lib/x86_64-linux-gnu/libpthread-2.27.so
7f98e84fd000-7f98e84fe000 r--p 00019000 08:02 8786668                    /lib/x86_64-linux-gnu/libpthread-2.27.so
7f98e84fe000-7f98e84ff000 rw-p 0001a000 08:02 8786668                    /lib/x86_64-linux-gnu/libpthread-2.27.so
7f98e84ff000-7f98e8503000 rw-p 00000000 00:00 0 
7f98e8503000-7f98e852a000 r-xp 00000000 08:02 8786507                    /lib/x86_64-linux-gnu/ld-2.27.so
7f98e852a000-7f98e852b000 r--s 00000000 08:02 10488833                   /home/mrli/.gradle/caches/modules-2/files-2.1/org.jetbrains.kotlin/kotlin-stdlib-jdk7/1.3.21/d207ce2c9bcf17dc8e51bab4dbfdac4d013e7138/kotlin-stdlib-jdk7-1.3.21.jar
7f98e852b000-7f98e852c000 r--s 00015000 08:02 3411320                    /home/mrli/.gradle/caches/transforms-1/files-1.1/okio-1.15.0.jar/fcc1b19d1d3052ea32b679b3cf06042a/jetified-okio-1.15.0.jar
7f98e852c000-7f98e852d000 r--s 00001000 08:02 1968304                    /home/mrli/.gradle/caches/transforms-1/files-1.1/lifecycle-viewmodel-ktx-2.1.0-alpha03.aar/8d35b896ca9cc0a8d9c345828c3224e4/jars/classes.jar
7f98e852d000-7f98e8540000 r--s 0010f000 08:02 10488837                   /home/mrli/.gradle/caches/modules-2/files-2.1/org.jetbrains.kotlin/kotlin-stdlib/1.3.21/4bcc2012b84840e19e1e28074284cac908be0295/kotlin-stdlib-1.3.21.jar
7f98e8540000-7f98e860c000 rw-p 00000000 00:00 0 
7f98e860c000-7f98e860d000 ---p 00000000 00:00 0 
7f98e860d000-7f98e8610000 ---p 00000000 00:00 0 
7f98e8610000-7f98e8711000 rw-p 00000000 00:00 0 
7f98e8711000-7f98e8712000 r--s 00002000 08:02 3804508                    /home/mrli/.gradle/caches/transforms-1/files-1.1/dagger-android-support-jarimpl-2.17.jar/fc569810d1027b0cb217e2681afd9460/jetified-dagger-android-support-jarimpl-2.17.jar
7f98e8712000-7f98e8714000 r--s 00003000 08:02 10488395                   /home/mrli/.gradle/caches/modules-2/files-2.1/org.jetbrains/annotations/13.0/919f0dfe192fb4e063e7dacadee7f8bb9a2672a9/annotations-13.0.jar
7f98e8714000-7f98e8716000 r--s 00009000 08:02 10489038                   /home/mrli/.gradle/caches/modules-2/files-2.1/org.jetbrains.kotlin/kotlin-script-runtime/1.3.21/29363d474ee6fda354900636320a177c7286def9/kotlin-script-runtime-1.3.21.jar
7f98e8716000-7f98e8720000 r--s 00116000 08:02 11945188                   /home/mrli/android-studio/jre/jre/lib/ext/localedata.jar
7f98e8720000-7f98e8728000 rw-s 00000000 08:02 10633054                   /tmp/hsperfdata_mrli/3817
7f98e8728000-7f98e8729000 rw-p 00000000 00:00 0 
7f98e8729000-7f98e872a000 ---p 00000000 00:00 0 
7f98e872a000-7f98e872b000 r--p 00027000 08:02 8786507                    /lib/x86_64-linux-gnu/ld-2.27.so
7f98e872b000-7f98e872c000 rw-p 00028000 08:02 8786507                    /lib/x86_64-linux-gnu/ld-2.27.so
7f98e872c000-7f98e872d000 rw-p 00000000 00:00 0 
7fff6f259000-7fff6f27b000 rw-p 00000000 00:00 0                          [stack]
7fff6f2f3000-7fff6f2f6000 r--p 00000000 00:00 0                          [vvar]
7fff6f2f6000-7fff6f2f8000 r-xp 00000000 00:00 0                          [vdso]
ffffffffff600000-ffffffffff601000 r-xp 00000000 00:00 0                  [vsyscall]

VM Arguments:
jvm_args: -Djava.awt.headless=true -Djava.rmi.server.hostname=127.0.0.1 -Xmx2g -Dkotlin.environment.keepalive 
java_command: org.jetbrains.kotlin.daemon.KotlinCompileDaemon --daemon-runFilesPath /home/mrli/.local/share/kotlin/daemon --daemon-autoshutdownIdleSeconds=7200 --daemon-compilerClasspath /home/mrli/.gradle/caches/modules-2/files-2.1/org.jetbrains.kotlin/kotlin-compiler-embeddable/1.3.21/677cc9553b8964c895abc76da9b6a0faea8f671d/kotlin-compiler-embeddable-1.3.21.jar:/home/mrli/.gradle/caches/modules-2/files-2.1/org.jetbrains.kotlin/kotlin-reflect/1.3.21/d0d5ff2ac2ebd8a42697af41e20fc225a23c5d3b/kotlin-reflect-1.3.21.jar:/home/mrli/.gradle/caches/modules-2/files-2.1/org.jetbrains.kotlin/kotlin-stdlib/1.3.21/4bcc2012b84840e19e1e28074284cac908be0295/kotlin-stdlib-1.3.21.jar:/home/mrli/.gradle/caches/modules-2/files-2.1/org.jetbrains.kotlin/kotlin-script-runtime/1.3.21/29363d474ee6fda354900636320a177c7286def9/kotlin-script-runtime-1.3.21.jar:/home/mrli/.gradle/caches/modules-2/files-2.1/org.jetbrains.intellij.deps/trove4j/1.0.20181211/216c2e14b070f334479d800987affe4054cd563f/trove4j-1.0.20181211.jar:/home/mrli/.gradle/caches/modules-2/files-2.1/org.jetbrains.kotlin/kotlin-stdlib-common/1.3.21/f30e4a9897913e53d778f564110bafa1fef46643/kotlin-stdlib-common-1.3.21.jar:/home/mrli/.gradle/caches/modules-2/files-2.1/org.jetbrains/annotations/13.0/919f0dfe192fb4e063e7dacadee7f8bb9a2672a9/annotations-13.0.jar:/home/mrli/android-studio/jre/lib/tools.jar
java_class_path (initial): /home/mrli/.gradle/caches/modules-2/files-2.1/org.jetbrains.kotlin/kotlin-compiler-embeddable/1.3.21/677cc9553b8964c895abc76da9b6a0faea8f671d/kotlin-compiler-embeddable-1.3.21.jar:/home/mrli/.gradle/caches/modules-2/files-2.1/org.jetbrains.kotlin/kotlin-reflect/1.3.21/d0d5ff2ac2ebd8a42697af41e20fc225a23c5d3b/kotlin-reflect-1.3.21.jar:/home/mrli/.gradle/caches/modules-2/files-2.1/org.jetbrains.kotlin/kotlin-stdlib/1.3.21/4bcc2012b84840e19e1e28074284cac908be0295/kotlin-stdlib-1.3.21.jar:/home/mrli/.gradle/caches/modules-2/files-2.1/org.jetbrains.kotlin/kotlin-script-runtime/1.3.21/29363d474ee6fda354900636320a177c7286def9/kotlin-script-runtime-1.3.21.jar:/home/mrli/.gradle/caches/modules-2/files-2.1/org.jetbrains.intellij.deps/trove4j/1.0.20181211/216c2e14b070f334479d800987affe4054cd563f/trove4j-1.0.20181211.jar:/home/mrli/.gradle/caches/modules-2/files-2.1/org.jetbrains.kotlin/kotlin-stdlib-common/1.3.21/f30e4a9897913e53d778f564110bafa1fef46643/kotlin-stdlib-common-1.3.21.jar:/home/mrli/.gradle/caches/modules-2/files-2.1/org.jetbrains/annotations/13.0/919f0dfe192fb4e063e7dacadee7f8bb9a2672a9/annotations-13.0.jar:/home/mrli/android-studio/jre/lib/tools.jar
Launcher Type: SUN_STANDARD

Environment Variables:
JAVA_HOME=/usr/lib/jdk/jdk1.8.0_201
JRE_HOME=/usr/lib/jdk/jdk1.8.0_201/jre
CLASSPATH=/home/mrli/android-studio/lib/bootstrap.jar:/home/mrli/android-studio/lib/extensions.jar:/home/mrli/android-studio/lib/util.jar:/home/mrli/android-studio/lib/jdom.jar:/home/mrli/android-studio/lib/log4j.jar:/home/mrli/android-studio/lib/trove4j.jar:/home/mrli/android-studio/lib/jna.jar:/home/mrli/android-studio/jre/lib/tools.jar
PATH=/usr/lib/jdk/jdk1.8.0_201/bin:/usr/local/sbin:/usr/local/bin:/usr/sbin:/usr/bin:/sbin:/bin:/usr/games:/usr/local/games:/snap/bin
USERNAME=mrli
SHELL=/bin/zsh
DISPLAY=:0

Signal Handlers:
SIGSEGV: [libjvm.so+0xa71660], sa_mask[0]=11111111011111111101111111111110, sa_flags=SA_RESTART|SA_SIGINFO
SIGBUS: [libjvm.so+0xa71660], sa_mask[0]=11111111011111111101111111111110, sa_flags=SA_RESTART|SA_SIGINFO
SIGFPE: [libjvm.so+0x8b1770], sa_mask[0]=11111111011111111101111111111110, sa_flags=SA_RESTART|SA_SIGINFO
SIGPIPE: [libjvm.so+0x8b1770], sa_mask[0]=11111111011111111101111111111110, sa_flags=SA_RESTART|SA_SIGINFO
SIGXFSZ: [libjvm.so+0x8b1770], sa_mask[0]=11111111011111111101111111111110, sa_flags=SA_RESTART|SA_SIGINFO
SIGILL: [libjvm.so+0x8b1770], sa_mask[0]=11111111011111111101111111111110, sa_flags=SA_RESTART|SA_SIGINFO
SIGUSR1: SIG_DFL, sa_mask[0]=00000000000000000000000000000000, sa_flags=none
SIGUSR2: [libjvm.so+0x8b1640], sa_mask[0]=00100000000000000000000000000000, sa_flags=SA_RESTART|SA_SIGINFO
SIGHUP: [libjvm.so+0x8b1aa0], sa_mask[0]=11111111011111111101111111111110, sa_flags=SA_RESTART|SA_SIGINFO
SIGINT: [libjvm.so+0x8b1aa0], sa_mask[0]=11111111011111111101111111111110, sa_flags=SA_RESTART|SA_SIGINFO
SIGTERM: [libjvm.so+0x8b1aa0], sa_mask[0]=11111111011111111101111111111110, sa_flags=SA_RESTART|SA_SIGINFO
SIGQUIT: [libjvm.so+0x8b1aa0], sa_mask[0]=11111111011111111101111111111110, sa_flags=SA_RESTART|SA_SIGINFO


---------------  S Y S T E M  ---------------

OS:DISTRIB_ID=Ubuntu
DISTRIB_RELEASE=18.04
DISTRIB_CODENAME=bionic
DISTRIB_DESCRIPTION="Ubuntu 18.04 LTS"

uname:Linux 4.18.0-16-generic #17~18.04.1-Ubuntu SMP Tue Feb 12 13:35:51 UTC 2019 x86_64
libc:glibc 2.27 NPTL 2.27 
rlimit: STACK 8192k, CORE 0k, NPROC 14900, NOFILE 1048576, AS infinity
load average:5.00 4.43 2.72

/proc/meminfo:
MemTotal:        3928068 kB
MemFree:          116508 kB
MemAvailable:      17856 kB
Buffers:            2044 kB
Cached:           120676 kB
SwapCached:         1904 kB
Active:          2793976 kB
Inactive:         563448 kB
Active(anon):    2787760 kB
Inactive(anon):   557536 kB
Active(file):       6216 kB
Inactive(file):     5912 kB
Unevictable:          68 kB
Mlocked:              68 kB
SwapTotal:       2097148 kB
SwapFree:              0 kB
Dirty:                16 kB
Writeback:           240 kB
AnonPages:       3233268 kB
Mapped:            10480 kB
Shmem:            110184 kB
Slab:              91388 kB
SReclaimable:      38776 kB
SUnreclaim:        52612 kB
KernelStack:       10048 kB
PageTables:        40188 kB
NFS_Unstable:          0 kB
Bounce:                0 kB
WritebackTmp:          0 kB
CommitLimit:     4061180 kB
Committed_AS:    8051816 kB
VmallocTotal:   34359738367 kB
VmallocUsed:           0 kB
VmallocChunk:          0 kB
HardwareCorrupted:     0 kB
AnonHugePages:         0 kB
ShmemHugePages:        0 kB
ShmemPmdMapped:        0 kB
CmaTotal:              0 kB
CmaFree:               0 kB
HugePages_Total:       0
HugePages_Free:        0
HugePages_Rsvd:        0
HugePages_Surp:        0
Hugepagesize:       2048 kB
Hugetlb:               0 kB
DirectMap4k:      165268 kB
DirectMap2M:     3917824 kB
DirectMap1G:           0 kB


CPU:total 4 (initial active 4) (2 cores per cpu, 2 threads per core) family 6 model 78 stepping 3, cmov, cx8, fxsr, mmx, sse, sse2, sse3, ssse3, sse4.1, sse4.2, popcnt, avx, avx2, aes, clmul, erms, 3dnowpref, lzcnt, ht, tsc, tscinvbit, bmi1, bmi2, adx

/proc/cpuinfo:
processor	: 0
vendor_id	: GenuineIntel
cpu family	: 6
model		: 78
model name	: Intel(R) Core(TM) i7-6500U CPU @ 2.50GHz
stepping	: 3
microcode	: 0xc6
cpu MHz		: 2735.590
cache size	: 4096 KB
physical id	: 0
siblings	: 4
core id		: 0
cpu cores	: 2
apicid		: 0
initial apicid	: 0
fpu		: yes
fpu_exception	: yes
cpuid level	: 22
wp		: yes
flags		: fpu vme de pse tsc msr pae mce cx8 apic sep mtrr pge mca cmov pat pse36 clflush dts acpi mmx fxsr sse sse2 ss ht tm pbe syscall nx pdpe1gb rdtscp lm constant_tsc art arch_perfmon pebs bts rep_good nopl xtopology nonstop_tsc cpuid aperfmperf tsc_known_freq pni pclmulqdq dtes64 monitor ds_cpl vmx est tm2 ssse3 sdbg fma cx16 xtpr pdcm pcid sse4_1 sse4_2 x2apic movbe popcnt tsc_deadline_timer aes xsave avx f16c rdrand lahf_lm abm 3dnowprefetch cpuid_fault epb invpcid_single pti ssbd ibrs ibpb stibp tpr_shadow vnmi flexpriority ept vpid fsgsbase tsc_adjust bmi1 avx2 smep bmi2 erms invpcid mpx rdseed adx smap clflushopt intel_pt xsaveopt xsavec xgetbv1 xsaves dtherm ida arat pln pts hwp hwp_notify hwp_act_window hwp_epp flush_l1d
bugs		: cpu_meltdown spectre_v1 spectre_v2 spec_store_bypass l1tf
bogomips	: 5184.00
clflush size	: 64
cache_alignment	: 64
address sizes	: 39 bits physical, 48 bits virtual
power management:

processor	: 1
vendor_id	: GenuineIntel
cpu family	: 6
model		: 78
model name	: Intel(R) Core(TM) i7-6500U CPU @ 2.50GHz
stepping	: 3
microcode	: 0xc6
cpu MHz		: 2645.713
cache size	: 4096 KB
physical id	: 0
siblings	: 4
core id		: 1
cpu cores	: 2
apicid		: 2
initial apicid	: 2
fpu		: yes
fpu_exception	: yes
cpuid level	: 22
wp		: yes
flags		: fpu vme de pse tsc msr pae mce cx8 apic sep mtrr pge mca cmov pat pse36 clflush dts acpi mmx fxsr sse sse2 ss ht tm pbe syscall nx pdpe1gb rdtscp lm constant_tsc art arch_perfmon pebs bts rep_good nopl xtopology nonstop_tsc cpuid aperfmperf tsc_known_freq pni pclmulqdq dtes64 monitor ds_cpl vmx est tm2 ssse3 sdbg fma cx16 xtpr pdcm pcid sse4_1 sse4_2 x2apic movbe popcnt tsc_deadline_timer aes xsave avx f16c rdrand lahf_lm abm 3dnowprefetch cpuid_fault epb invpcid_single pti ssbd ibrs ibpb stibp tpr_shadow vnmi flexpriority ept vpid fsgsbase tsc_adjust bmi1 avx2 smep bmi2 erms invpcid mpx rdseed adx smap clflushopt intel_pt xsaveopt xsavec xgetbv1 xsaves dtherm ida arat pln pts hwp hwp_notify hwp_act_window hwp_epp flush_l1d
bugs		: cpu_meltdown spectre_v1 spectre_v2 spec_store_bypass l1tf
bogomips	: 5184.00
clflush size	: 64
cache_alignment	: 64
address sizes	: 39 bits physical, 48 bits virtual
power management:

processor	: 2
vendor_id	: GenuineIntel
cpu family	: 6
model		: 78
model name	: Intel(R) Core(TM) i7-6500U CPU @ 2.50GHz
stepping	: 3
microcode	: 0xc6
cpu MHz		: 2621.688
cache size	: 4096 KB
physical id	: 0
siblings	: 4
core id		: 0
cpu cores	: 2
apicid		: 1
initial apicid	: 1
fpu		: yes
fpu_exception	: yes
cpuid level	: 22
wp		: yes
flags		: fpu vme de pse tsc msr pae mce cx8 apic sep mtrr pge mca cmov pat pse36 clflush dts acpi mmx fxsr sse sse2 ss ht tm pbe syscall nx pdpe1gb rdtscp lm constant_tsc art arch_perfmon pebs bts rep_good nopl xtopology nonstop_tsc cpuid aperfmperf tsc_known_freq pni pclmulqdq dtes64 monitor ds_cpl vmx est tm2 ssse3 sdbg fma cx16 xtpr pdcm pcid sse4_1 sse4_2 x2apic movbe popcnt tsc_deadline_timer aes xsave avx f16c rdrand lahf_lm abm 3dnowprefetch cpuid_fault epb invpcid_single pti ssbd ibrs ibpb stibp tpr_shadow vnmi flexpriority ept vpid fsgsbase tsc_adjust bmi1 avx2 smep bmi2 erms invpcid mpx rdseed adx smap clflushopt intel_pt xsaveopt xsavec xgetbv1 xsaves dtherm ida arat pln pts hwp hwp_notify hwp_act_window hwp_epp flush_l1d
bugs		: cpu_meltdown spectre_v1 spectre_v2 spec_store_bypass l1tf
bogomips	: 5184.00
clflush size	: 64
cache_alignment	: 64
address sizes	: 39 bits physical, 48 bits virtual
power management:

processor	: 3
vendor_id	: GenuineIntel
cpu family	: 6
model		: 78
model name	: Intel(R) Core(TM) i7-6500U CPU @ 2.50GHz
stepping	: 3
microcode	: 0xc6
cpu MHz		: 2677.699
cache size	: 4096 KB
physical id	: 0
siblings	: 4
core id		: 1
cpu cores	: 2
apicid		: 3
initial apicid	: 3
fpu		: yes
fpu_exception	: yes
cpuid level	: 22
wp		: yes
flags		: fpu vme de pse tsc msr pae mce cx8 apic sep mtrr pge mca cmov pat pse36 clflush dts acpi mmx fxsr sse sse2 ss ht tm pbe syscall nx pdpe1gb rdtscp lm constant_tsc art arch_perfmon pebs bts rep_good nopl xtopology nonstop_tsc cpuid aperfmperf tsc_known_freq pni pclmulqdq dtes64 monitor ds_cpl vmx est tm2 ssse3 sdbg fma cx16 xtpr pdcm pcid sse4_1 sse4_2 x2apic movbe popcnt tsc_deadline_timer aes xsave avx f16c rdrand lahf_lm abm 3dnowprefetch cpuid_fault epb invpcid_single pti ssbd ibrs ibpb stibp tpr_shadow vnmi flexpriority ept vpid fsgsbase tsc_adjust bmi1 avx2 smep bmi2 erms invpcid mpx rdseed adx smap clflushopt intel_pt xsaveopt xsavec xgetbv1 xsaves dtherm ida arat pln pts hwp hwp_notify hwp_act_window hwp_epp flush_l1d
bugs		: cpu_meltdown spectre_v1 spectre_v2 spec_store_bypass l1tf
bogomips	: 5184.00
clflush size	: 64
cache_alignment	: 64
address sizes	: 39 bits physical, 48 bits virtual
power management:



Memory: 4k page, physical 3928068k(115696k free), swap 2097148k(0k free)

vm_info: OpenJDK 64-Bit Server VM (25.152-b01) for linux-amd64 JRE (1.8.0_152-release-1248-b01), built by "builder" with gcc 7.3.0

time: Sun Apr  7 01:14:22 2019
elapsed time: 72 seconds (0d 0h 1m 12s)

