#
# There is insufficient memory for the Java Runtime Environment to continue.
# Native memory allocation (mmap) failed to map 22544384 bytes for committing reserved memory.
# Possible reasons:
#   The system is out of physical RAM or swap space
#   In 32 bit mode, the process size limit was hit
# Possible solutions:
#   Reduce memory load on the system
#   Increase physical memory or swap space
#   Check if swap backing store is full
#   Use 64 bit Java on a 64 bit OS
#   Decrease Java heap size (-Xmx/-Xms)
#   Decrease number of Java threads
#   Decrease Java thread stack sizes (-Xss)
#   Set larger code cache with -XX:ReservedCodeCacheSize=
# This output file may be truncated or incomplete.
#
#  Out of Memory Error (os_linux.cpp:2640), pid=6184, tid=0x00007f7be89d8700
#
# JRE version: OpenJDK Runtime Environment (8.0_152-b01) (build 1.8.0_152-release-1248-b01)
# Java VM: OpenJDK 64-Bit Server VM (25.152-b01 mixed mode linux-amd64 compressed oops)
# Failed to write core dump. Core dumps have been disabled. To enable core dumping, try "ulimit -c unlimited" before starting Java again
#

---------------  T H R E A D  ---------------

Current thread (0x00007f7bf807a000):  VMThread [stack: 0x00007f7be88d9000,0x00007f7be89d9000] [id=6192]

Stack: [0x00007f7be88d9000,0x00007f7be89d9000],  sp=0x00007f7be89d7520,  free space=1017k
Native frames: (J=compiled Java code, j=interpreted, Vv=VM code, C=native code)
V  [libjvm.so+0xa70d2f]  VMError::report_and_die()+0x2af
V  [libjvm.so+0x4c7207]  report_vm_out_of_memory(char const*, int, unsigned long, VMErrorType, char const*)+0x67
V  [libjvm.so+0x8b5b60]  os::pd_commit_memory(char*, unsigned long, unsigned long, bool)+0x100
V  [libjvm.so+0x8b077f]  os::commit_memory(char*, unsigned long, unsigned long, bool)+0x1f
V  [libjvm.so+0x92e436]  PSVirtualSpace::expand_by(unsigned long)+0x56
V  [libjvm.so+0x92f6c8]  PSYoungGen::resize(unsigned long, unsigned long)+0xd8
V  [libjvm.so+0x92be56]  PSScavenge::invoke_no_policy()+0x1356
V  [libjvm.so+0x92c1fc]  PSScavenge::invoke()+0x4c
V  [libjvm.so+0x8dbd98]  ParallelScavengeHeap::failed_mem_allocate(unsigned long)+0x68
V  [libjvm.so+0xa72863]  VM_ParallelGCFailedAllocation::doit()+0x93
V  [libjvm.so+0xa77896]  VM_Operation::evaluate()+0x46
V  [libjvm.so+0xa750f2]  VMThread::evaluate_operation(VM_Operation*) [clone .constprop.31]+0xa2
V  [libjvm.so+0xa7651b]  VMThread::loop()+0x37b
V  [libjvm.so+0xa768c8]  VMThread::run()+0x78
V  [libjvm.so+0x8b3322]  java_start(Thread*)+0x102

VM_Operation (0x00007f7bd81acd40): ParallelGCFailedAllocation, mode: safepoint, requested by thread 0x00007f7ba4009000


---------------  P R O C E S S  ---------------

Java Threads: ( => current thread )
  0x00007f7b70001800 JavaThread "RMI RenewClean-[127.0.0.1:34485,org.jetbrains.kotlin.daemon.common.LoopbackNetworkInterface$ClientLoopbackSocketFactory@5bfbadb2]" daemon [_thread_blocked, id=6673, stack(0x00007f7ba80fe000,0x00007f7ba81ff000)]
  0x00007f7ba4009000 JavaThread "RMI TCP Connection(8)-127.0.0.1" daemon [_thread_blocked, id=6672, stack(0x00007f7bd80b1000,0x00007f7bd81b2000)]
  0x00007f7b88007000 JavaThread "RMI RenewClean-[127.0.0.1:34485,org.jetbrains.kotlin.daemon.common.LoopbackNetworkInterface$ClientLoopbackSocketFactory@f8bc1d8]" daemon [_thread_blocked, id=6669, stack(0x00007f7bd85ea000,0x00007f7bd86eb000)]
  0x00007f7ba4008800 JavaThread "RMI TCP Connection(7)-127.0.0.1" daemon [_thread_in_native, id=6668, stack(0x00007f7bda29d000,0x00007f7bda39e000)]
  0x00007f7ba4007800 JavaThread "RMI TCP Connection(6)-127.0.0.1" daemon [_thread_in_native, id=6666, stack(0x00007f7bda49f000,0x00007f7bda5a0000)]
  0x00007f7ba4003800 JavaThread "RMI TCP Connection(idle)" daemon [_thread_blocked, id=6660, stack(0x00007f7bda7a0000,0x00007f7bda8a1000)]
  0x00007f7ba4005000 JavaThread "RMI TCP Connection(idle)" daemon [_thread_blocked, id=6659, stack(0x00007f7bdaaa3000,0x00007f7bdaba4000)]
  0x00007f7ba0013800 JavaThread "RMI RenewClean-[127.0.0.1:34485,org.jetbrains.kotlin.daemon.common.LoopbackNetworkInterface$ClientLoopbackSocketFactory@9faf6c8]" daemon [_thread_blocked, id=6458, stack(0x00007f7bd939a000,0x00007f7bd949b000)]
  0x00007f7b8c013800 JavaThread "RMI Scheduler(0)" daemon [_thread_blocked, id=6209, stack(0x00007f7bda39e000,0x00007f7bda49f000)]
  0x00007f7bf800c800 JavaThread "DestroyJavaVM" [_thread_blocked, id=6187, stack(0x00007f7c01565000,0x00007f7c01665000)]
  0x00007f7bf83b5000 JavaThread "GC Daemon" daemon [_thread_blocked, id=6205, stack(0x00007f7bda8a1000,0x00007f7bda9a2000)]
  0x00007f7bf83af800 JavaThread "RMI Reaper" [_thread_blocked, id=6204, stack(0x00007f7bda9a2000,0x00007f7bdaaa3000)]
  0x00007f7bf83a0000 JavaThread "Timer-0" daemon [_thread_blocked, id=6202, stack(0x00007f7bdaba4000,0x00007f7bdaca5000)]
  0x00007f7bf839e000 JavaThread "RMI TCP Accept-17825" daemon [_thread_in_native, id=6201, stack(0x00007f7bdaca5000,0x00007f7bdada6000)]
  0x00007f7bf80ca800 JavaThread "Service Thread" daemon [_thread_blocked, id=6199, stack(0x00007f7be81d1000,0x00007f7be82d2000)]
  0x00007f7bf80bf000 JavaThread "C1 CompilerThread2" daemon [_thread_blocked, id=6198, stack(0x00007f7be82d3000,0x00007f7be83d3000)]
  0x00007f7bf80bd800 JavaThread "C2 CompilerThread1" daemon [_thread_blocked, id=6197, stack(0x00007f7be83d4000,0x00007f7be84d4000)]
  0x00007f7bf80ba800 JavaThread "C2 CompilerThread0" daemon [_thread_blocked, id=6196, stack(0x00007f7be84d5000,0x00007f7be85d5000)]
  0x00007f7bf80b9000 JavaThread "Signal Dispatcher" daemon [_thread_blocked, id=6195, stack(0x00007f7be85d5000,0x00007f7be86d6000)]
  0x00007f7bf8086800 JavaThread "Finalizer" daemon [_thread_blocked, id=6194, stack(0x00007f7be86d6000,0x00007f7be87d7000)]
  0x00007f7bf8082000 JavaThread "Reference Handler" daemon [_thread_blocked, id=6193, stack(0x00007f7be87d7000,0x00007f7be88d8000)]

Other Threads:
=>0x00007f7bf807a000 VMThread [stack: 0x00007f7be88d9000,0x00007f7be89d9000] [id=6192]
  0x00007f7bf80cd000 WatcherThread [stack: 0x00007f7be80d1000,0x00007f7be81d1000] [id=6200]

VM state:at safepoint (normal execution)

VM Mutex/Monitor currently owned by a thread:  ([mutex/lock_event])
[0x00007f7bf8009030] Threads_lock - owner thread: 0x00007f7bf807a000
[0x00007f7bf8009530] Heap_lock - owner thread: 0x00007f7ba4009000

Heap:
 PSYoungGen      total 294912K, used 28163K [0x00000000d5580000, 0x00000000f0e00000, 0x0000000100000000)
  eden space 138752K, 0% used [0x00000000d5580000,0x00000000d5580000,0x00000000ddd00000)
  from space 156160K, 18% used [0x00000000ddd00000,0x00000000df880f40,0x00000000e7580000)
  to   space 150016K, 0% used [0x00000000e7b80000,0x00000000e7b80000,0x00000000f0e00000)
 ParOldGen       total 270848K, used 202524K [0x0000000080000000, 0x0000000090880000, 0x00000000d5580000)
  object space 270848K, 74% used [0x0000000080000000,0x000000008c5c7208,0x0000000090880000)
 Metaspace       used 91397K, capacity 94103K, committed 94376K, reserved 1130496K
  class space    used 11831K, capacity 12430K, committed 12456K, reserved 1048576K

Card table byte_map: [0x00007f7bfded0000,0x00007f7bfe2d1000] byte_map_base: 0x00007f7bfdad0000

Marking Bits: (ParMarkBitMap*) 0x00007f7c00a12160
 Begin Bits: [0x00007f7be0000000, 0x00007f7be2000000)
 End Bits:   [0x00007f7be2000000, 0x00007f7be4000000)

Polling page: 0x00007f7c01681000

CodeCache: size=245760Kb used=28293Kb max_used=28858Kb free=217466Kb
 bounds [0x00007f7be9000000, 0x00007f7beac70000, 0x00007f7bf8000000]
 total_blobs=9347 nmethods=8782 adapters=477
 compilation: enabled

Compilation events (10 events):
Event: 213.081 Thread 0x00007f7bf80bf000 nmethod 11034 0x00007f7be9573990 code [0x00007f7be9573b00, 0x00007f7be9573d08]
Event: 213.081 Thread 0x00007f7bf80bf000 11035       3       java.util.concurrent.locks.ReentrantReadWriteLock$Sync::getReadHoldCount (79 bytes)
Event: 213.085 Thread 0x00007f7bf80bf000 nmethod 11035 0x00007f7be96b3f10 code [0x00007f7be96b40e0, 0x00007f7be96b4a78]
Event: 214.559 Thread 0x00007f7bf80bd800 nmethod 11007 0x00007f7beac55810 code [0x00007f7beac567c0, 0x00007f7beac5cc70]
Event: 214.622 Thread 0x00007f7bf80bf000 11036       3       org.jetbrains.kotlin.daemon.CompileServiceImplKt::nowSeconds (10 bytes)
Event: 214.681 Thread 0x00007f7bf80bd800 11022       4       com.sun.tools.javac.parser.JavacParser::term2 (42 bytes)
Event: 215.246 Thread 0x00007f7bf80bf000 nmethod 11036 0x00007f7be9641250 code [0x00007f7be96413c0, 0x00007f7be96415b0]
Event: 215.268 Thread 0x00007f7bf80bf000 11037       3       java.util.concurrent.TimeUnit$1::toSeconds (6 bytes)
Event: 215.653 Thread 0x00007f7bf80bf000 nmethod 11037 0x00007f7be9636d50 code [0x00007f7be9636ec0, 0x00007f7be9637030]
Event: 215.819 Thread 0x00007f7bf80bf000 11040       1       com.sun.tools.javac.parser.JavaTokenizer::processLineTerminator (1 bytes)

GC Heap History (10 events):
Event: 20.685 GC heap after
Heap after GC invocations=26 (full 5):
 PSYoungGen      total 244224K, used 88391K [0x00000000d5580000, 0x00000000ee300000, 0x0000000100000000)
  eden space 117760K, 0% used [0x00000000d5580000,0x00000000d5580000,0x00000000dc880000)
  from space 126464K, 69% used [0x00000000dc880000,0x00000000e1ed1ea0,0x00000000e4400000)
  to   space 133632K, 0% used [0x00000000e6080000,0x00000000e6080000,0x00000000ee300000)
 ParOldGen       total 263680K, used 219491K [0x0000000080000000, 0x0000000090180000, 0x00000000d5580000)
  object space 263680K, 83% used [0x0000000080000000,0x000000008d658d40,0x0000000090180000)
 Metaspace       used 71162K, capacity 73124K, committed 73384K, reserved 1114112K
  class space    used 9176K, capacity 9604K, committed 9640K, reserved 1048576K
}
Event: 21.479 GC heap before
{Heap before GC invocations=27 (full 5):
 PSYoungGen      total 244224K, used 206151K [0x00000000d5580000, 0x00000000ee300000, 0x0000000100000000)
  eden space 117760K, 100% used [0x00000000d5580000,0x00000000dc880000,0x00000000dc880000)
  from space 126464K, 69% used [0x00000000dc880000,0x00000000e1ed1ea0,0x00000000e4400000)
  to   space 133632K, 0% used [0x00000000e6080000,0x00000000e6080000,0x00000000ee300000)
 ParOldGen       total 263680K, used 219491K [0x0000000080000000, 0x0000000090180000, 0x00000000d5580000)
  object space 263680K, 83% used [0x0000000080000000,0x000000008d658d40,0x0000000090180000)
 Metaspace       used 72457K, capacity 74606K, committed 74920K, reserved 1114112K
  class space    used 9371K, capacity 9827K, committed 9896K, reserved 1048576K
Event: 21.924 GC heap after
Heap after GC invocations=27 (full 5):
 PSYoungGen      total 247296K, used 133631K [0x00000000d5580000, 0x00000000f1c80000, 0x0000000100000000)
  eden space 113664K, 0% used [0x00000000d5580000,0x00000000d5580000,0x00000000dc480000)
  from space 133632K, 99% used [0x00000000e6080000,0x00000000ee2fff78,0x00000000ee300000)
  to   space 159744K, 0% used [0x00000000dc480000,0x00000000dc480000,0x00000000e6080000)
 ParOldGen       total 263680K, used 229831K [0x0000000080000000, 0x0000000090180000, 0x00000000d5580000)
  object space 263680K, 87% used [0x0000000080000000,0x000000008e071db0,0x0000000090180000)
 Metaspace       used 72457K, capacity 74606K, committed 74920K, reserved 1114112K
  class space    used 9371K, capacity 9827K, committed 9896K, reserved 1048576K
}
Event: 21.924 GC heap before
{Heap before GC invocations=28 (full 6):
 PSYoungGen      total 247296K, used 133631K [0x00000000d5580000, 0x00000000f1c80000, 0x0000000100000000)
  eden space 113664K, 0% used [0x00000000d5580000,0x00000000d5580000,0x00000000dc480000)
  from space 133632K, 99% used [0x00000000e6080000,0x00000000ee2fff78,0x00000000ee300000)
  to   space 159744K, 0% used [0x00000000dc480000,0x00000000dc480000,0x00000000e6080000)
 ParOldGen       total 263680K, used 229831K [0x0000000080000000, 0x0000000090180000, 0x00000000d5580000)
  object space 263680K, 87% used [0x0000000080000000,0x000000008e071db0,0x0000000090180000)
 Metaspace       used 72457K, capacity 74606K, committed 74920K, reserved 1114112K
  class space    used 9371K, capacity 9827K, committed 9896K, reserved 1048576K
Event: 22.544 GC heap after
Heap after GC invocations=28 (full 6):
 PSYoungGen      total 247296K, used 0K [0x00000000d5580000, 0x00000000f1c80000, 0x0000000100000000)
  eden space 113664K, 0% used [0x00000000d5580000,0x00000000d5580000,0x00000000dc480000)
  from space 133632K, 0% used [0x00000000e6080000,0x00000000e6080000,0x00000000ee300000)
  to   space 159744K, 0% used [0x00000000dc480000,0x00000000dc480000,0x00000000e6080000)
 ParOldGen       total 270848K, used 144599K [0x0000000080000000, 0x0000000090880000, 0x00000000d5580000)
  object space 270848K, 53% used [0x0000000080000000,0x0000000088d35fd8,0x0000000090880000)
 Metaspace       used 72457K, capacity 74606K, committed 74920K, reserved 1114112K
  class space    used 9371K, capacity 9827K, committed 9896K, reserved 1048576K
}
Event: 22.919 GC heap before
{Heap before GC invocations=29 (full 6):
 PSYoungGen      total 247296K, used 113664K [0x00000000d5580000, 0x00000000f1c80000, 0x0000000100000000)
  eden space 113664K, 100% used [0x00000000d5580000,0x00000000dc480000,0x00000000dc480000)
  from space 133632K, 0% used [0x00000000e6080000,0x00000000e6080000,0x00000000ee300000)
  to   space 159744K, 0% used [0x00000000dc480000,0x00000000dc480000,0x00000000e6080000)
 ParOldGen       total 270848K, used 144599K [0x0000000080000000, 0x0000000090880000, 0x00000000d5580000)
  object space 270848K, 53% used [0x0000000080000000,0x0000000088d35fd8,0x0000000090880000)
 Metaspace       used 72466K, capacity 74606K, committed 74920K, reserved 1114112K
  class space    used 9371K, capacity 9827K, committed 9896K, reserved 1048576K
Event: 23.010 GC heap after
Heap after GC invocations=29 (full 6):
 PSYoungGen      total 273408K, used 86663K [0x00000000d5580000, 0x00000000f1700000, 0x0000000100000000)
  eden space 113664K, 0% used [0x00000000d5580000,0x00000000d5580000,0x00000000dc480000)
  from space 159744K, 54% used [0x00000000dc480000,0x00000000e1921df8,0x00000000e6080000)
  to   space 159232K, 0% used [0x00000000e7b80000,0x00000000e7b80000,0x00000000f1700000)
 ParOldGen       total 270848K, used 144599K [0x0000000080000000, 0x0000000090880000, 0x00000000d5580000)
  object space 270848K, 53% used [0x0000000080000000,0x0000000088d35fd8,0x0000000090880000)
 Metaspace       used 72466K, capacity 74606K, committed 74920K, reserved 1114112K
  class space    used 9371K, capacity 9827K, committed 9896K, reserved 1048576K
}
Event: 190.933 GC heap before
{Heap before GC invocations=30 (full 6):
 PSYoungGen      total 273408K, used 200327K [0x00000000d5580000, 0x00000000f1700000, 0x0000000100000000)
  eden space 113664K, 100% used [0x00000000d5580000,0x00000000dc480000,0x00000000dc480000)
  from space 159744K, 54% used [0x00000000dc480000,0x00000000e1921df8,0x00000000e6080000)
  to   space 159232K, 0% used [0x00000000e7b80000,0x00000000e7b80000,0x00000000f1700000)
 ParOldGen       total 270848K, used 144599K [0x0000000080000000, 0x0000000090880000, 0x00000000d5580000)
  object space 270848K, 53% used [0x0000000080000000,0x0000000088d35fd8,0x0000000090880000)
 Metaspace       used 82269K, capacity 84655K, committed 85032K, reserved 1122304K
  class space    used 10654K, capacity 11192K, committed 11304K, reserved 1048576K
Event: 191.242 GC heap after
Heap after GC invocations=30 (full 6):
 PSYoungGen      total 288768K, used 82126K [0x00000000d5580000, 0x00000000f0e00000, 0x0000000100000000)
  eden space 138752K, 0% used [0x00000000d5580000,0x00000000d5580000,0x00000000ddd00000)
  from space 150016K, 54% used [0x00000000e7b80000,0x00000000ecbb3838,0x00000000f0e00000)
  to   space 156160K, 0% used [0x00000000ddd00000,0x00000000ddd00000,0x00000000e7580000)
 ParOldGen       total 270848K, used 144607K [0x0000000080000000, 0x0000000090880000, 0x00000000d5580000)
  object space 270848K, 53% used [0x0000000080000000,0x0000000088d37fd8,0x0000000090880000)
 Metaspace       used 82269K, capacity 84655K, committed 85032K, reserved 1122304K
  class space    used 10654K, capacity 11192K, committed 11304K, reserved 1048576K
}
Event: 215.921 GC heap before
{Heap before GC invocations=31 (full 6):
 PSYoungGen      total 288768K, used 220878K [0x00000000d5580000, 0x00000000f0e00000, 0x0000000100000000)
  eden space 138752K, 100% used [0x00000000d5580000,0x00000000ddd00000,0x00000000ddd00000)
  from space 150016K, 54% used [0x00000000e7b80000,0x00000000ecbb3838,0x00000000f0e00000)
  to   space 156160K, 0% used [0x00000000ddd00000,0x00000000ddd00000,0x00000000e7580000)
 ParOldGen       total 270848K, used 144607K [0x0000000080000000, 0x0000000090880000, 0x00000000d5580000)
  object space 270848K, 53% used [0x0000000080000000,0x0000000088d37fd8,0x0000000090880000)
 Metaspace       used 91397K, capacity 94103K, committed 94376K, reserved 1130496K
  class space    used 11831K, capacity 12430K, committed 12456K, reserved 1048576K

Deoptimization events (10 events):
Event: 194.679 Thread 0x00007f7ba4008800 Uncommon trap: reason=unstable_if action=reinterpret pc=0x00007f7bea101784 method=java.lang.String.lastIndexOf([CII[CIII)I @ 118
Event: 194.724 Thread 0x00007f7ba4008800 Uncommon trap: reason=unstable_if action=reinterpret pc=0x00007f7be9c3e214 method=org.jetbrains.kotlin.protobuf.ByteString.copyTo([BIII)V @ 210
Event: 194.724 Thread 0x00007f7ba4008800 Uncommon trap: reason=unstable_if action=reinterpret pc=0x00007f7be99fc0e0 method=org.jetbrains.kotlin.protobuf.ByteString.copyTo([BIII)V @ 210
Event: 194.724 Thread 0x00007f7ba4008800 Uncommon trap: reason=bimorphic action=maybe_recompile pc=0x00007f7be9f2be24 method=org.jetbrains.kotlin.protobuf.CodedOutputStream.refreshBuffer()V @ 28
Event: 194.795 Thread 0x00007f7ba4008800 Uncommon trap: reason=bimorphic action=maybe_recompile pc=0x00007f7be9c5b160 method=gnu.trove.THashIterator.nextIndex()I @ 8
Event: 194.795 Thread 0x00007f7ba4008800 Uncommon trap: reason=bimorphic action=maybe_recompile pc=0x00007f7be9c5b160 method=gnu.trove.THashIterator.nextIndex()I @ 8
Event: 194.800 Thread 0x00007f7ba4008800 Uncommon trap: reason=bimorphic action=maybe_recompile pc=0x00007f7be9c5b160 method=gnu.trove.THashIterator.nextIndex()I @ 8
Event: 194.847 Thread 0x00007f7ba4008800 Uncommon trap: reason=unstable_if action=reinterpret pc=0x00007f7be9f3dd84 method=java.lang.StringCoding.safeTrim([CILjava/nio/charset/Charset;Z)[C @ 3
Event: 194.872 Thread 0x00007f7ba4008800 Uncommon trap: reason=unstable_if action=reinterpret pc=0x00007f7be992b37c method=java.lang.StringCoding.safeTrim([CILjava/nio/charset/Charset;Z)[C @ 3
Event: 194.925 Thread 0x00007f7ba4008800 Uncommon trap: reason=bimorphic action=maybe_recompile pc=0x00007f7be94a4aa8 method=java.io.DataOutputStream.writeShort(I)V @ 12

Classes redefined (0 events):
No events

Internal exceptions (10 events):
Event: 193.317 Thread 0x00007f7ba4008800 Exception <a 'java/lang/NoSuchMethodError': java.lang.Object.lambda$static$0(Ljava/lang/Throwable;Ljava/lang/String;)V> (0x00000000d8c14208) thrown at [/usr/local/google/home/ralucas/source/AOSP-openjdk-git/jdk8u/hotspot/src/share/vm/interpreter/linkResol
Event: 193.511 Thread 0x00007f7ba4008800 Exception <a 'java/lang/NoSuchMethodError': java.lang.Object.lambda$static$0(Lorg/jetbrains/kotlin/descriptors/ValueParameterDescriptor;Lorg/jetbrains/kotlin/codegen/ExpressionCodegen;)Lorg/jetbrains/kotlin/codegen/StackValue;> (0x00000000d906f918) thrown
Event: 194.848 Thread 0x00007f7ba4008800 Exception <a 'java/io/FileNotFoundException'> (0x00000000d97a7b00) thrown at [/usr/local/google/home/ralucas/source/AOSP-openjdk-git/jdk8u/hotspot/src/share/vm/prims/jni.cpp, line 709]
Event: 194.867 Thread 0x00007f7ba4008800 Exception <a 'sun/nio/fs/UnixException'> (0x00000000d97c8e90) thrown at [/usr/local/google/home/ralucas/source/AOSP-openjdk-git/jdk8u/hotspot/src/share/vm/prims/jni.cpp, line 709]
Event: 194.867 Thread 0x00007f7ba4008800 Exception <a 'java/lang/reflect/InvocationTargetException'> (0x00000000d97c9b90) thrown at [/usr/local/google/home/ralucas/source/AOSP-openjdk-git/jdk8u/hotspot/src/share/vm/runtime/reflection.cpp, line 1092]
Event: 194.872 Thread 0x00007f7ba4008800 Exception <a 'sun/nio/fs/UnixException'> (0x00000000d97cdfe0) thrown at [/usr/local/google/home/ralucas/source/AOSP-openjdk-git/jdk8u/hotspot/src/share/vm/prims/jni.cpp, line 709]
Event: 194.872 Thread 0x00007f7ba4008800 Exception <a 'java/lang/reflect/InvocationTargetException'> (0x00000000d97ced28) thrown at [/usr/local/google/home/ralucas/source/AOSP-openjdk-git/jdk8u/hotspot/src/share/vm/runtime/reflection.cpp, line 1092]
Event: 194.872 Thread 0x00007f7ba4008800 Exception <a 'java/io/FileNotFoundException'> (0x00000000d97cfa18) thrown at [/usr/local/google/home/ralucas/source/AOSP-openjdk-git/jdk8u/hotspot/src/share/vm/prims/jni.cpp, line 709]
Event: 194.872 Thread 0x00007f7ba4008800 Exception <a 'java/io/FileNotFoundException'> (0x00000000d97d11f8) thrown at [/usr/local/google/home/ralucas/source/AOSP-openjdk-git/jdk8u/hotspot/src/share/vm/prims/jni.cpp, line 709]
Event: 197.844 Thread 0x00007f7b70001800 Exception <a 'java/lang/InterruptedException'> (0x00000000da3320e0) thrown at [/usr/local/google/home/ralucas/source/AOSP-openjdk-git/jdk8u/hotspot/src/share/vm/runtime/objectMonitor.cpp, line 1684]

Events (10 events):
Event: 210.528 loading class org/jetbrains/kotlin/kapt3/base/AnnotationProcessingKt done
Event: 212.233 Thread 0x00007f7ba4009000 DEOPT PACKING pc=0x00007f7be96c30b0 sp=0x00007f7bd81ad040
Event: 212.233 Thread 0x00007f7ba4009000 DEOPT UNPACKING pc=0x00007f7be90474c4 sp=0x00007f7bd81aceb0 mode 0
Event: 212.354 loading class org/jetbrains/kotlin/kapt3/base/ProcessorWrapper
Event: 212.356 loading class org/jetbrains/kotlin/kapt3/base/ProcessorWrapper done
Event: 212.853 Executing VM operation: RevokeBias
Event: 212.901 Executing VM operation: RevokeBias done
Event: 212.912 Executing VM operation: RevokeBias
Event: 213.000 Executing VM operation: RevokeBias done
Event: 215.864 Executing VM operation: ParallelGCFailedAllocation


Dynamic libraries:
80000000-90880000 rw-p 00000000 00:00 0 
90880000-d5580000 ---p 00000000 00:00 0 
d5580000-f0e00000 rw-p 00000000 00:00 0 
f2380000-100000000 ---p 00000000 00:00 0 
100000000-100c2a000 rw-p 00000000 00:00 0 
100c2a000-140000000 ---p 00000000 00:00 0 
55ea92da0000-55ea92da1000 r-xp 00000000 08:02 11945289                   /home/mrli/android-studio/jre/jre/bin/java
55ea92fa0000-55ea92fa1000 r--p 00000000 08:02 11945289                   /home/mrli/android-studio/jre/jre/bin/java
55ea92fa1000-55ea92fa2000 rw-p 00001000 08:02 11945289                   /home/mrli/android-studio/jre/jre/bin/java
55ea946ff000-55ea94720000 rw-p 00000000 00:00 0                          [heap]
7f7b70000000-7f7b70299000 rw-p 00000000 00:00 0 
7f7b70299000-7f7b74000000 ---p 00000000 00:00 0 
7f7b74000000-7f7b74021000 rw-p 00000000 00:00 0 
7f7b74021000-7f7b78000000 ---p 00000000 00:00 0 
7f7b78000000-7f7b78021000 rw-p 00000000 00:00 0 
7f7b78021000-7f7b7c000000 ---p 00000000 00:00 0 
7f7b7c000000-7f7b7c021000 rw-p 00000000 00:00 0 
7f7b7c021000-7f7b80000000 ---p 00000000 00:00 0 
7f7b824df000-7f7b82600000 r--s 02b7d000 08:02 924240                     /home/mrli/Android/Sdk/platforms/android-28/android.jar
7f7b82600000-7f7b82800000 rw-p 00000000 00:00 0 
7f7b82800000-7f7b82a00000 rw-p 00000000 00:00 0 
7f7b82a00000-7f7b82c00000 rw-p 00000000 00:00 0 
7f7b82c00000-7f7b82e00000 rw-p 00000000 00:00 0 
7f7b82e00000-7f7b83000000 rw-p 00000000 00:00 0 
7f7b83000000-7f7b83200000 rw-p 00000000 00:00 0 
7f7b83200000-7f7b83400000 rw-p 00000000 00:00 0 
7f7b83400000-7f7b83600000 rw-p 00000000 00:00 0 
7f7b83600000-7f7b83800000 rw-p 00000000 00:00 0 
7f7b83800000-7f7b83a00000 rw-p 00000000 00:00 0 
7f7b83a00000-7f7b83c00000 rw-p 00000000 00:00 0 
7f7b83c00000-7f7b83e00000 rw-p 00000000 00:00 0 
7f7b83e00000-7f7b84000000 rw-p 00000000 00:00 0 
7f7b84000000-7f7b84021000 rw-p 00000000 00:00 0 
7f7b84021000-7f7b88000000 ---p 00000000 00:00 0 
7f7b88000000-7f7b88785000 rw-p 00000000 00:00 0 
7f7b88785000-7f7b8c000000 ---p 00000000 00:00 0 
7f7b8c000000-7f7b8c021000 rw-p 00000000 00:00 0 
7f7b8c021000-7f7b90000000 ---p 00000000 00:00 0 
7f7b90000000-7f7b91d96000 rw-p 00000000 00:00 0 
7f7b91d96000-7f7b94000000 ---p 00000000 00:00 0 
7f7b94000000-7f7b94021000 rw-p 00000000 00:00 0 
7f7b94021000-7f7b98000000 ---p 00000000 00:00 0 
7f7b98000000-7f7b98021000 rw-p 00000000 00:00 0 
7f7b98021000-7f7b9c000000 ---p 00000000 00:00 0 
7f7b9c000000-7f7b9c021000 rw-p 00000000 00:00 0 
7f7b9c021000-7f7ba0000000 ---p 00000000 00:00 0 
7f7ba0000000-7f7ba09bf000 rw-p 00000000 00:00 0 
7f7ba09bf000-7f7ba4000000 ---p 00000000 00:00 0 
7f7ba4000000-7f7ba4021000 rw-p 00000000 00:00 0 
7f7ba4021000-7f7ba8000000 ---p 00000000 00:00 0 
7f7ba80fe000-7f7ba8101000 ---p 00000000 00:00 0 
7f7ba8101000-7f7ba83ff000 rw-p 00000000 00:00 0 
7f7ba83ff000-7f7ba85ff000 rw-p 00000000 00:00 0 
7f7ba85ff000-7f7ba87ff000 rw-p 00000000 00:00 0 
7f7ba87ff000-7f7ba89ff000 rw-p 00000000 00:00 0 
7f7ba89ff000-7f7ba8bff000 rw-p 00000000 00:00 0 
7f7ba8bff000-7f7ba8dff000 rw-p 00000000 00:00 0 
7f7ba8dff000-7f7ba8fff000 rw-p 00000000 00:00 0 
7f7ba8fff000-7f7bac000000 rw-p 00000000 00:00 0 
7f7bac000000-7f7bac021000 rw-p 00000000 00:00 0 
7f7bac021000-7f7bb0000000 ---p 00000000 00:00 0 
7f7bb0000000-7f7bb0021000 rw-p 00000000 00:00 0 
7f7bb0021000-7f7bb4000000 ---p 00000000 00:00 0 
7f7bb4000000-7f7bb5877000 rw-p 00000000 00:00 0 
7f7bb5877000-7f7bb8000000 ---p 00000000 00:00 0 
7f7bb8000000-7f7bb8d2c000 rw-p 00000000 00:00 0 
7f7bb8d2c000-7f7bbc000000 ---p 00000000 00:00 0 
7f7bbc000000-7f7bbc021000 rw-p 00000000 00:00 0 
7f7bbc021000-7f7bc0000000 ---p 00000000 00:00 0 
7f7bc0000000-7f7bc1ba2000 rw-p 00000000 00:00 0 
7f7bc1ba2000-7f7bc4000000 ---p 00000000 00:00 0 
7f7bc4000000-7f7bc4021000 rw-p 00000000 00:00 0 
7f7bc4021000-7f7bc8000000 ---p 00000000 00:00 0 
7f7bc8000000-7f7bc8021000 rw-p 00000000 00:00 0 
7f7bc8021000-7f7bcc000000 ---p 00000000 00:00 0 
7f7bcc000000-7f7bcc021000 rw-p 00000000 00:00 0 
7f7bcc021000-7f7bd0000000 ---p 00000000 00:00 0 
7f7bd0000000-7f7bd0290000 rw-p 00000000 00:00 0 
7f7bd0290000-7f7bd4000000 ---p 00000000 00:00 0 
7f7bd4000000-7f7bd402f000 rw-p 00000000 00:00 0 
7f7bd402f000-7f7bd8000000 ---p 00000000 00:00 0 
7f7bd80b1000-7f7bd80b4000 ---p 00000000 00:00 0 
7f7bd80b4000-7f7bd81b2000 rw-p 00000000 00:00 0 
7f7bd81b2000-7f7bd81c4000 r--s 00345000 08:02 11945235                   /home/mrli/android-studio/jre/jre/lib/resources.jar
7f7bd81c4000-7f7bd83c4000 rw-p 00000000 00:00 0 
7f7bd83c4000-7f7bd85c4000 rw-p 00000000 00:00 0 
7f7bd85ea000-7f7bd85ed000 ---p 00000000 00:00 0 
7f7bd85ed000-7f7bd88eb000 rw-p 00000000 00:00 0 
7f7bd88eb000-7f7bd8aeb000 rw-p 00000000 00:00 0 
7f7bd8aeb000-7f7bd8ceb000 rw-p 00000000 00:00 0 
7f7bd8ceb000-7f7bd8eeb000 rw-p 00000000 00:00 0 
7f7bd8f29000-7f7bd8f5e000 r--s 00271000 08:02 3804523                    /home/mrli/.gradle/caches/transforms-1/files-1.1/guava-26.0-jre.jar/7a30d678935b1cd08568df6b2d20fa18/jetified-guava-26.0-jre.jar
7f7bd8f5e000-7f7bd8f65000 r--s 00052000 08:02 10488331                   /home/mrli/.gradle/caches/modules-2/files-2.1/androidx.databinding/databinding-compiler-common/3.3.0/d940cafe799b457249e57fbc87eb9b7e656c1fc7/databinding-compiler-common-3.3.0.jar
7f7bd8f65000-7f7bd8f69000 r--s 00033000 08:02 3676979                    /home/mrli/.gradle/caches/transforms-1/files-1.1/google-java-format-1.5.jar/a5e35f35b36113325ab6425640a60a57/jetified-google-java-format-1.5.jar
7f7bd8f69000-7f7bd8f6b000 r--s 00008000 08:02 10488690                   /home/mrli/.gradle/caches/modules-2/files-2.1/com.google.dagger/dagger/2.17/25e4130ca54cb143c58f707ecfd3f6936f39592f/dagger-2.17.jar
7f7bd8f6b000-7f7bd916b000 rw-p 00000000 00:00 0 
7f7bd916b000-7f7bd936b000 rw-p 00000000 00:00 0 
7f7bd936b000-7f7bd936d000 r--s 00006000 08:02 2753993                    /home/mrli/.gradle/caches/transforms-1/files-1.1/jetified-dagger-android-2.17.aar/59296b7fbab770ea72c71fa2a6831781/jars/classes.jar
7f7bd936d000-7f7bd9370000 r--s 0000f000 08:02 10488748                   /home/mrli/.gradle/caches/modules-2/files-2.1/com.google.dagger/dagger-producers/2.17/4de9b6628c2868ee03786be63f6ef27c662a007c/dagger-producers-2.17.jar
7f7bd9370000-7f7bd9373000 r--s 0001c000 08:02 10488747                   /home/mrli/.gradle/caches/modules-2/files-2.1/com.google.dagger/dagger-spi/2.17/d4d7369dbaea57656fb9482d07c0ae5388d2dd0c/dagger-spi-2.17.jar
7f7bd9373000-7f7bd937e000 r--s 000fd000 08:02 10488751                   /home/mrli/.gradle/caches/modules-2/files-2.1/androidx.databinding/databinding-compiler/3.3.0/25f99ed340a7437bcad69b5464632cfcbddac420/databinding-compiler-3.3.0.jar
7f7bd937e000-7f7bd9381000 r--s 0001b000 08:02 10488749                   /home/mrli/.gradle/caches/modules-2/files-2.1/com.google.dagger/dagger-android-processor/2.17/e6fc953c4b9d8354a74f81cdf7aaf879a68e121d/dagger-android-processor-2.17.jar
7f7bd9381000-7f7bd9391000 r--s 000e3000 08:02 10488750                   /home/mrli/.gradle/caches/modules-2/files-2.1/com.google.dagger/dagger-compiler/2.17/2c363c15fe60d3183b1ca8c170cc39a9a4000be4/dagger-compiler-2.17.jar
7f7bd9391000-7f7bd9396000 r--s 00013000 08:02 10488971                   /home/mrli/.gradle/caches/modules-2/files-2.1/org.jetbrains.kotlinx/kotlinx-coroutines-core-common/1.1.1/7ed04382bdf0c89c5d87ac462aa4935ae8e85243/kotlinx-coroutines-core-common-1.1.1.jar
7f7bd9396000-7f7bd939a000 r--s 00018000 08:02 3409835                    /home/mrli/.gradle/caches/transforms-1/files-1.1/retrofit-2.5.0.jar/f7f7e52d1f92232f94101961772aac65/jetified-retrofit-2.5.0.jar
7f7bd939a000-7f7bd939d000 ---p 00000000 00:00 0 
7f7bd939d000-7f7bd969b000 rw-p 00000000 00:00 0 
7f7bd969b000-7f7bd969d000 r--s 00006000 08:02 3936262                    /home/mrli/.gradle/caches/transforms-1/files-1.1/dagger-android-jarimpl-2.17.jar/8120d0f478fa5a9f4a2eb9232aa570cb/jetified-dagger-android-jarimpl-2.17.jar
7f7bd969d000-7f7bd989d000 rw-p 00000000 00:00 0 
7f7bd989d000-7f7bd9a9d000 rw-p 00000000 00:00 0 
7f7bd9a9d000-7f7bd9c9d000 rw-p 00000000 00:00 0 
7f7bd9c9d000-7f7bd9e9d000 rw-p 00000000 00:00 0 
7f7bd9e9d000-7f7bda09d000 rw-p 00000000 00:00 0 
7f7bda09d000-7f7bda29d000 rw-p 00000000 00:00 0 
7f7bda29d000-7f7bda2a0000 ---p 00000000 00:00 0 
7f7bda2a0000-7f7bda39e000 rw-p 00000000 00:00 0 
7f7bda39e000-7f7bda3a1000 ---p 00000000 00:00 0 
7f7bda3a1000-7f7bda49f000 rw-p 00000000 00:00 0 
7f7bda49f000-7f7bda4a2000 ---p 00000000 00:00 0 
7f7bda4a2000-7f7bda7a0000 rw-p 00000000 00:00 0 
7f7bda7a0000-7f7bda7a3000 ---p 00000000 00:00 0 
7f7bda7a3000-7f7bda8a1000 rw-p 00000000 00:00 0 
7f7bda8a1000-7f7bda8a4000 ---p 00000000 00:00 0 
7f7bda8a4000-7f7bda9a2000 rw-p 00000000 00:00 0 
7f7bda9a2000-7f7bda9a5000 ---p 00000000 00:00 0 
7f7bda9a5000-7f7bdaaa3000 rw-p 00000000 00:00 0 
7f7bdaaa3000-7f7bdaaa6000 ---p 00000000 00:00 0 
7f7bdaaa6000-7f7bdaba4000 rw-p 00000000 00:00 0 
7f7bdaba4000-7f7bdaba7000 ---p 00000000 00:00 0 
7f7bdaba7000-7f7bdaca5000 rw-p 00000000 00:00 0 
7f7bdaca5000-7f7bdaca8000 ---p 00000000 00:00 0 
7f7bdaca8000-7f7bdada6000 rw-p 00000000 00:00 0 
7f7bdada6000-7f7bdae1f000 r--s 010fd000 08:02 11945114                   /home/mrli/android-studio/jre/lib/tools.jar
7f7bdae1f000-7f7bdae35000 r-xp 00000000 08:02 11945211                   /home/mrli/android-studio/jre/jre/lib/amd64/libnet.so
7f7bdae35000-7f7bdb034000 ---p 00016000 08:02 11945211                   /home/mrli/android-studio/jre/jre/lib/amd64/libnet.so
7f7bdb034000-7f7bdb035000 r--p 00015000 08:02 11945211                   /home/mrli/android-studio/jre/jre/lib/amd64/libnet.so
7f7bdb035000-7f7bdb036000 rw-p 00016000 08:02 11945211                   /home/mrli/android-studio/jre/jre/lib/amd64/libnet.so
7f7bdb036000-7f7bdb047000 r-xp 00000000 08:02 11945232                   /home/mrli/android-studio/jre/jre/lib/amd64/libnio.so
7f7bdb047000-7f7bdb246000 ---p 00011000 08:02 11945232                   /home/mrli/android-studio/jre/jre/lib/amd64/libnio.so
7f7bdb246000-7f7bdb247000 r--p 00010000 08:02 11945232                   /home/mrli/android-studio/jre/jre/lib/amd64/libnio.so
7f7bdb247000-7f7bdb248000 rw-p 00011000 08:02 11945232                   /home/mrli/android-studio/jre/jre/lib/amd64/libnio.so
7f7bdb248000-7f7bdb251000 r-xp 00000000 08:02 11945208                   /home/mrli/android-studio/jre/jre/lib/amd64/libmanagement.so
7f7bdb251000-7f7bdb450000 ---p 00009000 08:02 11945208                   /home/mrli/android-studio/jre/jre/lib/amd64/libmanagement.so
7f7bdb450000-7f7bdb451000 r--p 00008000 08:02 11945208                   /home/mrli/android-studio/jre/jre/lib/amd64/libmanagement.so
7f7bdb451000-7f7bdb452000 rw-p 00009000 08:02 11945208                   /home/mrli/android-studio/jre/jre/lib/amd64/libmanagement.so
7f7bdb452000-7f7bdb631000 r--s 01b19000 08:02 10489036                   /home/mrli/.gradle/caches/modules-2/files-2.1/org.jetbrains.kotlin/kotlin-compiler-embeddable/1.3.21/677cc9553b8964c895abc76da9b6a0faea8f671d/kotlin-compiler-embeddable-1.3.21.jar
7f7bdb631000-7f7bdc000000 r--p 00000000 08:02 10623654                   /usr/lib/locale/locale-archive
7f7bdc000000-7f7bdc021000 rw-p 00000000 00:00 0 
7f7bdc021000-7f7be0000000 ---p 00000000 00:00 0 
7f7be0000000-7f7be4000000 rw-p 00000000 00:00 0 
7f7be4000000-7f7be4021000 rw-p 00000000 00:00 0 
7f7be4021000-7f7be8000000 ---p 00000000 00:00 0 
7f7be8000000-7f7be8001000 r--s 00002000 08:02 3278403                    /home/mrli/.gradle/caches/transforms-1/files-1.1/kotlin-3.0.0.aar/c63719953c259e2abaa85cc4e09374e0/jars/classes.jar
7f7be8001000-7f7be800e000 r--s 000bb000 08:02 10488955                   /home/mrli/.gradle/caches/modules-2/files-2.1/org.jetbrains.kotlinx/kotlinx-coroutines-core/1.1.1/3d2b7321cdef9ebf9cb7729ea4f75a6f6457df86/kotlinx-coroutines-core-1.1.1.jar
7f7be800e000-7f7be800f000 r--s 00004000 08:02 2623567                    /home/mrli/.gradle/caches/transforms-1/files-1.1/kotlinx-coroutines-android-1.1.1.jar/3dcfae8a45b87f813a360d39ad881d25/jetified-kotlinx-coroutines-android-1.1.1.jar
7f7be800f000-7f7be8016000 r--s 00050000 08:02 10489034                   /home/mrli/.gradle/caches/modules-2/files-2.1/org.jetbrains.kotlin/kotlin-annotation-processing-gradle/1.3.21/225aacd70ddfe71c72796bb317b3f12254c1ff3a/kotlin-annotation-processing-gradle-1.3.21.jar
7f7be8016000-7f7be801e000 r--s 0004d000 08:02 10489035                   /home/mrli/.gradle/caches/modules-2/files-2.1/org.jetbrains.kotlin/kotlin-android-extensions/1.3.21/311c0d1cbb0a194e8712edaef7b92a8f0919ca26/kotlin-android-extensions-1.3.21.jar
7f7be801e000-7f7be8025000 r--s 00000000 08:02 10881807                   /usr/lib/x86_64-linux-gnu/gconv/gconv-modules.cache
7f7be8025000-7f7be8046000 r--p 00000000 08:02 11932033                   /usr/share/locale-langpack/zh_CN/LC_MESSAGES/libc.mo
7f7be8046000-7f7be804d000 r--s 0001f000 08:02 10488848                   /home/mrli/.gradle/caches/modules-2/files-2.1/org.jetbrains.kotlin/kotlin-stdlib-common/1.3.21/f30e4a9897913e53d778f564110bafa1fef46643/kotlin-stdlib-common-1.3.21.jar
7f7be804d000-7f7be8058000 r--s 00081000 08:02 10488847                   /home/mrli/.gradle/caches/modules-2/files-2.1/org.jetbrains.intellij.deps/trove4j/1.0.20181211/216c2e14b070f334479d800987affe4054cd563f/trove4j-1.0.20181211.jar
7f7be8058000-7f7be808f000 r--s 00255000 08:02 10488835                   /home/mrli/.gradle/caches/modules-2/files-2.1/org.jetbrains.kotlin/kotlin-reflect/1.3.21/d0d5ff2ac2ebd8a42697af41e20fc225a23c5d3b/kotlin-reflect-1.3.21.jar
7f7be808f000-7f7be80d0000 rw-p 00000000 00:00 0 
7f7be80d0000-7f7be80d1000 ---p 00000000 00:00 0 
7f7be80d1000-7f7be81d1000 rw-p 00000000 00:00 0 
7f7be81d1000-7f7be81d4000 ---p 00000000 00:00 0 
7f7be81d4000-7f7be82d2000 rw-p 00000000 00:00 0 
7f7be82d2000-7f7be82d3000 ---p 00000000 00:00 0 
7f7be82d3000-7f7be82d6000 ---p 00000000 00:00 0 
7f7be82d6000-7f7be83d3000 rw-p 00000000 00:00 0 
7f7be83d3000-7f7be83d4000 ---p 00000000 00:00 0 
7f7be83d4000-7f7be83d7000 ---p 00000000 00:00 0 
7f7be83d7000-7f7be84d4000 rw-p 00000000 00:00 0 
7f7be84d4000-7f7be84d5000 ---p 00000000 00:00 0 
7f7be84d5000-7f7be84d8000 ---p 00000000 00:00 0 
7f7be84d8000-7f7be85d5000 rw-p 00000000 00:00 0 
7f7be85d5000-7f7be85d8000 ---p 00000000 00:00 0 
7f7be85d8000-7f7be86d6000 rw-p 00000000 00:00 0 
7f7be86d6000-7f7be86d9000 ---p 00000000 00:00 0 
7f7be86d9000-7f7be87d7000 rw-p 00000000 00:00 0 
7f7be87d7000-7f7be87da000 ---p 00000000 00:00 0 
7f7be87da000-7f7be88d8000 rw-p 00000000 00:00 0 
7f7be88d8000-7f7be88d9000 ---p 00000000 00:00 0 
7f7be88d9000-7f7be9000000 rw-p 00000000 00:00 0 
7f7be9000000-7f7beac70000 rwxp 00000000 00:00 0 
7f7beac70000-7f7bf8000000 ---p 00000000 00:00 0 
7f7bf8000000-7f7bf83de000 rw-p 00000000 00:00 0 
7f7bf83de000-7f7bfc000000 ---p 00000000 00:00 0 
7f7bfc000000-7f7bfc005000 r--s 0009a000 08:02 11945263                   /home/mrli/android-studio/jre/jre/lib/jsse.jar
7f7bfc005000-7f7bfc020000 r--s 00394000 08:02 11945190                   /home/mrli/android-studio/jre/jre/lib/ext/cldrdata.jar
7f7bfc020000-7f7bfc9da000 rw-p 00000000 00:00 0 
7f7bfc9da000-7f7bfcbab000 r--s 03c88000 08:02 11945248                   /home/mrli/android-studio/jre/jre/lib/rt.jar
7f7bfcbab000-7f7bfd821000 rw-p 00000000 00:00 0 
7f7bfd821000-7f7bfd822000 ---p 00000000 00:00 0 
7f7bfd822000-7f7bfd922000 rw-p 00000000 00:00 0 
7f7bfd922000-7f7bfd923000 ---p 00000000 00:00 0 
7f7bfd923000-7f7bfda23000 rw-p 00000000 00:00 0 
7f7bfda23000-7f7bfda24000 ---p 00000000 00:00 0 
7f7bfda24000-7f7bfdb24000 rw-p 00000000 00:00 0 
7f7bfdb24000-7f7bfdb25000 ---p 00000000 00:00 0 
7f7bfdb25000-7f7bfdcaa000 rw-p 00000000 00:00 0 
7f7bfdcaa000-7f7bfded0000 ---p 00000000 00:00 0 
7f7bfded0000-7f7bfdf55000 rw-p 00000000 00:00 0 
7f7bfdf55000-7f7bfe17a000 ---p 00000000 00:00 0 
7f7bfe17a000-7f7bfe257000 rw-p 00000000 00:00 0 
7f7bfe257000-7f7bfe2d0000 ---p 00000000 00:00 0 
7f7bfe2d0000-7f7bfe343000 rw-p 00000000 00:00 0 
7f7bfe343000-7f7bfe691000 ---p 00000000 00:00 0 
7f7bfe691000-7f7bfe6ab000 r-xp 00000000 08:02 11945207                   /home/mrli/android-studio/jre/jre/lib/amd64/libzip.so
7f7bfe6ab000-7f7bfe8aa000 ---p 0001a000 08:02 11945207                   /home/mrli/android-studio/jre/jre/lib/amd64/libzip.so
7f7bfe8aa000-7f7bfe8ab000 r--p 00019000 08:02 11945207                   /home/mrli/android-studio/jre/jre/lib/amd64/libzip.so
7f7bfe8ab000-7f7bfe8ac000 rw-p 0001a000 08:02 11945207                   /home/mrli/android-studio/jre/jre/lib/amd64/libzip.so
7f7bfe8ac000-7f7bfe8b7000 r-xp 00000000 08:02 8786625                    /lib/x86_64-linux-gnu/libnss_files-2.27.so
7f7bfe8b7000-7f7bfeab6000 ---p 0000b000 08:02 8786625                    /lib/x86_64-linux-gnu/libnss_files-2.27.so
7f7bfeab6000-7f7bfeab7000 r--p 0000a000 08:02 8786625                    /lib/x86_64-linux-gnu/libnss_files-2.27.so
7f7bfeab7000-7f7bfeab8000 rw-p 0000b000 08:02 8786625                    /lib/x86_64-linux-gnu/libnss_files-2.27.so
7f7bfeab8000-7f7bfeabe000 rw-p 00000000 00:00 0 
7f7bfeabe000-7f7bfead5000 r-xp 00000000 08:02 8786619                    /lib/x86_64-linux-gnu/libnsl-2.27.so
7f7bfead5000-7f7bfecd4000 ---p 00017000 08:02 8786619                    /lib/x86_64-linux-gnu/libnsl-2.27.so
7f7bfecd4000-7f7bfecd5000 r--p 00016000 08:02 8786619                    /lib/x86_64-linux-gnu/libnsl-2.27.so
7f7bfecd5000-7f7bfecd6000 rw-p 00017000 08:02 8786619                    /lib/x86_64-linux-gnu/libnsl-2.27.so
7f7bfecd6000-7f7bfecd8000 rw-p 00000000 00:00 0 
7f7bfecd8000-7f7bfece3000 r-xp 00000000 08:02 8786636                    /lib/x86_64-linux-gnu/libnss_nis-2.27.so
7f7bfece3000-7f7bfeee2000 ---p 0000b000 08:02 8786636                    /lib/x86_64-linux-gnu/libnss_nis-2.27.so
7f7bfeee2000-7f7bfeee3000 r--p 0000a000 08:02 8786636                    /lib/x86_64-linux-gnu/libnss_nis-2.27.so
7f7bfeee3000-7f7bfeee4000 rw-p 0000b000 08:02 8786636                    /lib/x86_64-linux-gnu/libnss_nis-2.27.so
7f7bfeee4000-7f7bfeeec000 r-xp 00000000 08:02 8786621                    /lib/x86_64-linux-gnu/libnss_compat-2.27.so
7f7bfeeec000-7f7bff0ec000 ---p 00008000 08:02 8786621                    /lib/x86_64-linux-gnu/libnss_compat-2.27.so
7f7bff0ec000-7f7bff0ed000 r--p 00008000 08:02 8786621                    /lib/x86_64-linux-gnu/libnss_compat-2.27.so
7f7bff0ed000-7f7bff0ee000 rw-p 00009000 08:02 8786621                    /lib/x86_64-linux-gnu/libnss_compat-2.27.so
7f7bff0ee000-7f7bff11b000 r-xp 00000000 08:02 11945215                   /home/mrli/android-studio/jre/jre/lib/amd64/libjava.so
7f7bff11b000-7f7bff31a000 ---p 0002d000 08:02 11945215                   /home/mrli/android-studio/jre/jre/lib/amd64/libjava.so
7f7bff31a000-7f7bff31b000 r--p 0002c000 08:02 11945215                   /home/mrli/android-studio/jre/jre/lib/amd64/libjava.so
7f7bff31b000-7f7bff31d000 rw-p 0002d000 08:02 11945215                   /home/mrli/android-studio/jre/jre/lib/amd64/libjava.so
7f7bff31d000-7f7bff32e000 r-xp 00000000 08:02 11945203                   /home/mrli/android-studio/jre/jre/lib/amd64/libverify.so
7f7bff32e000-7f7bff52d000 ---p 00011000 08:02 11945203                   /home/mrli/android-studio/jre/jre/lib/amd64/libverify.so
7f7bff52d000-7f7bff52f000 r--p 00010000 08:02 11945203                   /home/mrli/android-studio/jre/jre/lib/amd64/libverify.so
7f7bff52f000-7f7bff530000 rw-p 00012000 08:02 11945203                   /home/mrli/android-studio/jre/jre/lib/amd64/libverify.so
7f7bff530000-7f7bff537000 r-xp 00000000 08:02 8786676                    /lib/x86_64-linux-gnu/librt-2.27.so
7f7bff537000-7f7bff736000 ---p 00007000 08:02 8786676                    /lib/x86_64-linux-gnu/librt-2.27.so
7f7bff736000-7f7bff737000 r--p 00006000 08:02 8786676                    /lib/x86_64-linux-gnu/librt-2.27.so
7f7bff737000-7f7bff738000 rw-p 00007000 08:02 8786676                    /lib/x86_64-linux-gnu/librt-2.27.so
7f7bff738000-7f7bff8d5000 r-xp 00000000 08:02 8786598                    /lib/x86_64-linux-gnu/libm-2.27.so
7f7bff8d5000-7f7bffad4000 ---p 0019d000 08:02 8786598                    /lib/x86_64-linux-gnu/libm-2.27.so
7f7bffad4000-7f7bffad5000 r--p 0019c000 08:02 8786598                    /lib/x86_64-linux-gnu/libm-2.27.so
7f7bffad5000-7f7bffad6000 rw-p 0019d000 08:02 8786598                    /lib/x86_64-linux-gnu/libm-2.27.so
7f7bffad6000-7f7c00742000 r-xp 00000000 08:02 11945225                   /home/mrli/android-studio/jre/jre/lib/amd64/server/libjvm.so
7f7c00742000-7f7c00942000 ---p 00c6c000 08:02 11945225                   /home/mrli/android-studio/jre/jre/lib/amd64/server/libjvm.so
7f7c00942000-7f7c009d6000 r--p 00c6c000 08:02 11945225                   /home/mrli/android-studio/jre/jre/lib/amd64/server/libjvm.so
7f7c009d6000-7f7c009fe000 rw-p 00d00000 08:02 11945225                   /home/mrli/android-studio/jre/jre/lib/amd64/server/libjvm.so
7f7c009fe000-7f7c00a2f000 rw-p 00000000 00:00 0 
7f7c00a2f000-7f7c00c16000 r-xp 00000000 08:02 8786535                    /lib/x86_64-linux-gnu/libc-2.27.so
7f7c00c16000-7f7c00e16000 ---p 001e7000 08:02 8786535                    /lib/x86_64-linux-gnu/libc-2.27.so
7f7c00e16000-7f7c00e1a000 r--p 001e7000 08:02 8786535                    /lib/x86_64-linux-gnu/libc-2.27.so
7f7c00e1a000-7f7c00e1c000 rw-p 001eb000 08:02 8786535                    /lib/x86_64-linux-gnu/libc-2.27.so
7f7c00e1c000-7f7c00e20000 rw-p 00000000 00:00 0 
7f7c00e20000-7f7c00e23000 r-xp 00000000 08:02 8786558                    /lib/x86_64-linux-gnu/libdl-2.27.so
7f7c00e23000-7f7c01022000 ---p 00003000 08:02 8786558                    /lib/x86_64-linux-gnu/libdl-2.27.so
7f7c01022000-7f7c01023000 r--p 00002000 08:02 8786558                    /lib/x86_64-linux-gnu/libdl-2.27.so
7f7c01023000-7f7c01024000 rw-p 00003000 08:02 8786558                    /lib/x86_64-linux-gnu/libdl-2.27.so
7f7c01024000-7f7c0103a000 r-xp 00000000 08:02 11945195                   /home/mrli/android-studio/jre/jre/lib/amd64/jli/libjli.so
7f7c0103a000-7f7c0123a000 ---p 00016000 08:02 11945195                   /home/mrli/android-studio/jre/jre/lib/amd64/jli/libjli.so
7f7c0123a000-7f7c0123b000 r--p 00016000 08:02 11945195                   /home/mrli/android-studio/jre/jre/lib/amd64/jli/libjli.so
7f7c0123b000-7f7c0123c000 rw-p 00017000 08:02 11945195                   /home/mrli/android-studio/jre/jre/lib/amd64/jli/libjli.so
7f7c0123c000-7f7c01256000 r-xp 00000000 08:02 8786668                    /lib/x86_64-linux-gnu/libpthread-2.27.so
7f7c01256000-7f7c01455000 ---p 0001a000 08:02 8786668                    /lib/x86_64-linux-gnu/libpthread-2.27.so
7f7c01455000-7f7c01456000 r--p 00019000 08:02 8786668                    /lib/x86_64-linux-gnu/libpthread-2.27.so
7f7c01456000-7f7c01457000 rw-p 0001a000 08:02 8786668                    /lib/x86_64-linux-gnu/libpthread-2.27.so
7f7c01457000-7f7c0145b000 rw-p 00000000 00:00 0 
7f7c0145b000-7f7c01482000 r-xp 00000000 08:02 8786507                    /lib/x86_64-linux-gnu/ld-2.27.so
7f7c01482000-7f7c01483000 r--s 00000000 08:02 10488833                   /home/mrli/.gradle/caches/modules-2/files-2.1/org.jetbrains.kotlin/kotlin-stdlib-jdk7/1.3.21/d207ce2c9bcf17dc8e51bab4dbfdac4d013e7138/kotlin-stdlib-jdk7-1.3.21.jar
7f7c01483000-7f7c01484000 r--s 00015000 08:02 3411320                    /home/mrli/.gradle/caches/transforms-1/files-1.1/okio-1.15.0.jar/fcc1b19d1d3052ea32b679b3cf06042a/jetified-okio-1.15.0.jar
7f7c01484000-7f7c01485000 r--s 00001000 08:02 1968304                    /home/mrli/.gradle/caches/transforms-1/files-1.1/lifecycle-viewmodel-ktx-2.1.0-alpha03.aar/8d35b896ca9cc0a8d9c345828c3224e4/jars/classes.jar
7f7c01485000-7f7c01498000 r--s 0010f000 08:02 10488837                   /home/mrli/.gradle/caches/modules-2/files-2.1/org.jetbrains.kotlin/kotlin-stdlib/1.3.21/4bcc2012b84840e19e1e28074284cac908be0295/kotlin-stdlib-1.3.21.jar
7f7c01498000-7f7c01564000 rw-p 00000000 00:00 0 
7f7c01564000-7f7c01565000 ---p 00000000 00:00 0 
7f7c01565000-7f7c01568000 ---p 00000000 00:00 0 
7f7c01568000-7f7c01669000 rw-p 00000000 00:00 0 
7f7c01669000-7f7c0166a000 r--s 00002000 08:02 3804508                    /home/mrli/.gradle/caches/transforms-1/files-1.1/dagger-android-support-jarimpl-2.17.jar/fc569810d1027b0cb217e2681afd9460/jetified-dagger-android-support-jarimpl-2.17.jar
7f7c0166a000-7f7c0166c000 r--s 00003000 08:02 10488395                   /home/mrli/.gradle/caches/modules-2/files-2.1/org.jetbrains/annotations/13.0/919f0dfe192fb4e063e7dacadee7f8bb9a2672a9/annotations-13.0.jar
7f7c0166c000-7f7c0166e000 r--s 00009000 08:02 10489038                   /home/mrli/.gradle/caches/modules-2/files-2.1/org.jetbrains.kotlin/kotlin-script-runtime/1.3.21/29363d474ee6fda354900636320a177c7286def9/kotlin-script-runtime-1.3.21.jar
7f7c0166e000-7f7c01678000 r--s 00116000 08:02 11945188                   /home/mrli/android-studio/jre/jre/lib/ext/localedata.jar
7f7c01678000-7f7c01680000 rw-s 00000000 08:02 10632918                   /tmp/hsperfdata_mrli/6184
7f7c01680000-7f7c01681000 rw-p 00000000 00:00 0 
7f7c01681000-7f7c01682000 ---p 00000000 00:00 0 
7f7c01682000-7f7c01683000 r--p 00027000 08:02 8786507                    /lib/x86_64-linux-gnu/ld-2.27.so
7f7c01683000-7f7c01684000 rw-p 00028000 08:02 8786507                    /lib/x86_64-linux-gnu/ld-2.27.so
7f7c01684000-7f7c01685000 rw-p 00000000 00:00 0 
7ffe137fd000-7ffe1381f000 rw-p 00000000 00:00 0                          [stack]
7ffe13898000-7ffe1389b000 r--p 00000000 00:00 0                          [vvar]
7ffe1389b000-7ffe1389d000 r-xp 00000000 00:00 0                          [vdso]
ffffffffff600000-ffffffffff601000 r-xp 00000000 00:00 0                  [vsyscall]

VM Arguments:
jvm_args: -Djava.awt.headless=true -Djava.rmi.server.hostname=127.0.0.1 -Xmx2g -Dkotlin.environment.keepalive 
java_command: org.jetbrains.kotlin.daemon.KotlinCompileDaemon --daemon-runFilesPath /home/mrli/.local/share/kotlin/daemon --daemon-autoshutdownIdleSeconds=7200 --daemon-compilerClasspath /home/mrli/.gradle/caches/modules-2/files-2.1/org.jetbrains.kotlin/kotlin-compiler-embeddable/1.3.21/677cc9553b8964c895abc76da9b6a0faea8f671d/kotlin-compiler-embeddable-1.3.21.jar:/home/mrli/.gradle/caches/modules-2/files-2.1/org.jetbrains.kotlin/kotlin-reflect/1.3.21/d0d5ff2ac2ebd8a42697af41e20fc225a23c5d3b/kotlin-reflect-1.3.21.jar:/home/mrli/.gradle/caches/modules-2/files-2.1/org.jetbrains.kotlin/kotlin-stdlib/1.3.21/4bcc2012b84840e19e1e28074284cac908be0295/kotlin-stdlib-1.3.21.jar:/home/mrli/.gradle/caches/modules-2/files-2.1/org.jetbrains.kotlin/kotlin-script-runtime/1.3.21/29363d474ee6fda354900636320a177c7286def9/kotlin-script-runtime-1.3.21.jar:/home/mrli/.gradle/caches/modules-2/files-2.1/org.jetbrains.intellij.deps/trove4j/1.0.20181211/216c2e14b070f334479d800987affe4054cd563f/trove4j-1.0.20181211.jar:/home/mrli/.gradle/caches/modules-2/files-2.1/org.jetbrains.kotlin/kotlin-stdlib-common/1.3.21/f30e4a9897913e53d778f564110bafa1fef46643/kotlin-stdlib-common-1.3.21.jar:/home/mrli/.gradle/caches/modules-2/files-2.1/org.jetbrains/annotations/13.0/919f0dfe192fb4e063e7dacadee7f8bb9a2672a9/annotations-13.0.jar:/home/mrli/android-studio/jre/lib/tools.jar
java_class_path (initial): /home/mrli/.gradle/caches/modules-2/files-2.1/org.jetbrains.kotlin/kotlin-compiler-embeddable/1.3.21/677cc9553b8964c895abc76da9b6a0faea8f671d/kotlin-compiler-embeddable-1.3.21.jar:/home/mrli/.gradle/caches/modules-2/files-2.1/org.jetbrains.kotlin/kotlin-reflect/1.3.21/d0d5ff2ac2ebd8a42697af41e20fc225a23c5d3b/kotlin-reflect-1.3.21.jar:/home/mrli/.gradle/caches/modules-2/files-2.1/org.jetbrains.kotlin/kotlin-stdlib/1.3.21/4bcc2012b84840e19e1e28074284cac908be0295/kotlin-stdlib-1.3.21.jar:/home/mrli/.gradle/caches/modules-2/files-2.1/org.jetbrains.kotlin/kotlin-script-runtime/1.3.21/29363d474ee6fda354900636320a177c7286def9/kotlin-script-runtime-1.3.21.jar:/home/mrli/.gradle/caches/modules-2/files-2.1/org.jetbrains.intellij.deps/trove4j/1.0.20181211/216c2e14b070f334479d800987affe4054cd563f/trove4j-1.0.20181211.jar:/home/mrli/.gradle/caches/modules-2/files-2.1/org.jetbrains.kotlin/kotlin-stdlib-common/1.3.21/f30e4a9897913e53d778f564110bafa1fef46643/kotlin-stdlib-common-1.3.21.jar:/home/mrli/.gradle/caches/modules-2/files-2.1/org.jetbrains/annotations/13.0/919f0dfe192fb4e063e7dacadee7f8bb9a2672a9/annotations-13.0.jar:/home/mrli/android-studio/jre/lib/tools.jar
Launcher Type: SUN_STANDARD

Environment Variables:
JAVA_HOME=/usr/lib/jdk/jdk1.8.0_201
JRE_HOME=/usr/lib/jdk/jdk1.8.0_201/jre
CLASSPATH=/home/mrli/android-studio/lib/bootstrap.jar:/home/mrli/android-studio/lib/extensions.jar:/home/mrli/android-studio/lib/util.jar:/home/mrli/android-studio/lib/jdom.jar:/home/mrli/android-studio/lib/log4j.jar:/home/mrli/android-studio/lib/trove4j.jar:/home/mrli/android-studio/lib/jna.jar:/home/mrli/android-studio/jre/lib/tools.jar
PATH=/usr/lib/jdk/jdk1.8.0_201/bin:/usr/local/sbin:/usr/local/bin:/usr/sbin:/usr/bin:/sbin:/bin:/usr/games:/usr/local/games:/snap/bin
USERNAME=mrli
SHELL=/bin/zsh
DISPLAY=:0

Signal Handlers:
SIGSEGV: [libjvm.so+0xa71660], sa_mask[0]=11111111011111111101111111111110, sa_flags=SA_RESTART|SA_SIGINFO
SIGBUS: [libjvm.so+0xa71660], sa_mask[0]=11111111011111111101111111111110, sa_flags=SA_RESTART|SA_SIGINFO
SIGFPE: [libjvm.so+0x8b1770], sa_mask[0]=11111111011111111101111111111110, sa_flags=SA_RESTART|SA_SIGINFO
SIGPIPE: [libjvm.so+0x8b1770], sa_mask[0]=11111111011111111101111111111110, sa_flags=SA_RESTART|SA_SIGINFO
SIGXFSZ: [libjvm.so+0x8b1770], sa_mask[0]=11111111011111111101111111111110, sa_flags=SA_RESTART|SA_SIGINFO
SIGILL: [libjvm.so+0x8b1770], sa_mask[0]=11111111011111111101111111111110, sa_flags=SA_RESTART|SA_SIGINFO
SIGUSR1: SIG_DFL, sa_mask[0]=00000000000000000000000000000000, sa_flags=none
SIGUSR2: [libjvm.so+0x8b1640], sa_mask[0]=00100000000000000000000000000000, sa_flags=SA_RESTART|SA_SIGINFO
SIGHUP: [libjvm.so+0x8b1aa0], sa_mask[0]=11111111011111111101111111111110, sa_flags=SA_RESTART|SA_SIGINFO
SIGINT: [libjvm.so+0x8b1aa0], sa_mask[0]=11111111011111111101111111111110, sa_flags=SA_RESTART|SA_SIGINFO
SIGTERM: [libjvm.so+0x8b1aa0], sa_mask[0]=11111111011111111101111111111110, sa_flags=SA_RESTART|SA_SIGINFO
SIGQUIT: [libjvm.so+0x8b1aa0], sa_mask[0]=11111111011111111101111111111110, sa_flags=SA_RESTART|SA_SIGINFO


---------------  S Y S T E M  ---------------

OS:DISTRIB_ID=Ubuntu
DISTRIB_RELEASE=18.04
DISTRIB_CODENAME=bionic
DISTRIB_DESCRIPTION="Ubuntu 18.04 LTS"

uname:Linux 4.18.0-16-generic #17~18.04.1-Ubuntu SMP Tue Feb 12 13:35:51 UTC 2019 x86_64
libc:glibc 2.27 NPTL 2.27 
rlimit: STACK 8192k, CORE 0k, NPROC 14900, NOFILE 1048576, AS infinity
load average:4.15 2.42 1.99

/proc/meminfo:
MemTotal:        3928068 kB
MemFree:          100576 kB
MemAvailable:        948 kB
Buffers:             496 kB
Cached:           136024 kB
SwapCached:          404 kB
Active:          2468192 kB
Inactive:         650944 kB
Active(anon):    2465168 kB
Inactive(anon):   645208 kB
Active(file):       3024 kB
Inactive(file):     5736 kB
Unevictable:         128 kB
Mlocked:             128 kB
SwapTotal:       2097148 kB
SwapFree:              0 kB
Dirty:                24 kB
Writeback:            44 kB
AnonPages:       2982832 kB
Mapped:            21360 kB
Shmem:            127272 kB
Slab:             101376 kB
SReclaimable:      40196 kB
SUnreclaim:        61180 kB
KernelStack:       10656 kB
PageTables:        42816 kB
NFS_Unstable:          0 kB
Bounce:                0 kB
WritebackTmp:          0 kB
CommitLimit:     4061180 kB
Committed_AS:    8601504 kB
VmallocTotal:   34359738367 kB
VmallocUsed:           0 kB
VmallocChunk:          0 kB
HardwareCorrupted:     0 kB
AnonHugePages:         0 kB
ShmemHugePages:        0 kB
ShmemPmdMapped:        0 kB
CmaTotal:              0 kB
CmaFree:               0 kB
HugePages_Total:       0
HugePages_Free:        0
HugePages_Rsvd:        0
HugePages_Surp:        0
Hugepagesize:       2048 kB
Hugetlb:               0 kB
DirectMap4k:      296340 kB
DirectMap2M:     3786752 kB
DirectMap1G:           0 kB


CPU:total 4 (initial active 4) (2 cores per cpu, 2 threads per core) family 6 model 78 stepping 3, cmov, cx8, fxsr, mmx, sse, sse2, sse3, ssse3, sse4.1, sse4.2, popcnt, avx, avx2, aes, clmul, erms, 3dnowpref, lzcnt, ht, tsc, tscinvbit, bmi1, bmi2, adx

/proc/cpuinfo:
processor	: 0
vendor_id	: GenuineIntel
cpu family	: 6
model		: 78
model name	: Intel(R) Core(TM) i7-6500U CPU @ 2.50GHz
stepping	: 3
microcode	: 0xc6
cpu MHz		: 2100.001
cache size	: 4096 KB
physical id	: 0
siblings	: 4
core id		: 0
cpu cores	: 2
apicid		: 0
initial apicid	: 0
fpu		: yes
fpu_exception	: yes
cpuid level	: 22
wp		: yes
flags		: fpu vme de pse tsc msr pae mce cx8 apic sep mtrr pge mca cmov pat pse36 clflush dts acpi mmx fxsr sse sse2 ss ht tm pbe syscall nx pdpe1gb rdtscp lm constant_tsc art arch_perfmon pebs bts rep_good nopl xtopology nonstop_tsc cpuid aperfmperf tsc_known_freq pni pclmulqdq dtes64 monitor ds_cpl vmx est tm2 ssse3 sdbg fma cx16 xtpr pdcm pcid sse4_1 sse4_2 x2apic movbe popcnt tsc_deadline_timer aes xsave avx f16c rdrand lahf_lm abm 3dnowprefetch cpuid_fault epb invpcid_single pti ssbd ibrs ibpb stibp tpr_shadow vnmi flexpriority ept vpid fsgsbase tsc_adjust bmi1 avx2 smep bmi2 erms invpcid mpx rdseed adx smap clflushopt intel_pt xsaveopt xsavec xgetbv1 xsaves dtherm ida arat pln pts hwp hwp_notify hwp_act_window hwp_epp flush_l1d
bugs		: cpu_meltdown spectre_v1 spectre_v2 spec_store_bypass l1tf
bogomips	: 5184.00
clflush size	: 64
cache_alignment	: 64
address sizes	: 39 bits physical, 48 bits virtual
power management:

processor	: 1
vendor_id	: GenuineIntel
cpu family	: 6
model		: 78
model name	: Intel(R) Core(TM) i7-6500U CPU @ 2.50GHz
stepping	: 3
microcode	: 0xc6
cpu MHz		: 2097.279
cache size	: 4096 KB
physical id	: 0
siblings	: 4
core id		: 1
cpu cores	: 2
apicid		: 2
initial apicid	: 2
fpu		: yes
fpu_exception	: yes
cpuid level	: 22
wp		: yes
flags		: fpu vme de pse tsc msr pae mce cx8 apic sep mtrr pge mca cmov pat pse36 clflush dts acpi mmx fxsr sse sse2 ss ht tm pbe syscall nx pdpe1gb rdtscp lm constant_tsc art arch_perfmon pebs bts rep_good nopl xtopology nonstop_tsc cpuid aperfmperf tsc_known_freq pni pclmulqdq dtes64 monitor ds_cpl vmx est tm2 ssse3 sdbg fma cx16 xtpr pdcm pcid sse4_1 sse4_2 x2apic movbe popcnt tsc_deadline_timer aes xsave avx f16c rdrand lahf_lm abm 3dnowprefetch cpuid_fault epb invpcid_single pti ssbd ibrs ibpb stibp tpr_shadow vnmi flexpriority ept vpid fsgsbase tsc_adjust bmi1 avx2 smep bmi2 erms invpcid mpx rdseed adx smap clflushopt intel_pt xsaveopt xsavec xgetbv1 xsaves dtherm ida arat pln pts hwp hwp_notify hwp_act_window hwp_epp flush_l1d
bugs		: cpu_meltdown spectre_v1 spectre_v2 spec_store_bypass l1tf
bogomips	: 5184.00
clflush size	: 64
cache_alignment	: 64
address sizes	: 39 bits physical, 48 bits virtual
power management:

processor	: 2
vendor_id	: GenuineIntel
cpu family	: 6
model		: 78
model name	: Intel(R) Core(TM) i7-6500U CPU @ 2.50GHz
stepping	: 3
microcode	: 0xc6
cpu MHz		: 2100.042
cache size	: 4096 KB
physical id	: 0
siblings	: 4
core id		: 0
cpu cores	: 2
apicid		: 1
initial apicid	: 1
fpu		: yes
fpu_exception	: yes
cpuid level	: 22
wp		: yes
flags		: fpu vme de pse tsc msr pae mce cx8 apic sep mtrr pge mca cmov pat pse36 clflush dts acpi mmx fxsr sse sse2 ss ht tm pbe syscall nx pdpe1gb rdtscp lm constant_tsc art arch_perfmon pebs bts rep_good nopl xtopology nonstop_tsc cpuid aperfmperf tsc_known_freq pni pclmulqdq dtes64 monitor ds_cpl vmx est tm2 ssse3 sdbg fma cx16 xtpr pdcm pcid sse4_1 sse4_2 x2apic movbe popcnt tsc_deadline_timer aes xsave avx f16c rdrand lahf_lm abm 3dnowprefetch cpuid_fault epb invpcid_single pti ssbd ibrs ibpb stibp tpr_shadow vnmi flexpriority ept vpid fsgsbase tsc_adjust bmi1 avx2 smep bmi2 erms invpcid mpx rdseed adx smap clflushopt intel_pt xsaveopt xsavec xgetbv1 xsaves dtherm ida arat pln pts hwp hwp_notify hwp_act_window hwp_epp flush_l1d
bugs		: cpu_meltdown spectre_v1 spectre_v2 spec_store_bypass l1tf
bogomips	: 5184.00
clflush size	: 64
cache_alignment	: 64
address sizes	: 39 bits physical, 48 bits virtual
power management:

processor	: 3
vendor_id	: GenuineIntel
cpu family	: 6
model		: 78
model name	: Intel(R) Core(TM) i7-6500U CPU @ 2.50GHz
stepping	: 3
microcode	: 0xc6
cpu MHz		: 1977.106
cache size	: 4096 KB
physical id	: 0
siblings	: 4
core id		: 1
cpu cores	: 2
apicid		: 3
initial apicid	: 3
fpu		: yes
fpu_exception	: yes
cpuid level	: 22
wp		: yes
flags		: fpu vme de pse tsc msr pae mce cx8 apic sep mtrr pge mca cmov pat pse36 clflush dts acpi mmx fxsr sse sse2 ss ht tm pbe syscall nx pdpe1gb rdtscp lm constant_tsc art arch_perfmon pebs bts rep_good nopl xtopology nonstop_tsc cpuid aperfmperf tsc_known_freq pni pclmulqdq dtes64 monitor ds_cpl vmx est tm2 ssse3 sdbg fma cx16 xtpr pdcm pcid sse4_1 sse4_2 x2apic movbe popcnt tsc_deadline_timer aes xsave avx f16c rdrand lahf_lm abm 3dnowprefetch cpuid_fault epb invpcid_single pti ssbd ibrs ibpb stibp tpr_shadow vnmi flexpriority ept vpid fsgsbase tsc_adjust bmi1 avx2 smep bmi2 erms invpcid mpx rdseed adx smap clflushopt intel_pt xsaveopt xsavec xgetbv1 xsaves dtherm ida arat pln pts hwp hwp_notify hwp_act_window hwp_epp flush_l1d
bugs		: cpu_meltdown spectre_v1 spectre_v2 spec_store_bypass l1tf
bogomips	: 5184.00
clflush size	: 64
cache_alignment	: 64
address sizes	: 39 bits physical, 48 bits virtual
power management:



Memory: 4k page, physical 3928068k(107248k free), swap 2097148k(0k free)

vm_info: OpenJDK 64-Bit Server VM (25.152-b01) for linux-amd64 JRE (1.8.0_152-release-1248-b01), built by "builder" with gcc 7.3.0

time: Sun Apr  7 00:12:56 2019
elapsed time: 216 seconds (0d 0h 3m 36s)

