#
# There is insufficient memory for the Java Runtime Environment to continue.
# Native memory allocation (mmap) failed to map 30932992 bytes for committing reserved memory.
# Possible reasons:
#   The system is out of physical RAM or swap space
#   In 32 bit mode, the process size limit was hit
# Possible solutions:
#   Reduce memory load on the system
#   Increase physical memory or swap space
#   Check if swap backing store is full
#   Use 64 bit Java on a 64 bit OS
#   Decrease Java heap size (-Xmx/-Xms)
#   Decrease number of Java threads
#   Decrease Java thread stack sizes (-Xss)
#   Set larger code cache with -XX:ReservedCodeCacheSize=
# This output file may be truncated or incomplete.
#
#  Out of Memory Error (os_linux.cpp:2640), pid=3442, tid=0x00007f8c19958700
#
# JRE version: OpenJDK Runtime Environment (8.0_152-b01) (build 1.8.0_152-release-1248-b01)
# Java VM: OpenJDK 64-Bit Server VM (25.152-b01 mixed mode linux-amd64 compressed oops)
# Failed to write core dump. Core dumps have been disabled. To enable core dumping, try "ulimit -c unlimited" before starting Java again
#

---------------  T H R E A D  ---------------

Current thread (0x00007f8c2c07a000):  VMThread [stack: 0x00007f8c19859000,0x00007f8c19959000] [id=3449]

Stack: [0x00007f8c19859000,0x00007f8c19959000],  sp=0x00007f8c19957520,  free space=1017k
Native frames: (J=compiled Java code, j=interpreted, Vv=VM code, C=native code)
V  [libjvm.so+0xa70d2f]  VMError::report_and_die()+0x2af
V  [libjvm.so+0x4c7207]  report_vm_out_of_memory(char const*, int, unsigned long, VMErrorType, char const*)+0x67
V  [libjvm.so+0x8b5b60]  os::pd_commit_memory(char*, unsigned long, unsigned long, bool)+0x100
V  [libjvm.so+0x8b077f]  os::commit_memory(char*, unsigned long, unsigned long, bool)+0x1f
V  [libjvm.so+0x92e436]  PSVirtualSpace::expand_by(unsigned long)+0x56
V  [libjvm.so+0x92f6c8]  PSYoungGen::resize(unsigned long, unsigned long)+0xd8
V  [libjvm.so+0x92be56]  PSScavenge::invoke_no_policy()+0x1356
V  [libjvm.so+0x92c1fc]  PSScavenge::invoke()+0x4c
V  [libjvm.so+0x8dbd98]  ParallelScavengeHeap::failed_mem_allocate(unsigned long)+0x68
V  [libjvm.so+0xa72863]  VM_ParallelGCFailedAllocation::doit()+0x93
V  [libjvm.so+0xa77896]  VM_Operation::evaluate()+0x46
V  [libjvm.so+0xa750f2]  VMThread::evaluate_operation(VM_Operation*) [clone .constprop.31]+0xa2
V  [libjvm.so+0xa7651b]  VMThread::loop()+0x37b
V  [libjvm.so+0xa768c8]  VMThread::run()+0x78
V  [libjvm.so+0x8b3322]  java_start(Thread*)+0x102

VM_Operation (0x00007f8c08456a40): ParallelGCFailedAllocation, mode: safepoint, requested by thread 0x00007f8bd4007000


---------------  P R O C E S S  ---------------

Java Threads: ( => current thread )
  0x00007f8bc0010000 JavaThread "RMI RenewClean-[127.0.0.1:44523,org.jetbrains.kotlin.daemon.common.LoopbackNetworkInterface$ClientLoopbackSocketFactory@1bbdf162]" daemon [_thread_blocked, id=3788, stack(0x00007f8c08a60000,0x00007f8c08b61000)]
  0x00007f8bd4007000 JavaThread "RMI TCP Connection(13)-127.0.0.1" daemon [_thread_blocked, id=3787, stack(0x00007f8c0835b000,0x00007f8c0845c000)]
  0x00007f8bb4099000 JavaThread "RMI RenewClean-[127.0.0.1:44523,org.jetbrains.kotlin.daemon.common.LoopbackNetworkInterface$ClientLoopbackSocketFactory@149a2905]" daemon [_thread_blocked, id=3784, stack(0x00007f8c0875d000,0x00007f8c0885e000)]
  0x00007f8bc800d800 JavaThread "RMI Scheduler(0)" daemon [_thread_blocked, id=3464, stack(0x00007f8c0845c000,0x00007f8c0855d000)]
  0x00007f8c2c00c800 JavaThread "DestroyJavaVM" [_thread_blocked, id=3444, stack(0x00007f8c324e1000,0x00007f8c325e1000)]
  0x00007f8c2c3e7800 JavaThread "GC Daemon" daemon [_thread_blocked, id=3462, stack(0x00007f8c0885e000,0x00007f8c0895f000)]
  0x00007f8c2c3e1800 JavaThread "RMI Reaper" [_thread_blocked, id=3461, stack(0x00007f8c0895f000,0x00007f8c08a60000)]
  0x00007f8c2c3d0000 JavaThread "Timer-0" daemon [_thread_blocked, id=3459, stack(0x00007f8c08b61000,0x00007f8c08c62000)]
  0x00007f8c2c3ce000 JavaThread "RMI TCP Accept-17610" daemon [_thread_in_native, id=3458, stack(0x00007f8c08c62000,0x00007f8c08d63000)]
  0x00007f8c2c0ca800 JavaThread "Service Thread" daemon [_thread_blocked, id=3456, stack(0x00007f8c18782000,0x00007f8c18883000)]
  0x00007f8c2c0bf000 JavaThread "C1 CompilerThread2" daemon [_thread_blocked, id=3455, stack(0x00007f8c18884000,0x00007f8c18984000)]
  0x00007f8c2c0bd800 JavaThread "C2 CompilerThread1" daemon [_thread_blocked, id=3454, stack(0x00007f8c18985000,0x00007f8c18a85000)]
  0x00007f8c2c0ba800 JavaThread "C2 CompilerThread0" daemon [_thread_blocked, id=3453, stack(0x00007f8c18a86000,0x00007f8c18b86000)]
  0x00007f8c2c0b9000 JavaThread "Signal Dispatcher" daemon [_thread_blocked, id=3452, stack(0x00007f8c18b86000,0x00007f8c18c87000)]
  0x00007f8c2c086800 JavaThread "Finalizer" daemon [_thread_blocked, id=3451, stack(0x00007f8c19656000,0x00007f8c19757000)]
  0x00007f8c2c082000 JavaThread "Reference Handler" daemon [_thread_blocked, id=3450, stack(0x00007f8c19757000,0x00007f8c19858000)]

Other Threads:
=>0x00007f8c2c07a000 VMThread [stack: 0x00007f8c19859000,0x00007f8c19959000] [id=3449]
  0x00007f8c2c0cd000 WatcherThread [stack: 0x00007f8c18682000,0x00007f8c18782000] [id=3457]

VM state:at safepoint (normal execution)

VM Mutex/Monitor currently owned by a thread:  ([mutex/lock_event])
[0x00007f8c2c009030] Threads_lock - owner thread: 0x00007f8c2c07a000
[0x00007f8c2c009530] Heap_lock - owner thread: 0x00007f8bd4007000

Heap:
 PSYoungGen      total 273408K, used 29793K [0x00000000d5580000, 0x00000000eb280000, 0x0000000100000000)
  eden space 189440K, 0% used [0x00000000d5580000,0x00000000d5580000,0x00000000e0e80000)
  from space 83968K, 35% used [0x00000000e0e80000,0x00000000e2b986d8,0x00000000e6080000)
  to   space 78336K, 0% used [0x00000000e6600000,0x00000000e6600000,0x00000000eb280000)
 ParOldGen       total 168448K, used 34428K [0x0000000080000000, 0x000000008a480000, 0x00000000d5580000)
  object space 168448K, 20% used [0x0000000080000000,0x000000008219f3d0,0x000000008a480000)
 Metaspace       used 91249K, capacity 93785K, committed 93912K, reserved 1132544K
  class space    used 11125K, capacity 11709K, committed 11776K, reserved 1048576K

Card table byte_map: [0x00007f8c1bde2000,0x00007f8c1c1e3000] byte_map_base: 0x00007f8c1b9e2000

Marking Bits: (ParMarkBitMap*) 0x00007f8c3198e160
 Begin Bits: [0x00007f8c10000000, 0x00007f8c12000000)
 End Bits:   [0x00007f8c12000000, 0x00007f8c14000000)

Polling page: 0x00007f8c325fd000

CodeCache: size=245760Kb used=48213Kb max_used=48213Kb free=197547Kb
 bounds [0x00007f8c1c5a3000, 0x00007f8c1f513000, 0x00007f8c2b5a3000]
 total_blobs=15125 nmethods=14531 adapters=506
 compilation: enabled

Compilation events (10 events):
Event: 693.078 Thread 0x00007f8c2c0bf000 nmethod 17214 0x00007f8c1d391010 code [0x00007f8c1d391180, 0x00007f8c1d391308]
Event: 693.569 Thread 0x00007f8c2c0bf000 17215       3       java.util.ComparableTimSort::sort (219 bytes)
Event: 694.211 Thread 0x00007f8c2c0bf000 nmethod 17215 0x00007f8c1e9ab9d0 code [0x00007f8c1e9abbe0, 0x00007f8c1e9ac278]
Event: 694.703 Thread 0x00007f8c2c0bf000 17216   !   3       com.sun.tools.javac.file.ZipFileIndex::checkIndex (140 bytes)
Event: 695.708 Thread 0x00007f8c2c0bf000 nmethod 17216 0x00007f8c1e9df6d0 code [0x00007f8c1e9df940, 0x00007f8c1e9e0708]
Event: 695.778 Thread 0x00007f8c2c0bf000 17217       3       java.util.ComparableTimSort::mergeHi (729 bytes)
Event: 696.349 Thread 0x00007f8c2c0ba800 17218       4       java.util.ComparableTimSort::binarySort (223 bytes)
Event: 696.396 Thread 0x00007f8c2c0bf000 nmethod 17217 0x00007f8c1dd59890 code [0x00007f8c1dd59be0, 0x00007f8c1dd5c098]
Event: 696.565 Thread 0x00007f8c2c0bf000 17219       3       java.util.ComparableTimSort::mergeLo (656 bytes)
Event: 696.655 Thread 0x00007f8c2c0bd800 17220   !   4       com.sun.tools.javac.file.JavacFileManager::listContainer (94 bytes)

GC Heap History (10 events):
Event: 397.522 GC heap after
Heap after GC invocations=24 (full 5):
 PSYoungGen      total 192512K, used 0K [0x00000000d5580000, 0x00000000e9600000, 0x0000000100000000)
  eden space 121344K, 0% used [0x00000000d5580000,0x00000000d5580000,0x00000000dcc00000)
  from space 71168K, 0% used [0x00000000dcc00000,0x00000000dcc00000,0x00000000e1180000)
  to   space 82944K, 0% used [0x00000000e4500000,0x00000000e4500000,0x00000000e9600000)
 ParOldGen       total 269824K, used 156805K [0x0000000080000000, 0x0000000090780000, 0x00000000d5580000)
  object space 269824K, 58% used [0x0000000080000000,0x0000000089921558,0x0000000090780000)
 Metaspace       used 82848K, capacity 84851K, committed 84952K, reserved 1124352K
  class space    used 10245K, capacity 10710K, committed 10752K, reserved 1048576K
}
Event: 398.820 GC heap before
{Heap before GC invocations=25 (full 5):
 PSYoungGen      total 192512K, used 121344K [0x00000000d5580000, 0x00000000e9600000, 0x0000000100000000)
  eden space 121344K, 100% used [0x00000000d5580000,0x00000000dcc00000,0x00000000dcc00000)
  from space 71168K, 0% used [0x00000000dcc00000,0x00000000dcc00000,0x00000000e1180000)
  to   space 82944K, 0% used [0x00000000e4500000,0x00000000e4500000,0x00000000e9600000)
 ParOldGen       total 269824K, used 156805K [0x0000000080000000, 0x0000000090780000, 0x00000000d5580000)
  object space 269824K, 58% used [0x0000000080000000,0x0000000089921558,0x0000000090780000)
 Metaspace       used 83418K, capacity 85507K, committed 85592K, reserved 1124352K
  class space    used 10306K, capacity 10818K, committed 10880K, reserved 1048576K
Event: 398.951 GC heap after
Heap after GC invocations=25 (full 5):
 PSYoungGen      total 236032K, used 63105K [0x00000000d5580000, 0x00000000e9a00000, 0x0000000100000000)
  eden space 153088K, 0% used [0x00000000d5580000,0x00000000d5580000,0x00000000deb00000)
  from space 82944K, 76% used [0x00000000e4500000,0x00000000e82a04e0,0x00000000e9600000)
  to   space 89600K, 0% used [0x00000000deb00000,0x00000000deb00000,0x00000000e4280000)
 ParOldGen       total 269824K, used 156813K [0x0000000080000000, 0x0000000090780000, 0x00000000d5580000)
  object space 269824K, 58% used [0x0000000080000000,0x0000000089923558,0x0000000090780000)
 Metaspace       used 83418K, capacity 85507K, committed 85592K, reserved 1124352K
  class space    used 10306K, capacity 10818K, committed 10880K, reserved 1048576K
}
Event: 420.526 GC heap before
{Heap before GC invocations=26 (full 5):
 PSYoungGen      total 236032K, used 216193K [0x00000000d5580000, 0x00000000e9a00000, 0x0000000100000000)
  eden space 153088K, 100% used [0x00000000d5580000,0x00000000deb00000,0x00000000deb00000)
  from space 82944K, 76% used [0x00000000e4500000,0x00000000e82a04e0,0x00000000e9600000)
  to   space 89600K, 0% used [0x00000000deb00000,0x00000000deb00000,0x00000000e4280000)
 ParOldGen       total 269824K, used 156813K [0x0000000080000000, 0x0000000090780000, 0x00000000d5580000)
  object space 269824K, 58% used [0x0000000080000000,0x0000000089923558,0x0000000090780000)
 Metaspace       used 87080K, capacity 89301K, committed 89560K, reserved 1128448K
  class space    used 10713K, capacity 11245K, committed 11264K, reserved 1048576K
Event: 421.369 GC heap after
Heap after GC invocations=26 (full 5):
 PSYoungGen      total 242688K, used 6449K [0x00000000d5580000, 0x00000000ebd00000, 0x0000000100000000)
  eden space 153088K, 0% used [0x00000000d5580000,0x00000000d5580000,0x00000000deb00000)
  from space 89600K, 7% used [0x00000000deb00000,0x00000000df14c6d8,0x00000000e4280000)
  to   space 89088K, 0% used [0x00000000e6600000,0x00000000e6600000,0x00000000ebd00000)
 ParOldGen       total 269824K, used 215251K [0x0000000080000000, 0x0000000090780000, 0x00000000d5580000)
  object space 269824K, 79% used [0x0000000080000000,0x000000008d234e70,0x0000000090780000)
 Metaspace       used 87080K, capacity 89301K, committed 89560K, reserved 1128448K
  class space    used 10713K, capacity 11245K, committed 11264K, reserved 1048576K
}
Event: 421.370 GC heap before
{Heap before GC invocations=27 (full 6):
 PSYoungGen      total 242688K, used 6449K [0x00000000d5580000, 0x00000000ebd00000, 0x0000000100000000)
  eden space 153088K, 0% used [0x00000000d5580000,0x00000000d5580000,0x00000000deb00000)
  from space 89600K, 7% used [0x00000000deb00000,0x00000000df14c6d8,0x00000000e4280000)
  to   space 89088K, 0% used [0x00000000e6600000,0x00000000e6600000,0x00000000ebd00000)
 ParOldGen       total 269824K, used 215251K [0x0000000080000000, 0x0000000090780000, 0x00000000d5580000)
  object space 269824K, 79% used [0x0000000080000000,0x000000008d234e70,0x0000000090780000)
 Metaspace       used 87080K, capacity 89301K, committed 89560K, reserved 1128448K
  class space    used 10713K, capacity 11245K, committed 11264K, reserved 1048576K
Event: 421.603 GC heap after
Heap after GC invocations=27 (full 6):
 PSYoungGen      total 242688K, used 0K [0x00000000d5580000, 0x00000000ebd00000, 0x0000000100000000)
  eden space 153088K, 0% used [0x00000000d5580000,0x00000000d5580000,0x00000000deb00000)
  from space 89600K, 0% used [0x00000000deb00000,0x00000000deb00000,0x00000000e4280000)
  to   space 89088K, 0% used [0x00000000e6600000,0x00000000e6600000,0x00000000ebd00000)
 ParOldGen       total 168448K, used 31525K [0x0000000080000000, 0x000000008a480000, 0x00000000d5580000)
  object space 168448K, 18% used [0x0000000080000000,0x0000000081ec9570,0x000000008a480000)
 Metaspace       used 87080K, capacity 89301K, committed 89560K, reserved 1128448K
  class space    used 10713K, capacity 11245K, committed 11264K, reserved 1048576K
}
Event: 601.325 GC heap before
{Heap before GC invocations=28 (full 6):
 PSYoungGen      total 242688K, used 153088K [0x00000000d5580000, 0x00000000ebd00000, 0x0000000100000000)
  eden space 153088K, 100% used [0x00000000d5580000,0x00000000deb00000,0x00000000deb00000)
  from space 89600K, 0% used [0x00000000deb00000,0x00000000deb00000,0x00000000e4280000)
  to   space 89088K, 0% used [0x00000000e6600000,0x00000000e6600000,0x00000000ebd00000)
 ParOldGen       total 168448K, used 31525K [0x0000000080000000, 0x000000008a480000, 0x00000000d5580000)
  object space 168448K, 18% used [0x0000000080000000,0x0000000081ec9570,0x000000008a480000)
 Metaspace       used 88227K, capacity 90529K, committed 90712K, reserved 1128448K
  class space    used 10798K, capacity 11361K, committed 11392K, reserved 1048576K
Event: 601.365 GC heap after
Heap after GC invocations=28 (full 6):
 PSYoungGen      total 267776K, used 33921K [0x00000000d5580000, 0x00000000eb280000, 0x0000000100000000)
  eden space 189440K, 0% used [0x00000000d5580000,0x00000000d5580000,0x00000000e0e80000)
  from space 78336K, 43% used [0x00000000e6600000,0x00000000e8720618,0x00000000eb280000)
  to   space 83968K, 0% used [0x00000000e0e80000,0x00000000e0e80000,0x00000000e6080000)
 ParOldGen       total 168448K, used 31533K [0x0000000080000000, 0x000000008a480000, 0x00000000d5580000)
  object space 168448K, 18% used [0x0000000080000000,0x0000000081ecb570,0x000000008a480000)
 Metaspace       used 88227K, capacity 90529K, committed 90712K, reserved 1128448K
  class space    used 10798K, capacity 11361K, committed 11392K, reserved 1048576K
}
Event: 697.004 GC heap before
{Heap before GC invocations=29 (full 6):
 PSYoungGen      total 267776K, used 223361K [0x00000000d5580000, 0x00000000eb280000, 0x0000000100000000)
  eden space 189440K, 100% used [0x00000000d5580000,0x00000000e0e80000,0x00000000e0e80000)
  from space 78336K, 43% used [0x00000000e6600000,0x00000000e8720618,0x00000000eb280000)
  to   space 83968K, 0% used [0x00000000e0e80000,0x00000000e0e80000,0x00000000e6080000)
 ParOldGen       total 168448K, used 31533K [0x0000000080000000, 0x000000008a480000, 0x00000000d5580000)
  object space 168448K, 18% used [0x0000000080000000,0x0000000081ecb570,0x000000008a480000)
 Metaspace       used 91249K, capacity 93785K, committed 93912K, reserved 1132544K
  class space    used 11125K, capacity 11709K, committed 11776K, reserved 1048576K

Deoptimization events (10 events):
Event: 603.861 Thread 0x00007f8bd4005000 Uncommon trap: reason=unstable_if action=reinterpret pc=0x00007f8c1dd69aa0 method=java.lang.Integer.getChars(II[C)V @ 20
Event: 603.862 Thread 0x00007f8bd4005000 Uncommon trap: reason=unstable_if action=reinterpret pc=0x00007f8c1edd8490 method=java.lang.Integer.getChars(II[C)V @ 20
Event: 604.158 Thread 0x00007f8bd4005000 Uncommon trap: reason=bimorphic action=maybe_recompile pc=0x00007f8c1e8ae668 method=com.sun.tools.javac.tree.Pretty.print(Ljava/lang/Object;)V @ 5
Event: 604.160 Thread 0x00007f8bd4005000 Uncommon trap: reason=bimorphic action=maybe_recompile pc=0x00007f8c1e8ae668 method=com.sun.tools.javac.tree.Pretty.print(Ljava/lang/Object;)V @ 5
Event: 607.230 Thread 0x00007f8bd4005000 Uncommon trap: reason=unstable_if action=reinterpret pc=0x00007f8c1d167328 method=org.jetbrains.kotlin.protobuf.CodedOutputStream.writeInt32NoTag(I)V @ 1
Event: 666.325 Thread 0x00007f8bd4007000 Uncommon trap: reason=unstable_if action=reinterpret pc=0x00007f8c1dfe8874 method=com.sun.tools.javac.file.Locations.lazy()V @ 4
Event: 680.868 Thread 0x00007f8bd4007000 Uncommon trap: reason=unstable_if action=reinterpret pc=0x00007f8c1df6a588 method=com.sun.tools.javac.parser.JavacParser.modifiersOpt(Lcom/sun/tools/javac/tree/JCTree$JCModifiers;)Lcom/sun/tools/javac/tree/JCTree$JCModifiers; @ 382
Event: 689.994 Thread 0x00007f8bd4007000 Uncommon trap: reason=null_check action=make_not_entrant pc=0x00007f8c1e393300 method=com.sun.tools.javac.file.JavacFileManager.listContainer(Ljava/io/File;Lcom/sun/tools/javac/file/RelativePath$RelativeDirectory;Ljava/util/Set;ZLcom/sun/tools/javac/util/
Event: 690.045 Thread 0x00007f8bd4007000 Uncommon trap: reason=unstable_if action=reinterpret pc=0x00007f8c1e234240 method=com.sun.tools.javac.file.ZipFileIndex.isUpToDate()Z @ 32
Event: 690.072 Thread 0x00007f8bd4007000 Uncommon trap: reason=unstable_if action=reinterpret pc=0x00007f8c1e236410 method=com.sun.tools.javac.file.ZipFileIndex.isUpToDate()Z @ 32

Classes redefined (0 events):
No events

Internal exceptions (10 events):
Event: 607.040 Thread 0x00007f8bd4005000 Exception <a 'sun/nio/fs/UnixException'> (0x00000000daac10b8) thrown at [/usr/local/google/home/ralucas/source/AOSP-openjdk-git/jdk8u/hotspot/src/share/vm/prims/jni.cpp, line 709]
Event: 607.047 Thread 0x00007f8bd4005000 Exception <a 'java/io/FileNotFoundException'> (0x00000000daac2ab0) thrown at [/usr/local/google/home/ralucas/source/AOSP-openjdk-git/jdk8u/hotspot/src/share/vm/prims/jni.cpp, line 709]
Event: 607.047 Thread 0x00007f8bd4005000 Exception <a 'java/io/FileNotFoundException'> (0x00000000daac4218) thrown at [/usr/local/google/home/ralucas/source/AOSP-openjdk-git/jdk8u/hotspot/src/share/vm/prims/jni.cpp, line 709]
Event: 607.147 Thread 0x00007f8bd4005000 Exception <a 'java/io/FileNotFoundException'> (0x00000000dab42530) thrown at [/usr/local/google/home/ralucas/source/AOSP-openjdk-git/jdk8u/hotspot/src/share/vm/prims/jni.cpp, line 709]
Event: 607.181 Thread 0x00007f8bd4005000 Exception <a 'sun/nio/fs/UnixException'> (0x00000000dab43c58) thrown at [/usr/local/google/home/ralucas/source/AOSP-openjdk-git/jdk8u/hotspot/src/share/vm/prims/jni.cpp, line 709]
Event: 607.186 Thread 0x00007f8bd4005000 Exception <a 'sun/nio/fs/UnixException'> (0x00000000dab48bd8) thrown at [/usr/local/google/home/ralucas/source/AOSP-openjdk-git/jdk8u/hotspot/src/share/vm/prims/jni.cpp, line 709]
Event: 607.198 Thread 0x00007f8bd4005000 Exception <a 'java/io/FileNotFoundException'> (0x00000000dab4a698) thrown at [/usr/local/google/home/ralucas/source/AOSP-openjdk-git/jdk8u/hotspot/src/share/vm/prims/jni.cpp, line 709]
Event: 607.200 Thread 0x00007f8bd4005000 Exception <a 'java/io/FileNotFoundException'> (0x00000000dab4bf80) thrown at [/usr/local/google/home/ralucas/source/AOSP-openjdk-git/jdk8u/hotspot/src/share/vm/prims/jni.cpp, line 709]
Event: 612.834 Thread 0x00007f8bc0010000 Exception <a 'java/lang/InterruptedException'> (0x00000000daecc8c0) thrown at [/usr/local/google/home/ralucas/source/AOSP-openjdk-git/jdk8u/hotspot/src/share/vm/runtime/objectMonitor.cpp, line 1684]
Event: 689.982 Thread 0x00007f8bd4007000 Implicit null exception at 0x00007f8c1e3920ad to 0x00007f8c1e3932e9

Events (10 events):
Event: 696.556 Thread 0x00007f8bd4007000 DEOPT UNPACKING pc=0x00007f8c1c5ea4c4 sp=0x00007f8c084565f8 mode 0
Event: 696.557 Thread 0x00007f8bd4007000 DEOPT PACKING pc=0x00007f8c1defc18f sp=0x00007f8c084569b0
Event: 696.557 Thread 0x00007f8bd4007000 DEOPT UNPACKING pc=0x00007f8c1c5ea4c4 sp=0x00007f8c084566f0 mode 0
Event: 696.558 Thread 0x00007f8bd4007000 DEOPT PACKING pc=0x00007f8c1defc18f sp=0x00007f8c084569b0
Event: 696.558 Thread 0x00007f8bd4007000 DEOPT UNPACKING pc=0x00007f8c1c5ea4c4 sp=0x00007f8c084566f0 mode 0
Event: 696.558 Thread 0x00007f8bd4007000 DEOPT PACKING pc=0x00007f8c1def4b0a sp=0x00007f8c08456870
Event: 696.558 Thread 0x00007f8bd4007000 DEOPT UNPACKING pc=0x00007f8c1c5ea4c4 sp=0x00007f8c084565f8 mode 0
Event: 696.558 Thread 0x00007f8bd4007000 DEOPT PACKING pc=0x00007f8c1defc18f sp=0x00007f8c084569b0
Event: 696.558 Thread 0x00007f8bd4007000 DEOPT UNPACKING pc=0x00007f8c1c5ea4c4 sp=0x00007f8c084566f0 mode 0
Event: 696.997 Executing VM operation: ParallelGCFailedAllocation


Dynamic libraries:
80000000-8a480000 rw-p 00000000 00:00 0 
8a480000-d5580000 ---p 00000000 00:00 0 
d5580000-eb280000 rw-p 00000000 00:00 0 
ed000000-100000000 ---p 00000000 00:00 0 
100000000-100b80000 rw-p 00000000 00:00 0 
100b80000-140000000 ---p 00000000 00:00 0 
55decdd58000-55decdd59000 r-xp 00000000 08:02 11945289                   /home/mrli/android-studio/jre/jre/bin/java
55decdf58000-55decdf59000 r--p 00000000 08:02 11945289                   /home/mrli/android-studio/jre/jre/bin/java
55decdf59000-55decdf5a000 rw-p 00001000 08:02 11945289                   /home/mrli/android-studio/jre/jre/bin/java
55dece9a2000-55dece9c3000 rw-p 00000000 00:00 0                          [heap]
7f8ba8000000-7f8ba8021000 rw-p 00000000 00:00 0 
7f8ba8021000-7f8bac000000 ---p 00000000 00:00 0 
7f8baf400000-7f8baf440000 rw-p 00000000 00:00 0 
7f8baf440000-7f8baf600000 ---p 00000000 00:00 0 
7f8baf600000-7f8baf800000 rw-p 00000000 00:00 0 
7f8baf800000-7f8bafa00000 rw-p 00000000 00:00 0 
7f8bafa00000-7f8bafc00000 rw-p 00000000 00:00 0 
7f8bafc00000-7f8bafe00000 rw-p 00000000 00:00 0 
7f8bafe00000-7f8bb0000000 rw-p 00000000 00:00 0 
7f8bb0000000-7f8bb0b5e000 rw-p 00000000 00:00 0 
7f8bb0b5e000-7f8bb4000000 ---p 00000000 00:00 0 
7f8bb4000000-7f8bb473e000 rw-p 00000000 00:00 0 
7f8bb473e000-7f8bb8000000 ---p 00000000 00:00 0 
7f8bb812b000-7f8bb832b000 rw-p 00000000 00:00 0 
7f8bb832b000-7f8bb833d000 r--s 00345000 08:02 11945235                   /home/mrli/android-studio/jre/jre/lib/resources.jar
7f8bb833d000-7f8bb853d000 rw-p 00000000 00:00 0 
7f8bb853d000-7f8bb873d000 rw-p 00000000 00:00 0 
7f8bb873d000-7f8bb893d000 rw-p 00000000 00:00 0 
7f8bb893d000-7f8bb8b3d000 rw-p 00000000 00:00 0 
7f8bb8c05000-7f8bb8e05000 rw-p 00000000 00:00 0 
7f8bb8e30000-7f8bb9030000 rw-p 00000000 00:00 0 
7f8bb9030000-7f8bb9151000 r--s 02b7d000 08:02 924240                     /home/mrli/Android/Sdk/platforms/android-28/android.jar
7f8bb9151000-7f8bb9154000 ---p 00000000 00:00 0 
7f8bb9154000-7f8bb9452000 rw-p 00000000 00:00 0 
7f8bb9452000-7f8bb9652000 rw-p 00000000 00:00 0 
7f8bb9652000-7f8bb9852000 rw-p 00000000 00:00 0 
7f8bb9852000-7f8bb9a52000 rw-p 00000000 00:00 0 
7f8bb9a52000-7f8bb9c52000 rw-p 00000000 00:00 0 
7f8bb9c52000-7f8bb9e52000 rw-p 00000000 00:00 0 
7f8bb9e52000-7f8bba052000 rw-p 00000000 00:00 0 
7f8bba052000-7f8bba252000 rw-p 00000000 00:00 0 
7f8bba252000-7f8bba452000 rw-p 00000000 00:00 0 
7f8bba452000-7f8bba652000 rw-p 00000000 00:00 0 
7f8bba652000-7f8bba852000 rw-p 00000000 00:00 0 
7f8bba852000-7f8bbaa52000 rw-p 00000000 00:00 0 
7f8bbaa52000-7f8bbac48000 rw-p 00000000 00:00 0 
7f8bbac48000-7f8bbac52000 ---p 00000000 00:00 0 
7f8bbac9a000-7f8bbaccf000 r--s 00271000 08:02 3804523                    /home/mrli/.gradle/caches/transforms-1/files-1.1/guava-26.0-jre.jar/7a30d678935b1cd08568df6b2d20fa18/jetified-guava-26.0-jre.jar
7f8bbaccf000-7f8bbaecf000 rw-p 00000000 00:00 0 
7f8bbaed9000-7f8bbaee0000 r--s 00052000 08:02 10488331                   /home/mrli/.gradle/caches/modules-2/files-2.1/androidx.databinding/databinding-compiler-common/3.3.0/d940cafe799b457249e57fbc87eb9b7e656c1fc7/databinding-compiler-common-3.3.0.jar
7f8bbaee0000-7f8bbaee4000 r--s 00033000 08:02 3676979                    /home/mrli/.gradle/caches/transforms-1/files-1.1/google-java-format-1.5.jar/a5e35f35b36113325ab6425640a60a57/jetified-google-java-format-1.5.jar
7f8bbaee4000-7f8bbaeef000 r--s 000fd000 08:02 10488751                   /home/mrli/.gradle/caches/modules-2/files-2.1/androidx.databinding/databinding-compiler/3.3.0/25f99ed340a7437bcad69b5464632cfcbddac420/databinding-compiler-3.3.0.jar
7f8bbaeef000-7f8bbaeff000 r--s 000e3000 08:02 10488750                   /home/mrli/.gradle/caches/modules-2/files-2.1/com.google.dagger/dagger-compiler/2.17/2c363c15fe60d3183b1ca8c170cc39a9a4000be4/dagger-compiler-2.17.jar
7f8bbaeff000-7f8bbaf02000 ---p 00000000 00:00 0 
7f8bbaf02000-7f8bbb200000 rw-p 00000000 00:00 0 
7f8bbb200000-7f8bbb400000 rw-p 00000000 00:00 0 
7f8bbb400000-7f8bbb600000 rw-p 00000000 00:00 0 
7f8bbb600000-7f8bbb800000 rw-p 00000000 00:00 0 
7f8bbb800000-7f8bbba00000 rw-p 00000000 00:00 0 
7f8bbba00000-7f8bbbc00000 rw-p 00000000 00:00 0 
7f8bbbc00000-7f8bbbe00000 rw-p 00000000 00:00 0 
7f8bbbe00000-7f8bbc000000 rw-p 00000000 00:00 0 
7f8bbc000000-7f8bbc021000 rw-p 00000000 00:00 0 
7f8bbc021000-7f8bc0000000 ---p 00000000 00:00 0 
7f8bc0000000-7f8bc1960000 rw-p 00000000 00:00 0 
7f8bc1960000-7f8bc4000000 ---p 00000000 00:00 0 
7f8bc4000000-7f8bc4021000 rw-p 00000000 00:00 0 
7f8bc4021000-7f8bc8000000 ---p 00000000 00:00 0 
7f8bc8000000-7f8bc83a7000 rw-p 00000000 00:00 0 
7f8bc83a7000-7f8bcc000000 ---p 00000000 00:00 0 
7f8bcc000000-7f8bcc025000 rw-p 00000000 00:00 0 
7f8bcc025000-7f8bd0000000 ---p 00000000 00:00 0 
7f8bd0000000-7f8bd0021000 rw-p 00000000 00:00 0 
7f8bd0021000-7f8bd4000000 ---p 00000000 00:00 0 
7f8bd4000000-7f8bd4021000 rw-p 00000000 00:00 0 
7f8bd4021000-7f8bd8000000 ---p 00000000 00:00 0 
7f8bd8000000-7f8bd828e000 rw-p 00000000 00:00 0 
7f8bd828e000-7f8bdc000000 ---p 00000000 00:00 0 
7f8bdc000000-7f8bdc021000 rw-p 00000000 00:00 0 
7f8bdc021000-7f8be0000000 ---p 00000000 00:00 0 
7f8be0000000-7f8be0021000 rw-p 00000000 00:00 0 
7f8be0021000-7f8be4000000 ---p 00000000 00:00 0 
7f8be4000000-7f8be60c4000 rw-p 00000000 00:00 0 
7f8be60c4000-7f8be8000000 ---p 00000000 00:00 0 
7f8be8000000-7f8be8e98000 rw-p 00000000 00:00 0 
7f8be8e98000-7f8bec000000 ---p 00000000 00:00 0 
7f8bec000000-7f8bec021000 rw-p 00000000 00:00 0 
7f8bec021000-7f8bf0000000 ---p 00000000 00:00 0 
7f8bf0000000-7f8bf1554000 rw-p 00000000 00:00 0 
7f8bf1554000-7f8bf4000000 ---p 00000000 00:00 0 
7f8bf4000000-7f8bf4021000 rw-p 00000000 00:00 0 
7f8bf4021000-7f8bf8000000 ---p 00000000 00:00 0 
7f8bf8000000-7f8bf8021000 rw-p 00000000 00:00 0 
7f8bf8021000-7f8bfc000000 ---p 00000000 00:00 0 
7f8bfc000000-7f8bfc02f000 rw-p 00000000 00:00 0 
7f8bfc02f000-7f8c00000000 ---p 00000000 00:00 0 
7f8c00000000-7f8c00280000 rw-p 00000000 00:00 0 
7f8c00280000-7f8c04000000 ---p 00000000 00:00 0 
7f8c04000000-7f8c0402d000 rw-p 00000000 00:00 0 
7f8c0402d000-7f8c08000000 ---p 00000000 00:00 0 
7f8c08000000-7f8c08002000 r--s 00008000 08:02 10488690                   /home/mrli/.gradle/caches/modules-2/files-2.1/com.google.dagger/dagger/2.17/25e4130ca54cb143c58f707ecfd3f6936f39592f/dagger-2.17.jar
7f8c08002000-7f8c08004000 r--s 00006000 08:02 2753993                    /home/mrli/.gradle/caches/transforms-1/files-1.1/jetified-dagger-android-2.17.aar/59296b7fbab770ea72c71fa2a6831781/jars/classes.jar
7f8c08004000-7f8c08007000 r--s 0000f000 08:02 10488748                   /home/mrli/.gradle/caches/modules-2/files-2.1/com.google.dagger/dagger-producers/2.17/4de9b6628c2868ee03786be63f6ef27c662a007c/dagger-producers-2.17.jar
7f8c08007000-7f8c08014000 r--s 000bb000 08:02 10488955                   /home/mrli/.gradle/caches/modules-2/files-2.1/org.jetbrains.kotlinx/kotlinx-coroutines-core/1.1.1/3d2b7321cdef9ebf9cb7729ea4f75a6f6457df86/kotlinx-coroutines-core-1.1.1.jar
7f8c08014000-7f8c08017000 r--s 0001c000 08:02 10488747                   /home/mrli/.gradle/caches/modules-2/files-2.1/com.google.dagger/dagger-spi/2.17/d4d7369dbaea57656fb9482d07c0ae5388d2dd0c/dagger-spi-2.17.jar
7f8c08017000-7f8c0801a000 r--s 0001b000 08:02 10488749                   /home/mrli/.gradle/caches/modules-2/files-2.1/com.google.dagger/dagger-android-processor/2.17/e6fc953c4b9d8354a74f81cdf7aaf879a68e121d/dagger-android-processor-2.17.jar
7f8c0801a000-7f8c0801f000 r--s 00013000 08:02 10488971                   /home/mrli/.gradle/caches/modules-2/files-2.1/org.jetbrains.kotlinx/kotlinx-coroutines-core-common/1.1.1/7ed04382bdf0c89c5d87ac462aa4935ae8e85243/kotlinx-coroutines-core-common-1.1.1.jar
7f8c0801f000-7f8c08023000 r--s 00018000 08:02 3409835                    /home/mrli/.gradle/caches/transforms-1/files-1.1/retrofit-2.5.0.jar/f7f7e52d1f92232f94101961772aac65/jetified-retrofit-2.5.0.jar
7f8c08023000-7f8c0802a000 r--s 00050000 08:02 10489034                   /home/mrli/.gradle/caches/modules-2/files-2.1/org.jetbrains.kotlin/kotlin-annotation-processing-gradle/1.3.21/225aacd70ddfe71c72796bb317b3f12254c1ff3a/kotlin-annotation-processing-gradle-1.3.21.jar
7f8c0802a000-7f8c08032000 r--s 0004d000 08:02 10489035                   /home/mrli/.gradle/caches/modules-2/files-2.1/org.jetbrains.kotlin/kotlin-android-extensions/1.3.21/311c0d1cbb0a194e8712edaef7b92a8f0919ca26/kotlin-android-extensions-1.3.21.jar
7f8c08032000-7f8c08039000 r--s 00000000 08:02 10881807                   /usr/lib/x86_64-linux-gnu/gconv/gconv-modules.cache
7f8c08039000-7f8c0805a000 r--p 00000000 08:02 11932033                   /usr/share/locale-langpack/zh_CN/LC_MESSAGES/libc.mo
7f8c0805a000-7f8c0825a000 rw-p 00000000 00:00 0 
7f8c0825a000-7f8c0825d000 ---p 00000000 00:00 0 
7f8c0825d000-7f8c0835b000 rw-p 00000000 00:00 0 
7f8c0835b000-7f8c0835e000 ---p 00000000 00:00 0 
7f8c0835e000-7f8c0845c000 rw-p 00000000 00:00 0 
7f8c0845c000-7f8c0845f000 ---p 00000000 00:00 0 
7f8c0845f000-7f8c0875d000 rw-p 00000000 00:00 0 
7f8c0875d000-7f8c08760000 ---p 00000000 00:00 0 
7f8c08760000-7f8c0885e000 rw-p 00000000 00:00 0 
7f8c0885e000-7f8c08861000 ---p 00000000 00:00 0 
7f8c08861000-7f8c0895f000 rw-p 00000000 00:00 0 
7f8c0895f000-7f8c08962000 ---p 00000000 00:00 0 
7f8c08962000-7f8c08a60000 rw-p 00000000 00:00 0 
7f8c08a60000-7f8c08a63000 ---p 00000000 00:00 0 
7f8c08a63000-7f8c08b61000 rw-p 00000000 00:00 0 
7f8c08b61000-7f8c08b64000 ---p 00000000 00:00 0 
7f8c08b64000-7f8c08c62000 rw-p 00000000 00:00 0 
7f8c08c62000-7f8c08c65000 ---p 00000000 00:00 0 
7f8c08c65000-7f8c08d63000 rw-p 00000000 00:00 0 
7f8c08d63000-7f8c08d68000 r--s 0009a000 08:02 11945263                   /home/mrli/android-studio/jre/jre/lib/jsse.jar
7f8c08d68000-7f8c08de1000 r--s 010fd000 08:02 11945114                   /home/mrli/android-studio/jre/lib/tools.jar
7f8c08de1000-7f8c08de8000 r--s 0001f000 08:02 10488848                   /home/mrli/.gradle/caches/modules-2/files-2.1/org.jetbrains.kotlin/kotlin-stdlib-common/1.3.21/f30e4a9897913e53d778f564110bafa1fef46643/kotlin-stdlib-common-1.3.21.jar
7f8c08de8000-7f8c0bde9000 rw-p 00000000 00:00 0 
7f8c0bde9000-7f8c0bdff000 r-xp 00000000 08:02 11945211                   /home/mrli/android-studio/jre/jre/lib/amd64/libnet.so
7f8c0bdff000-7f8c0bffe000 ---p 00016000 08:02 11945211                   /home/mrli/android-studio/jre/jre/lib/amd64/libnet.so
7f8c0bffe000-7f8c0bfff000 r--p 00015000 08:02 11945211                   /home/mrli/android-studio/jre/jre/lib/amd64/libnet.so
7f8c0bfff000-7f8c0c000000 rw-p 00016000 08:02 11945211                   /home/mrli/android-studio/jre/jre/lib/amd64/libnet.so
7f8c0c000000-7f8c0c021000 rw-p 00000000 00:00 0 
7f8c0c021000-7f8c10000000 ---p 00000000 00:00 0 
7f8c10000000-7f8c14000000 rw-p 00000000 00:00 0 
7f8c14000000-7f8c14021000 rw-p 00000000 00:00 0 
7f8c14021000-7f8c18000000 ---p 00000000 00:00 0 
7f8c18000000-7f8c18002000 r--s 00006000 08:02 3936262                    /home/mrli/.gradle/caches/transforms-1/files-1.1/dagger-android-jarimpl-2.17.jar/8120d0f478fa5a9f4a2eb9232aa570cb/jetified-dagger-android-jarimpl-2.17.jar
7f8c18002000-7f8c18003000 r--s 00002000 08:02 3278403                    /home/mrli/.gradle/caches/transforms-1/files-1.1/kotlin-3.0.0.aar/c63719953c259e2abaa85cc4e09374e0/jars/classes.jar
7f8c18003000-7f8c1800e000 r--s 00081000 08:02 10488847                   /home/mrli/.gradle/caches/modules-2/files-2.1/org.jetbrains.intellij.deps/trove4j/1.0.20181211/216c2e14b070f334479d800987affe4054cd563f/trove4j-1.0.20181211.jar
7f8c1800e000-7f8c1801f000 r-xp 00000000 08:02 11945232                   /home/mrli/android-studio/jre/jre/lib/amd64/libnio.so
7f8c1801f000-7f8c1821e000 ---p 00011000 08:02 11945232                   /home/mrli/android-studio/jre/jre/lib/amd64/libnio.so
7f8c1821e000-7f8c1821f000 r--p 00010000 08:02 11945232                   /home/mrli/android-studio/jre/jre/lib/amd64/libnio.so
7f8c1821f000-7f8c18220000 rw-p 00011000 08:02 11945232                   /home/mrli/android-studio/jre/jre/lib/amd64/libnio.so
7f8c18220000-7f8c18229000 r-xp 00000000 08:02 11945208                   /home/mrli/android-studio/jre/jre/lib/amd64/libmanagement.so
7f8c18229000-7f8c18428000 ---p 00009000 08:02 11945208                   /home/mrli/android-studio/jre/jre/lib/amd64/libmanagement.so
7f8c18428000-7f8c18429000 r--p 00008000 08:02 11945208                   /home/mrli/android-studio/jre/jre/lib/amd64/libmanagement.so
7f8c18429000-7f8c1842a000 rw-p 00009000 08:02 11945208                   /home/mrli/android-studio/jre/jre/lib/amd64/libmanagement.so
7f8c1842a000-7f8c18461000 r--s 00255000 08:02 10488835                   /home/mrli/.gradle/caches/modules-2/files-2.1/org.jetbrains.kotlin/kotlin-reflect/1.3.21/d0d5ff2ac2ebd8a42697af41e20fc225a23c5d3b/kotlin-reflect-1.3.21.jar
7f8c18461000-7f8c184a2000 rw-p 00000000 00:00 0 
7f8c184a2000-7f8c18681000 r--s 01b19000 08:02 10489036                   /home/mrli/.gradle/caches/modules-2/files-2.1/org.jetbrains.kotlin/kotlin-compiler-embeddable/1.3.21/677cc9553b8964c895abc76da9b6a0faea8f671d/kotlin-compiler-embeddable-1.3.21.jar
7f8c18681000-7f8c18682000 ---p 00000000 00:00 0 
7f8c18682000-7f8c18782000 rw-p 00000000 00:00 0 
7f8c18782000-7f8c18785000 ---p 00000000 00:00 0 
7f8c18785000-7f8c18883000 rw-p 00000000 00:00 0 
7f8c18883000-7f8c18884000 ---p 00000000 00:00 0 
7f8c18884000-7f8c18887000 ---p 00000000 00:00 0 
7f8c18887000-7f8c18984000 rw-p 00000000 00:00 0 
7f8c18984000-7f8c18985000 ---p 00000000 00:00 0 
7f8c18985000-7f8c18988000 ---p 00000000 00:00 0 
7f8c18988000-7f8c18a85000 rw-p 00000000 00:00 0 
7f8c18a85000-7f8c18a86000 ---p 00000000 00:00 0 
7f8c18a86000-7f8c18a89000 ---p 00000000 00:00 0 
7f8c18a89000-7f8c18b86000 rw-p 00000000 00:00 0 
7f8c18b86000-7f8c18b89000 ---p 00000000 00:00 0 
7f8c18b89000-7f8c18c87000 rw-p 00000000 00:00 0 
7f8c18c87000-7f8c19656000 r--p 00000000 08:02 10623654                   /usr/lib/locale/locale-archive
7f8c19656000-7f8c19659000 ---p 00000000 00:00 0 
7f8c19659000-7f8c19757000 rw-p 00000000 00:00 0 
7f8c19757000-7f8c1975a000 ---p 00000000 00:00 0 
7f8c1975a000-7f8c19858000 rw-p 00000000 00:00 0 
7f8c19858000-7f8c19859000 ---p 00000000 00:00 0 
7f8c19859000-7f8c1a8ec000 rw-p 00000000 00:00 0 
7f8c1a8ec000-7f8c1aabd000 r--s 03c88000 08:02 11945248                   /home/mrli/android-studio/jre/jre/lib/rt.jar
7f8c1aabd000-7f8c1b733000 rw-p 00000000 00:00 0 
7f8c1b733000-7f8c1b734000 ---p 00000000 00:00 0 
7f8c1b734000-7f8c1b834000 rw-p 00000000 00:00 0 
7f8c1b834000-7f8c1b835000 ---p 00000000 00:00 0 
7f8c1b835000-7f8c1b935000 rw-p 00000000 00:00 0 
7f8c1b935000-7f8c1b936000 ---p 00000000 00:00 0 
7f8c1b936000-7f8c1ba36000 rw-p 00000000 00:00 0 
7f8c1ba36000-7f8c1ba37000 ---p 00000000 00:00 0 
7f8c1ba37000-7f8c1bb8a000 rw-p 00000000 00:00 0 
7f8c1bb8a000-7f8c1bde2000 ---p 00000000 00:00 0 
7f8c1bde2000-7f8c1be35000 rw-p 00000000 00:00 0 
7f8c1be35000-7f8c1c08c000 ---p 00000000 00:00 0 
7f8c1c08c000-7f8c1c13c000 rw-p 00000000 00:00 0 
7f8c1c13c000-7f8c1c1e2000 ---p 00000000 00:00 0 
7f8c1c1e2000-7f8c1c2a1000 rw-p 00000000 00:00 0 
7f8c1c2a1000-7f8c1c5a3000 ---p 00000000 00:00 0 
7f8c1c5a3000-7f8c1f513000 rwxp 00000000 00:00 0 
7f8c1f513000-7f8c2b5a3000 ---p 00000000 00:00 0 
7f8c2b5a3000-7f8c2b5bd000 r-xp 00000000 08:02 11945207                   /home/mrli/android-studio/jre/jre/lib/amd64/libzip.so
7f8c2b5bd000-7f8c2b7bc000 ---p 0001a000 08:02 11945207                   /home/mrli/android-studio/jre/jre/lib/amd64/libzip.so
7f8c2b7bc000-7f8c2b7bd000 r--p 00019000 08:02 11945207                   /home/mrli/android-studio/jre/jre/lib/amd64/libzip.so
7f8c2b7bd000-7f8c2b7be000 rw-p 0001a000 08:02 11945207                   /home/mrli/android-studio/jre/jre/lib/amd64/libzip.so
7f8c2b7be000-7f8c2b7c9000 r-xp 00000000 08:02 8786625                    /lib/x86_64-linux-gnu/libnss_files-2.27.so
7f8c2b7c9000-7f8c2b9c8000 ---p 0000b000 08:02 8786625                    /lib/x86_64-linux-gnu/libnss_files-2.27.so
7f8c2b9c8000-7f8c2b9c9000 r--p 0000a000 08:02 8786625                    /lib/x86_64-linux-gnu/libnss_files-2.27.so
7f8c2b9c9000-7f8c2b9ca000 rw-p 0000b000 08:02 8786625                    /lib/x86_64-linux-gnu/libnss_files-2.27.so
7f8c2b9ca000-7f8c2b9d0000 rw-p 00000000 00:00 0 
7f8c2b9d0000-7f8c2b9e7000 r-xp 00000000 08:02 8786619                    /lib/x86_64-linux-gnu/libnsl-2.27.so
7f8c2b9e7000-7f8c2bbe6000 ---p 00017000 08:02 8786619                    /lib/x86_64-linux-gnu/libnsl-2.27.so
7f8c2bbe6000-7f8c2bbe7000 r--p 00016000 08:02 8786619                    /lib/x86_64-linux-gnu/libnsl-2.27.so
7f8c2bbe7000-7f8c2bbe8000 rw-p 00017000 08:02 8786619                    /lib/x86_64-linux-gnu/libnsl-2.27.so
7f8c2bbe8000-7f8c2bbea000 rw-p 00000000 00:00 0 
7f8c2bbea000-7f8c2bbf5000 r-xp 00000000 08:02 8786636                    /lib/x86_64-linux-gnu/libnss_nis-2.27.so
7f8c2bbf5000-7f8c2bdf4000 ---p 0000b000 08:02 8786636                    /lib/x86_64-linux-gnu/libnss_nis-2.27.so
7f8c2bdf4000-7f8c2bdf5000 r--p 0000a000 08:02 8786636                    /lib/x86_64-linux-gnu/libnss_nis-2.27.so
7f8c2bdf5000-7f8c2bdf6000 rw-p 0000b000 08:02 8786636                    /lib/x86_64-linux-gnu/libnss_nis-2.27.so
7f8c2bdf6000-7f8c2bdfe000 r-xp 00000000 08:02 8786621                    /lib/x86_64-linux-gnu/libnss_compat-2.27.so
7f8c2bdfe000-7f8c2bffe000 ---p 00008000 08:02 8786621                    /lib/x86_64-linux-gnu/libnss_compat-2.27.so
7f8c2bffe000-7f8c2bfff000 r--p 00008000 08:02 8786621                    /lib/x86_64-linux-gnu/libnss_compat-2.27.so
7f8c2bfff000-7f8c2c000000 rw-p 00009000 08:02 8786621                    /lib/x86_64-linux-gnu/libnss_compat-2.27.so
7f8c2c000000-7f8c2c40f000 rw-p 00000000 00:00 0 
7f8c2c40f000-7f8c30000000 ---p 00000000 00:00 0 
7f8c30000000-7f8c30001000 r--s 00004000 08:02 2623567                    /home/mrli/.gradle/caches/transforms-1/files-1.1/kotlinx-coroutines-android-1.1.1.jar/3dcfae8a45b87f813a360d39ad881d25/jetified-kotlinx-coroutines-android-1.1.1.jar
7f8c30001000-7f8c3001c000 r--s 00394000 08:02 11945190                   /home/mrli/android-studio/jre/jre/lib/ext/cldrdata.jar
7f8c3001c000-7f8c3006a000 rw-p 00000000 00:00 0 
7f8c3006a000-7f8c30097000 r-xp 00000000 08:02 11945215                   /home/mrli/android-studio/jre/jre/lib/amd64/libjava.so
7f8c30097000-7f8c30296000 ---p 0002d000 08:02 11945215                   /home/mrli/android-studio/jre/jre/lib/amd64/libjava.so
7f8c30296000-7f8c30297000 r--p 0002c000 08:02 11945215                   /home/mrli/android-studio/jre/jre/lib/amd64/libjava.so
7f8c30297000-7f8c30299000 rw-p 0002d000 08:02 11945215                   /home/mrli/android-studio/jre/jre/lib/amd64/libjava.so
7f8c30299000-7f8c302aa000 r-xp 00000000 08:02 11945203                   /home/mrli/android-studio/jre/jre/lib/amd64/libverify.so
7f8c302aa000-7f8c304a9000 ---p 00011000 08:02 11945203                   /home/mrli/android-studio/jre/jre/lib/amd64/libverify.so
7f8c304a9000-7f8c304ab000 r--p 00010000 08:02 11945203                   /home/mrli/android-studio/jre/jre/lib/amd64/libverify.so
7f8c304ab000-7f8c304ac000 rw-p 00012000 08:02 11945203                   /home/mrli/android-studio/jre/jre/lib/amd64/libverify.so
7f8c304ac000-7f8c304b3000 r-xp 00000000 08:02 8786676                    /lib/x86_64-linux-gnu/librt-2.27.so
7f8c304b3000-7f8c306b2000 ---p 00007000 08:02 8786676                    /lib/x86_64-linux-gnu/librt-2.27.so
7f8c306b2000-7f8c306b3000 r--p 00006000 08:02 8786676                    /lib/x86_64-linux-gnu/librt-2.27.so
7f8c306b3000-7f8c306b4000 rw-p 00007000 08:02 8786676                    /lib/x86_64-linux-gnu/librt-2.27.so
7f8c306b4000-7f8c30851000 r-xp 00000000 08:02 8786598                    /lib/x86_64-linux-gnu/libm-2.27.so
7f8c30851000-7f8c30a50000 ---p 0019d000 08:02 8786598                    /lib/x86_64-linux-gnu/libm-2.27.so
7f8c30a50000-7f8c30a51000 r--p 0019c000 08:02 8786598                    /lib/x86_64-linux-gnu/libm-2.27.so
7f8c30a51000-7f8c30a52000 rw-p 0019d000 08:02 8786598                    /lib/x86_64-linux-gnu/libm-2.27.so
7f8c30a52000-7f8c316be000 r-xp 00000000 08:02 11945225                   /home/mrli/android-studio/jre/jre/lib/amd64/server/libjvm.so
7f8c316be000-7f8c318be000 ---p 00c6c000 08:02 11945225                   /home/mrli/android-studio/jre/jre/lib/amd64/server/libjvm.so
7f8c318be000-7f8c31952000 r--p 00c6c000 08:02 11945225                   /home/mrli/android-studio/jre/jre/lib/amd64/server/libjvm.so
7f8c31952000-7f8c3197a000 rw-p 00d00000 08:02 11945225                   /home/mrli/android-studio/jre/jre/lib/amd64/server/libjvm.so
7f8c3197a000-7f8c319ab000 rw-p 00000000 00:00 0 
7f8c319ab000-7f8c31b92000 r-xp 00000000 08:02 8786535                    /lib/x86_64-linux-gnu/libc-2.27.so
7f8c31b92000-7f8c31d92000 ---p 001e7000 08:02 8786535                    /lib/x86_64-linux-gnu/libc-2.27.so
7f8c31d92000-7f8c31d96000 r--p 001e7000 08:02 8786535                    /lib/x86_64-linux-gnu/libc-2.27.so
7f8c31d96000-7f8c31d98000 rw-p 001eb000 08:02 8786535                    /lib/x86_64-linux-gnu/libc-2.27.so
7f8c31d98000-7f8c31d9c000 rw-p 00000000 00:00 0 
7f8c31d9c000-7f8c31d9f000 r-xp 00000000 08:02 8786558                    /lib/x86_64-linux-gnu/libdl-2.27.so
7f8c31d9f000-7f8c31f9e000 ---p 00003000 08:02 8786558                    /lib/x86_64-linux-gnu/libdl-2.27.so
7f8c31f9e000-7f8c31f9f000 r--p 00002000 08:02 8786558                    /lib/x86_64-linux-gnu/libdl-2.27.so
7f8c31f9f000-7f8c31fa0000 rw-p 00003000 08:02 8786558                    /lib/x86_64-linux-gnu/libdl-2.27.so
7f8c31fa0000-7f8c31fb6000 r-xp 00000000 08:02 11945195                   /home/mrli/android-studio/jre/jre/lib/amd64/jli/libjli.so
7f8c31fb6000-7f8c321b6000 ---p 00016000 08:02 11945195                   /home/mrli/android-studio/jre/jre/lib/amd64/jli/libjli.so
7f8c321b6000-7f8c321b7000 r--p 00016000 08:02 11945195                   /home/mrli/android-studio/jre/jre/lib/amd64/jli/libjli.so
7f8c321b7000-7f8c321b8000 rw-p 00017000 08:02 11945195                   /home/mrli/android-studio/jre/jre/lib/amd64/jli/libjli.so
7f8c321b8000-7f8c321d2000 r-xp 00000000 08:02 8786668                    /lib/x86_64-linux-gnu/libpthread-2.27.so
7f8c321d2000-7f8c323d1000 ---p 0001a000 08:02 8786668                    /lib/x86_64-linux-gnu/libpthread-2.27.so
7f8c323d1000-7f8c323d2000 r--p 00019000 08:02 8786668                    /lib/x86_64-linux-gnu/libpthread-2.27.so
7f8c323d2000-7f8c323d3000 rw-p 0001a000 08:02 8786668                    /lib/x86_64-linux-gnu/libpthread-2.27.so
7f8c323d3000-7f8c323d7000 rw-p 00000000 00:00 0 
7f8c323d7000-7f8c323fe000 r-xp 00000000 08:02 8786507                    /lib/x86_64-linux-gnu/ld-2.27.so
7f8c323fe000-7f8c323ff000 r--s 00000000 08:02 10488833                   /home/mrli/.gradle/caches/modules-2/files-2.1/org.jetbrains.kotlin/kotlin-stdlib-jdk7/1.3.21/d207ce2c9bcf17dc8e51bab4dbfdac4d013e7138/kotlin-stdlib-jdk7-1.3.21.jar
7f8c323ff000-7f8c32400000 r--s 00015000 08:02 3411320                    /home/mrli/.gradle/caches/transforms-1/files-1.1/okio-1.15.0.jar/fcc1b19d1d3052ea32b679b3cf06042a/jetified-okio-1.15.0.jar
7f8c32400000-7f8c32401000 r--s 00001000 08:02 1968304                    /home/mrli/.gradle/caches/transforms-1/files-1.1/lifecycle-viewmodel-ktx-2.1.0-alpha03.aar/8d35b896ca9cc0a8d9c345828c3224e4/jars/classes.jar
7f8c32401000-7f8c32414000 r--s 0010f000 08:02 10488837                   /home/mrli/.gradle/caches/modules-2/files-2.1/org.jetbrains.kotlin/kotlin-stdlib/1.3.21/4bcc2012b84840e19e1e28074284cac908be0295/kotlin-stdlib-1.3.21.jar
7f8c32414000-7f8c324e0000 rw-p 00000000 00:00 0 
7f8c324e0000-7f8c324e1000 ---p 00000000 00:00 0 
7f8c324e1000-7f8c324e4000 ---p 00000000 00:00 0 
7f8c324e4000-7f8c325e5000 rw-p 00000000 00:00 0 
7f8c325e5000-7f8c325e6000 r--s 00002000 08:02 3804508                    /home/mrli/.gradle/caches/transforms-1/files-1.1/dagger-android-support-jarimpl-2.17.jar/fc569810d1027b0cb217e2681afd9460/jetified-dagger-android-support-jarimpl-2.17.jar
7f8c325e6000-7f8c325e8000 r--s 00003000 08:02 10488395                   /home/mrli/.gradle/caches/modules-2/files-2.1/org.jetbrains/annotations/13.0/919f0dfe192fb4e063e7dacadee7f8bb9a2672a9/annotations-13.0.jar
7f8c325e8000-7f8c325ea000 r--s 00009000 08:02 10489038                   /home/mrli/.gradle/caches/modules-2/files-2.1/org.jetbrains.kotlin/kotlin-script-runtime/1.3.21/29363d474ee6fda354900636320a177c7286def9/kotlin-script-runtime-1.3.21.jar
7f8c325ea000-7f8c325f4000 r--s 00116000 08:02 11945188                   /home/mrli/android-studio/jre/jre/lib/ext/localedata.jar
7f8c325f4000-7f8c325fc000 rw-s 00000000 08:02 10633054                   /tmp/hsperfdata_mrli/3442
7f8c325fc000-7f8c325fd000 rw-p 00000000 00:00 0 
7f8c325fd000-7f8c325fe000 ---p 00000000 00:00 0 
7f8c325fe000-7f8c325ff000 r--p 00027000 08:02 8786507                    /lib/x86_64-linux-gnu/ld-2.27.so
7f8c325ff000-7f8c32600000 rw-p 00028000 08:02 8786507                    /lib/x86_64-linux-gnu/ld-2.27.so
7f8c32600000-7f8c32601000 rw-p 00000000 00:00 0 
7ffe60fcf000-7ffe60ff1000 rw-p 00000000 00:00 0                          [stack]
7ffe60ff5000-7ffe60ff8000 r--p 00000000 00:00 0                          [vvar]
7ffe60ff8000-7ffe60ffa000 r-xp 00000000 00:00 0                          [vdso]
ffffffffff600000-ffffffffff601000 r-xp 00000000 00:00 0                  [vsyscall]

VM Arguments:
jvm_args: -Djava.awt.headless=true -Djava.rmi.server.hostname=127.0.0.1 -Xmx2g -Dkotlin.environment.keepalive 
java_command: org.jetbrains.kotlin.daemon.KotlinCompileDaemon --daemon-runFilesPath /home/mrli/.local/share/kotlin/daemon --daemon-autoshutdownIdleSeconds=7200 --daemon-compilerClasspath /home/mrli/.gradle/caches/modules-2/files-2.1/org.jetbrains.kotlin/kotlin-compiler-embeddable/1.3.21/677cc9553b8964c895abc76da9b6a0faea8f671d/kotlin-compiler-embeddable-1.3.21.jar:/home/mrli/.gradle/caches/modules-2/files-2.1/org.jetbrains.kotlin/kotlin-reflect/1.3.21/d0d5ff2ac2ebd8a42697af41e20fc225a23c5d3b/kotlin-reflect-1.3.21.jar:/home/mrli/.gradle/caches/modules-2/files-2.1/org.jetbrains.kotlin/kotlin-stdlib/1.3.21/4bcc2012b84840e19e1e28074284cac908be0295/kotlin-stdlib-1.3.21.jar:/home/mrli/.gradle/caches/modules-2/files-2.1/org.jetbrains.kotlin/kotlin-script-runtime/1.3.21/29363d474ee6fda354900636320a177c7286def9/kotlin-script-runtime-1.3.21.jar:/home/mrli/.gradle/caches/modules-2/files-2.1/org.jetbrains.intellij.deps/trove4j/1.0.20181211/216c2e14b070f334479d800987affe4054cd563f/trove4j-1.0.20181211.jar:/home/mrli/.gradle/caches/modules-2/files-2.1/org.jetbrains.kotlin/kotlin-stdlib-common/1.3.21/f30e4a9897913e53d778f564110bafa1fef46643/kotlin-stdlib-common-1.3.21.jar:/home/mrli/.gradle/caches/modules-2/files-2.1/org.jetbrains/annotations/13.0/919f0dfe192fb4e063e7dacadee7f8bb9a2672a9/annotations-13.0.jar:/home/mrli/android-studio/jre/lib/tools.jar
java_class_path (initial): /home/mrli/.gradle/caches/modules-2/files-2.1/org.jetbrains.kotlin/kotlin-compiler-embeddable/1.3.21/677cc9553b8964c895abc76da9b6a0faea8f671d/kotlin-compiler-embeddable-1.3.21.jar:/home/mrli/.gradle/caches/modules-2/files-2.1/org.jetbrains.kotlin/kotlin-reflect/1.3.21/d0d5ff2ac2ebd8a42697af41e20fc225a23c5d3b/kotlin-reflect-1.3.21.jar:/home/mrli/.gradle/caches/modules-2/files-2.1/org.jetbrains.kotlin/kotlin-stdlib/1.3.21/4bcc2012b84840e19e1e28074284cac908be0295/kotlin-stdlib-1.3.21.jar:/home/mrli/.gradle/caches/modules-2/files-2.1/org.jetbrains.kotlin/kotlin-script-runtime/1.3.21/29363d474ee6fda354900636320a177c7286def9/kotlin-script-runtime-1.3.21.jar:/home/mrli/.gradle/caches/modules-2/files-2.1/org.jetbrains.intellij.deps/trove4j/1.0.20181211/216c2e14b070f334479d800987affe4054cd563f/trove4j-1.0.20181211.jar:/home/mrli/.gradle/caches/modules-2/files-2.1/org.jetbrains.kotlin/kotlin-stdlib-common/1.3.21/f30e4a9897913e53d778f564110bafa1fef46643/kotlin-stdlib-common-1.3.21.jar:/home/mrli/.gradle/caches/modules-2/files-2.1/org.jetbrains/annotations/13.0/919f0dfe192fb4e063e7dacadee7f8bb9a2672a9/annotations-13.0.jar:/home/mrli/android-studio/jre/lib/tools.jar
Launcher Type: SUN_STANDARD

Environment Variables:
JAVA_HOME=/usr/lib/jdk/jdk1.8.0_201
JRE_HOME=/usr/lib/jdk/jdk1.8.0_201/jre
CLASSPATH=/home/mrli/android-studio/lib/bootstrap.jar:/home/mrli/android-studio/lib/extensions.jar:/home/mrli/android-studio/lib/util.jar:/home/mrli/android-studio/lib/jdom.jar:/home/mrli/android-studio/lib/log4j.jar:/home/mrli/android-studio/lib/trove4j.jar:/home/mrli/android-studio/lib/jna.jar:/home/mrli/android-studio/jre/lib/tools.jar
PATH=/usr/lib/jdk/jdk1.8.0_201/bin:/usr/local/sbin:/usr/local/bin:/usr/sbin:/usr/bin:/sbin:/bin:/usr/games:/usr/local/games:/snap/bin
USERNAME=mrli
SHELL=/bin/zsh
DISPLAY=:0

Signal Handlers:
SIGSEGV: [libjvm.so+0xa71660], sa_mask[0]=11111111011111111101111111111110, sa_flags=SA_RESTART|SA_SIGINFO
SIGBUS: [libjvm.so+0xa71660], sa_mask[0]=11111111011111111101111111111110, sa_flags=SA_RESTART|SA_SIGINFO
SIGFPE: [libjvm.so+0x8b1770], sa_mask[0]=11111111011111111101111111111110, sa_flags=SA_RESTART|SA_SIGINFO
SIGPIPE: [libjvm.so+0x8b1770], sa_mask[0]=11111111011111111101111111111110, sa_flags=SA_RESTART|SA_SIGINFO
SIGXFSZ: [libjvm.so+0x8b1770], sa_mask[0]=11111111011111111101111111111110, sa_flags=SA_RESTART|SA_SIGINFO
SIGILL: [libjvm.so+0x8b1770], sa_mask[0]=11111111011111111101111111111110, sa_flags=SA_RESTART|SA_SIGINFO
SIGUSR1: SIG_DFL, sa_mask[0]=00000000000000000000000000000000, sa_flags=none
SIGUSR2: [libjvm.so+0x8b1640], sa_mask[0]=00100000000000000000000000000000, sa_flags=SA_RESTART|SA_SIGINFO
SIGHUP: [libjvm.so+0x8b1aa0], sa_mask[0]=11111111011111111101111111111110, sa_flags=SA_RESTART|SA_SIGINFO
SIGINT: [libjvm.so+0x8b1aa0], sa_mask[0]=11111111011111111101111111111110, sa_flags=SA_RESTART|SA_SIGINFO
SIGTERM: [libjvm.so+0x8b1aa0], sa_mask[0]=11111111011111111101111111111110, sa_flags=SA_RESTART|SA_SIGINFO
SIGQUIT: [libjvm.so+0x8b1aa0], sa_mask[0]=11111111011111111101111111111110, sa_flags=SA_RESTART|SA_SIGINFO


---------------  S Y S T E M  ---------------

OS:DISTRIB_ID=Ubuntu
DISTRIB_RELEASE=18.04
DISTRIB_CODENAME=bionic
DISTRIB_DESCRIPTION="Ubuntu 18.04 LTS"

uname:Linux 4.18.0-16-generic #17~18.04.1-Ubuntu SMP Tue Feb 12 13:35:51 UTC 2019 x86_64
libc:glibc 2.27 NPTL 2.27 
rlimit: STACK 8192k, CORE 0k, NPROC 14900, NOFILE 1048576, AS infinity
load average:10.63 4.78 2.65

/proc/meminfo:
MemTotal:        3928068 kB
MemFree:           91872 kB
MemAvailable:          0 kB
Buffers:             360 kB
Cached:           164144 kB
SwapCached:            8 kB
Active:          2824080 kB
Inactive:         568712 kB
Active(anon):    2823236 kB
Inactive(anon):   564696 kB
Active(file):        844 kB
Inactive(file):     4016 kB
Unevictable:          68 kB
Mlocked:              68 kB
SwapTotal:       2097148 kB
SwapFree:              0 kB
Dirty:                84 kB
Writeback:            20 kB
AnonPages:       3228892 kB
Mapped:             3064 kB
Shmem:            159176 kB
Slab:              90684 kB
SReclaimable:      38312 kB
SUnreclaim:        52372 kB
KernelStack:        9824 kB
PageTables:        40168 kB
NFS_Unstable:          0 kB
Bounce:                0 kB
WritebackTmp:          0 kB
CommitLimit:     4061180 kB
Committed_AS:    8138012 kB
VmallocTotal:   34359738367 kB
VmallocUsed:           0 kB
VmallocChunk:          0 kB
HardwareCorrupted:     0 kB
AnonHugePages:         0 kB
ShmemHugePages:        0 kB
ShmemPmdMapped:        0 kB
CmaTotal:              0 kB
CmaFree:               0 kB
HugePages_Total:       0
HugePages_Free:        0
HugePages_Rsvd:        0
HugePages_Surp:        0
Hugepagesize:       2048 kB
Hugetlb:               0 kB
DirectMap4k:      165268 kB
DirectMap2M:     3917824 kB
DirectMap1G:           0 kB


CPU:total 4 (initial active 4) (2 cores per cpu, 2 threads per core) family 6 model 78 stepping 3, cmov, cx8, fxsr, mmx, sse, sse2, sse3, ssse3, sse4.1, sse4.2, popcnt, avx, avx2, aes, clmul, erms, 3dnowpref, lzcnt, ht, tsc, tscinvbit, bmi1, bmi2, adx

/proc/cpuinfo:
processor	: 0
vendor_id	: GenuineIntel
cpu family	: 6
model		: 78
model name	: Intel(R) Core(TM) i7-6500U CPU @ 2.50GHz
stepping	: 3
microcode	: 0xc6
cpu MHz		: 2767.508
cache size	: 4096 KB
physical id	: 0
siblings	: 4
core id		: 0
cpu cores	: 2
apicid		: 0
initial apicid	: 0
fpu		: yes
fpu_exception	: yes
cpuid level	: 22
wp		: yes
flags		: fpu vme de pse tsc msr pae mce cx8 apic sep mtrr pge mca cmov pat pse36 clflush dts acpi mmx fxsr sse sse2 ss ht tm pbe syscall nx pdpe1gb rdtscp lm constant_tsc art arch_perfmon pebs bts rep_good nopl xtopology nonstop_tsc cpuid aperfmperf tsc_known_freq pni pclmulqdq dtes64 monitor ds_cpl vmx est tm2 ssse3 sdbg fma cx16 xtpr pdcm pcid sse4_1 sse4_2 x2apic movbe popcnt tsc_deadline_timer aes xsave avx f16c rdrand lahf_lm abm 3dnowprefetch cpuid_fault epb invpcid_single pti ssbd ibrs ibpb stibp tpr_shadow vnmi flexpriority ept vpid fsgsbase tsc_adjust bmi1 avx2 smep bmi2 erms invpcid mpx rdseed adx smap clflushopt intel_pt xsaveopt xsavec xgetbv1 xsaves dtherm ida arat pln pts hwp hwp_notify hwp_act_window hwp_epp flush_l1d
bugs		: cpu_meltdown spectre_v1 spectre_v2 spec_store_bypass l1tf
bogomips	: 5184.00
clflush size	: 64
cache_alignment	: 64
address sizes	: 39 bits physical, 48 bits virtual
power management:

processor	: 1
vendor_id	: GenuineIntel
cpu family	: 6
model		: 78
model name	: Intel(R) Core(TM) i7-6500U CPU @ 2.50GHz
stepping	: 3
microcode	: 0xc6
cpu MHz		: 2799.620
cache size	: 4096 KB
physical id	: 0
siblings	: 4
core id		: 1
cpu cores	: 2
apicid		: 2
initial apicid	: 2
fpu		: yes
fpu_exception	: yes
cpuid level	: 22
wp		: yes
flags		: fpu vme de pse tsc msr pae mce cx8 apic sep mtrr pge mca cmov pat pse36 clflush dts acpi mmx fxsr sse sse2 ss ht tm pbe syscall nx pdpe1gb rdtscp lm constant_tsc art arch_perfmon pebs bts rep_good nopl xtopology nonstop_tsc cpuid aperfmperf tsc_known_freq pni pclmulqdq dtes64 monitor ds_cpl vmx est tm2 ssse3 sdbg fma cx16 xtpr pdcm pcid sse4_1 sse4_2 x2apic movbe popcnt tsc_deadline_timer aes xsave avx f16c rdrand lahf_lm abm 3dnowprefetch cpuid_fault epb invpcid_single pti ssbd ibrs ibpb stibp tpr_shadow vnmi flexpriority ept vpid fsgsbase tsc_adjust bmi1 avx2 smep bmi2 erms invpcid mpx rdseed adx smap clflushopt intel_pt xsaveopt xsavec xgetbv1 xsaves dtherm ida arat pln pts hwp hwp_notify hwp_act_window hwp_epp flush_l1d
bugs		: cpu_meltdown spectre_v1 spectre_v2 spec_store_bypass l1tf
bogomips	: 5184.00
clflush size	: 64
cache_alignment	: 64
address sizes	: 39 bits physical, 48 bits virtual
power management:

processor	: 2
vendor_id	: GenuineIntel
cpu family	: 6
model		: 78
model name	: Intel(R) Core(TM) i7-6500U CPU @ 2.50GHz
stepping	: 3
microcode	: 0xc6
cpu MHz		: 2798.349
cache size	: 4096 KB
physical id	: 0
siblings	: 4
core id		: 0
cpu cores	: 2
apicid		: 1
initial apicid	: 1
fpu		: yes
fpu_exception	: yes
cpuid level	: 22
wp		: yes
flags		: fpu vme de pse tsc msr pae mce cx8 apic sep mtrr pge mca cmov pat pse36 clflush dts acpi mmx fxsr sse sse2 ss ht tm pbe syscall nx pdpe1gb rdtscp lm constant_tsc art arch_perfmon pebs bts rep_good nopl xtopology nonstop_tsc cpuid aperfmperf tsc_known_freq pni pclmulqdq dtes64 monitor ds_cpl vmx est tm2 ssse3 sdbg fma cx16 xtpr pdcm pcid sse4_1 sse4_2 x2apic movbe popcnt tsc_deadline_timer aes xsave avx f16c rdrand lahf_lm abm 3dnowprefetch cpuid_fault epb invpcid_single pti ssbd ibrs ibpb stibp tpr_shadow vnmi flexpriority ept vpid fsgsbase tsc_adjust bmi1 avx2 smep bmi2 erms invpcid mpx rdseed adx smap clflushopt intel_pt xsaveopt xsavec xgetbv1 xsaves dtherm ida arat pln pts hwp hwp_notify hwp_act_window hwp_epp flush_l1d
bugs		: cpu_meltdown spectre_v1 spectre_v2 spec_store_bypass l1tf
bogomips	: 5184.00
clflush size	: 64
cache_alignment	: 64
address sizes	: 39 bits physical, 48 bits virtual
power management:

processor	: 3
vendor_id	: GenuineIntel
cpu family	: 6
model		: 78
model name	: Intel(R) Core(TM) i7-6500U CPU @ 2.50GHz
stepping	: 3
microcode	: 0xc6
cpu MHz		: 2200.361
cache size	: 4096 KB
physical id	: 0
siblings	: 4
core id		: 1
cpu cores	: 2
apicid		: 3
initial apicid	: 3
fpu		: yes
fpu_exception	: yes
cpuid level	: 22
wp		: yes
flags		: fpu vme de pse tsc msr pae mce cx8 apic sep mtrr pge mca cmov pat pse36 clflush dts acpi mmx fxsr sse sse2 ss ht tm pbe syscall nx pdpe1gb rdtscp lm constant_tsc art arch_perfmon pebs bts rep_good nopl xtopology nonstop_tsc cpuid aperfmperf tsc_known_freq pni pclmulqdq dtes64 monitor ds_cpl vmx est tm2 ssse3 sdbg fma cx16 xtpr pdcm pcid sse4_1 sse4_2 x2apic movbe popcnt tsc_deadline_timer aes xsave avx f16c rdrand lahf_lm abm 3dnowprefetch cpuid_fault epb invpcid_single pti ssbd ibrs ibpb stibp tpr_shadow vnmi flexpriority ept vpid fsgsbase tsc_adjust bmi1 avx2 smep bmi2 erms invpcid mpx rdseed adx smap clflushopt intel_pt xsaveopt xsavec xgetbv1 xsaves dtherm ida arat pln pts hwp hwp_notify hwp_act_window hwp_epp flush_l1d
bugs		: cpu_meltdown spectre_v1 spectre_v2 spec_store_bypass l1tf
bogomips	: 5184.00
clflush size	: 64
cache_alignment	: 64
address sizes	: 39 bits physical, 48 bits virtual
power management:



Memory: 4k page, physical 3928068k(93112k free), swap 2097148k(0k free)

vm_info: OpenJDK 64-Bit Server VM (25.152-b01) for linux-amd64 JRE (1.8.0_152-release-1248-b01), built by "builder" with gcc 7.3.0

time: Sun Apr  7 01:12:59 2019
elapsed time: 698 seconds (0d 0h 11m 38s)

