#
# There is insufficient memory for the Java Runtime Environment to continue.
# Native memory allocation (mmap) failed to map 146276352 bytes for committing reserved memory.
# Possible reasons:
#   The system is out of physical RAM or swap space
#   In 32 bit mode, the process size limit was hit
# Possible solutions:
#   Reduce memory load on the system
#   Increase physical memory or swap space
#   Check if swap backing store is full
#   Use 64 bit Java on a 64 bit OS
#   Decrease Java heap size (-Xmx/-Xms)
#   Decrease number of Java threads
#   Decrease Java thread stack sizes (-Xss)
#   Set larger code cache with -XX:ReservedCodeCacheSize=
# This output file may be truncated or incomplete.
#
#  Out of Memory Error (os_linux.cpp:2640), pid=5854, tid=0x00007fbc1c5b3700
#
# JRE version: OpenJDK Runtime Environment (8.0_152-b01) (build 1.8.0_152-release-1248-b01)
# Java VM: OpenJDK 64-Bit Server VM (25.152-b01 mixed mode linux-amd64 compressed oops)
# Failed to write core dump. Core dumps have been disabled. To enable core dumping, try "ulimit -c unlimited" before starting Java again
#

---------------  T H R E A D  ---------------

Current thread (0x00007fbc2c07a000):  VMThread [stack: 0x00007fbc1c4b4000,0x00007fbc1c5b4000] [id=5862]

Stack: [0x00007fbc1c4b4000,0x00007fbc1c5b4000],  sp=0x00007fbc1c5b24f0,  free space=1017k
Native frames: (J=compiled Java code, j=interpreted, Vv=VM code, C=native code)
V  [libjvm.so+0xa70d2f]  VMError::report_and_die()+0x2af
V  [libjvm.so+0x4c7207]  report_vm_out_of_memory(char const*, int, unsigned long, VMErrorType, char const*)+0x67
V  [libjvm.so+0x8b5b60]  os::pd_commit_memory(char*, unsigned long, unsigned long, bool)+0x100
V  [libjvm.so+0x8b077f]  os::commit_memory(char*, unsigned long, unsigned long, bool)+0x1f
V  [libjvm.so+0x92e436]  PSVirtualSpace::expand_by(unsigned long)+0x56
V  [libjvm.so+0x91d7db]  PSOldGen::expand_by(unsigned long) [clone .part.28]+0x1b
V  [libjvm.so+0x91d998]  PSOldGen::expand(unsigned long) [clone .part.29]+0xa8
V  [libjvm.so+0x91e541]  PSOldGen::resize(unsigned long)+0xe1
V  [libjvm.so+0x9245f6]  PSParallelCompact::invoke_no_policy(bool) [clone .part.118]+0x9e6
V  [libjvm.so+0x92c3c5]  PSScavenge::invoke()+0x215
V  [libjvm.so+0x8dbd98]  ParallelScavengeHeap::failed_mem_allocate(unsigned long)+0x68
V  [libjvm.so+0xa72863]  VM_ParallelGCFailedAllocation::doit()+0x93
V  [libjvm.so+0xa77896]  VM_Operation::evaluate()+0x46
V  [libjvm.so+0xa750f2]  VMThread::evaluate_operation(VM_Operation*) [clone .constprop.31]+0xa2
V  [libjvm.so+0xa7651b]  VMThread::loop()+0x37b
V  [libjvm.so+0xa768c8]  VMThread::run()+0x78
V  [libjvm.so+0x8b3322]  java_start(Thread*)+0x102

VM_Operation (0x00007fbc0e297a20): ParallelGCFailedAllocation, mode: safepoint, requested by thread 0x00007fbbd8005800


---------------  P R O C E S S  ---------------

Java Threads: ( => current thread )
  0x00007fbbc0013000 JavaThread "RMI RenewClean-[127.0.0.1:34485,org.jetbrains.kotlin.daemon.common.LoopbackNetworkInterface$ClientLoopbackSocketFactory@7d31dcae]" daemon [_thread_blocked, id=6102, stack(0x00007fbc0df9a000,0x00007fbc0e09b000)]
  0x00007fbbbc01c000 JavaThread "RMI RenewClean-[127.0.0.1:34485,org.jetbrains.kotlin.daemon.common.LoopbackNetworkInterface$ClientLoopbackSocketFactory@72f71155]" daemon [_thread_blocked, id=6069, stack(0x00007fbbb67de000,0x00007fbbb68df000)]
  0x00007fbbd8007000 JavaThread "RMI TCP Connection(9)-127.0.0.1" daemon [_thread_in_native, id=6017, stack(0x00007fbc0cf98000,0x00007fbc0d099000)]
  0x00007fbbd8006800 JavaThread "RMI TCP Connection(10)-127.0.0.1" daemon [_thread_blocked, id=6012, stack(0x00007fbc0de99000,0x00007fbc0df9a000)]
  0x00007fbbd8005800 JavaThread "RMI TCP Connection(11)-127.0.0.1" daemon [_thread_blocked, id=6010, stack(0x00007fbc0e19c000,0x00007fbc0e29d000)]
  0x00007fbbc0011800 JavaThread "RMI Scheduler(0)" daemon [_thread_blocked, id=5877, stack(0x00007fbc0e09b000,0x00007fbc0e19c000)]
  0x00007fbc2c00c800 JavaThread "DestroyJavaVM" [_thread_blocked, id=5857, stack(0x00007fbc3513b000,0x00007fbc3523b000)]
  0x00007fbc2c3fe000 JavaThread "GC Daemon" daemon [_thread_blocked, id=5875, stack(0x00007fbc0e49d000,0x00007fbc0e59e000)]
  0x00007fbc2c3fc800 JavaThread "RMI Reaper" [_thread_blocked, id=5874, stack(0x00007fbc0e59e000,0x00007fbc0e69f000)]
  0x00007fbc2c3ca000 JavaThread "Timer-0" daemon [_thread_blocked, id=5872, stack(0x00007fbc0e7a0000,0x00007fbc0e8a1000)]
  0x00007fbc2c3c6000 JavaThread "RMI TCP Accept-17155" daemon [_thread_in_native, id=5871, stack(0x00007fbc0e8a1000,0x00007fbc0e9a2000)]
  0x00007fbc2c0cc800 JavaThread "Service Thread" daemon [_thread_blocked, id=5869, stack(0x00007fbc0f32e000,0x00007fbc0f42f000)]
  0x00007fbc2c0bf000 JavaThread "C1 CompilerThread2" daemon [_thread_blocked, id=5868, stack(0x00007fbc0f430000,0x00007fbc0f530000)]
  0x00007fbc2c0bd800 JavaThread "C2 CompilerThread1" daemon [_thread_blocked, id=5867, stack(0x00007fbc0f531000,0x00007fbc0f631000)]
  0x00007fbc2c0ba800 JavaThread "C2 CompilerThread0" daemon [_thread_blocked, id=5866, stack(0x00007fbc1c0b0000,0x00007fbc1c1b0000)]
  0x00007fbc2c0b9000 JavaThread "Signal Dispatcher" daemon [_thread_blocked, id=5865, stack(0x00007fbc1c1b0000,0x00007fbc1c2b1000)]
  0x00007fbc2c086800 JavaThread "Finalizer" daemon [_thread_blocked, id=5864, stack(0x00007fbc1c2b1000,0x00007fbc1c3b2000)]
  0x00007fbc2c082000 JavaThread "Reference Handler" daemon [_thread_blocked, id=5863, stack(0x00007fbc1c3b2000,0x00007fbc1c4b3000)]

Other Threads:
=>0x00007fbc2c07a000 VMThread [stack: 0x00007fbc1c4b4000,0x00007fbc1c5b4000] [id=5862]
  0x00007fbc2c0cf000 WatcherThread [stack: 0x00007fbc0f22e000,0x00007fbc0f32e000] [id=5870]

VM state:at safepoint (normal execution)

VM Mutex/Monitor currently owned by a thread:  ([mutex/lock_event])
[0x00007fbc2c0089b0] ExpandHeap_lock - owner thread: 0x00007fbc2c07a000
[0x00007fbc2c009030] Threads_lock - owner thread: 0x00007fbc2c07a000
[0x00007fbc2c009530] Heap_lock - owner thread: 0x00007fbbd8005800

Heap:
 PSYoungGen      total 461312K, used 0K [0x00000000d5580000, 0x00000000f9180000, 0x0000000100000000)
  eden space 353280K, 0% used [0x00000000d5580000,0x00000000d5580000,0x00000000eae80000)
  from space 108032K, 0% used [0x00000000f1d80000,0x00000000f1d80000,0x00000000f8700000)
  to   space 113664K, 0% used [0x00000000eae80000,0x00000000eae80000,0x00000000f1d80000)
 ParOldGen       total 188416K, used 152500K [0x0000000080000000, 0x000000008b800000, 0x00000000d5580000)
  object space 188416K, 80% used [0x0000000080000000,0x00000000894ed0d8,0x000000008b800000)
 Metaspace       used 126553K, capacity 130917K, committed 130992K, reserved 1163264K
  class space    used 16061K, capacity 17053K, committed 17072K, reserved 1048576K

Card table byte_map: [0x00007fbc31aa6000,0x00007fbc31ea7000] byte_map_base: 0x00007fbc316a6000

Marking Bits: (ParMarkBitMap*) 0x00007fbc345e8160
 Begin Bits: [0x00007fbc14000000, 0x00007fbc16000000)
 End Bits:   [0x00007fbc16000000, 0x00007fbc18000000)

Polling page: 0x00007fbc35257000

CodeCache: size=245760Kb used=51484Kb max_used=51496Kb free=194275Kb
 bounds [0x00007fbc1d000000, 0x00007fbc20290000, 0x00007fbc2c000000]
 total_blobs=16705 nmethods=16127 adapters=490
 compilation: enabled

Compilation events (10 events):
Event: 383.730 Thread 0x00007fbc2c0bd800 19349   !   4       com.sun.tools.javac.jvm.ClassReader$AnnotationDeproxy::deproxy (39 bytes)
Event: 383.730 Thread 0x00007fbc2c0bf000 nmethod 19346 0x00007fbc20275d90 code [0x00007fbc20275f20, 0x00007fbc202763e8]
Event: 383.730 Thread 0x00007fbc2c0bf000 19347       3       com.sun.tools.javac.comp.Resolve$4::argumentsAcceptable (69 bytes)
Event: 383.731 Thread 0x00007fbc2c0bf000 nmethod 19347 0x00007fbc202836d0 code [0x00007fbc202838a0, 0x00007fbc20283f08]
Event: 383.731 Thread 0x00007fbc2c0bf000 19348       3       com.sun.tools.javac.comp.Resolve$MethodResolutionContext::deferredAttrContext (62 bytes)
Event: 383.731 Thread 0x00007fbc2c0bd800 nmethod 19349 0x00007fbc20269390 code [0x00007fbc202694e0, 0x00007fbc202695b8]
Event: 383.731 Thread 0x00007fbc2c0bd800 19350       4       com.sun.tools.javac.code.Symbol::attribute (45 bytes)
Event: 383.731 Thread 0x00007fbc2c0bf000 nmethod 19348 0x00007fbc20282f10 code [0x00007fbc202830a0, 0x00007fbc202834d8]
Event: 383.734 Thread 0x00007fbc2c0ba800 nmethod 19332 0x00007fbc20285250 code [0x00007fbc202853c0, 0x00007fbc20285838]
Event: 383.735 Thread 0x00007fbc2c0bd800 nmethod 19350 0x00007fbc20284a90 code [0x00007fbc20284c20, 0x00007fbc20284ee8]

GC Heap History (10 events):
Event: 363.261 GC heap after
Heap after GC invocations=31 (full 7):
 PSYoungGen      total 336896K, used 0K [0x00000000d5580000, 0x00000000f0800000, 0x0000000100000000)
  eden space 245248K, 0% used [0x00000000d5580000,0x00000000d5580000,0x00000000e4500000)
  from space 91648K, 0% used [0x00000000eae80000,0x00000000eae80000,0x00000000f0800000)
  to   space 99840K, 0% used [0x00000000e4500000,0x00000000e4500000,0x00000000ea680000)
 ParOldGen       total 188416K, used 38475K [0x0000000080000000, 0x000000008b800000, 0x00000000d5580000)
  object space 188416K, 20% used [0x0000000080000000,0x0000000082592c00,0x000000008b800000)
 Metaspace       used 97846K, capacity 100845K, committed 101040K, reserved 1136640K
  class space    used 12250K, capacity 12969K, committed 12976K, reserved 1048576K
}
Event: 367.223 GC heap before
{Heap before GC invocations=32 (full 7):
 PSYoungGen      total 336896K, used 245248K [0x00000000d5580000, 0x00000000f0800000, 0x0000000100000000)
  eden space 245248K, 100% used [0x00000000d5580000,0x00000000e4500000,0x00000000e4500000)
  from space 91648K, 0% used [0x00000000eae80000,0x00000000eae80000,0x00000000f0800000)
  to   space 99840K, 0% used [0x00000000e4500000,0x00000000e4500000,0x00000000ea680000)
 ParOldGen       total 188416K, used 38475K [0x0000000080000000, 0x000000008b800000, 0x00000000d5580000)
  object space 188416K, 20% used [0x0000000080000000,0x0000000082592c00,0x000000008b800000)
 Metaspace       used 108270K, capacity 111755K, committed 112048K, reserved 1146880K
  class space    used 13650K, capacity 14472K, committed 14512K, reserved 1048576K
Event: 367.390 GC heap after
Heap after GC invocations=32 (full 7):
 PSYoungGen      total 345088K, used 52678K [0x00000000d5580000, 0x00000000f3d00000, 0x0000000100000000)
  eden space 245248K, 0% used [0x00000000d5580000,0x00000000d5580000,0x00000000e4500000)
  from space 99840K, 52% used [0x00000000e4500000,0x00000000e7871a70,0x00000000ea680000)
  to   space 98816K, 0% used [0x00000000edc80000,0x00000000edc80000,0x00000000f3d00000)
 ParOldGen       total 188416K, used 38483K [0x0000000080000000, 0x000000008b800000, 0x00000000d5580000)
  object space 188416K, 20% used [0x0000000080000000,0x0000000082594c00,0x000000008b800000)
 Metaspace       used 108270K, capacity 111755K, committed 112048K, reserved 1146880K
  class space    used 13650K, capacity 14472K, committed 14512K, reserved 1048576K
}
Event: 368.661 GC heap before
{Heap before GC invocations=33 (full 7):
 PSYoungGen      total 345088K, used 297926K [0x00000000d5580000, 0x00000000f3d00000, 0x0000000100000000)
  eden space 245248K, 100% used [0x00000000d5580000,0x00000000e4500000,0x00000000e4500000)
  from space 99840K, 52% used [0x00000000e4500000,0x00000000e7871a70,0x00000000ea680000)
  to   space 98816K, 0% used [0x00000000edc80000,0x00000000edc80000,0x00000000f3d00000)
 ParOldGen       total 188416K, used 38483K [0x0000000080000000, 0x000000008b800000, 0x00000000d5580000)
  object space 188416K, 20% used [0x0000000080000000,0x0000000082594c00,0x000000008b800000)
 Metaspace       used 112706K, capacity 116497K, committed 116784K, reserved 1150976K
  class space    used 14234K, capacity 15103K, committed 15152K, reserved 1048576K
Event: 369.127 GC heap after
Heap after GC invocations=33 (full 7):
 PSYoungGen      total 393728K, used 74557K [0x00000000d5580000, 0x00000000f4980000, 0x0000000100000000)
  eden space 294912K, 0% used [0x00000000d5580000,0x00000000d5580000,0x00000000e7580000)
  from space 98816K, 75% used [0x00000000edc80000,0x00000000f254f4c8,0x00000000f3d00000)
  to   space 105472K, 0% used [0x00000000e7580000,0x00000000e7580000,0x00000000edc80000)
 ParOldGen       total 188416K, used 75632K [0x0000000080000000, 0x000000008b800000, 0x00000000d5580000)
  object space 188416K, 40% used [0x0000000080000000,0x00000000849dc2f0,0x000000008b800000)
 Metaspace       used 112706K, capacity 116497K, committed 116784K, reserved 1150976K
  class space    used 14234K, capacity 15103K, committed 15152K, reserved 1048576K
}
Event: 381.382 GC heap before
{Heap before GC invocations=34 (full 7):
 PSYoungGen      total 393728K, used 369469K [0x00000000d5580000, 0x00000000f4980000, 0x0000000100000000)
  eden space 294912K, 100% used [0x00000000d5580000,0x00000000e7580000,0x00000000e7580000)
  from space 98816K, 75% used [0x00000000edc80000,0x00000000f254f4c8,0x00000000f3d00000)
  to   space 105472K, 0% used [0x00000000e7580000,0x00000000e7580000,0x00000000edc80000)
 ParOldGen       total 188416K, used 75632K [0x0000000080000000, 0x000000008b800000, 0x00000000d5580000)
  object space 188416K, 40% used [0x0000000080000000,0x00000000849dc2f0,0x000000008b800000)
 Metaspace       used 113659K, capacity 117567K, committed 117680K, reserved 1150976K
  class space    used 14336K, capacity 15248K, committed 15280K, reserved 1048576K
Event: 381.849 GC heap after
Heap after GC invocations=34 (full 7):
 PSYoungGen      total 400384K, used 69004K [0x00000000d5580000, 0x00000000f8700000, 0x0000000100000000)
  eden space 294912K, 0% used [0x00000000d5580000,0x00000000d5580000,0x00000000e7580000)
  from space 105472K, 65% used [0x00000000e7580000,0x00000000eb8e3300,0x00000000edc80000)
  to   space 108032K, 0% used [0x00000000f1d80000,0x00000000f1d80000,0x00000000f8700000)
 ParOldGen       total 188416K, used 100907K [0x0000000080000000, 0x000000008b800000, 0x00000000d5580000)
  object space 188416K, 53% used [0x0000000080000000,0x000000008628aea0,0x000000008b800000)
 Metaspace       used 113659K, capacity 117567K, committed 117680K, reserved 1150976K
  class space    used 14336K, capacity 15248K, committed 15280K, reserved 1048576K
}
Event: 383.738 GC heap before
{Heap before GC invocations=35 (full 7):
 PSYoungGen      total 400384K, used 363916K [0x00000000d5580000, 0x00000000f8700000, 0x0000000100000000)
  eden space 294912K, 100% used [0x00000000d5580000,0x00000000e7580000,0x00000000e7580000)
  from space 105472K, 65% used [0x00000000e7580000,0x00000000eb8e3300,0x00000000edc80000)
  to   space 108032K, 0% used [0x00000000f1d80000,0x00000000f1d80000,0x00000000f8700000)
 ParOldGen       total 188416K, used 100907K [0x0000000080000000, 0x000000008b800000, 0x00000000d5580000)
  object space 188416K, 53% used [0x0000000080000000,0x000000008628aea0,0x000000008b800000)
 Metaspace       used 126553K, capacity 130917K, committed 130992K, reserved 1163264K
  class space    used 16061K, capacity 17053K, committed 17072K, reserved 1048576K
Event: 383.886 GC heap after
Heap after GC invocations=35 (full 7):
 PSYoungGen      total 461312K, used 78964K [0x00000000d5580000, 0x00000000f9180000, 0x0000000100000000)
  eden space 353280K, 0% used [0x00000000d5580000,0x00000000d5580000,0x00000000eae80000)
  from space 108032K, 73% used [0x00000000f1d80000,0x00000000f6a9d008,0x00000000f8700000)
  to   space 113664K, 0% used [0x00000000eae80000,0x00000000eae80000,0x00000000f1d80000)
 ParOldGen       total 188416K, used 168123K [0x0000000080000000, 0x000000008b800000, 0x00000000d5580000)
  object space 188416K, 89% used [0x0000000080000000,0x000000008a42eef8,0x000000008b800000)
 Metaspace       used 126553K, capacity 130917K, committed 130992K, reserved 1163264K
  class space    used 16061K, capacity 17053K, committed 17072K, reserved 1048576K
}
Event: 383.900 GC heap before
{Heap before GC invocations=36 (full 8):
 PSYoungGen      total 461312K, used 78964K [0x00000000d5580000, 0x00000000f9180000, 0x0000000100000000)
  eden space 353280K, 0% used [0x00000000d5580000,0x00000000d5580000,0x00000000eae80000)
  from space 108032K, 73% used [0x00000000f1d80000,0x00000000f6a9d008,0x00000000f8700000)
  to   space 113664K, 0% used [0x00000000eae80000,0x00000000eae80000,0x00000000f1d80000)
 ParOldGen       total 188416K, used 168123K [0x0000000080000000, 0x000000008b800000, 0x00000000d5580000)
  object space 188416K, 89% used [0x0000000080000000,0x000000008a42eef8,0x000000008b800000)
 Metaspace       used 126553K, capacity 130917K, committed 130992K, reserved 1163264K
  class space    used 16061K, capacity 17053K, committed 17072K, reserved 1048576K

Deoptimization events (10 events):
Event: 382.896 Thread 0x00007fbbd8005800 Uncommon trap: reason=speculate_class_check action=maybe_recompile pc=0x00007fbc20027b3c method=com.google.common.collect.Range.<init>(Lcom/google/common/collect/Cut;Lcom/google/common/collect/Cut;)V @ 28
Event: 382.923 Thread 0x00007fbbd8005800 Uncommon trap: reason=unstable_if action=reinterpret pc=0x00007fbc1e41ed88 method=com.google.common.collect.RegularImmutableMap.get(Ljava/lang/Object;[Lcom/google/common/collect/ImmutableMapEntry;I)Ljava/lang/Object; @ 5
Event: 383.195 Thread 0x00007fbbd8005800 Uncommon trap: reason=unstable_if action=reinterpret pc=0x00007fbc200c0be8 method=com.google.gson.stream.JsonReader.nextNonWhitespace(Z)I @ 61
Event: 383.519 Thread 0x00007fbbd8005800 Uncommon trap: reason=class_check action=maybe_recompile pc=0x00007fbc1f9b68d8 method=com.sun.tools.javac.code.Type$ClassType.isRaw()Z @ 28
Event: 383.520 Thread 0x00007fbbd8005800 Uncommon trap: reason=class_check action=maybe_recompile pc=0x00007fbc1f9b68d8 method=com.sun.tools.javac.code.Type$ClassType.isRaw()Z @ 28
Event: 383.546 Thread 0x00007fbbd8005800 Uncommon trap: reason=class_check action=maybe_recompile pc=0x00007fbc1f2f0314 method=com.sun.tools.javac.code.Type$ClassType.allparams()Lcom/sun/tools/javac/util/List; @ 16
Event: 383.721 Thread 0x00007fbbd8005800 Uncommon trap: reason=array_check action=maybe_recompile pc=0x00007fbc1ff7af9c method=com.sun.tools.javac.util.List.toArray([Ljava/lang/Object;)[Ljava/lang/Object; @ 27
Event: 383.721 Thread 0x00007fbbd8005800 Uncommon trap: reason=array_check action=maybe_recompile pc=0x00007fbc1ff7af9c method=com.sun.tools.javac.util.List.toArray([Ljava/lang/Object;)[Ljava/lang/Object; @ 27
Event: 383.721 Thread 0x00007fbbd8005800 Uncommon trap: reason=array_check action=maybe_recompile pc=0x00007fbc1ff7af9c method=com.sun.tools.javac.util.List.toArray([Ljava/lang/Object;)[Ljava/lang/Object; @ 27
Event: 383.721 Thread 0x00007fbbd8005800 Uncommon trap: reason=array_check action=maybe_recompile pc=0x00007fbc1ff7af9c method=com.sun.tools.javac.util.List.toArray([Ljava/lang/Object;)[Ljava/lang/Object; @ 27

Classes redefined (0 events):
No events

Internal exceptions (10 events):
Event: 300.760 Thread 0x00007fbbd8007000 Implicit null exception at 0x00007fbc1f246ef8 to 0x00007fbc1f247229
Event: 302.042 Thread 0x00007fbbd8007000 Implicit null exception at 0x00007fbc1f74c898 to 0x00007fbc1f74cab5
Event: 302.049 Thread 0x00007fbbd8007000 Implicit null exception at 0x00007fbc1f7262fb to 0x00007fbc1f7264b9
Event: 302.613 Thread 0x00007fbbd8007000 Exception <a 'java/lang/ClassNotFoundException': com/sun/org/glassfish/hk2/osgiresourcelocator/ServiceLoader> (0x00000000d81d0350) thrown at [/usr/local/google/home/ralucas/source/AOSP-openjdk-git/jdk8u/hotspot/src/share/vm/classfile/systemDictionary.cpp,
Event: 359.350 Thread 0x00007fbbbc01c000 Exception <a 'java/lang/InterruptedException'> (0x00000000e103d1f0) thrown at [/usr/local/google/home/ralucas/source/AOSP-openjdk-git/jdk8u/hotspot/src/share/vm/runtime/objectMonitor.cpp, line 1684]
Event: 367.677 Thread 0x00007fbbd8006800 Exception <a 'java/lang/ClassNotFoundException': com/sun/org/glassfish/hk2/osgiresourcelocator/ServiceLoader> (0x00000000d99c7f30) thrown at [/usr/local/google/home/ralucas/source/AOSP-openjdk-git/jdk8u/hotspot/src/share/vm/classfile/systemDictionary.cpp,
Event: 367.777 Thread 0x00007fbbd8006800 Implicit null exception at 0x00007fbc1fd395f4 to 0x00007fbc1fd39685
Event: 380.920 Thread 0x00007fbbc0013000 Exception <a 'java/lang/InterruptedException'> (0x00000000dfc66920) thrown at [/usr/local/google/home/ralucas/source/AOSP-openjdk-git/jdk8u/hotspot/src/share/vm/runtime/objectMonitor.cpp, line 1684]
Event: 382.923 Thread 0x00007fbbd8005800 Implicit null exception at 0x00007fbc1e41ebbb to 0x00007fbc1e41ed7d
Event: 383.209 Thread 0x00007fbbd8005800 Exception <a 'java/lang/ClassNotFoundException': com/sun/org/glassfish/hk2/osgiresourcelocator/ServiceLoader> (0x00000000e15d4a98) thrown at [/usr/local/google/home/ralucas/source/AOSP-openjdk-git/jdk8u/hotspot/src/share/vm/classfile/systemDictionary.cpp,

Events (10 events):
Event: 383.721 Thread 0x00007fbbd8005800 Uncommon trap: trap_request=0xffffffd6 fr.pc=0x00007fbc1ff7af9c
Event: 383.721 Thread 0x00007fbbd8005800 DEOPT PACKING pc=0x00007fbc1ff7af9c sp=0x00007fbc0e297a00
Event: 383.721 Thread 0x00007fbbd8005800 DEOPT UNPACKING pc=0x00007fbc1d04547a sp=0x00007fbc0e2979b0 mode 2
Event: 383.721 Thread 0x00007fbbd8005800 Uncommon trap: trap_request=0xffffffd6 fr.pc=0x00007fbc1ff7af9c
Event: 383.721 Thread 0x00007fbbd8005800 DEOPT PACKING pc=0x00007fbc1ff7af9c sp=0x00007fbc0e297a00
Event: 383.721 Thread 0x00007fbbd8005800 DEOPT UNPACKING pc=0x00007fbc1d04547a sp=0x00007fbc0e2979b0 mode 2
Event: 383.721 Thread 0x00007fbbd8005800 Uncommon trap: trap_request=0xffffffd6 fr.pc=0x00007fbc1ff7af9c
Event: 383.721 Thread 0x00007fbbd8005800 DEOPT PACKING pc=0x00007fbc1ff7af9c sp=0x00007fbc0e297a00
Event: 383.721 Thread 0x00007fbbd8005800 DEOPT UNPACKING pc=0x00007fbc1d04547a sp=0x00007fbc0e2979b0 mode 2
Event: 383.738 Executing VM operation: ParallelGCFailedAllocation


Dynamic libraries:
80000000-8b800000 rw-p 00000000 00:00 0 
94380000-d5580000 ---p 00000000 00:00 0 
d5580000-f9180000 rw-p 00000000 00:00 0 
f9180000-100000000 ---p 00000000 00:00 0 
100000000-1010ac000 rw-p 00000000 00:00 0 
1010ac000-140000000 ---p 00000000 00:00 0 
55cb83439000-55cb8343a000 r-xp 00000000 08:02 11945289                   /home/mrli/android-studio/jre/jre/bin/java
55cb83639000-55cb8363a000 r--p 00000000 08:02 11945289                   /home/mrli/android-studio/jre/jre/bin/java
55cb8363a000-55cb8363b000 rw-p 00001000 08:02 11945289                   /home/mrli/android-studio/jre/jre/bin/java
55cb845f3000-55cb84614000 rw-p 00000000 00:00 0                          [heap]
7fbba0000000-7fbba0021000 rw-p 00000000 00:00 0 
7fbba0021000-7fbba4000000 ---p 00000000 00:00 0 
7fbba8000000-7fbba8021000 rw-p 00000000 00:00 0 
7fbba8021000-7fbbac000000 ---p 00000000 00:00 0 
7fbbac000000-7fbbac021000 rw-p 00000000 00:00 0 
7fbbac021000-7fbbb0000000 ---p 00000000 00:00 0 
7fbbb0000000-7fbbb077e000 rw-p 00000000 00:00 0 
7fbbb077e000-7fbbb4000000 ---p 00000000 00:00 0 
7fbbb409d000-7fbbb41dd000 rw-p 00000000 00:00 0 
7fbbb41dd000-7fbbb429d000 ---p 00000000 00:00 0 
7fbbb429d000-7fbbb449d000 rw-p 00000000 00:00 0 
7fbbb449d000-7fbbb469d000 rw-p 00000000 00:00 0 
7fbbb469d000-7fbbb489d000 rw-p 00000000 00:00 0 
7fbbb489d000-7fbbb4a9d000 rw-p 00000000 00:00 0 
7fbbb4a9d000-7fbbb4c9d000 rw-p 00000000 00:00 0 
7fbbb4c9d000-7fbbb4e9d000 rw-p 00000000 00:00 0 
7fbbb4e9d000-7fbbb509d000 rw-p 00000000 00:00 0 
7fbbb509d000-7fbbb529d000 rw-p 00000000 00:00 0 
7fbbb529d000-7fbbb549d000 rw-p 00000000 00:00 0 
7fbbb549d000-7fbbb569d000 rw-p 00000000 00:00 0 
7fbbb569d000-7fbbb589d000 rw-p 00000000 00:00 0 
7fbbb589d000-7fbbb5a9d000 rw-p 00000000 00:00 0 
7fbbb5a9d000-7fbbb5bbe000 r--s 02b7d000 08:02 924240                     /home/mrli/Android/Sdk/platforms/android-28/android.jar
7fbbb5bbe000-7fbbb5dbe000 rw-p 00000000 00:00 0 
7fbbb5dbe000-7fbbb5fbe000 rw-p 00000000 00:00 0 
7fbbb5fbe000-7fbbb61be000 rw-p 00000000 00:00 0 
7fbbb61be000-7fbbb63be000 rw-p 00000000 00:00 0 
7fbbb63be000-7fbbb65be000 rw-p 00000000 00:00 0 
7fbbb65be000-7fbbb67be000 rw-p 00000000 00:00 0 
7fbbb67de000-7fbbb67e1000 ---p 00000000 00:00 0 
7fbbb67e1000-7fbbb6adf000 rw-p 00000000 00:00 0 
7fbbb6aff000-7fbbb6b02000 ---p 00000000 00:00 0 
7fbbb6b02000-7fbbb6e00000 rw-p 00000000 00:00 0 
7fbbb6e00000-7fbbb7000000 rw-p 00000000 00:00 0 
7fbbb7000000-7fbbb7200000 rw-p 00000000 00:00 0 
7fbbb7200000-7fbbb7400000 rw-p 00000000 00:00 0 
7fbbb7400000-7fbbb7600000 rw-p 00000000 00:00 0 
7fbbb7600000-7fbbb7800000 rw-p 00000000 00:00 0 
7fbbb7800000-7fbbb7a00000 rw-p 00000000 00:00 0 
7fbbb7a00000-7fbbb7c00000 rw-p 00000000 00:00 0 
7fbbb7c00000-7fbbb7e00000 rw-p 00000000 00:00 0 
7fbbb7e00000-7fbbb8000000 rw-p 00000000 00:00 0 
7fbbb8000000-7fbbb93a3000 rw-p 00000000 00:00 0 
7fbbb93a3000-7fbbbc000000 ---p 00000000 00:00 0 
7fbbbc000000-7fbbbc703000 rw-p 00000000 00:00 0 
7fbbbc703000-7fbbc0000000 ---p 00000000 00:00 0 
7fbbc0000000-7fbbc05dc000 rw-p 00000000 00:00 0 
7fbbc05dc000-7fbbc4000000 ---p 00000000 00:00 0 
7fbbc4000000-7fbbc4021000 rw-p 00000000 00:00 0 
7fbbc4021000-7fbbc8000000 ---p 00000000 00:00 0 
7fbbc8000000-7fbbc8021000 rw-p 00000000 00:00 0 
7fbbc8021000-7fbbcc000000 ---p 00000000 00:00 0 
7fbbcc000000-7fbbcc021000 rw-p 00000000 00:00 0 
7fbbcc021000-7fbbd0000000 ---p 00000000 00:00 0 
7fbbd0000000-7fbbd0021000 rw-p 00000000 00:00 0 
7fbbd0021000-7fbbd4000000 ---p 00000000 00:00 0 
7fbbd4000000-7fbbd4a29000 rw-p 00000000 00:00 0 
7fbbd4a29000-7fbbd8000000 ---p 00000000 00:00 0 
7fbbd8000000-7fbbd8021000 rw-p 00000000 00:00 0 
7fbbd8021000-7fbbdc000000 ---p 00000000 00:00 0 
7fbbdc086000-7fbbdc098000 r--s 00345000 08:02 11945235                   /home/mrli/android-studio/jre/jre/lib/resources.jar
7fbbdc0b8000-7fbbdc0b9000 r--s 00000000 08:02 10488607                   /home/mrli/.gradle/caches/modules-2/files-2.1/com.google.guava/listenablefuture/1.0/c949a840a6acbc5268d088e47b04177bf90b3cad/listenablefuture-1.0.jar
7fbbdc0b9000-7fbbdc0be000 r--s 00063000 08:02 3411321                    /home/mrli/.gradle/caches/transforms-1/files-1.1/okhttp-3.12.0.jar/27adecfa8319ad55ad594c723350e144/jetified-okhttp-3.12.0.jar
7fbbdc0be000-7fbbdc0c3000 r--s 00035000 08:02 3409865                    /home/mrli/.gradle/caches/transforms-1/files-1.1/gson-2.7.jar/84b44b0327d1dfcba6a9823a4c322390/jetified-gson-2.7.jar
7fbbdc0c3000-7fbbdc0c7000 r--s 0002a000 08:02 3411974                    /home/mrli/.gradle/caches/transforms-1/files-1.1/jetified-core-3.0.0.aar/67ade259e14a0e9f38953afa67f02715/jars/classes.jar
7fbbdc0c7000-7fbbdc0ca000 r--s 0001d000 08:02 10488975                   /home/mrli/.gradle/caches/modules-2/files-2.1/androidx.constraintlayout/constraintlayout-solver/2.0.0-alpha3/2a8ac731e821a10465b111f9e9f52e3e0b0d45b2/constraintlayout-solver-2.0.0-alpha3.jar
7fbbdc0ca000-7fbbdc0cc000 r--s 00005000 08:02 10488604                   /home/mrli/.gradle/caches/modules-2/files-2.1/androidx.annotation/annotation/1.1.0-alpha02/11d7b1518f8e1044319820cb2568fd2f59818b26/annotation-1.1.0-alpha02.jar
7fbbdc0cc000-7fbbdc0ce000 r--s 00004000 08:02 4587816                    /home/mrli/.gradle/caches/transforms-1/files-1.1/cardview-1.0.0.aar/7d49af6002de57f91ffcb39fa3854756/jars/classes.jar
7fbbdc0ce000-7fbbdc0cf000 r--s 00004000 08:02 10488602                   /home/mrli/.gradle/caches/modules-2/files-2.1/androidx.concurrent/concurrent-futures/1.0.0-alpha02/b4a4a1ada5a1ba3f8df9f9e6384a0a404ccc48cb/concurrent-futures-1.0.0-alpha02.jar
7fbbdc0cf000-7fbbdc0d1000 r--s 00004000 08:02 10488974                   /home/mrli/.gradle/caches/modules-2/files-2.1/androidx.lifecycle/lifecycle-common/2.1.0-alpha03/c67e7807d9cd6c329b9d0218b2ec4e505dd340b7/lifecycle-common-2.1.0-alpha03.jar
7fbbdc0d1000-7fbbdc0d2000 r--s 00002000 08:02 3546321                    /home/mrli/.gradle/caches/transforms-1/files-1.1/savedstate-1.0.0-alpha02.aar/6b076e77a7f25ecb16f711917c3f4238/jars/classes.jar
7fbbdc0d2000-7fbbdc0d4000 r--s 00001000 08:02 3546308                    /home/mrli/.gradle/caches/transforms-1/files-1.1/lifecycle-viewmodel-2.1.0-alpha03.aar/4c55831df07e9846b97e520dd576c1d4/jars/classes.jar
7fbbdc0d4000-7fbbdc0d5000 r--s 0000a000 08:02 10488969                   /home/mrli/.gradle/caches/modules-2/files-2.1/androidx.collection/collection/1.1.0-alpha03/7c8e35b4d0933887a7047e5fcc43fd52045dcd54/collection-1.1.0-alpha03.jar
7fbbdc0d5000-7fbbdc0d6000 r--s 00007000 08:02 2229234                    /home/mrli/.gradle/caches/transforms-1/files-1.1/versionedparcelable-1.1.0-alpha02.aar/5fa88a43f4f2860421e3145b39380f0a/jars/classes.jar
7fbbdc0d6000-7fbbdc0d7000 r--s 00002000 08:02 3278406                    /home/mrli/.gradle/caches/transforms-1/files-1.1/lifecycle-runtime-2.1.0-alpha03.aar/3ef11bfdd5688b897c70425ee3967fd9/jars/classes.jar
7fbbdc0d7000-7fbbdc0d8000 r--s 00000000 08:02 2886252                    /home/mrli/.gradle/caches/transforms-1/files-1.1/lifecycle-service-2.0.0.aar/56dfcfafd3aeb0b89d50b601410e8e8a/jars/classes.jar
7fbbdc0d8000-7fbbdc0d9000 r--s 00001000 08:02 2886246                    /home/mrli/.gradle/caches/transforms-1/files-1.1/lifecycle-process-2.0.0.aar/21243fff3f6fedeca4cdbe6daf0bacb3/jars/classes.jar
7fbbdc0d9000-7fbbdc0e5000 r--s 00098000 08:02 2228997                    /home/mrli/.gradle/caches/transforms-1/files-1.1/core-1.1.0-alpha05.aar/25440ca4a71709995e538e3ca8624632/jars/classes.jar
7fbbdc0e5000-7fbbdc0e9000 r--s 00029000 08:02 4587805                    /home/mrli/.gradle/caches/transforms-1/files-1.1/transition-1.0.0.aar/d9749f51c22377bcf82938bbe41ea1bf/jars/classes.jar
7fbbdc0e9000-7fbbdc0eb000 r--s 00007000 08:02 3546315                    /home/mrli/.gradle/caches/transforms-1/files-1.1/vectordrawable-1.0.1.aar/e1b1d236b01214163b3f29d838d512d5/jars/classes.jar
7fbbdc0eb000-7fbbdc0f3000 r--s 00050000 08:02 14159979                   /home/mrli/.gradle/caches/transforms-1/files-1.1/media-1.0.0-beta01.aar/54353f35895e3e7a1669d2f0e8192e55/jars/classes.jar
7fbbdc0f3000-7fbbdc0f9000 r--s 00057000 08:02 4587780                    /home/mrli/.gradle/caches/transforms-1/files-1.1/recyclerview-1.0.0.aar/d66a60f49e8b51f4dbaf5c5677c829b0/jars/classes.jar
7fbbdc0f9000-7fbbdc0fb000 r--s 0000e000 08:02 3149654                    /home/mrli/.gradle/caches/transforms-1/files-1.1/appcompat-resources-1.1.0-alpha03.aar/9572bb6cd63efa3b521453e338d0009b/jars/classes.jar
7fbbdc0fb000-7fbbdc0fe000 r--s 00028000 08:02 3546289                    /home/mrli/.gradle/caches/transforms-1/files-1.1/fragment-1.1.0-alpha05.aar/3ae00bf88ef0eb84b1f3424693699079/jars/classes.jar
7fbbdc0fe000-7fbbdc101000 ---p 00000000 00:00 0 
7fbbdc101000-7fbbdc3ff000 rw-p 00000000 00:00 0 
7fbbdc3ff000-7fbbdc5ff000 rw-p 00000000 00:00 0 
7fbbdc5ff000-7fbbdc7ff000 rw-p 00000000 00:00 0 
7fbbdc7ff000-7fbbdc9ff000 rw-p 00000000 00:00 0 
7fbbdc9ff000-7fbbdcbff000 rw-p 00000000 00:00 0 
7fbbdcbff000-7fbbdcdff000 rw-p 00000000 00:00 0 
7fbbdcdff000-7fbbdcfff000 rw-p 00000000 00:00 0 
7fbbdcfff000-7fbbe0000000 rw-p 00000000 00:00 0 
7fbbe0000000-7fbbe0021000 rw-p 00000000 00:00 0 
7fbbe0021000-7fbbe4000000 ---p 00000000 00:00 0 
7fbbe4000000-7fbbe4021000 rw-p 00000000 00:00 0 
7fbbe4021000-7fbbe8000000 ---p 00000000 00:00 0 
7fbbe8000000-7fbbe9f6f000 rw-p 00000000 00:00 0 
7fbbe9f6f000-7fbbec000000 ---p 00000000 00:00 0 
7fbbec000000-7fbbed160000 rw-p 00000000 00:00 0 
7fbbed160000-7fbbf0000000 ---p 00000000 00:00 0 
7fbbf0000000-7fbbf0021000 rw-p 00000000 00:00 0 
7fbbf0021000-7fbbf4000000 ---p 00000000 00:00 0 
7fbbf4000000-7fbbf693d000 rw-p 00000000 00:00 0 
7fbbf693d000-7fbbf8000000 ---p 00000000 00:00 0 
7fbbf8000000-7fbbf8021000 rw-p 00000000 00:00 0 
7fbbf8021000-7fbbfc000000 ---p 00000000 00:00 0 
7fbbfc000000-7fbbfc021000 rw-p 00000000 00:00 0 
7fbbfc021000-7fbc00000000 ---p 00000000 00:00 0 
7fbc00000000-7fbc00021000 rw-p 00000000 00:00 0 
7fbc00021000-7fbc04000000 ---p 00000000 00:00 0 
7fbc04000000-7fbc04298000 rw-p 00000000 00:00 0 
7fbc04298000-7fbc08000000 ---p 00000000 00:00 0 
7fbc08000000-7fbc08032000 rw-p 00000000 00:00 0 
7fbc08032000-7fbc0c000000 ---p 00000000 00:00 0 
7fbc0c000000-7fbc0c001000 r--s 00002000 08:02 3546301                    /home/mrli/.gradle/caches/transforms-1/files-1.1/activity-1.0.0-alpha05.aar/6bdaf4ef55e61419e8bc53202aec2457/jars/classes.jar
7fbc0c001000-7fbc0c002000 r--s 00000000 08:02 13373549                   /home/mrli/.gradle/caches/transforms-1/files-1.1/legacy-support-v4-1.0.0-beta01.aar/32cc405935353eb053a3189b610fc1fc/jars/classes.jar
7fbc0c002000-7fbc0c003000 r--s 00000000 08:02 2886240                    /home/mrli/.gradle/caches/transforms-1/files-1.1/lifecycle-extensions-2.0.0.aar/1663bfbcb1a769bc9440dc72c969fee3/jars/classes.jar
7fbc0c003000-7fbc0c00f000 r--s 0006b000 08:02 3409866                    /home/mrli/.gradle/caches/transforms-1/files-1.1/glide-3.7.0.jar/e2d5de14aaaa24c760cefa6dfea410c4/jetified-glide-3.7.0.jar
7fbc0c00f000-7fbc0c011000 r--s 00002000 08:02 3409821                    /home/mrli/.gradle/caches/transforms-1/files-1.1/converter-scalars-2.5.0.jar/727029ac6562af644b962cf04b4ea21d/jetified-converter-scalars-2.5.0.jar
7fbc0c011000-7fbc0c012000 r--s 00001000 08:02 3149652                    /home/mrli/.gradle/caches/transforms-1/files-1.1/converter-gson-2.3.0.jar/564fe50f77fdf7971b1a112b3aca4a1e/jetified-converter-gson-2.3.0.jar
7fbc0c012000-7fbc0c01c000 r--s 0009c000 08:02 3017580                    /home/mrli/.gradle/caches/transforms-1/files-1.1/appcompat-1.1.0-alpha03.aar/a560e691ba82eed8b1834df7323d3e7c/jars/classes.jar
7fbc0c01c000-7fbc0c026000 r--s 00077000 08:02 4458614                    /home/mrli/.gradle/caches/transforms-1/files-1.1/material-1.0.0.aar/82297c7af9236e57d79a926a220772df/jars/classes.jar
7fbc0c026000-7fbc0c027000 r--s 00002000 08:02 4587790                    /home/mrli/.gradle/caches/transforms-1/files-1.1/StatusBarCompat-2.3.0.aar/de9273e4c9b0f0cb6e4b41bee257a040/jars/classes.jar
7fbc0c027000-7fbc0c02c000 r--s 00048000 08:02 3017568                    /home/mrli/.gradle/caches/transforms-1/files-1.1/constraintlayout-2.0.0-alpha3.aar/d59216fbb29ec2dd0a2dce816cba8042/jars/classes.jar
7fbc0c02c000-7fbc0c02d000 r--s 00002000 08:02 2753988                    /home/mrli/.gradle/caches/transforms-1/files-1.1/jetified-dagger-android-support-2.17.aar/72dd95a8919b1f57ae648e7c075ec21f/jars/classes.jar
7fbc0c02d000-7fbc0c030000 r--s 0000e000 08:02 3676994                    /home/mrli/.gradle/caches/transforms-1/files-1.1/databinding-runtime-3.3.0.aar/f6589f337368ef15390fd7f8bad8fa86/jars/classes.jar
7fbc0c030000-7fbc0c033000 r--s 00011000 08:02 3804521                    /home/mrli/.gradle/caches/transforms-1/files-1.1/databinding-adapters-3.3.0.aar/54edc84c8b0556afc837e4577bced06c/jars/classes.jar
7fbc0c033000-7fbc0c03a000 r--s 0001e000 08:02 10488394                   /home/mrli/.gradle/caches/modules-2/files-2.1/org.jetbrains.kotlin/kotlin-stdlib-common/1.3.11/d8b8e746e279f1c4f5e08bc14a96b82e6bb1de02/kotlin-stdlib-common-1.3.11.jar
7fbc0c03a000-7fbc0c044000 r--s 00026000 08:02 10488403                   /home/mrli/.gradle/caches/modules-2/files-2.1/org.checkerframework/checker-qual/2.5.2/cea74543d5904a30861a61b4643a5f2bb372efc4/checker-qual-2.5.2.jar
7fbc0c044000-7fbc0c057000 r--s 0010e000 08:02 10488362                   /home/mrli/.gradle/caches/modules-2/files-2.1/org.jetbrains.kotlin/kotlin-stdlib/1.3.11/4cbc5922a54376018307a731162ccaf3ef851a39/kotlin-stdlib-1.3.11.jar
7fbc0c057000-7fbc0c058000 r--s 00000000 08:02 10488361                   /home/mrli/.gradle/caches/modules-2/files-2.1/org.jetbrains.kotlin/kotlin-stdlib-jdk7/1.3.11/4839661cf6ce3c14b65ed7dcf5b9249b44ecca16/kotlin-stdlib-jdk7-1.3.11.jar
7fbc0c058000-7fbc0c059000 r--s 00001000 08:02 10488374                   /home/mrli/.gradle/caches/modules-2/files-2.1/com.android.tools/annotations/26.3.0/850899c26903b514387f9f437398bc4095a91877/annotations-26.3.0.jar
7fbc0c059000-7fbc0c05e000 r--s 00035000 08:02 4330288                    /home/mrli/.gradle/caches/transforms-1/files-1.1/gson-2.8.0.jar/19d7821a759369c2a900673705e5df9b/jetified-gson-2.8.0.jar
7fbc0c05e000-7fbc0c061000 r--s 0001c000 08:02 10488353                   /home/mrli/.gradle/caches/modules-2/files-2.1/com.android.tools.build.jetifier/jetifier-core/1.0.0-beta02/fa93fdb83bdfd51e80e09a808fb2515a7134d406/jetifier-core-1.0.0-beta02.jar
7fbc0c061000-7fbc0c062000 r--s 00003000 08:02 10488383                   /home/mrli/.gradle/caches/modules-2/files-2.1/com.android.databinding/baseLibrary/3.3.0/155f0f7d0e66a992de6a8d73b7cbf71ed22ace60/baseLibrary-3.3.0.jar
7fbc0c062000-7fbc0c064000 r--s 00005000 08:02 10488737                   /home/mrli/.gradle/caches/modules-2/files-2.1/androidx.annotation/annotation/1.0.0/45599f2cd5965ac05a1488fa2a5c0cdd7c499ead/annotation-1.0.0.jar
7fbc0c064000-7fbc0c065000 r--s 00002000 08:02 10488612                   /home/mrli/.gradle/caches/modules-2/files-2.1/androidx.arch.core/core-common/2.0.0/bb21b9a11761451b51624ac428d1f1bb5deeac38/core-common-2.0.0.jar
7fbc0c065000-7fbc0c066000 r--s 00001000 08:02 925432                     /home/mrli/.gradle/caches/transforms-1/files-1.1/core-runtime-2.0.0.aar/1ab23e04d3c20fdf9bd3aacbdb887f9f/jars/classes.jar
7fbc0c066000-7fbc0c067000 r--s 00004000 08:02 10488610                   /home/mrli/.gradle/caches/modules-2/files-2.1/androidx.lifecycle/lifecycle-common/2.0.0/e070ffae07452331bc5684734fce6831d531785c/lifecycle-common-2.0.0.jar
7fbc0c067000-7fbc0c069000 r--s 00001000 08:02 925423                     /home/mrli/.gradle/caches/transforms-1/files-1.1/lifecycle-livedata-core-2.0.0.aar/83bd0e9c3bb7b26fdd72366627b37056/jars/classes.jar
7fbc0c069000-7fbc0c06a000 r--s 00002000 08:02 925357                     /home/mrli/.gradle/caches/transforms-1/files-1.1/lifecycle-livedata-2.0.0.aar/35b9c8220fe5c6d505daf60afaeb2caf/jars/classes.jar
7fbc0c06a000-7fbc0c06b000 r--s 00001000 08:02 925437                     /home/mrli/.gradle/caches/transforms-1/files-1.1/interpolator-1.0.0.aar/dff922988ee663080bcd04bb326cf174/jars/classes.jar
7fbc0c06b000-7fbc0c06c000 r--s 00003000 08:02 926186                     /home/mrli/.gradle/caches/transforms-1/files-1.1/print-1.0.0.aar/560b9eae47724e4501b49748e3c18121/jars/classes.jar
7fbc0c06c000-7fbc0c06d000 r--s 00001000 08:02 926185                     /home/mrli/.gradle/caches/transforms-1/files-1.1/localbroadcastmanager-1.0.0.aar/6e322960aba1b67f1669001216d4b374/jars/classes.jar
7fbc0c06d000-7fbc0c06e000 r--s 00002000 08:02 925446                     /home/mrli/.gradle/caches/transforms-1/files-1.1/documentfile-1.0.0.aar/17d3b85b4a14d18910623247d688b2a2/jars/classes.jar
7fbc0c06e000-7fbc0c06f000 r--s 00002000 08:02 2494281                    /home/mrli/.gradle/caches/transforms-1/files-1.1/lifecycle-runtime-2.0.0.aar/6c3ef3f23f0cf6b6e55a4ea6444d1071/jars/classes.jar
7fbc0c06f000-7fbc0c070000 r--s 00001000 08:02 926193                     /home/mrli/.gradle/caches/transforms-1/files-1.1/lifecycle-viewmodel-2.0.0.aar/d06bffb56fd63304494a4cac6df6331e/jars/classes.jar
7fbc0c070000-7fbc0c071000 r--s 00002000 08:02 925367                     /home/mrli/.gradle/caches/transforms-1/files-1.1/cursoradapter-1.0.0.aar/98bd0a2144c662165f937b733d4b6734/jars/classes.jar
7fbc0c071000-7fbc0c073000 r--s 00009000 08:02 10488601                   /home/mrli/.gradle/caches/modules-2/files-2.1/androidx.collection/collection/1.0.0/42858b26cafdaa69b6149f45dfc2894007bc2c7a/collection-1.0.0.jar
7fbc0c073000-7fbc0c074000 r--s 00006000 08:02 2754394                    /home/mrli/.gradle/caches/transforms-1/files-1.1/versionedparcelable-1.0.0.aar/9c8a6d28d120fbeae135da61b26d66c8/jars/classes.jar
7fbc0c074000-7fbc0c07f000 r--s 0008d000 08:02 3411987                    /home/mrli/.gradle/caches/transforms-1/files-1.1/classes.jar/750efeccd0b755aa70419592542f7c7b/jetified-classes.jar
7fbc0c07f000-7fbc0c080000 r--s 00001000 08:02 925350                     /home/mrli/.gradle/caches/transforms-1/files-1.1/asynclayoutinflater-1.0.0.aar/ff712f234ed832874476e23eb174360d/jars/classes.jar
7fbc0c080000-7fbc0c082000 r--s 00007000 08:02 925344                     /home/mrli/.gradle/caches/transforms-1/files-1.1/swiperefreshlayout-1.0.0.aar/8b46f6a1f5e4ba69a63946b92c99c017/jars/classes.jar
7fbc0c082000-7fbc0c084000 r--s 00007000 08:02 925336                     /home/mrli/.gradle/caches/transforms-1/files-1.1/customview-1.0.0.aar/14cd33e781c45f732bd02d6923382535/jars/classes.jar
7fbc0c084000-7fbc0c085000 r--s 00005000 08:02 925225                     /home/mrli/.gradle/caches/transforms-1/files-1.1/slidingpanelayout-1.0.0.aar/3cb2643b5c1a32c5cc629f137339ee5f/jars/classes.jar
7fbc0c085000-7fbc0c086000 r--s 00007000 08:02 14421901                   /home/mrli/.gradle/caches/transforms-1/files-1.1/drawerlayout-1.0.0.aar/f6fd8f149ed6e819a7696b06a61fa08f/jars/classes.jar
7fbc0c086000-7fbc0c088000 r--s 00009000 08:02 14421910                   /home/mrli/.gradle/caches/transforms-1/files-1.1/coordinatorlayout-1.0.0.aar/fe492a971d3eb675c9092c511866d9ed/jars/classes.jar
7fbc0c088000-7fbc0c08a000 r--s 0000c000 08:02 14421896                   /home/mrli/.gradle/caches/transforms-1/files-1.1/viewpager-1.0.0.aar/5318abc5fbc434d93dc467c0726f7f3d/jars/classes.jar
7fbc0c08a000-7fbc0c08c000 r--s 00007000 08:02 14421888                   /home/mrli/.gradle/caches/transforms-1/files-1.1/loader-1.0.0.aar/58bec32f86a0176b6ab8241610eb704d/jars/classes.jar
7fbc0c08c000-7fbc0c08e000 r--s 00007000 08:02 14421919                   /home/mrli/.gradle/caches/transforms-1/files-1.1/vectordrawable-1.0.0.aar/26b8dd3f013d643135c0b589bad60e78/jars/classes.jar
7fbc0c08e000-7fbc0c08f000 r--s 00000000 08:02 14421882                   /home/mrli/.gradle/caches/transforms-1/files-1.1/legacy-support-core-utils-1.0.0.aar/c4012d1bcb011fbf50a3662a4bea4442/jars/classes.jar
7fbc0c08f000-7fbc0c091000 r--s 00007000 08:02 14290458                   /home/mrli/.gradle/caches/transforms-1/files-1.1/vectordrawable-animated-1.0.0.aar/98d67706663147d9d3089e85fd2e571f/jars/classes.jar
7fbc0c091000-7fbc0c094000 r--s 00026000 08:02 14290818                   /home/mrli/.gradle/caches/transforms-1/files-1.1/fragment-1.0.0.aar/c9717389064a3c0d08c49eb55318a5d1/jars/classes.jar
7fbc0c094000-7fbc0c0bf000 r--s 0028a000 08:02 10488740                   /home/mrli/.gradle/caches/modules-2/files-2.1/com.google.errorprone/javac-shaded/9-dev-r4023-3/72b688efd290280a0afde5f9892b0fde6f362d1d/javac-shaded-9-dev-r4023-3.jar
7fbc0c0bf000-7fbc0c0f4000 r--s 00271000 08:02 3804523                    /home/mrli/.gradle/caches/transforms-1/files-1.1/guava-26.0-jre.jar/7a30d678935b1cd08568df6b2d20fa18/jetified-guava-26.0-jre.jar
7fbc0c0f4000-7fbc0c2f4000 rw-p 00000000 00:00 0 
7fbc0c2f4000-7fbc0c4f4000 rw-p 00000000 00:00 0 
7fbc0c4f4000-7fbc0c6f4000 rw-p 00000000 00:00 0 
7fbc0c6f4000-7fbc0c8f4000 rw-p 00000000 00:00 0 
7fbc0c8f4000-7fbc0caf4000 rw-p 00000000 00:00 0 
7fbc0caf4000-7fbc0ccf4000 rw-p 00000000 00:00 0 
7fbc0ccf4000-7fbc0ccf5000 r--s 00002000 08:02 14290514                   /home/mrli/.gradle/caches/transforms-1/files-1.1/legacy-support-core-ui-1.0.0.aar/6888f8021b2925be94325187cf886287/jars/classes.jar
7fbc0ccf5000-7fbc0cd00000 r--s 000a6000 08:02 13767854                   /home/mrli/.gradle/caches/transforms-1/files-1.1/appcompat-1.0.0.aar/92e5cd224cd5657c13a1b9214f5889fc/jars/classes.jar
7fbc0cd00000-7fbc0cd01000 r--s 00000000 08:02 10488405                   /home/mrli/.gradle/caches/modules-2/files-2.1/org.codehaus.mojo/animal-sniffer-annotations/1.14/775b7e22fb10026eed3f86e8dc556dfafe35f2d5/animal-sniffer-annotations-1.14.jar
7fbc0cd01000-7fbc0cd03000 r--s 00001000 08:02 10488404                   /home/mrli/.gradle/caches/modules-2/files-2.1/com.google.j2objc/j2objc-annotations/1.1/976d8d30bebc251db406f2bdb3eb01962b5685b3/j2objc-annotations-1.1.jar
7fbc0cd03000-7fbc0cd05000 r--s 00002000 08:02 2886292                    /home/mrli/.gradle/caches/transforms-1/files-1.1/error_prone_annotations-2.1.3.jar/c48914423000c8f58b4ff4614d13eb34/jetified-error_prone_annotations-2.1.3.jar
7fbc0cd05000-7fbc0cd07000 r--s 00003000 08:02 10488402                   /home/mrli/.gradle/caches/modules-2/files-2.1/com.google.code.findbugs/jsr305/3.0.2/25ea2e8b0c338a877313bd4672d3fe056ea78f0d/jsr305-3.0.2.jar
7fbc0cd07000-7fbc0cd0a000 r--s 00033000 08:02 10488386                   /home/mrli/.gradle/caches/modules-2/files-2.1/com.googlecode.juniversalchardet/juniversalchardet/1.0.3/cd49678784c46aa8789c060538e0154013bb421b/juniversalchardet-1.0.3.jar
7fbc0cd0a000-7fbc0cd11000 r--s 00000000 08:02 10881807                   /usr/lib/x86_64-linux-gnu/gconv/gconv-modules.cache
7fbc0cd11000-7fbc0cd32000 r--p 00000000 08:02 11932033                   /usr/share/locale-langpack/zh_CN/LC_MESSAGES/libc.mo
7fbc0cd32000-7fbc0cd33000 r--s 00001000 08:02 10488741                   /home/mrli/.gradle/caches/modules-2/files-2.1/org.checkerframework/checker-compat-qual/2.3.0/69cb4fea55a9d89b8827d107f17c985cc1a76052/checker-compat-qual-2.3.0.jar
7fbc0cd33000-7fbc0cd4b000 r--s 00156000 08:02 3278429                    /home/mrli/.gradle/caches/transforms-1/files-1.1/antlr4-4.5.3.jar/62e4f04879822d1541016b03e8d2ae62/jetified-antlr4-4.5.3.jar
7fbc0cd4b000-7fbc0cd51000 r--s 0003c000 08:02 3412707                    /home/mrli/.gradle/caches/transforms-1/files-1.1/commons-codec-1.9.jar/48436cd421021f2fbed40ee6153dd39e/jetified-commons-codec-1.9.jar
7fbc0cd51000-7fbc0cd55000 r--s 0002a000 08:02 3546357                    /home/mrli/.gradle/caches/transforms-1/files-1.1/commons-io-2.4.jar/0cf21bf3532183470d9930f9ec5195f9/jetified-commons-io-2.4.jar
7fbc0cd55000-7fbc0cd57000 r--s 00002000 08:02 10488344                   /home/mrli/.gradle/caches/modules-2/files-2.1/org.jetbrains.kotlin/kotlin-stdlib-jdk8/1.3.11/dd9bff00d6cfca58b6c1fe89be8e0678e35cf35f/kotlin-stdlib-jdk8-1.3.11.jar
7fbc0cd57000-7fbc0cd58000 r--s 00003000 08:02 10488382                   /home/mrli/.gradle/caches/modules-2/files-2.1/androidx.databinding/databinding-common/3.3.0/9df1ac00e230e8e9aae9c6fae20415ac31dc5253/databinding-common-3.3.0.jar
7fbc0cd58000-7fbc0cd59000 r--s 00000000 08:02 10488399                   /home/mrli/.gradle/caches/modules-2/files-2.1/javax.inject/javax.inject/1/6975da39a7040257bd51d21a231b76c915872d38/javax.inject-1.jar
7fbc0cd59000-7fbc0cd5a000 r--s 00001000 08:02 10488742                   /home/mrli/.gradle/caches/modules-2/files-2.1/javax.annotation/jsr250-api/1.0/5025422767732a1ab45d93abfea846513d742dcf/jsr250-api-1.0.jar
7fbc0cd5a000-7fbc0cd5c000 r--s 00017000 08:02 3411989                    /home/mrli/.gradle/caches/transforms-1/files-1.1/javapoet-1.11.0.jar/92ccab30f7b7f6294ebdb41b8f345419/jetified-javapoet-1.11.0.jar
7fbc0cd5c000-7fbc0cd63000 r--s 00052000 08:02 10488331                   /home/mrli/.gradle/caches/modules-2/files-2.1/androidx.databinding/databinding-compiler-common/3.3.0/d940cafe799b457249e57fbc87eb9b7e656c1fc7/databinding-compiler-common-3.3.0.jar
7fbc0cd63000-7fbc0cd67000 r--s 00033000 08:02 3676979                    /home/mrli/.gradle/caches/transforms-1/files-1.1/google-java-format-1.5.jar/a5e35f35b36113325ab6425640a60a57/jetified-google-java-format-1.5.jar
7fbc0cd67000-7fbc0cd69000 r--s 00008000 08:02 10488690                   /home/mrli/.gradle/caches/modules-2/files-2.1/com.google.dagger/dagger/2.17/25e4130ca54cb143c58f707ecfd3f6936f39592f/dagger-2.17.jar
7fbc0cd69000-7fbc0cd6c000 r--s 0000f000 08:02 10488748                   /home/mrli/.gradle/caches/modules-2/files-2.1/com.google.dagger/dagger-producers/2.17/4de9b6628c2868ee03786be63f6ef27c662a007c/dagger-producers-2.17.jar
7fbc0cd6c000-7fbc0cf6c000 rw-p 00000000 00:00 0 
7fbc0cf6c000-7fbc0cf6e000 r--s 00006000 08:02 2753993                    /home/mrli/.gradle/caches/transforms-1/files-1.1/jetified-dagger-android-2.17.aar/59296b7fbab770ea72c71fa2a6831781/jars/classes.jar
7fbc0cf6e000-7fbc0cf71000 r--s 0001c000 08:02 10488747                   /home/mrli/.gradle/caches/modules-2/files-2.1/com.google.dagger/dagger-spi/2.17/d4d7369dbaea57656fb9482d07c0ae5388d2dd0c/dagger-spi-2.17.jar
7fbc0cf71000-7fbc0cf7c000 r--s 000fd000 08:02 10488751                   /home/mrli/.gradle/caches/modules-2/files-2.1/androidx.databinding/databinding-compiler/3.3.0/25f99ed340a7437bcad69b5464632cfcbddac420/databinding-compiler-3.3.0.jar
7fbc0cf7c000-7fbc0cf7f000 r--s 0001b000 08:02 10488749                   /home/mrli/.gradle/caches/modules-2/files-2.1/com.google.dagger/dagger-android-processor/2.17/e6fc953c4b9d8354a74f81cdf7aaf879a68e121d/dagger-android-processor-2.17.jar
7fbc0cf7f000-7fbc0cf8f000 r--s 000e3000 08:02 10488750                   /home/mrli/.gradle/caches/modules-2/files-2.1/com.google.dagger/dagger-compiler/2.17/2c363c15fe60d3183b1ca8c170cc39a9a4000be4/dagger-compiler-2.17.jar
7fbc0cf8f000-7fbc0cf94000 r--s 00013000 08:02 10488971                   /home/mrli/.gradle/caches/modules-2/files-2.1/org.jetbrains.kotlinx/kotlinx-coroutines-core-common/1.1.1/7ed04382bdf0c89c5d87ac462aa4935ae8e85243/kotlinx-coroutines-core-common-1.1.1.jar
7fbc0cf94000-7fbc0cf98000 r--s 00018000 08:02 3409835                    /home/mrli/.gradle/caches/transforms-1/files-1.1/retrofit-2.5.0.jar/f7f7e52d1f92232f94101961772aac65/jetified-retrofit-2.5.0.jar
7fbc0cf98000-7fbc0cf9b000 ---p 00000000 00:00 0 
7fbc0cf9b000-7fbc0d299000 rw-p 00000000 00:00 0 
7fbc0d299000-7fbc0d499000 rw-p 00000000 00:00 0 
7fbc0d499000-7fbc0d699000 rw-p 00000000 00:00 0 
7fbc0d699000-7fbc0d899000 rw-p 00000000 00:00 0 
7fbc0d899000-7fbc0da99000 rw-p 00000000 00:00 0 
7fbc0da99000-7fbc0dc99000 rw-p 00000000 00:00 0 
7fbc0dc99000-7fbc0de99000 rw-p 00000000 00:00 0 
7fbc0de99000-7fbc0de9c000 ---p 00000000 00:00 0 
7fbc0de9c000-7fbc0df9a000 rw-p 00000000 00:00 0 
7fbc0df9a000-7fbc0df9d000 ---p 00000000 00:00 0 
7fbc0df9d000-7fbc0e09b000 rw-p 00000000 00:00 0 
7fbc0e09b000-7fbc0e09e000 ---p 00000000 00:00 0 
7fbc0e09e000-7fbc0e19c000 rw-p 00000000 00:00 0 
7fbc0e19c000-7fbc0e19f000 ---p 00000000 00:00 0 
7fbc0e19f000-7fbc0e49d000 rw-p 00000000 00:00 0 
7fbc0e49d000-7fbc0e4a0000 ---p 00000000 00:00 0 
7fbc0e4a0000-7fbc0e59e000 rw-p 00000000 00:00 0 
7fbc0e59e000-7fbc0e5a1000 ---p 00000000 00:00 0 
7fbc0e5a1000-7fbc0e69f000 rw-p 00000000 00:00 0 
7fbc0e69f000-7fbc0e6a2000 ---p 00000000 00:00 0 
7fbc0e6a2000-7fbc0e7a0000 rw-p 00000000 00:00 0 
7fbc0e7a0000-7fbc0e7a3000 ---p 00000000 00:00 0 
7fbc0e7a3000-7fbc0e8a1000 rw-p 00000000 00:00 0 
7fbc0e8a1000-7fbc0e8a4000 ---p 00000000 00:00 0 
7fbc0e8a4000-7fbc0e9a2000 rw-p 00000000 00:00 0 
7fbc0e9a2000-7fbc0ea1b000 r--s 010fd000 08:02 11945114                   /home/mrli/android-studio/jre/lib/tools.jar
7fbc0ea1b000-7fbc0ea31000 r-xp 00000000 08:02 11945211                   /home/mrli/android-studio/jre/jre/lib/amd64/libnet.so
7fbc0ea31000-7fbc0ec30000 ---p 00016000 08:02 11945211                   /home/mrli/android-studio/jre/jre/lib/amd64/libnet.so
7fbc0ec30000-7fbc0ec31000 r--p 00015000 08:02 11945211                   /home/mrli/android-studio/jre/jre/lib/amd64/libnet.so
7fbc0ec31000-7fbc0ec32000 rw-p 00016000 08:02 11945211                   /home/mrli/android-studio/jre/jre/lib/amd64/libnet.so
7fbc0ec32000-7fbc0ec43000 r-xp 00000000 08:02 11945232                   /home/mrli/android-studio/jre/jre/lib/amd64/libnio.so
7fbc0ec43000-7fbc0ee42000 ---p 00011000 08:02 11945232                   /home/mrli/android-studio/jre/jre/lib/amd64/libnio.so
7fbc0ee42000-7fbc0ee43000 r--p 00010000 08:02 11945232                   /home/mrli/android-studio/jre/jre/lib/amd64/libnio.so
7fbc0ee43000-7fbc0ee44000 rw-p 00011000 08:02 11945232                   /home/mrli/android-studio/jre/jre/lib/amd64/libnio.so
7fbc0ee44000-7fbc0ee4d000 r-xp 00000000 08:02 11945208                   /home/mrli/android-studio/jre/jre/lib/amd64/libmanagement.so
7fbc0ee4d000-7fbc0f04c000 ---p 00009000 08:02 11945208                   /home/mrli/android-studio/jre/jre/lib/amd64/libmanagement.so
7fbc0f04c000-7fbc0f04d000 r--p 00008000 08:02 11945208                   /home/mrli/android-studio/jre/jre/lib/amd64/libmanagement.so
7fbc0f04d000-7fbc0f04e000 rw-p 00009000 08:02 11945208                   /home/mrli/android-studio/jre/jre/lib/amd64/libmanagement.so
7fbc0f04e000-7fbc0f22d000 r--s 01b19000 08:02 10489036                   /home/mrli/.gradle/caches/modules-2/files-2.1/org.jetbrains.kotlin/kotlin-compiler-embeddable/1.3.21/677cc9553b8964c895abc76da9b6a0faea8f671d/kotlin-compiler-embeddable-1.3.21.jar
7fbc0f22d000-7fbc0f22e000 ---p 00000000 00:00 0 
7fbc0f22e000-7fbc0f32e000 rw-p 00000000 00:00 0 
7fbc0f32e000-7fbc0f331000 ---p 00000000 00:00 0 
7fbc0f331000-7fbc0f42f000 rw-p 00000000 00:00 0 
7fbc0f42f000-7fbc0f430000 ---p 00000000 00:00 0 
7fbc0f430000-7fbc0f433000 ---p 00000000 00:00 0 
7fbc0f433000-7fbc0f530000 rw-p 00000000 00:00 0 
7fbc0f530000-7fbc0f531000 ---p 00000000 00:00 0 
7fbc0f531000-7fbc0f534000 ---p 00000000 00:00 0 
7fbc0f534000-7fbc0f631000 rw-p 00000000 00:00 0 
7fbc0f631000-7fbc10000000 r--p 00000000 08:02 10623654                   /usr/lib/locale/locale-archive
7fbc10000000-7fbc10021000 rw-p 00000000 00:00 0 
7fbc10021000-7fbc14000000 ---p 00000000 00:00 0 
7fbc14000000-7fbc18000000 rw-p 00000000 00:00 0 
7fbc18000000-7fbc18035000 rw-p 00000000 00:00 0 
7fbc18035000-7fbc1c000000 ---p 00000000 00:00 0 
7fbc1c000000-7fbc1c002000 r--s 00006000 08:02 3936262                    /home/mrli/.gradle/caches/transforms-1/files-1.1/dagger-android-jarimpl-2.17.jar/8120d0f478fa5a9f4a2eb9232aa570cb/jetified-dagger-android-jarimpl-2.17.jar
7fbc1c002000-7fbc1c003000 r--s 00002000 08:02 3278403                    /home/mrli/.gradle/caches/transforms-1/files-1.1/kotlin-3.0.0.aar/c63719953c259e2abaa85cc4e09374e0/jars/classes.jar
7fbc1c003000-7fbc1c010000 r--s 000bb000 08:02 10488955                   /home/mrli/.gradle/caches/modules-2/files-2.1/org.jetbrains.kotlinx/kotlinx-coroutines-core/1.1.1/3d2b7321cdef9ebf9cb7729ea4f75a6f6457df86/kotlinx-coroutines-core-1.1.1.jar
7fbc1c010000-7fbc1c011000 r--s 00004000 08:02 2623567                    /home/mrli/.gradle/caches/transforms-1/files-1.1/kotlinx-coroutines-android-1.1.1.jar/3dcfae8a45b87f813a360d39ad881d25/jetified-kotlinx-coroutines-android-1.1.1.jar
7fbc1c011000-7fbc1c018000 r--s 00050000 08:02 10489034                   /home/mrli/.gradle/caches/modules-2/files-2.1/org.jetbrains.kotlin/kotlin-annotation-processing-gradle/1.3.21/225aacd70ddfe71c72796bb317b3f12254c1ff3a/kotlin-annotation-processing-gradle-1.3.21.jar
7fbc1c018000-7fbc1c020000 r--s 0004d000 08:02 10489035                   /home/mrli/.gradle/caches/modules-2/files-2.1/org.jetbrains.kotlin/kotlin-android-extensions/1.3.21/311c0d1cbb0a194e8712edaef7b92a8f0919ca26/kotlin-android-extensions-1.3.21.jar
7fbc1c020000-7fbc1c025000 r--s 0009a000 08:02 11945263                   /home/mrli/android-studio/jre/jre/lib/jsse.jar
7fbc1c025000-7fbc1c02c000 r--s 0001f000 08:02 10488848                   /home/mrli/.gradle/caches/modules-2/files-2.1/org.jetbrains.kotlin/kotlin-stdlib-common/1.3.21/f30e4a9897913e53d778f564110bafa1fef46643/kotlin-stdlib-common-1.3.21.jar
7fbc1c02c000-7fbc1c037000 r--s 00081000 08:02 10488847                   /home/mrli/.gradle/caches/modules-2/files-2.1/org.jetbrains.intellij.deps/trove4j/1.0.20181211/216c2e14b070f334479d800987affe4054cd563f/trove4j-1.0.20181211.jar
7fbc1c037000-7fbc1c06e000 r--s 00255000 08:02 10488835                   /home/mrli/.gradle/caches/modules-2/files-2.1/org.jetbrains.kotlin/kotlin-reflect/1.3.21/d0d5ff2ac2ebd8a42697af41e20fc225a23c5d3b/kotlin-reflect-1.3.21.jar
7fbc1c06e000-7fbc1c0af000 rw-p 00000000 00:00 0 
7fbc1c0af000-7fbc1c0b0000 ---p 00000000 00:00 0 
7fbc1c0b0000-7fbc1c0b3000 ---p 00000000 00:00 0 
7fbc1c0b3000-7fbc1c1b0000 rw-p 00000000 00:00 0 
7fbc1c1b0000-7fbc1c1b3000 ---p 00000000 00:00 0 
7fbc1c1b3000-7fbc1c2b1000 rw-p 00000000 00:00 0 
7fbc1c2b1000-7fbc1c2b4000 ---p 00000000 00:00 0 
7fbc1c2b4000-7fbc1c3b2000 rw-p 00000000 00:00 0 
7fbc1c3b2000-7fbc1c3b5000 ---p 00000000 00:00 0 
7fbc1c3b5000-7fbc1c4b3000 rw-p 00000000 00:00 0 
7fbc1c4b3000-7fbc1c4b4000 ---p 00000000 00:00 0 
7fbc1c4b4000-7fbc1d000000 rw-p 00000000 00:00 0 
7fbc1d000000-7fbc20290000 rwxp 00000000 00:00 0 
7fbc20290000-7fbc2c000000 ---p 00000000 00:00 0 
7fbc2c000000-7fbc2c413000 rw-p 00000000 00:00 0 
7fbc2c413000-7fbc30000000 ---p 00000000 00:00 0 
7fbc30000000-7fbc3001b000 r--s 00394000 08:02 11945190                   /home/mrli/android-studio/jre/jre/lib/ext/cldrdata.jar
7fbc3001b000-7fbc305b0000 rw-p 00000000 00:00 0 
7fbc305b0000-7fbc30781000 r--s 03c88000 08:02 11945248                   /home/mrli/android-studio/jre/jre/lib/rt.jar
7fbc30781000-7fbc313f7000 rw-p 00000000 00:00 0 
7fbc313f7000-7fbc313f8000 ---p 00000000 00:00 0 
7fbc313f8000-7fbc314f8000 rw-p 00000000 00:00 0 
7fbc314f8000-7fbc314f9000 ---p 00000000 00:00 0 
7fbc314f9000-7fbc315f9000 rw-p 00000000 00:00 0 
7fbc315f9000-7fbc315fa000 ---p 00000000 00:00 0 
7fbc315fa000-7fbc316fa000 rw-p 00000000 00:00 0 
7fbc316fa000-7fbc316fb000 ---p 00000000 00:00 0 
7fbc316fb000-7fbc31857000 rw-p 00000000 00:00 0 
7fbc31857000-7fbc31aa6000 ---p 00000000 00:00 0 
7fbc31aa6000-7fbc31b02000 rw-p 00000000 00:00 0 
7fbc31b02000-7fbc31d50000 ---p 00000000 00:00 0 
7fbc31d50000-7fbc31e6f000 rw-p 00000000 00:00 0 
7fbc31e6f000-7fbc31ea6000 ---p 00000000 00:00 0 
7fbc31ea6000-7fbc31f72000 rw-p 00000000 00:00 0 
7fbc31f72000-7fbc32267000 ---p 00000000 00:00 0 
7fbc32267000-7fbc32281000 r-xp 00000000 08:02 11945207                   /home/mrli/android-studio/jre/jre/lib/amd64/libzip.so
7fbc32281000-7fbc32480000 ---p 0001a000 08:02 11945207                   /home/mrli/android-studio/jre/jre/lib/amd64/libzip.so
7fbc32480000-7fbc32481000 r--p 00019000 08:02 11945207                   /home/mrli/android-studio/jre/jre/lib/amd64/libzip.so
7fbc32481000-7fbc32482000 rw-p 0001a000 08:02 11945207                   /home/mrli/android-studio/jre/jre/lib/amd64/libzip.so
7fbc32482000-7fbc3248d000 r-xp 00000000 08:02 8786625                    /lib/x86_64-linux-gnu/libnss_files-2.27.so
7fbc3248d000-7fbc3268c000 ---p 0000b000 08:02 8786625                    /lib/x86_64-linux-gnu/libnss_files-2.27.so
7fbc3268c000-7fbc3268d000 r--p 0000a000 08:02 8786625                    /lib/x86_64-linux-gnu/libnss_files-2.27.so
7fbc3268d000-7fbc3268e000 rw-p 0000b000 08:02 8786625                    /lib/x86_64-linux-gnu/libnss_files-2.27.so
7fbc3268e000-7fbc32694000 rw-p 00000000 00:00 0 
7fbc32694000-7fbc326ab000 r-xp 00000000 08:02 8786619                    /lib/x86_64-linux-gnu/libnsl-2.27.so
7fbc326ab000-7fbc328aa000 ---p 00017000 08:02 8786619                    /lib/x86_64-linux-gnu/libnsl-2.27.so
7fbc328aa000-7fbc328ab000 r--p 00016000 08:02 8786619                    /lib/x86_64-linux-gnu/libnsl-2.27.so
7fbc328ab000-7fbc328ac000 rw-p 00017000 08:02 8786619                    /lib/x86_64-linux-gnu/libnsl-2.27.so
7fbc328ac000-7fbc328ae000 rw-p 00000000 00:00 0 
7fbc328ae000-7fbc328b9000 r-xp 00000000 08:02 8786636                    /lib/x86_64-linux-gnu/libnss_nis-2.27.so
7fbc328b9000-7fbc32ab8000 ---p 0000b000 08:02 8786636                    /lib/x86_64-linux-gnu/libnss_nis-2.27.so
7fbc32ab8000-7fbc32ab9000 r--p 0000a000 08:02 8786636                    /lib/x86_64-linux-gnu/libnss_nis-2.27.so
7fbc32ab9000-7fbc32aba000 rw-p 0000b000 08:02 8786636                    /lib/x86_64-linux-gnu/libnss_nis-2.27.so
7fbc32aba000-7fbc32ac2000 r-xp 00000000 08:02 8786621                    /lib/x86_64-linux-gnu/libnss_compat-2.27.so
7fbc32ac2000-7fbc32cc2000 ---p 00008000 08:02 8786621                    /lib/x86_64-linux-gnu/libnss_compat-2.27.so
7fbc32cc2000-7fbc32cc3000 r--p 00008000 08:02 8786621                    /lib/x86_64-linux-gnu/libnss_compat-2.27.so
7fbc32cc3000-7fbc32cc4000 rw-p 00009000 08:02 8786621                    /lib/x86_64-linux-gnu/libnss_compat-2.27.so
7fbc32cc4000-7fbc32cf1000 r-xp 00000000 08:02 11945215                   /home/mrli/android-studio/jre/jre/lib/amd64/libjava.so
7fbc32cf1000-7fbc32ef0000 ---p 0002d000 08:02 11945215                   /home/mrli/android-studio/jre/jre/lib/amd64/libjava.so
7fbc32ef0000-7fbc32ef1000 r--p 0002c000 08:02 11945215                   /home/mrli/android-studio/jre/jre/lib/amd64/libjava.so
7fbc32ef1000-7fbc32ef3000 rw-p 0002d000 08:02 11945215                   /home/mrli/android-studio/jre/jre/lib/amd64/libjava.so
7fbc32ef3000-7fbc32f04000 r-xp 00000000 08:02 11945203                   /home/mrli/android-studio/jre/jre/lib/amd64/libverify.so
7fbc32f04000-7fbc33103000 ---p 00011000 08:02 11945203                   /home/mrli/android-studio/jre/jre/lib/amd64/libverify.so
7fbc33103000-7fbc33105000 r--p 00010000 08:02 11945203                   /home/mrli/android-studio/jre/jre/lib/amd64/libverify.so
7fbc33105000-7fbc33106000 rw-p 00012000 08:02 11945203                   /home/mrli/android-studio/jre/jre/lib/amd64/libverify.so
7fbc33106000-7fbc3310d000 r-xp 00000000 08:02 8786676                    /lib/x86_64-linux-gnu/librt-2.27.so
7fbc3310d000-7fbc3330c000 ---p 00007000 08:02 8786676                    /lib/x86_64-linux-gnu/librt-2.27.so
7fbc3330c000-7fbc3330d000 r--p 00006000 08:02 8786676                    /lib/x86_64-linux-gnu/librt-2.27.so
7fbc3330d000-7fbc3330e000 rw-p 00007000 08:02 8786676                    /lib/x86_64-linux-gnu/librt-2.27.so
7fbc3330e000-7fbc334ab000 r-xp 00000000 08:02 8786598                    /lib/x86_64-linux-gnu/libm-2.27.so
7fbc334ab000-7fbc336aa000 ---p 0019d000 08:02 8786598                    /lib/x86_64-linux-gnu/libm-2.27.so
7fbc336aa000-7fbc336ab000 r--p 0019c000 08:02 8786598                    /lib/x86_64-linux-gnu/libm-2.27.so
7fbc336ab000-7fbc336ac000 rw-p 0019d000 08:02 8786598                    /lib/x86_64-linux-gnu/libm-2.27.so
7fbc336ac000-7fbc34318000 r-xp 00000000 08:02 11945225                   /home/mrli/android-studio/jre/jre/lib/amd64/server/libjvm.so
7fbc34318000-7fbc34518000 ---p 00c6c000 08:02 11945225                   /home/mrli/android-studio/jre/jre/lib/amd64/server/libjvm.so
7fbc34518000-7fbc345ac000 r--p 00c6c000 08:02 11945225                   /home/mrli/android-studio/jre/jre/lib/amd64/server/libjvm.so
7fbc345ac000-7fbc345d4000 rw-p 00d00000 08:02 11945225                   /home/mrli/android-studio/jre/jre/lib/amd64/server/libjvm.so
7fbc345d4000-7fbc34605000 rw-p 00000000 00:00 0 
7fbc34605000-7fbc347ec000 r-xp 00000000 08:02 8786535                    /lib/x86_64-linux-gnu/libc-2.27.so
7fbc347ec000-7fbc349ec000 ---p 001e7000 08:02 8786535                    /lib/x86_64-linux-gnu/libc-2.27.so
7fbc349ec000-7fbc349f0000 r--p 001e7000 08:02 8786535                    /lib/x86_64-linux-gnu/libc-2.27.so
7fbc349f0000-7fbc349f2000 rw-p 001eb000 08:02 8786535                    /lib/x86_64-linux-gnu/libc-2.27.so
7fbc349f2000-7fbc349f6000 rw-p 00000000 00:00 0 
7fbc349f6000-7fbc349f9000 r-xp 00000000 08:02 8786558                    /lib/x86_64-linux-gnu/libdl-2.27.so
7fbc349f9000-7fbc34bf8000 ---p 00003000 08:02 8786558                    /lib/x86_64-linux-gnu/libdl-2.27.so
7fbc34bf8000-7fbc34bf9000 r--p 00002000 08:02 8786558                    /lib/x86_64-linux-gnu/libdl-2.27.so
7fbc34bf9000-7fbc34bfa000 rw-p 00003000 08:02 8786558                    /lib/x86_64-linux-gnu/libdl-2.27.so
7fbc34bfa000-7fbc34c10000 r-xp 00000000 08:02 11945195                   /home/mrli/android-studio/jre/jre/lib/amd64/jli/libjli.so
7fbc34c10000-7fbc34e10000 ---p 00016000 08:02 11945195                   /home/mrli/android-studio/jre/jre/lib/amd64/jli/libjli.so
7fbc34e10000-7fbc34e11000 r--p 00016000 08:02 11945195                   /home/mrli/android-studio/jre/jre/lib/amd64/jli/libjli.so
7fbc34e11000-7fbc34e12000 rw-p 00017000 08:02 11945195                   /home/mrli/android-studio/jre/jre/lib/amd64/jli/libjli.so
7fbc34e12000-7fbc34e2c000 r-xp 00000000 08:02 8786668                    /lib/x86_64-linux-gnu/libpthread-2.27.so
7fbc34e2c000-7fbc3502b000 ---p 0001a000 08:02 8786668                    /lib/x86_64-linux-gnu/libpthread-2.27.so
7fbc3502b000-7fbc3502c000 r--p 00019000 08:02 8786668                    /lib/x86_64-linux-gnu/libpthread-2.27.so
7fbc3502c000-7fbc3502d000 rw-p 0001a000 08:02 8786668                    /lib/x86_64-linux-gnu/libpthread-2.27.so
7fbc3502d000-7fbc35031000 rw-p 00000000 00:00 0 
7fbc35031000-7fbc35058000 r-xp 00000000 08:02 8786507                    /lib/x86_64-linux-gnu/ld-2.27.so
7fbc35058000-7fbc35059000 r--s 00000000 08:02 10488833                   /home/mrli/.gradle/caches/modules-2/files-2.1/org.jetbrains.kotlin/kotlin-stdlib-jdk7/1.3.21/d207ce2c9bcf17dc8e51bab4dbfdac4d013e7138/kotlin-stdlib-jdk7-1.3.21.jar
7fbc35059000-7fbc3505a000 r--s 00015000 08:02 3411320                    /home/mrli/.gradle/caches/transforms-1/files-1.1/okio-1.15.0.jar/fcc1b19d1d3052ea32b679b3cf06042a/jetified-okio-1.15.0.jar
7fbc3505a000-7fbc3505b000 r--s 00001000 08:02 1968304                    /home/mrli/.gradle/caches/transforms-1/files-1.1/lifecycle-viewmodel-ktx-2.1.0-alpha03.aar/8d35b896ca9cc0a8d9c345828c3224e4/jars/classes.jar
7fbc3505b000-7fbc3506e000 r--s 0010f000 08:02 10488837                   /home/mrli/.gradle/caches/modules-2/files-2.1/org.jetbrains.kotlin/kotlin-stdlib/1.3.21/4bcc2012b84840e19e1e28074284cac908be0295/kotlin-stdlib-1.3.21.jar
7fbc3506e000-7fbc3513a000 rw-p 00000000 00:00 0 
7fbc3513a000-7fbc3513b000 ---p 00000000 00:00 0 
7fbc3513b000-7fbc3513e000 ---p 00000000 00:00 0 
7fbc3513e000-7fbc3523f000 rw-p 00000000 00:00 0 
7fbc3523f000-7fbc35240000 r--s 00002000 08:02 3804508                    /home/mrli/.gradle/caches/transforms-1/files-1.1/dagger-android-support-jarimpl-2.17.jar/fc569810d1027b0cb217e2681afd9460/jetified-dagger-android-support-jarimpl-2.17.jar
7fbc35240000-7fbc35242000 r--s 00003000 08:02 10488395                   /home/mrli/.gradle/caches/modules-2/files-2.1/org.jetbrains/annotations/13.0/919f0dfe192fb4e063e7dacadee7f8bb9a2672a9/annotations-13.0.jar
7fbc35242000-7fbc35244000 r--s 00009000 08:02 10489038                   /home/mrli/.gradle/caches/modules-2/files-2.1/org.jetbrains.kotlin/kotlin-script-runtime/1.3.21/29363d474ee6fda354900636320a177c7286def9/kotlin-script-runtime-1.3.21.jar
7fbc35244000-7fbc3524e000 r--s 00116000 08:02 11945188                   /home/mrli/android-studio/jre/jre/lib/ext/localedata.jar
7fbc3524e000-7fbc35256000 rw-s 00000000 08:02 10632918                   /tmp/hsperfdata_mrli/5854
7fbc35256000-7fbc35257000 rw-p 00000000 00:00 0 
7fbc35257000-7fbc35258000 ---p 00000000 00:00 0 
7fbc35258000-7fbc35259000 r--p 00027000 08:02 8786507                    /lib/x86_64-linux-gnu/ld-2.27.so
7fbc35259000-7fbc3525a000 rw-p 00028000 08:02 8786507                    /lib/x86_64-linux-gnu/ld-2.27.so
7fbc3525a000-7fbc3525b000 rw-p 00000000 00:00 0 
7ffd2bf3d000-7ffd2bf5f000 rw-p 00000000 00:00 0                          [stack]
7ffd2bf87000-7ffd2bf8a000 r--p 00000000 00:00 0                          [vvar]
7ffd2bf8a000-7ffd2bf8c000 r-xp 00000000 00:00 0                          [vdso]
ffffffffff600000-ffffffffff601000 r-xp 00000000 00:00 0                  [vsyscall]

VM Arguments:
jvm_args: -Djava.awt.headless=true -Djava.rmi.server.hostname=127.0.0.1 -Xmx2g -Dkotlin.environment.keepalive 
java_command: org.jetbrains.kotlin.daemon.KotlinCompileDaemon --daemon-runFilesPath /home/mrli/.local/share/kotlin/daemon --daemon-autoshutdownIdleSeconds=7200 --daemon-compilerClasspath /home/mrli/.gradle/caches/modules-2/files-2.1/org.jetbrains.kotlin/kotlin-compiler-embeddable/1.3.21/677cc9553b8964c895abc76da9b6a0faea8f671d/kotlin-compiler-embeddable-1.3.21.jar:/home/mrli/.gradle/caches/modules-2/files-2.1/org.jetbrains.kotlin/kotlin-reflect/1.3.21/d0d5ff2ac2ebd8a42697af41e20fc225a23c5d3b/kotlin-reflect-1.3.21.jar:/home/mrli/.gradle/caches/modules-2/files-2.1/org.jetbrains.kotlin/kotlin-stdlib/1.3.21/4bcc2012b84840e19e1e28074284cac908be0295/kotlin-stdlib-1.3.21.jar:/home/mrli/.gradle/caches/modules-2/files-2.1/org.jetbrains.kotlin/kotlin-script-runtime/1.3.21/29363d474ee6fda354900636320a177c7286def9/kotlin-script-runtime-1.3.21.jar:/home/mrli/.gradle/caches/modules-2/files-2.1/org.jetbrains.intellij.deps/trove4j/1.0.20181211/216c2e14b070f334479d800987affe4054cd563f/trove4j-1.0.20181211.jar:/home/mrli/.gradle/caches/modules-2/files-2.1/org.jetbrains.kotlin/kotlin-stdlib-common/1.3.21/f30e4a9897913e53d778f564110bafa1fef46643/kotlin-stdlib-common-1.3.21.jar:/home/mrli/.gradle/caches/modules-2/files-2.1/org.jetbrains/annotations/13.0/919f0dfe192fb4e063e7dacadee7f8bb9a2672a9/annotations-13.0.jar:/home/mrli/android-studio/jre/lib/tools.jar
java_class_path (initial): /home/mrli/.gradle/caches/modules-2/files-2.1/org.jetbrains.kotlin/kotlin-compiler-embeddable/1.3.21/677cc9553b8964c895abc76da9b6a0faea8f671d/kotlin-compiler-embeddable-1.3.21.jar:/home/mrli/.gradle/caches/modules-2/files-2.1/org.jetbrains.kotlin/kotlin-reflect/1.3.21/d0d5ff2ac2ebd8a42697af41e20fc225a23c5d3b/kotlin-reflect-1.3.21.jar:/home/mrli/.gradle/caches/modules-2/files-2.1/org.jetbrains.kotlin/kotlin-stdlib/1.3.21/4bcc2012b84840e19e1e28074284cac908be0295/kotlin-stdlib-1.3.21.jar:/home/mrli/.gradle/caches/modules-2/files-2.1/org.jetbrains.kotlin/kotlin-script-runtime/1.3.21/29363d474ee6fda354900636320a177c7286def9/kotlin-script-runtime-1.3.21.jar:/home/mrli/.gradle/caches/modules-2/files-2.1/org.jetbrains.intellij.deps/trove4j/1.0.20181211/216c2e14b070f334479d800987affe4054cd563f/trove4j-1.0.20181211.jar:/home/mrli/.gradle/caches/modules-2/files-2.1/org.jetbrains.kotlin/kotlin-stdlib-common/1.3.21/f30e4a9897913e53d778f564110bafa1fef46643/kotlin-stdlib-common-1.3.21.jar:/home/mrli/.gradle/caches/modules-2/files-2.1/org.jetbrains/annotations/13.0/919f0dfe192fb4e063e7dacadee7f8bb9a2672a9/annotations-13.0.jar:/home/mrli/android-studio/jre/lib/tools.jar
Launcher Type: SUN_STANDARD

Environment Variables:
JAVA_HOME=/usr/lib/jdk/jdk1.8.0_201
JRE_HOME=/usr/lib/jdk/jdk1.8.0_201/jre
CLASSPATH=/home/mrli/android-studio/lib/bootstrap.jar:/home/mrli/android-studio/lib/extensions.jar:/home/mrli/android-studio/lib/util.jar:/home/mrli/android-studio/lib/jdom.jar:/home/mrli/android-studio/lib/log4j.jar:/home/mrli/android-studio/lib/trove4j.jar:/home/mrli/android-studio/lib/jna.jar:/home/mrli/android-studio/jre/lib/tools.jar
PATH=/usr/lib/jdk/jdk1.8.0_201/bin:/usr/local/sbin:/usr/local/bin:/usr/sbin:/usr/bin:/sbin:/bin:/usr/games:/usr/local/games:/snap/bin
USERNAME=mrli
SHELL=/bin/zsh
DISPLAY=:0

Signal Handlers:
SIGSEGV: [libjvm.so+0xa71660], sa_mask[0]=11111111011111111101111111111110, sa_flags=SA_RESTART|SA_SIGINFO
SIGBUS: [libjvm.so+0xa71660], sa_mask[0]=11111111011111111101111111111110, sa_flags=SA_RESTART|SA_SIGINFO
SIGFPE: [libjvm.so+0x8b1770], sa_mask[0]=11111111011111111101111111111110, sa_flags=SA_RESTART|SA_SIGINFO
SIGPIPE: [libjvm.so+0x8b1770], sa_mask[0]=11111111011111111101111111111110, sa_flags=SA_RESTART|SA_SIGINFO
SIGXFSZ: [libjvm.so+0x8b1770], sa_mask[0]=11111111011111111101111111111110, sa_flags=SA_RESTART|SA_SIGINFO
SIGILL: [libjvm.so+0x8b1770], sa_mask[0]=11111111011111111101111111111110, sa_flags=SA_RESTART|SA_SIGINFO
SIGUSR1: SIG_DFL, sa_mask[0]=00000000000000000000000000000000, sa_flags=none
SIGUSR2: [libjvm.so+0x8b1640], sa_mask[0]=00100000000000000000000000000000, sa_flags=SA_RESTART|SA_SIGINFO
SIGHUP: [libjvm.so+0x8b1aa0], sa_mask[0]=11111111011111111101111111111110, sa_flags=SA_RESTART|SA_SIGINFO
SIGINT: [libjvm.so+0x8b1aa0], sa_mask[0]=11111111011111111101111111111110, sa_flags=SA_RESTART|SA_SIGINFO
SIGTERM: [libjvm.so+0x8b1aa0], sa_mask[0]=11111111011111111101111111111110, sa_flags=SA_RESTART|SA_SIGINFO
SIGQUIT: [libjvm.so+0x8b1aa0], sa_mask[0]=11111111011111111101111111111110, sa_flags=SA_RESTART|SA_SIGINFO


---------------  S Y S T E M  ---------------

OS:DISTRIB_ID=Ubuntu
DISTRIB_RELEASE=18.04
DISTRIB_CODENAME=bionic
DISTRIB_DESCRIPTION="Ubuntu 18.04 LTS"

uname:Linux 4.18.0-16-generic #17~18.04.1-Ubuntu SMP Tue Feb 12 13:35:51 UTC 2019 x86_64
libc:glibc 2.27 NPTL 2.27 
rlimit: STACK 8192k, CORE 0k, NPROC 14900, NOFILE 1048576, AS infinity
load average:3.71 2.26 1.85

/proc/meminfo:
MemTotal:        3928068 kB
MemFree:          110388 kB
MemAvailable:      14960 kB
Buffers:            1404 kB
Cached:           130304 kB
SwapCached:         6828 kB
Active:          2505204 kB
Inactive:         635328 kB
Active(anon):    2499328 kB
Inactive(anon):   624936 kB
Active(file):       5876 kB
Inactive(file):    10392 kB
Unevictable:         128 kB
Mlocked:             128 kB
SwapTotal:       2097148 kB
SwapFree:            392 kB
Dirty:               160 kB
Writeback:           260 kB
AnonPages:       3002780 kB
Mapped:            42872 kB
Shmem:            115172 kB
Slab:             102156 kB
SReclaimable:      41072 kB
SUnreclaim:        61084 kB
KernelStack:       10672 kB
PageTables:        42984 kB
NFS_Unstable:          0 kB
Bounce:                0 kB
WritebackTmp:          0 kB
CommitLimit:     4061180 kB
Committed_AS:    8668968 kB
VmallocTotal:   34359738367 kB
VmallocUsed:           0 kB
VmallocChunk:          0 kB
HardwareCorrupted:     0 kB
AnonHugePages:         0 kB
ShmemHugePages:        0 kB
ShmemPmdMapped:        0 kB
CmaTotal:              0 kB
CmaFree:               0 kB
HugePages_Total:       0
HugePages_Free:        0
HugePages_Rsvd:        0
HugePages_Surp:        0
Hugepagesize:       2048 kB
Hugetlb:               0 kB
DirectMap4k:      294292 kB
DirectMap2M:     3788800 kB
DirectMap1G:           0 kB


CPU:total 4 (initial active 4) (2 cores per cpu, 2 threads per core) family 6 model 78 stepping 3, cmov, cx8, fxsr, mmx, sse, sse2, sse3, ssse3, sse4.1, sse4.2, popcnt, avx, avx2, aes, clmul, erms, 3dnowpref, lzcnt, ht, tsc, tscinvbit, bmi1, bmi2, adx

/proc/cpuinfo:
processor	: 0
vendor_id	: GenuineIntel
cpu family	: 6
model		: 78
model name	: Intel(R) Core(TM) i7-6500U CPU @ 2.50GHz
stepping	: 3
microcode	: 0xc6
cpu MHz		: 800.025
cache size	: 4096 KB
physical id	: 0
siblings	: 4
core id		: 0
cpu cores	: 2
apicid		: 0
initial apicid	: 0
fpu		: yes
fpu_exception	: yes
cpuid level	: 22
wp		: yes
flags		: fpu vme de pse tsc msr pae mce cx8 apic sep mtrr pge mca cmov pat pse36 clflush dts acpi mmx fxsr sse sse2 ss ht tm pbe syscall nx pdpe1gb rdtscp lm constant_tsc art arch_perfmon pebs bts rep_good nopl xtopology nonstop_tsc cpuid aperfmperf tsc_known_freq pni pclmulqdq dtes64 monitor ds_cpl vmx est tm2 ssse3 sdbg fma cx16 xtpr pdcm pcid sse4_1 sse4_2 x2apic movbe popcnt tsc_deadline_timer aes xsave avx f16c rdrand lahf_lm abm 3dnowprefetch cpuid_fault epb invpcid_single pti ssbd ibrs ibpb stibp tpr_shadow vnmi flexpriority ept vpid fsgsbase tsc_adjust bmi1 avx2 smep bmi2 erms invpcid mpx rdseed adx smap clflushopt intel_pt xsaveopt xsavec xgetbv1 xsaves dtherm ida arat pln pts hwp hwp_notify hwp_act_window hwp_epp flush_l1d
bugs		: cpu_meltdown spectre_v1 spectre_v2 spec_store_bypass l1tf
bogomips	: 5184.00
clflush size	: 64
cache_alignment	: 64
address sizes	: 39 bits physical, 48 bits virtual
power management:

processor	: 1
vendor_id	: GenuineIntel
cpu family	: 6
model		: 78
model name	: Intel(R) Core(TM) i7-6500U CPU @ 2.50GHz
stepping	: 3
microcode	: 0xc6
cpu MHz		: 800.004
cache size	: 4096 KB
physical id	: 0
siblings	: 4
core id		: 1
cpu cores	: 2
apicid		: 2
initial apicid	: 2
fpu		: yes
fpu_exception	: yes
cpuid level	: 22
wp		: yes
flags		: fpu vme de pse tsc msr pae mce cx8 apic sep mtrr pge mca cmov pat pse36 clflush dts acpi mmx fxsr sse sse2 ss ht tm pbe syscall nx pdpe1gb rdtscp lm constant_tsc art arch_perfmon pebs bts rep_good nopl xtopology nonstop_tsc cpuid aperfmperf tsc_known_freq pni pclmulqdq dtes64 monitor ds_cpl vmx est tm2 ssse3 sdbg fma cx16 xtpr pdcm pcid sse4_1 sse4_2 x2apic movbe popcnt tsc_deadline_timer aes xsave avx f16c rdrand lahf_lm abm 3dnowprefetch cpuid_fault epb invpcid_single pti ssbd ibrs ibpb stibp tpr_shadow vnmi flexpriority ept vpid fsgsbase tsc_adjust bmi1 avx2 smep bmi2 erms invpcid mpx rdseed adx smap clflushopt intel_pt xsaveopt xsavec xgetbv1 xsaves dtherm ida arat pln pts hwp hwp_notify hwp_act_window hwp_epp flush_l1d
bugs		: cpu_meltdown spectre_v1 spectre_v2 spec_store_bypass l1tf
bogomips	: 5184.00
clflush size	: 64
cache_alignment	: 64
address sizes	: 39 bits physical, 48 bits virtual
power management:

processor	: 2
vendor_id	: GenuineIntel
cpu family	: 6
model		: 78
model name	: Intel(R) Core(TM) i7-6500U CPU @ 2.50GHz
stepping	: 3
microcode	: 0xc6
cpu MHz		: 800.006
cache size	: 4096 KB
physical id	: 0
siblings	: 4
core id		: 0
cpu cores	: 2
apicid		: 1
initial apicid	: 1
fpu		: yes
fpu_exception	: yes
cpuid level	: 22
wp		: yes
flags		: fpu vme de pse tsc msr pae mce cx8 apic sep mtrr pge mca cmov pat pse36 clflush dts acpi mmx fxsr sse sse2 ss ht tm pbe syscall nx pdpe1gb rdtscp lm constant_tsc art arch_perfmon pebs bts rep_good nopl xtopology nonstop_tsc cpuid aperfmperf tsc_known_freq pni pclmulqdq dtes64 monitor ds_cpl vmx est tm2 ssse3 sdbg fma cx16 xtpr pdcm pcid sse4_1 sse4_2 x2apic movbe popcnt tsc_deadline_timer aes xsave avx f16c rdrand lahf_lm abm 3dnowprefetch cpuid_fault epb invpcid_single pti ssbd ibrs ibpb stibp tpr_shadow vnmi flexpriority ept vpid fsgsbase tsc_adjust bmi1 avx2 smep bmi2 erms invpcid mpx rdseed adx smap clflushopt intel_pt xsaveopt xsavec xgetbv1 xsaves dtherm ida arat pln pts hwp hwp_notify hwp_act_window hwp_epp flush_l1d
bugs		: cpu_meltdown spectre_v1 spectre_v2 spec_store_bypass l1tf
bogomips	: 5184.00
clflush size	: 64
cache_alignment	: 64
address sizes	: 39 bits physical, 48 bits virtual
power management:

processor	: 3
vendor_id	: GenuineIntel
cpu family	: 6
model		: 78
model name	: Intel(R) Core(TM) i7-6500U CPU @ 2.50GHz
stepping	: 3
microcode	: 0xc6
cpu MHz		: 785.541
cache size	: 4096 KB
physical id	: 0
siblings	: 4
core id		: 1
cpu cores	: 2
apicid		: 3
initial apicid	: 3
fpu		: yes
fpu_exception	: yes
cpuid level	: 22
wp		: yes
flags		: fpu vme de pse tsc msr pae mce cx8 apic sep mtrr pge mca cmov pat pse36 clflush dts acpi mmx fxsr sse sse2 ss ht tm pbe syscall nx pdpe1gb rdtscp lm constant_tsc art arch_perfmon pebs bts rep_good nopl xtopology nonstop_tsc cpuid aperfmperf tsc_known_freq pni pclmulqdq dtes64 monitor ds_cpl vmx est tm2 ssse3 sdbg fma cx16 xtpr pdcm pcid sse4_1 sse4_2 x2apic movbe popcnt tsc_deadline_timer aes xsave avx f16c rdrand lahf_lm abm 3dnowprefetch cpuid_fault epb invpcid_single pti ssbd ibrs ibpb stibp tpr_shadow vnmi flexpriority ept vpid fsgsbase tsc_adjust bmi1 avx2 smep bmi2 erms invpcid mpx rdseed adx smap clflushopt intel_pt xsaveopt xsavec xgetbv1 xsaves dtherm ida arat pln pts hwp hwp_notify hwp_act_window hwp_epp flush_l1d
bugs		: cpu_meltdown spectre_v1 spectre_v2 spec_store_bypass l1tf
bogomips	: 5184.00
clflush size	: 64
cache_alignment	: 64
address sizes	: 39 bits physical, 48 bits virtual
power management:



Memory: 4k page, physical 3928068k(108560k free), swap 2097148k(632k free)

vm_info: OpenJDK 64-Bit Server VM (25.152-b01) for linux-amd64 JRE (1.8.0_152-release-1248-b01), built by "builder" with gcc 7.3.0

time: Sun Apr  7 00:07:28 2019
elapsed time: 389 seconds (0d 0h 6m 29s)

